#
# There is insufficient memory for the Java Runtime Environment to continue.
# Native memory allocation (malloc) failed to allocate 32744 bytes for ChunkPool::allocate
# Possible reasons:
#   The system is out of physical RAM or swap space
#   The process is running with CompressedOops enabled, and the Java Heap may be blocking the growth of the native heap
# Possible solutions:
#   Reduce memory load on the system
#   Increase physical memory or swap space
#   Check if swap backing store is full
#   Decrease Java heap size (-Xmx/-Xms)
#   Decrease number of Java threads
#   Decrease Java thread stack sizes (-Xss)
#   Set larger code cache with -XX:ReservedCodeCacheSize=
#   JVM is running with Unscaled Compressed Oops mode in which the Java heap is
#     placed in the first 4GB address space. The Java Heap base address is the
#     maximum limit for the native heap growth. Please use -XX:HeapBaseMinAddress
#     to set the Java Heap base and to place the Java Heap above 4GB virtual address.
# This output file may be truncated or incomplete.
#
#  Out of Memory Error (arena.cpp:79), pid=13444, tid=14460
#
# JRE version: OpenJDK Runtime Environment Temurin-17.0.9+9 (17.0.9+9) (build 17.0.9+9)
# Java VM: OpenJDK 64-Bit Server VM Temurin-17.0.9+9 (17.0.9+9, mixed mode, tiered, compressed oops, compressed class ptrs, g1 gc, windows-amd64)
# No core dump will be written. Minidumps are not enabled by default on client versions of Windows
#

---------------  S U M M A R Y ------------

Command Line: -Dfile.encoding=UTF-8 -Dstdout.encoding=UTF-8 -Dstderr.encoding=UTF-8 -XX:+ShowCodeDetailsInExceptionMessages My_Project.PlaceOrder_TakeScreenshotTask

Host: 11th Gen Intel(R) Core(TM) i3-1115G4 @ 3.00GHz, 4 cores, 7G,  Windows 11 , 64 bit Build 22543 (10.0.22543.1000)
Time: Thu Jul 25 15:43:11 2024 India Standard Time elapsed time: 14.241221 seconds (0d 0h 0m 14s)

---------------  T H R E A D  ---------------

Current thread (0x0000028bacb3dfe0):  JavaThread "C2 CompilerThread0" daemon [_thread_in_native, id=14460, stack(0x0000008c5b100000,0x0000008c5b200000)]


Current CompileTask:
C2:  14241 2271       4       java.io.WinNTFileSystem::normalize (143 bytes)

Stack: [0x0000008c5b100000,0x0000008c5b200000]
Native frames: (J=compiled Java code, j=interpreted, Vv=VM code, C=native code)
V  [jvm.dll+0x67cf49]
V  [jvm.dll+0x83478a]
V  [jvm.dll+0x83624e]
V  [jvm.dll+0x8368b3]
V  [jvm.dll+0x247f1f]
V  [jvm.dll+0xac65c]
V  [jvm.dll+0xaca8c]
V  [jvm.dll+0x6089d0]
V  [jvm.dll+0x608b69]
V  [jvm.dll+0x60e737]
V  [jvm.dll+0x60f5c2]
V  [jvm.dll+0x60db14]
V  [jvm.dll+0x21a428]
V  [jvm.dll+0x2199d1]
V  [jvm.dll+0x1a57cd]
V  [jvm.dll+0x2297ae]
V  [jvm.dll+0x22797c]
V  [jvm.dll+0x7e9877]
V  [jvm.dll+0x7e3c3a]
V  [jvm.dll+0x67be35]
C  [ucrtbase.dll+0x293cc]
C  [KERNEL32.DLL+0x11350]
C  [ntdll.dll+0x51dc8]


---------------  P R O C E S S  ---------------

Threads class SMR info:
_java_thread_list=0x0000028bb243f770, length=25, elements={
0x0000028b913ce140, 0x0000028bacafe880, 0x0000028bacad1820, 0x0000028bacb33290,
0x0000028bacb33b60, 0x0000028bacb34930, 0x0000028bacb35850, 0x0000028bacb3dfe0,
0x0000028bacb469b0, 0x0000028bacb4aef0, 0x0000028bacb371a0, 0x0000028bacb35d60,
0x0000028bacb38af0, 0x0000028bacb36780, 0x0000028bacb36c90, 0x0000028bacb35340,
0x0000028bacb376b0, 0x0000028bacb37bc0, 0x0000028bacb385e0, 0x0000028bb1d7d8c0,
0x0000028bb1d7ddd0, 0x0000028bb1d7d3b0, 0x0000028bb1d7fc30, 0x0000028bb1d7cea0,
0x0000028bb1d7ed00
}

Java Threads: ( => current thread )
  0x0000028b913ce140 JavaThread "main" [_thread_blocked, id=14684, stack(0x0000008c5a400000,0x0000008c5a500000)]
  0x0000028bacafe880 JavaThread "Reference Handler" daemon [_thread_blocked, id=4920, stack(0x0000008c5ab00000,0x0000008c5ac00000)]
  0x0000028bacad1820 JavaThread "Finalizer" daemon [_thread_blocked, id=13436, stack(0x0000008c5ac00000,0x0000008c5ad00000)]
  0x0000028bacb33290 JavaThread "Signal Dispatcher" daemon [_thread_blocked, id=6792, stack(0x0000008c5ad00000,0x0000008c5ae00000)]
  0x0000028bacb33b60 JavaThread "Attach Listener" daemon [_thread_blocked, id=3460, stack(0x0000008c5ae00000,0x0000008c5af00000)]
  0x0000028bacb34930 JavaThread "Service Thread" daemon [_thread_blocked, id=7080, stack(0x0000008c5af00000,0x0000008c5b000000)]
  0x0000028bacb35850 JavaThread "Monitor Deflation Thread" daemon [_thread_blocked, id=4372, stack(0x0000008c5b000000,0x0000008c5b100000)]
=>0x0000028bacb3dfe0 JavaThread "C2 CompilerThread0" daemon [_thread_in_native, id=14460, stack(0x0000008c5b100000,0x0000008c5b200000)]
  0x0000028bacb469b0 JavaThread "C1 CompilerThread0" daemon [_thread_in_native, id=14652, stack(0x0000008c5b200000,0x0000008c5b300000)]
  0x0000028bacb4aef0 JavaThread "Sweeper thread" daemon [_thread_blocked, id=15596, stack(0x0000008c5b300000,0x0000008c5b400000)]
  0x0000028bacb371a0 JavaThread "Notification Thread" daemon [_thread_blocked, id=17184, stack(0x0000008c5b400000,0x0000008c5b500000)]
  0x0000028bacb35d60 JavaThread "Common-Cleaner" daemon [_thread_blocked, id=14924, stack(0x0000008c5b600000,0x0000008c5b700000)]
  0x0000028bacb38af0 JavaThread "ForkJoinPool.commonPool-worker-1" daemon [_thread_in_vm, id=3732, stack(0x0000008c5bb00000,0x0000008c5bc00000)]
  0x0000028bacb36780 JavaThread "HttpClient-1-SelectorManager" daemon [_thread_in_native, id=10832, stack(0x0000008c5bc00000,0x0000008c5bd00000)]
  0x0000028bacb36c90 JavaThread "External Process Output Forwarder - C:\Users\Husenappa.M\.cache\selenium\chromedriver\win64\126.0.6478.182\chromedriver.exe" daemon [_thread_in_native, id=2112, stack(0x0000008c5bd00000,0x0000008c5be00000)]
  0x0000028bacb35340 JavaThread "Driver Service Executor" daemon [_thread_blocked, id=784, stack(0x0000008c5be00000,0x0000008c5bf00000)]
  0x0000028bacb376b0 JavaThread "Driver Service Executor" daemon [_thread_in_native, id=15036, stack(0x0000008c5bf00000,0x0000008c5c000000)]
  0x0000028bacb37bc0 JavaThread "UrlChecker-2" daemon [_thread_blocked, id=13836, stack(0x0000008c5c000000,0x0000008c5c100000)]
  0x0000028bacb385e0 JavaThread "JdkHttpClient-0-0" daemon [_thread_blocked, id=16696, stack(0x0000008c5c300000,0x0000008c5c400000)]
  0x0000028bb1d7d8c0 JavaThread "JdkHttpClient-0-1" daemon [_thread_blocked, id=15012, stack(0x0000008c5c400000,0x0000008c5c500000)]
  0x0000028bb1d7ddd0 JavaThread "JdkHttpClient-0-2" daemon [_thread_blocked, id=588, stack(0x0000008c5c500000,0x0000008c5c600000)]
  0x0000028bb1d7d3b0 JavaThread "HttpClient-2-SelectorManager" daemon [_thread_in_native, id=8380, stack(0x0000008c5b700000,0x0000008c5b800000)]
  0x0000028bb1d7fc30 JavaThread "JdkHttpClient-1-0" daemon [_thread_blocked, id=14800, stack(0x0000008c5c200000,0x0000008c5c300000)]
  0x0000028bb1d7cea0 JavaThread "JdkHttpClient-1-1" daemon [_thread_blocked, id=396, stack(0x0000008c5c600000,0x0000008c5c700000)]
  0x0000028bb1d7ed00 JavaThread "JdkHttpClient-1-2" daemon [_thread_blocked, id=10464, stack(0x0000008c5c700000,0x0000008c5c800000)]

Other Threads:
  0x0000028baca8fbb0 VMThread "VM Thread" [stack: 0x0000008c5aa00000,0x0000008c5ab00000] [id=15932] _threads_hazard_ptr=0x0000028bb243f770
  0x0000028baccb9870 WatcherThread [stack: 0x0000008c5b500000,0x0000008c5b600000] [id=12652]
  0x0000028b935b2c80 GCTaskThread "GC Thread#0" [stack: 0x0000008c5a500000,0x0000008c5a600000] [id=16500]
  0x0000028bb11a43b0 GCTaskThread "GC Thread#1" [stack: 0x0000008c5b800000,0x0000008c5b900000] [id=15224]
  0x0000028bb1458740 GCTaskThread "GC Thread#2" [stack: 0x0000008c5b900000,0x0000008c5ba00000] [id=11040]
  0x0000028bb1458a00 GCTaskThread "GC Thread#3" [stack: 0x0000008c5ba00000,0x0000008c5bb00000] [id=10908]
  0x0000028b935c3cd0 ConcurrentGCThread "G1 Main Marker" [stack: 0x0000008c5a600000,0x0000008c5a700000] [id=17308]
  0x0000028b935c46f0 ConcurrentGCThread "G1 Conc#0" [stack: 0x0000008c5a700000,0x0000008c5a800000] [id=15988]
  0x0000028bac9324c0 ConcurrentGCThread "G1 Refine#0" [stack: 0x0000008c5a800000,0x0000008c5a900000] [id=48]
  0x0000028b935f7340 ConcurrentGCThread "G1 Service" [stack: 0x0000008c5a900000,0x0000008c5aa00000] [id=8164]

Threads with active compile tasks:
C2 CompilerThread0    16578 2271       4       java.io.WinNTFileSystem::normalize (143 bytes)
C1 CompilerThread0    16578 2292       3       sun.security.provider.ByteArrayAccess::b2iBig64 (231 bytes)

VM state: synchronizing (normal execution)

VM Mutex/Monitor currently owned by a thread:  ([mutex/lock_event])
[0x0000028b913ca450] Metaspace_lock - owner thread: 0x0000028bacb38af0
[0x0000028b913cba30] Threads_lock - owner thread: 0x0000028baca8fbb0

Heap address: 0x0000000084000000, size: 1984 MB, Compressed Oops mode: 32-bit

CDS archive(s) not mapped
Compressed class space mapped at: 0x0000000100000000-0x0000000140000000, reserved size: 1073741824
Narrow klass base: 0x0000000000000000, Narrow klass shift: 3, Narrow klass range: 0x140000000

GC Precious Log:
 CPUs: 4 total, 4 available
 Memory: 7930M
 Large Page Support: Disabled
 NUMA Support: Disabled
 Compressed Oops: Enabled (32-bit)
 Heap Region Size: 1M
 Heap Min Capacity: 8M
 Heap Initial Capacity: 124M
 Heap Max Capacity: 1984M
 Pre-touch: Disabled
 Parallel Workers: 4
 Concurrent Workers: 1
 Concurrent Refinement Workers: 4
 Periodic GC: Disabled

Heap:
 garbage-first heap   total 58368K, used 22385K [0x0000000084000000, 0x0000000100000000)
  region size 1024K, 10 young (10240K), 1 survivors (1024K)
 Metaspace       used 22624K, committed 22848K, reserved 1114112K
  class space    used 2381K, committed 2496K, reserved 1048576K

Heap Regions: E=young(eden), S=young(survivor), O=old, HS=humongous(starts), HC=humongous(continues), CS=collection set, F=free, OA=open archive, CA=closed archive, TAMS=top-at-mark-start (previous, next)
|   0|0x0000000084000000, 0x0000000084100000, 0x0000000084100000|100%| O|  |TAMS 0x0000000084100000, 0x0000000084000000| Untracked 
|   1|0x0000000084100000, 0x0000000084200000, 0x0000000084200000|100%| O|  |TAMS 0x0000000084200000, 0x0000000084100000| Untracked 
|   2|0x0000000084200000, 0x0000000084300000, 0x0000000084300000|100%| O|  |TAMS 0x0000000084300000, 0x0000000084200000| Untracked 
|   3|0x0000000084300000, 0x0000000084400000, 0x0000000084400000|100%| O|  |TAMS 0x0000000084400000, 0x0000000084300000| Untracked 
|   4|0x0000000084400000, 0x0000000084500000, 0x0000000084500000|100%| O|  |TAMS 0x0000000084500000, 0x0000000084400000| Untracked 
|   5|0x0000000084500000, 0x0000000084600000, 0x0000000084600000|100%| O|  |TAMS 0x0000000084600000, 0x0000000084500000| Untracked 
|   6|0x0000000084600000, 0x0000000084700000, 0x0000000084700000|100%| O|  |TAMS 0x0000000084700000, 0x0000000084600000| Untracked 
|   7|0x0000000084700000, 0x0000000084800000, 0x0000000084800000|100%| O|  |TAMS 0x0000000084800000, 0x0000000084700000| Untracked 
|   8|0x0000000084800000, 0x0000000084900000, 0x0000000084900000|100%| O|  |TAMS 0x0000000084900000, 0x0000000084800000| Untracked 
|   9|0x0000000084900000, 0x0000000084a00000, 0x0000000084a00000|100%| O|  |TAMS 0x0000000084a00000, 0x0000000084900000| Untracked 
|  10|0x0000000084a00000, 0x0000000084b00000, 0x0000000084b00000|100%| O|  |TAMS 0x0000000084a80400, 0x0000000084a00000| Untracked 
|  11|0x0000000084b00000, 0x0000000084c00000, 0x0000000084c00000|100%| O|  |TAMS 0x0000000084b00000, 0x0000000084b00000| Untracked 
|  12|0x0000000084c00000, 0x0000000084d00000, 0x0000000084d00000|100%| O|  |TAMS 0x0000000084c00000, 0x0000000084c00000| Untracked 
|  13|0x0000000084d00000, 0x0000000084ddc400, 0x0000000084e00000| 86%| O|  |TAMS 0x0000000084d00000, 0x0000000084d00000| Untracked 
|  14|0x0000000084e00000, 0x0000000084e00000, 0x0000000084f00000|  0%| F|  |TAMS 0x0000000084e00000, 0x0000000084e00000| Untracked 
|  15|0x0000000084f00000, 0x0000000084f00000, 0x0000000085000000|  0%| F|  |TAMS 0x0000000084f00000, 0x0000000084f00000| Untracked 
|  16|0x0000000085000000, 0x0000000085000000, 0x0000000085100000|  0%| F|  |TAMS 0x0000000085000000, 0x0000000085000000| Untracked 
|  17|0x0000000085100000, 0x0000000085100000, 0x0000000085200000|  0%| F|  |TAMS 0x0000000085100000, 0x0000000085100000| Untracked 
|  18|0x0000000085200000, 0x0000000085200000, 0x0000000085300000|  0%| F|  |TAMS 0x0000000085200000, 0x0000000085200000| Untracked 
|  19|0x0000000085300000, 0x0000000085300000, 0x0000000085400000|  0%| F|  |TAMS 0x0000000085300000, 0x0000000085300000| Untracked 
|  20|0x0000000085400000, 0x0000000085400000, 0x0000000085500000|  0%| F|  |TAMS 0x0000000085400000, 0x0000000085400000| Untracked 
|  21|0x0000000085500000, 0x0000000085500000, 0x0000000085600000|  0%| F|  |TAMS 0x0000000085500000, 0x0000000085500000| Untracked 
|  22|0x0000000085600000, 0x0000000085600000, 0x0000000085700000|  0%| F|  |TAMS 0x0000000085600000, 0x0000000085600000| Untracked 
|  23|0x0000000085700000, 0x0000000085700000, 0x0000000085800000|  0%| F|  |TAMS 0x0000000085700000, 0x0000000085700000| Untracked 
|  24|0x0000000085800000, 0x0000000085800000, 0x0000000085900000|  0%| F|  |TAMS 0x0000000085800000, 0x0000000085800000| Untracked 
|  25|0x0000000085900000, 0x0000000085900000, 0x0000000085a00000|  0%| F|  |TAMS 0x0000000085900000, 0x0000000085900000| Untracked 
|  26|0x0000000085a00000, 0x0000000085a00000, 0x0000000085b00000|  0%| F|  |TAMS 0x0000000085a00000, 0x0000000085a00000| Untracked 
|  27|0x0000000085b00000, 0x0000000085b00000, 0x0000000085c00000|  0%| F|  |TAMS 0x0000000085b00000, 0x0000000085b00000| Untracked 
|  28|0x0000000085c00000, 0x0000000085c00000, 0x0000000085d00000|  0%| F|  |TAMS 0x0000000085c00000, 0x0000000085c00000| Untracked 
|  29|0x0000000085d00000, 0x0000000085d00000, 0x0000000085e00000|  0%| F|  |TAMS 0x0000000085d00000, 0x0000000085d00000| Untracked 
|  30|0x0000000085e00000, 0x0000000085e00000, 0x0000000085f00000|  0%| F|  |TAMS 0x0000000085e00000, 0x0000000085e00000| Untracked 
|  31|0x0000000085f00000, 0x0000000085f00000, 0x0000000086000000|  0%| F|  |TAMS 0x0000000085f00000, 0x0000000085f00000| Untracked 
|  32|0x0000000086000000, 0x0000000086000000, 0x0000000086100000|  0%| F|  |TAMS 0x0000000086000000, 0x0000000086000000| Untracked 
|  33|0x0000000086100000, 0x0000000086100000, 0x0000000086200000|  0%| F|  |TAMS 0x0000000086100000, 0x0000000086100000| Untracked 
|  34|0x0000000086200000, 0x0000000086200000, 0x0000000086300000|  0%| F|  |TAMS 0x0000000086200000, 0x0000000086200000| Untracked 
|  35|0x0000000086300000, 0x0000000086300000, 0x0000000086400000|  0%| F|  |TAMS 0x0000000086300000, 0x0000000086300000| Untracked 
|  36|0x0000000086400000, 0x0000000086400000, 0x0000000086500000|  0%| F|  |TAMS 0x0000000086400000, 0x0000000086400000| Untracked 
|  37|0x0000000086500000, 0x0000000086500000, 0x0000000086600000|  0%| F|  |TAMS 0x0000000086500000, 0x0000000086500000| Untracked 
|  38|0x0000000086600000, 0x0000000086600000, 0x0000000086700000|  0%| F|  |TAMS 0x0000000086600000, 0x0000000086600000| Untracked 
|  39|0x0000000086700000, 0x0000000086700000, 0x0000000086800000|  0%| F|  |TAMS 0x0000000086700000, 0x0000000086700000| Untracked 
|  40|0x0000000086800000, 0x0000000086800000, 0x0000000086900000|  0%| F|  |TAMS 0x0000000086800000, 0x0000000086800000| Untracked 
|  41|0x0000000086900000, 0x0000000086900000, 0x0000000086a00000|  0%| F|  |TAMS 0x0000000086900000, 0x0000000086900000| Untracked 
|  42|0x0000000086a00000, 0x0000000086a00000, 0x0000000086b00000|  0%| F|  |TAMS 0x0000000086a00000, 0x0000000086a00000| Untracked 
|  43|0x0000000086b00000, 0x0000000086b00000, 0x0000000086c00000|  0%| F|  |TAMS 0x0000000086b00000, 0x0000000086b00000| Untracked 
|  44|0x0000000086c00000, 0x0000000086c00000, 0x0000000086d00000|  0%| F|  |TAMS 0x0000000086c00000, 0x0000000086c00000| Untracked 
|  45|0x0000000086d00000, 0x0000000086d00000, 0x0000000086e00000|  0%| F|  |TAMS 0x0000000086d00000, 0x0000000086d00000| Untracked 
|  46|0x0000000086e00000, 0x0000000086e00000, 0x0000000086f00000|  0%| F|  |TAMS 0x0000000086e00000, 0x0000000086e00000| Untracked 
|  47|0x0000000086f00000, 0x0000000086f6f908, 0x0000000087000000| 43%| E|  |TAMS 0x0000000086f00000, 0x0000000086f00000| Complete 
|  48|0x0000000087000000, 0x0000000087100000, 0x0000000087100000|100%| E|  |TAMS 0x0000000087000000, 0x0000000087000000| Complete 
|  49|0x0000000087100000, 0x0000000087200000, 0x0000000087200000|100%| E|CS|TAMS 0x0000000087100000, 0x0000000087100000| Complete 
|  50|0x0000000087200000, 0x0000000087300000, 0x0000000087300000|100%| E|CS|TAMS 0x0000000087200000, 0x0000000087200000| Complete 
|  51|0x0000000087300000, 0x0000000087400000, 0x0000000087400000|100%| E|CS|TAMS 0x0000000087300000, 0x0000000087300000| Complete 
|  52|0x0000000087400000, 0x0000000087500000, 0x0000000087500000|100%| E|CS|TAMS 0x0000000087400000, 0x0000000087400000| Complete 
|  53|0x0000000087500000, 0x0000000087600000, 0x0000000087600000|100%| E|CS|TAMS 0x0000000087500000, 0x0000000087500000| Complete 
| 112|0x000000008b000000, 0x000000008b100000, 0x000000008b100000|100%| S|CS|TAMS 0x000000008b000000, 0x000000008b000000| Complete 
| 122|0x000000008ba00000, 0x000000008bb00000, 0x000000008bb00000|100%| E|CS|TAMS 0x000000008ba00000, 0x000000008ba00000| Complete 
| 123|0x000000008bb00000, 0x000000008bc00000, 0x000000008bc00000|100%| E|CS|TAMS 0x000000008bb00000, 0x000000008bb00000| Complete 

Card table byte_map: [0x0000028ba5ff0000,0x0000028ba63d0000] _byte_map_base: 0x0000028ba5bd0000

Marking Bits (Prev, Next): (CMBitMap*) 0x0000028b935b32e0, (CMBitMap*) 0x0000028b935b32a0
 Prev Bits: [0x0000028ba86b0000, 0x0000028baa5b0000)
 Next Bits: [0x0000028ba67b0000, 0x0000028ba86b0000)

Polling page: 0x0000028b914d0000

Metaspace:

Usage:
  Non-class:     19.77 MB used.
      Class:      2.33 MB used.
       Both:     22.09 MB used.

Virtual space:
  Non-class space:       64.00 MB reserved,      19.88 MB ( 31%) committed,  1 nodes.
      Class space:        1.00 GB reserved,       2.44 MB ( <1%) committed,  1 nodes.
             Both:        1.06 GB reserved,      22.31 MB (  2%) committed. 

Chunk freelists:
   Non-Class:  11.48 MB
       Class:  13.41 MB
        Both:  24.89 MB

MaxMetaspaceSize: unlimited
CompressedClassSpaceSize: 1.00 GB
Initial GC threshold: 21.00 MB
Current GC threshold: 35.44 MB
CDS: off
MetaspaceReclaimPolicy: balanced
 - commit_granule_bytes: 65536.
 - commit_granule_words: 8192.
 - virtual_space_node_default_size: 8388608.
 - enlarge_chunks_in_place: 1.
 - new_chunks_are_fully_committed: 0.
 - uncommit_free_chunks: 1.
 - use_allocation_guard: 0.
 - handle_deallocations: 1.


Internal statistics:

num_allocs_failed_limit: 3.
num_arena_births: 236.
num_arena_deaths: 0.
num_vsnodes_births: 2.
num_vsnodes_deaths: 0.
num_space_committed: 357.
num_space_uncommitted: 0.
num_chunks_returned_to_freelist: 3.
num_chunks_taken_from_freelist: 586.
num_chunk_merges: 3.
num_chunk_splits: 345.
num_chunks_enlarged: 215.
num_inconsistent_stats: 0.

CodeHeap 'non-profiled nmethods': size=120000Kb used=913Kb max_used=913Kb free=119087Kb
 bounds [0x0000028b9e6e0000, 0x0000028b9e950000, 0x0000028ba5c10000]
CodeHeap 'profiled nmethods': size=120000Kb used=4640Kb max_used=4640Kb free=115359Kb
 bounds [0x0000028b96c10000, 0x0000028b970a0000, 0x0000028b9e140000]
CodeHeap 'non-nmethods': size=5760Kb used=1230Kb max_used=1257Kb free=4529Kb
 bounds [0x0000028b9e140000, 0x0000028b9e3b0000, 0x0000028b9e6e0000]
 total_blobs=2809 nmethods=2289 adapters=432
 compilation: enabled
              stopped_count=0, restarted_count=0
 full_count=0

Compilation events (20 events):
Event: 13.952 Thread 0x0000028bacb469b0 2263       3       java.util.stream.ReferencePipeline$2$1::begin (13 bytes)
Event: 13.952 Thread 0x0000028bacb469b0 nmethod 2263 0x0000028b97089290 code [0x0000028b97089440, 0x0000028b97089608]
Event: 13.952 Thread 0x0000028bacb469b0 2264       3       java.util.stream.ReferencePipeline::filter (22 bytes)
Event: 13.953 Thread 0x0000028bacb469b0 nmethod 2264 0x0000028b97089710 code [0x0000028b97089900, 0x0000028b97089e18]
Event: 13.953 Thread 0x0000028bacb469b0 2265       3       java.util.stream.ReferencePipeline$2::<init> (20 bytes)
Event: 13.953 Thread 0x0000028bacb469b0 nmethod 2265 0x0000028b9708a010 code [0x0000028b9708a1c0, 0x0000028b9708a4a8]
Event: 13.956 Thread 0x0000028bacb469b0 2266       1       java.util.stream.Collectors$CollectorImpl::finisher (5 bytes)
Event: 13.956 Thread 0x0000028bacb469b0 nmethod 2266 0x0000028b9e7c1c10 code [0x0000028b9e7c1da0, 0x0000028b9e7c1e78]
Event: 13.960 Thread 0x0000028bacb469b0 2267       3       java.lang.invoke.MethodHandles$Lookup::getDirectConstructorCommon (69 bytes)
Event: 13.960 Thread 0x0000028bacb469b0 nmethod 2267 0x0000028b9708a610 code [0x0000028b9708a880, 0x0000028b9708b398]
Event: 13.960 Thread 0x0000028bacb469b0 2268       3       java.lang.invoke.DirectMethodHandle::makeAllocator (137 bytes)
Event: 13.961 Thread 0x0000028bacb469b0 nmethod 2268 0x0000028b9708b710 code [0x0000028b9708b920, 0x0000028b9708bd78]
Event: 13.961 Thread 0x0000028bacb469b0 2269       3       java.lang.invoke.MemberName::asConstructor (58 bytes)
Event: 13.961 Thread 0x0000028bacb469b0 nmethod 2269 0x0000028b9708bf90 code [0x0000028b9708c1a0, 0x0000028b9708c7a8]
Event: 13.963 Thread 0x0000028bacb469b0 2270       3       java.util.ArrayDeque::poll (5 bytes)
Event: 13.964 Thread 0x0000028bacb469b0 nmethod 2270 0x0000028b9708ca10 code [0x0000028b9708cba0, 0x0000028b9708cd48]
Event: 13.964 Thread 0x0000028bacb3dfe0 nmethod 2249 0x0000028b9e7c1f10 code [0x0000028b9e7c2100, 0x0000028b9e7c30e8]
Event: 13.964 Thread 0x0000028bacb3dfe0 2271       4       java.io.WinNTFileSystem::normalize (143 bytes)
Event: 13.966 Thread 0x0000028bacb469b0 2272       3       java.nio.CharBuffer::arrayOffset (35 bytes)
Event: 13.966 Thread 0x0000028bacb469b0 nmethod 2272 0x0000028b9708ce10 code [0x0000028b9708cfe0, 0x0000028b9708d2b8]

GC Heap History (8 events):
Event: 0.565 GC heap before
{Heap before GC invocations=0 (full 0):
 garbage-first heap   total 126976K, used 12288K [0x0000000084000000, 0x0000000100000000)
  region size 1024K, 13 young (13312K), 0 survivors (0K)
 Metaspace       used 10031K, committed 10176K, reserved 1114112K
  class space    used 876K, committed 960K, reserved 1048576K
}
Event: 0.572 GC heap after
{Heap after GC invocations=1 (full 0):
 garbage-first heap   total 126976K, used 6420K [0x0000000084000000, 0x0000000100000000)
  region size 1024K, 2 young (2048K), 2 survivors (2048K)
 Metaspace       used 10031K, committed 10176K, reserved 1114112K
  class space    used 876K, committed 960K, reserved 1048576K
}
Event: 0.993 GC heap before
{Heap before GC invocations=1 (full 0):
 garbage-first heap   total 126976K, used 16660K [0x0000000084000000, 0x0000000100000000)
  region size 1024K, 12 young (12288K), 2 survivors (2048K)
 Metaspace       used 14274K, committed 14400K, reserved 1114112K
  class space    used 1331K, committed 1408K, reserved 1048576K
}
Event: 1.000 GC heap after
{Heap after GC invocations=2 (full 0):
 garbage-first heap   total 126976K, used 9103K [0x0000000084000000, 0x0000000100000000)
  region size 1024K, 2 young (2048K), 2 survivors (2048K)
 Metaspace       used 14274K, committed 14400K, reserved 1114112K
  class space    used 1331K, committed 1408K, reserved 1048576K
}
Event: 1.520 GC heap before
{Heap before GC invocations=2 (full 0):
 garbage-first heap   total 126976K, used 30607K [0x0000000084000000, 0x0000000100000000)
  region size 1024K, 23 young (23552K), 2 survivors (2048K)
 Metaspace       used 16683K, committed 16896K, reserved 1114112K
  class space    used 1568K, committed 1664K, reserved 1048576K
}
Event: 1.534 GC heap after
{Heap after GC invocations=3 (full 0):
 garbage-first heap   total 126976K, used 13825K [0x0000000084000000, 0x0000000100000000)
  region size 1024K, 3 young (3072K), 3 survivors (3072K)
 Metaspace       used 16683K, committed 16896K, reserved 1114112K
  class space    used 1568K, committed 1664K, reserved 1048576K
}
Event: 1.935 GC heap before
{Heap before GC invocations=3 (full 0):
 garbage-first heap   total 126976K, used 24065K [0x0000000084000000, 0x0000000100000000)
  region size 1024K, 14 young (14336K), 3 survivors (3072K)
 Metaspace       used 21310K, committed 21504K, reserved 1114112K
  class space    used 2176K, committed 2304K, reserved 1048576K
}
Event: 1.943 GC heap after
{Heap after GC invocations=4 (full 0):
 garbage-first heap   total 126976K, used 15217K [0x0000000084000000, 0x0000000100000000)
  region size 1024K, 1 young (1024K), 1 survivors (1024K)
 Metaspace       used 21310K, committed 21504K, reserved 1114112K
  class space    used 2176K, committed 2304K, reserved 1048576K
}

Dll operation events (7 events):
Event: 0.014 Loaded shared library C:\Users\Husenappa.M\OneDrive\Desktop\java with selenium\eclipse-java-2023-12-R-win32-x86_64\eclipse\plugins\org.eclipse.justj.openjdk.hotspot.jre.full.win32.x86_64_17.0.9.v20231028-0858\jre\bin\java.dll
Event: 0.167 Loaded shared library C:\Users\Husenappa.M\OneDrive\Desktop\java with selenium\eclipse-java-2023-12-R-win32-x86_64\eclipse\plugins\org.eclipse.justj.openjdk.hotspot.jre.full.win32.x86_64_17.0.9.v20231028-0858\jre\bin\net.dll
Event: 0.169 Loaded shared library C:\Users\Husenappa.M\OneDrive\Desktop\java with selenium\eclipse-java-2023-12-R-win32-x86_64\eclipse\plugins\org.eclipse.justj.openjdk.hotspot.jre.full.win32.x86_64_17.0.9.v20231028-0858\jre\bin\nio.dll
Event: 0.176 Loaded shared library C:\Users\Husenappa.M\OneDrive\Desktop\java with selenium\eclipse-java-2023-12-R-win32-x86_64\eclipse\plugins\org.eclipse.justj.openjdk.hotspot.jre.full.win32.x86_64_17.0.9.v20231028-0858\jre\bin\zip.dll
Event: 0.242 Loaded shared library C:\Users\Husenappa.M\OneDrive\Desktop\java with selenium\eclipse-java-2023-12-R-win32-x86_64\eclipse\plugins\org.eclipse.justj.openjdk.hotspot.jre.full.win32.x86_64_17.0.9.v20231028-0858\jre\bin\jimage.dll
Event: 0.825 Loaded shared library C:\Users\Husenappa.M\OneDrive\Desktop\java with selenium\eclipse-java-2023-12-R-win32-x86_64\eclipse\plugins\org.eclipse.justj.openjdk.hotspot.jre.full.win32.x86_64_17.0.9.v20231028-0858\jre\bin\verify.dll
Event: 1.647 Loaded shared library C:\Users\Husenappa.M\OneDrive\Desktop\java with selenium\eclipse-java-2023-12-R-win32-x86_64\eclipse\plugins\org.eclipse.justj.openjdk.hotspot.jre.full.win32.x86_64_17.0.9.v20231028-0858\jre\bin\sunmscapi.dll

Deoptimization events (20 events):
Event: 1.842 Thread 0x0000028b913ce140 Uncommon trap: trap_request=0xffffffde fr.pc=0x0000028b9e7ae7ac relative=0x000000000000010c
Event: 1.842 Thread 0x0000028b913ce140 Uncommon trap: reason=class_check action=maybe_recompile pc=0x0000028b9e7ae7ac method=jdk.internal.misc.Unsafe.allocateUninitializedArray(Ljava/lang/Class;I)Ljava/lang/Object; @ 51 c2
Event: 1.842 Thread 0x0000028b913ce140 DEOPT PACKING pc=0x0000028b9e7ae7ac sp=0x0000008c5a4fcdc0
Event: 1.842 Thread 0x0000028b913ce140 DEOPT UNPACKING pc=0x0000028b9e19a1a3 sp=0x0000008c5a4fcd48 mode 2
Event: 1.842 Thread 0x0000028b913ce140 Uncommon trap: trap_request=0xffffffde fr.pc=0x0000028b9e7ae7ac relative=0x000000000000010c
Event: 1.842 Thread 0x0000028b913ce140 Uncommon trap: reason=class_check action=maybe_recompile pc=0x0000028b9e7ae7ac method=jdk.internal.misc.Unsafe.allocateUninitializedArray(Ljava/lang/Class;I)Ljava/lang/Object; @ 51 c2
Event: 1.842 Thread 0x0000028b913ce140 DEOPT PACKING pc=0x0000028b9e7ae7ac sp=0x0000008c5a4fd120
Event: 1.842 Thread 0x0000028b913ce140 DEOPT UNPACKING pc=0x0000028b9e19a1a3 sp=0x0000008c5a4fd0a8 mode 2
Event: 1.842 Thread 0x0000028b913ce140 Uncommon trap: trap_request=0xffffffde fr.pc=0x0000028b9e7ae7ac relative=0x000000000000010c
Event: 1.842 Thread 0x0000028b913ce140 Uncommon trap: reason=class_check action=maybe_recompile pc=0x0000028b9e7ae7ac method=jdk.internal.misc.Unsafe.allocateUninitializedArray(Ljava/lang/Class;I)Ljava/lang/Object; @ 51 c2
Event: 1.842 Thread 0x0000028b913ce140 DEOPT PACKING pc=0x0000028b9e7ae7ac sp=0x0000008c5a4fd1c0
Event: 1.842 Thread 0x0000028b913ce140 DEOPT UNPACKING pc=0x0000028b9e19a1a3 sp=0x0000008c5a4fd148 mode 2
Event: 13.927 Thread 0x0000028b913ce140 Uncommon trap: trap_request=0xffffffde fr.pc=0x0000028b9e71ccf8 relative=0x0000000000000778
Event: 13.927 Thread 0x0000028b913ce140 Uncommon trap: reason=class_check action=maybe_recompile pc=0x0000028b9e71ccf8 method=java.util.HashMap.putVal(ILjava/lang/Object;Ljava/lang/Object;ZZ)Ljava/lang/Object; @ 253 c2
Event: 13.927 Thread 0x0000028b913ce140 DEOPT PACKING pc=0x0000028b9e71ccf8 sp=0x0000008c5a4fe240
Event: 13.927 Thread 0x0000028b913ce140 DEOPT UNPACKING pc=0x0000028b9e19a1a3 sp=0x0000008c5a4fe178 mode 2
Event: 13.971 Thread 0x0000028b913ce140 Uncommon trap: trap_request=0xffffff45 fr.pc=0x0000028b9e7a4124 relative=0x0000000000000a64
Event: 13.971 Thread 0x0000028b913ce140 Uncommon trap: reason=unstable_if action=reinterpret pc=0x0000028b9e7a4124 method=java.lang.Integer.stringSize(I)I @ 19 c2
Event: 13.971 Thread 0x0000028b913ce140 DEOPT PACKING pc=0x0000028b9e7a4124 sp=0x0000008c5a4fe2f0
Event: 13.971 Thread 0x0000028b913ce140 DEOPT UNPACKING pc=0x0000028b9e19a1a3 sp=0x0000008c5a4fe1f0 mode 2

Classes unloaded (0 events):
No events

Classes redefined (0 events):
No events

Internal exceptions (20 events):
Event: 1.738 Thread 0x0000028b913ce140 Exception <a 'java/lang/NoSuchMethodError'{0x000000008b62f8c0}: 'java.lang.Object java.lang.invoke.Invokers$Holder.linkToTargetMethod(java.lang.Object, long, java.lang.Object)'> (0x000000008b62f8c0) 
thrown [s\src\hotspot\share\interpreter\linkResolver.cpp, line 759]
Event: 1.763 Thread 0x0000028bacb37bc0 Exception <a 'java/net/ConnectException'{0x000000008b508700}: Connection refused: no further information> (0x000000008b508700) 
thrown [s\src\hotspot\share\prims\jni.cpp, line 535]
Event: 1.763 Thread 0x0000028bacb37bc0 Exception <a 'java/net/SocketException'{0x000000008b508a38}: Socket is not connected: shutdown> (0x000000008b508a38) 
thrown [s\src\hotspot\share\prims\jni.cpp, line 535]
Event: 1.788 Thread 0x0000028bacb37bc0 Exception <a 'java/net/ConnectException'{0x000000008b509a30}: Connection refused: no further information> (0x000000008b509a30) 
thrown [s\src\hotspot\share\prims\jni.cpp, line 535]
Event: 1.788 Thread 0x0000028bacb37bc0 Exception <a 'java/net/SocketException'{0x000000008b509d68}: Socket is not connected: shutdown> (0x000000008b509d68) 
thrown [s\src\hotspot\share\prims\jni.cpp, line 535]
Event: 1.832 Thread 0x0000028b913ce140 Exception <a 'java/lang/NoSuchMethodError'{0x000000008b571320}: 'int java.lang.invoke.DirectMethodHandle$Holder.invokeVirtual(java.lang.Object, java.lang.Object)'> (0x000000008b571320) 
thrown [s\src\hotspot\share\interpreter\linkResolver.cpp, line 759]
Event: 1.833 Thread 0x0000028b913ce140 Exception <a 'java/lang/NoSuchMethodError'{0x000000008b577808}: 'double java.lang.invoke.DirectMethodHandle$Holder.invokeVirtual(java.lang.Object, java.lang.Object)'> (0x000000008b577808) 
thrown [s\src\hotspot\share\interpreter\linkResolver.cpp, line 759]
Event: 1.833 Thread 0x0000028b913ce140 Exception <a 'java/lang/NoSuchMethodError'{0x000000008b57dfb0}: 'float java.lang.invoke.DirectMethodHandle$Holder.invokeVirtual(java.lang.Object, java.lang.Object)'> (0x000000008b57dfb0) 
thrown [s\src\hotspot\share\interpreter\linkResolver.cpp, line 759]
Event: 1.834 Thread 0x0000028b913ce140 Exception <a 'java/lang/NoSuchMethodError'{0x000000008b586ed0}: 'long java.lang.invoke.DirectMethodHandle$Holder.invokeVirtual(java.lang.Object, java.lang.Object)'> (0x000000008b586ed0) 
thrown [s\src\hotspot\share\interpreter\linkResolver.cpp, line 759]
Event: 1.837 Thread 0x0000028b913ce140 Exception <a 'java/lang/NoSuchMethodError'{0x000000008b5b61d8}: 'void java.lang.invoke.DirectMethodHandle$Holder.invokeStatic(java.lang.Object, java.lang.Object, java.lang.Object)'> (0x000000008b5b61d8) 
thrown [s\src\hotspot\share\interpreter\linkResolver.cpp, line 759]
Event: 1.863 Thread 0x0000028b913ce140 Exception <a 'java/lang/NoSuchMethodError'{0x000000008b499358}: 'java.lang.Object java.lang.invoke.DirectMethodHandle$Holder.newInvokeSpecial(java.lang.Object, java.lang.Object, int, int)'> (0x000000008b499358) 
thrown [s\src\hotspot\share\interpreter\linkResolver.cpp, line 759]
Event: 1.863 Thread 0x0000028b913ce140 Exception <a 'java/lang/NoSuchMethodError'{0x000000008b4a3e40}: 'void java.lang.invoke.DirectMethodHandle$Holder.invokeStatic(java.lang.Object, java.lang.Object, int)'> (0x000000008b4a3e40) 
thrown [s\src\hotspot\share\interpreter\linkResolver.cpp, line 759]
Event: 1.879 Thread 0x0000028b913ce140 Exception <a 'java/lang/NoSuchMethodError'{0x000000008b35a768}: 'java.lang.Object java.lang.invoke.DirectMethodHandle$Holder.newInvokeSpecial(java.lang.Object, java.lang.Object, java.lang.Object, java.lang.Object, java.lang.Object)'> (0x000000008b35a768) 
thrown [s\src\hotspot\share\interpreter\linkResolver.cpp, line 759]
Event: 1.896 Thread 0x0000028b913ce140 Exception <a 'java/lang/NoSuchMethodError'{0x000000008b3e48b8}: 'void java.lang.invoke.DirectMethodHandle$Holder.invokeStatic(java.lang.Object, java.lang.Object, java.lang.Object, java.lang.Object)'> (0x000000008b3e48b8) 
thrown [s\src\hotspot\share\interpreter\linkResolver.cpp, line 759]
Event: 1.933 Thread 0x0000028bacb385e0 Exception <a 'java/lang/NoSuchMethodError'{0x000000008b1ae048}: 'java.lang.Object java.lang.invoke.DirectMethodHandle$Holder.invokeSpecial(java.lang.Object, java.lang.Object, java.lang.Object, java.lang.Object, int)'> (0x000000008b1ae048) 
thrown [s\src\hotspot\share\interpreter\linkResolver.cpp, line 759]
Event: 1.933 Thread 0x0000028bacb385e0 Exception <a 'java/lang/NoSuchMethodError'{0x000000008b1b1c10}: 'java.lang.Object java.lang.invoke.Invokers$Holder.linkToTargetMethod(java.lang.Object, java.lang.Object, int, java.lang.Object)'> (0x000000008b1b1c10) 
thrown [s\src\hotspot\share\interpreter\linkResolver.cpp, line 759]
Event: 1.953 Thread 0x0000028bacb385e0 Exception <a 'java/lang/NoSuchMethodError'{0x000000008bbad1f0}: 'void java.lang.invoke.DirectMethodHandle$Holder.invokeSpecial(java.lang.Object, java.lang.Object, java.lang.Object)'> (0x000000008bbad1f0) 
thrown [s\src\hotspot\share\interpreter\linkResolver.cpp, line 759]
Event: 1.972 Thread 0x0000028bacb385e0 Exception <a 'java/lang/NoSuchMethodError'{0x000000008ba57e60}: 'void java.lang.invoke.DirectMethodHandle$Holder.invokeSpecial(java.lang.Object, java.lang.Object, java.lang.Object, java.lang.Object, java.lang.Object)'> (0x000000008ba57e60) 
thrown [s\src\hotspot\share\interpreter\linkResolver.cpp, line 759]
Event: 13.899 Thread 0x0000028bacb385e0 Exception <a 'java/lang/NoSuchMethodError'{0x00000000874fd800}: 'void java.lang.invoke.DirectMethodHandle$Holder.invokeSpecial(java.lang.Object, java.lang.Object, java.lang.Object, java.lang.Object, java.lang.Object, java.lang.Object, java.lang.Object)'> (0x00000000874fd800) 
thrown [s\src\hotspot\share\interpreter\linkResolver.cpp, line 759]
Event: 13.918 Thread 0x0000028b913ce140 Exception <a 'java/lang/NoSuchMethodError'{0x00000000873a6e38}: 'java.lang.Object java.lang.invoke.DirectMethodHandle$Holder.invokeSpecialIFC(java.lang.Object, java.lang.Object, java.lang.Object)'> (0x00000000873a6e38) 
thrown [s\src\hotspot\share\interpreter\linkResolver.cpp, line 759]

VM Operations (20 events):
Event: 1.520 Executing VM operation: G1CollectForAllocation
Event: 1.534 Executing VM operation: G1CollectForAllocation done
Event: 1.822 Executing VM operation: HandshakeAllThreads
Event: 1.822 Executing VM operation: HandshakeAllThreads done
Event: 1.824 Executing VM operation: HandshakeAllThreads
Event: 1.824 Executing VM operation: HandshakeAllThreads done
Event: 1.885 Executing VM operation: HandshakeAllThreads
Event: 1.885 Executing VM operation: HandshakeAllThreads done
Event: 1.935 Executing VM operation: CollectForMetadataAllocation
Event: 1.943 Executing VM operation: CollectForMetadataAllocation done
Event: 1.960 Executing VM operation: G1PauseRemark
Event: 1.962 Executing VM operation: G1PauseRemark done
Event: 1.970 Executing VM operation: G1PauseCleanup
Event: 1.970 Executing VM operation: G1PauseCleanup done
Event: 2.973 Executing VM operation: Cleanup
Event: 2.973 Executing VM operation: Cleanup done
Event: 7.022 Executing VM operation: Cleanup
Event: 7.022 Executing VM operation: Cleanup done
Event: 13.873 Executing VM operation: HandshakeAllThreads
Event: 13.873 Executing VM operation: HandshakeAllThreads done

Events (20 events):
Event: 13.882 loading class java/util/stream/LongPipeline$StatelessOp done
Event: 13.882 loading class java/util/stream/ReferencePipeline$5 done
Event: 13.882 loading class java/util/stream/FindOps$FindSink$OfLong
Event: 13.882 loading class java/util/stream/Sink$OfLong
Event: 13.882 loading class java/util/function/LongConsumer
Event: 13.882 loading class java/util/function/LongConsumer done
Event: 13.882 loading class java/util/stream/Sink$OfLong done
Event: 13.882 loading class java/util/stream/FindOps$FindSink$OfLong done
Event: 13.882 loading class java/util/OptionalLong
Event: 13.882 loading class java/util/OptionalLong done
Event: 13.886 loading class java/util/stream/ReferencePipeline$5$1
Event: 13.886 loading class java/util/stream/ReferencePipeline$5$1 done
Event: 13.915 loading class java/math/MathContext
Event: 13.915 loading class java/math/MathContext done
Event: 13.932 loading class java/util/ImmutableCollections$Access
Event: 13.932 loading class java/util/ImmutableCollections$Access done
Event: 13.932 loading class java/util/ImmutableCollections$Access$1
Event: 13.932 loading class jdk/internal/access/JavaUtilCollectionAccess
Event: 13.932 loading class jdk/internal/access/JavaUtilCollectionAccess done
Event: 13.932 loading class java/util/ImmutableCollections$Access$1 done


Dynamic libraries:
0x00007ff77b180000 - 0x00007ff77b18e000 	C:\Users\Husenappa.M\OneDrive\Desktop\java with selenium\eclipse-java-2023-12-R-win32-x86_64\eclipse\plugins\org.eclipse.justj.openjdk.hotspot.jre.full.win32.x86_64_17.0.9.v20231028-0858\jre\bin\javaw.exe
0x00007ff9590c0000 - 0x00007ff9592cf000 	C:\WINDOWS\SYSTEM32\ntdll.dll
0x00007ff958720000 - 0x00007ff9587dd000 	C:\WINDOWS\System32\KERNEL32.DLL
0x00007ff9565e0000 - 0x00007ff956974000 	C:\WINDOWS\System32\KERNELBASE.dll
0x00007ff956980000 - 0x00007ff956a91000 	C:\WINDOWS\System32\ucrtbase.dll
0x00007ff952da0000 - 0x00007ff952db7000 	C:\Users\Husenappa.M\OneDrive\Desktop\java with selenium\eclipse-java-2023-12-R-win32-x86_64\eclipse\plugins\org.eclipse.justj.openjdk.hotspot.jre.full.win32.x86_64_17.0.9.v20231028-0858\jre\bin\jli.dll
0x00007ff94b8f0000 - 0x00007ff94b90b000 	C:\Users\Husenappa.M\OneDrive\Desktop\java with selenium\eclipse-java-2023-12-R-win32-x86_64\eclipse\plugins\org.eclipse.justj.openjdk.hotspot.jre.full.win32.x86_64_17.0.9.v20231028-0858\jre\bin\VCRUNTIME140.dll
0x00007ff9584c0000 - 0x00007ff95866a000 	C:\WINDOWS\System32\USER32.dll
0x00007ff956da0000 - 0x00007ff956dc6000 	C:\WINDOWS\System32\win32u.dll
0x00007ff938330000 - 0x00007ff9385d1000 	C:\WINDOWS\WinSxS\amd64_microsoft.windows.common-controls_6595b64144ccf1df_6.0.22543.1000_none_25f07d7fa9409c95\COMCTL32.dll
0x00007ff957130000 - 0x00007ff9571d4000 	C:\WINDOWS\System32\msvcrt.dll
0x00007ff9589e0000 - 0x00007ff958a09000 	C:\WINDOWS\System32\GDI32.dll
0x00007ff956c00000 - 0x00007ff956d17000 	C:\WINDOWS\System32\gdi32full.dll
0x00007ff956540000 - 0x00007ff9565da000 	C:\WINDOWS\System32\msvcp_win.dll
0x00007ff958900000 - 0x00007ff958931000 	C:\WINDOWS\System32\IMM32.DLL
0x00007ff953300000 - 0x00007ff95330c000 	C:\Users\Husenappa.M\OneDrive\Desktop\java with selenium\eclipse-java-2023-12-R-win32-x86_64\eclipse\plugins\org.eclipse.justj.openjdk.hotspot.jre.full.win32.x86_64_17.0.9.v20231028-0858\jre\bin\vcruntime140_1.dll
0x00007ff9245f0000 - 0x00007ff92467d000 	C:\Users\Husenappa.M\OneDrive\Desktop\java with selenium\eclipse-java-2023-12-R-win32-x86_64\eclipse\plugins\org.eclipse.justj.openjdk.hotspot.jre.full.win32.x86_64_17.0.9.v20231028-0858\jre\bin\msvcp140.dll
0x00007ff9215c0000 - 0x00007ff922221000 	C:\Users\Husenappa.M\OneDrive\Desktop\java with selenium\eclipse-java-2023-12-R-win32-x86_64\eclipse\plugins\org.eclipse.justj.openjdk.hotspot.jre.full.win32.x86_64_17.0.9.v20231028-0858\jre\bin\server\jvm.dll
0x00007ff957a50000 - 0x00007ff957afe000 	C:\WINDOWS\System32\ADVAPI32.dll
0x00007ff958850000 - 0x00007ff9588f5000 	C:\WINDOWS\System32\sechost.dll
0x00007ff9582c0000 - 0x00007ff9583df000 	C:\WINDOWS\System32\RPCRT4.dll
0x00007ff93b000000 - 0x00007ff93b009000 	C:\WINDOWS\SYSTEM32\WSOCK32.dll
0x00007ff955e00000 - 0x00007ff955e4d000 	C:\WINDOWS\SYSTEM32\POWRPROF.dll
0x00007ff958960000 - 0x00007ff9589d1000 	C:\WINDOWS\System32\WS2_32.dll
0x00007ff94b1e0000 - 0x00007ff94b214000 	C:\WINDOWS\SYSTEM32\WINMM.dll
0x00007ff94b430000 - 0x00007ff94b43a000 	C:\WINDOWS\SYSTEM32\VERSION.dll
0x00007ff955de0000 - 0x00007ff955df3000 	C:\WINDOWS\SYSTEM32\UMPDC.dll
0x00007ff9555b0000 - 0x00007ff9555c7000 	C:\WINDOWS\SYSTEM32\kernel.appcore.dll
0x00007ff944f70000 - 0x00007ff944f7a000 	C:\Users\Husenappa.M\OneDrive\Desktop\java with selenium\eclipse-java-2023-12-R-win32-x86_64\eclipse\plugins\org.eclipse.justj.openjdk.hotspot.jre.full.win32.x86_64_17.0.9.v20231028-0858\jre\bin\jimage.dll
0x00007ff953a90000 - 0x00007ff953cb4000 	C:\WINDOWS\SYSTEM32\DBGHELP.DLL
0x00007ff9573b0000 - 0x00007ff957721000 	C:\WINDOWS\System32\combase.dll
0x00007ff9583e0000 - 0x00007ff9584b7000 	C:\WINDOWS\System32\OLEAUT32.dll
0x00007ff93e490000 - 0x00007ff93e4c1000 	C:\WINDOWS\SYSTEM32\dbgcore.DLL
0x00007ff956d20000 - 0x00007ff956d9b000 	C:\WINDOWS\System32\bcryptPrimitives.dll
0x00007ff92a0f0000 - 0x00007ff92a115000 	C:\Users\Husenappa.M\OneDrive\Desktop\java with selenium\eclipse-java-2023-12-R-win32-x86_64\eclipse\plugins\org.eclipse.justj.openjdk.hotspot.jre.full.win32.x86_64_17.0.9.v20231028-0858\jre\bin\java.dll
0x00007ff928ed0000 - 0x00007ff928ee8000 	C:\Users\Husenappa.M\OneDrive\Desktop\java with selenium\eclipse-java-2023-12-R-win32-x86_64\eclipse\plugins\org.eclipse.justj.openjdk.hotspot.jre.full.win32.x86_64_17.0.9.v20231028-0858\jre\bin\zip.dll
0x00007ff957b00000 - 0x00007ff9582bd000 	C:\WINDOWS\System32\SHELL32.dll
0x00007ff9545e0000 - 0x00007ff954e39000 	C:\WINDOWS\SYSTEM32\windows.storage.dll
0x00007ff9544a0000 - 0x00007ff9545dc000 	C:\WINDOWS\SYSTEM32\wintypes.dll
0x00007ff957950000 - 0x00007ff957a41000 	C:\WINDOWS\System32\SHCORE.dll
0x00007ff957350000 - 0x00007ff9573ab000 	C:\WINDOWS\System32\shlwapi.dll
0x00007ff956470000 - 0x00007ff956491000 	C:\WINDOWS\SYSTEM32\profapi.dll
0x00007ff9255a0000 - 0x00007ff9255b9000 	C:\Users\Husenappa.M\OneDrive\Desktop\java with selenium\eclipse-java-2023-12-R-win32-x86_64\eclipse\plugins\org.eclipse.justj.openjdk.hotspot.jre.full.win32.x86_64_17.0.9.v20231028-0858\jre\bin\net.dll
0x00007ff94c8a0000 - 0x00007ff94c9b1000 	C:\WINDOWS\SYSTEM32\WINHTTP.dll
0x00007ff955a40000 - 0x00007ff955aa9000 	C:\WINDOWS\system32\mswsock.dll
0x00007ff925550000 - 0x00007ff925566000 	C:\Users\Husenappa.M\OneDrive\Desktop\java with selenium\eclipse-java-2023-12-R-win32-x86_64\eclipse\plugins\org.eclipse.justj.openjdk.hotspot.jre.full.win32.x86_64_17.0.9.v20231028-0858\jre\bin\nio.dll
0x00007ff955c90000 - 0x00007ff955cac000 	C:\WINDOWS\SYSTEM32\CRYPTSP.dll
0x00007ff955510000 - 0x00007ff955545000 	C:\WINDOWS\system32\rsaenh.dll
0x00007ff955b40000 - 0x00007ff955b67000 	C:\WINDOWS\SYSTEM32\USERENV.dll
0x00007ff955f10000 - 0x00007ff955f38000 	C:\WINDOWS\SYSTEM32\bcrypt.dll
0x00007ff955cb0000 - 0x00007ff955cbc000 	C:\WINDOWS\SYSTEM32\CRYPTBASE.dll
0x00007ff955080000 - 0x00007ff9550ad000 	C:\WINDOWS\SYSTEM32\IPHLPAPI.DLL
0x00007ff9571e0000 - 0x00007ff9571e9000 	C:\WINDOWS\System32\NSI.dll
0x00007ff94cb10000 - 0x00007ff94cb29000 	C:\WINDOWS\SYSTEM32\dhcpcsvc6.DLL
0x00007ff94c860000 - 0x00007ff94c87f000 	C:\WINDOWS\SYSTEM32\dhcpcsvc.DLL
0x00007ff9550b0000 - 0x00007ff9551a6000 	C:\WINDOWS\SYSTEM32\DNSAPI.dll
0x00007ff93be30000 - 0x00007ff93be40000 	C:\Users\Husenappa.M\OneDrive\Desktop\java with selenium\eclipse-java-2023-12-R-win32-x86_64\eclipse\plugins\org.eclipse.justj.openjdk.hotspot.jre.full.win32.x86_64_17.0.9.v20231028-0858\jre\bin\verify.dll
0x00007ff9499f0000 - 0x00007ff9499fa000 	C:\Windows\System32\rasadhlp.dll
0x00007ff94b650000 - 0x00007ff94b6d2000 	C:\WINDOWS\System32\fwpuclnt.dll
0x00007ff949190000 - 0x00007ff94919e000 	C:\Users\Husenappa.M\OneDrive\Desktop\java with selenium\eclipse-java-2023-12-R-win32-x86_64\eclipse\plugins\org.eclipse.justj.openjdk.hotspot.jre.full.win32.x86_64_17.0.9.v20231028-0858\jre\bin\sunmscapi.dll
0x00007ff956aa0000 - 0x00007ff956bfc000 	C:\WINDOWS\System32\CRYPT32.dll
0x00007ff955ee0000 - 0x00007ff955f0e000 	C:\WINDOWS\SYSTEM32\ncrypt.dll
0x00007ff955ea0000 - 0x00007ff955ed7000 	C:\WINDOWS\SYSTEM32\NTASN1.dll
0x00007ff91cfe0000 - 0x00007ff91cfe8000 	C:\WINDOWS\system32\wshunix.dll

dbghelp: loaded successfully - version: 4.0.5 - missing functions: none
symbol engine: initialized successfully - sym options: 0x614 - pdb path: .;C:\Users\Husenappa.M\OneDrive\Desktop\java with selenium\eclipse-java-2023-12-R-win32-x86_64\eclipse\plugins\org.eclipse.justj.openjdk.hotspot.jre.full.win32.x86_64_17.0.9.v20231028-0858\jre\bin;C:\WINDOWS\SYSTEM32;C:\WINDOWS\WinSxS\amd64_microsoft.windows.common-controls_6595b64144ccf1df_6.0.22543.1000_none_25f07d7fa9409c95;C:\Users\Husenappa.M\OneDrive\Desktop\java with selenium\eclipse-java-2023-12-R-win32-x86_64\eclipse\plugins\org.eclipse.justj.openjdk.hotspot.jre.full.win32.x86_64_17.0.9.v20231028-0858\jre\bin\server

VM Arguments:
jvm_args: -Dfile.encoding=UTF-8 -Dstdout.encoding=UTF-8 -Dstderr.encoding=UTF-8 -XX:+ShowCodeDetailsInExceptionMessages 
java_command: My_Project.PlaceOrder_TakeScreenshotTask
java_class_path (initial): C:\Users\Husenappa.M\OneDrive\Desktop\appu\Navakarana\target\classes;C:\Users\Husenappa.M\.m2\repository\io\github\bonigarcia\webdrivermanager\5.9.1\webdrivermanager-5.9.1.jar;C:\Users\Husenappa.M\.m2\repository\org\slf4j\slf4j-api\2.0.13\slf4j-api-2.0.13.jar;C:\Users\Husenappa.M\.m2\repository\com\google\code\gson\gson\2.11.0\gson-2.11.0.jar;C:\Users\Husenappa.M\.m2\repository\com\google\errorprone\error_prone_annotations\2.27.0\error_prone_annotations-2.27.0.jar;C:\Users\Husenappa.M\.m2\repository\com\github\docker-java\docker-java\3.3.6\docker-java-3.3.6.jar;C:\Users\Husenappa.M\.m2\repository\com\github\docker-java\docker-java-core\3.3.6\docker-java-core-3.3.6.jar;C:\Users\Husenappa.M\.m2\repository\com\github\docker-java\docker-java-api\3.3.6\docker-java-api-3.3.6.jar;C:\Users\Husenappa.M\.m2\repository\com\fasterxml\jackson\core\jackson-annotations\2.10.3\jackson-annotations-2.10.3.jar;C:\Users\Husenappa.M\.m2\repository\com\fasterxml\jackson\core\jackson-databind\2.10.3\jackson-databind-2.10.3.jar;C:\Users\Husenappa.M\.m2\repository\com\fasterxml\jackson\core\jackson-core\2.10.3\jackson-core-2.10.3.jar;C:\Users\Husenappa.M\.m2\repository\org\slf4j\jcl-over-slf4j\1.7.30\jcl-over-slf4j-1.7.30.jar;C:\Users\Husenappa.M\.m2\repository\com\github\docker-java\docker-java-transport-httpclient5\3.3.6\docker-java-transport-httpclient5-3.3.6.jar;C:\Users\Husenappa.M\.m2\repository\com\github\docker-java\docker-java-transport\3.3.6\docker-java-transport-3.3.6.jar;C:\Users\Husenappa.M\.m2\repository\net\java\dev\jna\jna\5.13.0\jna-5.13.0.jar;C:\Users\Husenappa.M\.m2\repository\org\brotli\dec\0.1.2\dec-0.1.2.jar;C:\Users\Husenappa.M\.m2\repository\org\apache\commons\commons-lang3\3.14.0\commons-lang3-3.14.0.jar;C:\Users\Husenappa.M\.m2\repository\org\apache\commons\commons-compress\1.26.2\commons-compress-1.26.2.jar;C:\Users\Husenappa.M\.m2\repository\org\apache\httpcomponents\client5\httpclient5\5.2.1\httpclient5-5.2.1.jar;C:\Users\Husenappa.M
Launcher Type: SUN_STANDARD

[Global flags]
     intx CICompilerCount                          = 3                                         {product} {ergonomic}
     uint ConcGCThreads                            = 1                                         {product} {ergonomic}
     uint G1ConcRefinementThreads                  = 4                                         {product} {ergonomic}
   size_t G1HeapRegionSize                         = 1048576                                   {product} {ergonomic}
    uintx GCDrainStackTargetSize                   = 64                                        {product} {ergonomic}
   size_t InitialHeapSize                          = 130023424                                 {product} {ergonomic}
   size_t MarkStackSize                            = 4194304                                   {product} {ergonomic}
   size_t MaxHeapSize                              = 2080374784                                {product} {ergonomic}
   size_t MaxNewSize                               = 1247805440                                {product} {ergonomic}
   size_t MinHeapDeltaBytes                        = 1048576                                   {product} {ergonomic}
   size_t MinHeapSize                              = 8388608                                   {product} {ergonomic}
    uintx NonNMethodCodeHeapSize                   = 5832780                                {pd product} {ergonomic}
    uintx NonProfiledCodeHeapSize                  = 122912730                              {pd product} {ergonomic}
    uintx ProfiledCodeHeapSize                     = 122912730                              {pd product} {ergonomic}
    uintx ReservedCodeCacheSize                    = 251658240                              {pd product} {ergonomic}
     bool SegmentedCodeCache                       = true                                      {product} {ergonomic}
     bool ShowCodeDetailsInExceptionMessages       = true                                   {manageable} {command line}
   size_t SoftMaxHeapSize                          = 2080374784                             {manageable} {ergonomic}
     bool UseCompressedClassPointers               = true                           {product lp64_product} {ergonomic}
     bool UseCompressedOops                        = true                           {product lp64_product} {ergonomic}
     bool UseG1GC                                  = true                                      {product} {ergonomic}
     bool UseLargePagesIndividualAllocation        = false                                  {pd product} {ergonomic}

Logging:
Log output configuration:
 #0: stdout all=warning uptime,level,tags
 #1: stderr all=off uptime,level,tags

Environment Variables:
JAVA_HOME=C:\Program Files\Java\jdk-19
PATH=C:/Users/Husenappa.M/OneDrive/Desktop/java with selenium/eclipse-java-2023-12-R-win32-x86_64/eclipse//plugins/org.eclipse.justj.openjdk.hotspot.jre.full.win32.x86_64_17.0.9.v20231028-0858/jre/bin/server;C:/Users/Husenappa.M/OneDrive/Desktop/java with selenium/eclipse-java-2023-12-R-win32-x86_64/eclipse//plugins/org.eclipse.justj.openjdk.hotspot.jre.full.win32.x86_64_17.0.9.v20231028-0858/jre/bin;C:\Program Files\Common Files\Oracle\Java\javapath;C:\WINDOWS\system32;C:\WINDOWS;C:\WINDOWS\System32\Wbem;C:\WINDOWS\System32\WindowsPowerShell\v1.0\;C:\WINDOWS\System32\OpenSSH\;C:\Program Files\dotnet\;c:\Program Files (x86)\Microsoft SQL Server\100\Tools\Binn\;c:\Program Files\Microsoft SQL Server\100\Tools\Binn\;c:\Program Files\Microsoft SQL Server\100\DTS\Binn\;C:\Program Files\Java\jdk-19\bin;C:\apache-maven-3.9.6\bin;C:\Users\Husenappa.M\AppData\Local\Microsoft\WindowsApps;;C:\Users\Husenappa.M\OneDrive\Desktop\java with selenium\eclipse-java-2023-12-R-win32-x86_64\eclipse;
USERNAME=Husenappa.M
OS=Windows_NT
PROCESSOR_IDENTIFIER=Intel64 Family 6 Model 140 Stepping 1, GenuineIntel
TMP=C:\Users\Husenappa.M\AppData\Local\Temp
TEMP=C:\Users\Husenappa.M\AppData\Local\Temp



Periodic native trim disabled


---------------  S Y S T E M  ---------------

OS:
 Windows 11 , 64 bit Build 22543 (10.0.22543.1000)
OS uptime: 0 days 5:48 hours

CPU: total 4 (initial active 4) (2 cores per cpu, 2 threads per core) family 6 model 140 stepping 1 microcode 0x9a, cx8, cmov, fxsr, ht, mmx, 3dnowpref, sse, sse2, sse3, ssse3, sse4.1, sse4.2, popcnt, lzcnt, tsc, tscinvbit, avx, avx2, aes, erms, clmul, bmi1, bmi2, adx, avx512f, avx512dq, avx512cd, avx512bw, avx512vl, sha, fma, vzeroupper, avx512_vpopcntdq, avx512_vpclmulqdq, avx512_vaes, avx512_vnni, clflush, clflushopt, clwb, avx512_vbmi2, avx512_vbmi
Processor Information for all 4 processors :
  Max Mhz: 2995, Current Mhz: 2995, Mhz Limit: 2995

Memory: 4k page, system-wide physical 7930M (954M free)
TotalPageFile size 9218M (AvailPageFile size 1M)
current process WorkingSet (physical memory assigned to process): 98M, peak: 132M
current process commit charge ("private bytes"): 161M, peak: 245M

vm_info: OpenJDK 64-Bit Server VM (17.0.9+9) for windows-amd64 JRE (17.0.9+9), built on Oct 26 2023 14:01:42 by "admin" with MS VC++ 16.10 / 16.11 (VS2019)

END.
