#
# There is insufficient memory for the Java Runtime Environment to continue.
# Native memory allocation (malloc) failed to allocate 865536 bytes for Chunk::new
# Possible reasons:
#   The system is out of physical RAM or swap space
#   The process is running with CompressedOops enabled, and the Java Heap may be blocking the growth of the native heap
# Possible solutions:
#   Reduce memory load on the system
#   Increase physical memory or swap space
#   Check if swap backing store is full
#   Decrease Java heap size (-Xmx/-Xms)
#   Decrease number of Java threads
#   Decrease Java thread stack sizes (-Xss)
#   Set larger code cache with -XX:ReservedCodeCacheSize=
#   JVM is running with Unscaled Compressed Oops mode in which the Java heap is
#     placed in the first 4GB address space. The Java Heap base address is the
#     maximum limit for the native heap growth. Please use -XX:HeapBaseMinAddress
#     to set the Java Heap base and to place the Java Heap above 4GB virtual address.
# This output file may be truncated or incomplete.
#
#  Out of Memory Error (arena.cpp:191), pid=4444, tid=16016
#
# JRE version: OpenJDK Runtime Environment Temurin-17.0.9+9 (17.0.9+9) (build 17.0.9+9)
# Java VM: OpenJDK 64-Bit Server VM Temurin-17.0.9+9 (17.0.9+9, mixed mode, tiered, compressed oops, compressed class ptrs, g1 gc, windows-amd64)
# No core dump will be written. Minidumps are not enabled by default on client versions of Windows
#

---------------  S U M M A R Y ------------

Command Line: -Dfile.encoding=UTF-8 -Dstdout.encoding=UTF-8 -Dstderr.encoding=UTF-8 -XX:+ShowCodeDetailsInExceptionMessages Project.flipacart_Task

Host: 11th Gen Intel(R) Core(TM) i3-1115G4 @ 3.00GHz, 4 cores, 7G,  Windows 11 , 64 bit Build 22543 (10.0.22543.1000)
Time: Thu Jul  4 16:15:19 2024 India Standard Time elapsed time: 3.102937 seconds (0d 0h 0m 3s)

---------------  T H R E A D  ---------------

Current thread (0x000001f9438a2130):  JavaThread "C2 CompilerThread0" daemon [_thread_in_native, id=16016, stack(0x0000005d99700000,0x0000005d99800000)]


Current CompileTask:
C2:   3103 1670       4       java.lang.invoke.MethodType::makeImpl (109 bytes)

Stack: [0x0000005d99700000,0x0000005d99800000]
Native frames: (J=compiled Java code, j=interpreted, Vv=VM code, C=native code)
V  [jvm.dll+0x67cf49]
V  [jvm.dll+0x83478a]
V  [jvm.dll+0x83624e]
V  [jvm.dll+0x8368b3]
V  [jvm.dll+0x247f1f]
V  [jvm.dll+0xac43c]
V  [jvm.dll+0xaca8c]
V  [jvm.dll+0x2af45f]
V  [jvm.dll+0x5853f7]
V  [jvm.dll+0x222f62]
V  [jvm.dll+0x22334f]
V  [jvm.dll+0x21c476]
V  [jvm.dll+0x2198c1]
V  [jvm.dll+0x1a57cd]
V  [jvm.dll+0x2297ae]
V  [jvm.dll+0x22797c]
V  [jvm.dll+0x7e9877]
V  [jvm.dll+0x7e3c3a]
V  [jvm.dll+0x67be35]
C  [ucrtbase.dll+0x293cc]
C  [KERNEL32.DLL+0x11350]
C  [ntdll.dll+0x51dc8]


---------------  P R O C E S S  ---------------

Threads class SMR info:
_java_thread_list=0x000001f948ce8b40, length=27, elements={
0x000001f92a2d37b0, 0x000001f94384e640, 0x000001f94384f000, 0x000001f943851f90,
0x000001f943852860, 0x000001f943853220, 0x000001f94389e280, 0x000001f9438a2130,
0x000001f9438afb90, 0x000001f9438b5ba0, 0x000001f943a2ea20, 0x000001f943a499f0,
0x000001f9486eb480, 0x000001f948b870d0, 0x000001f9487f89c0, 0x000001f948b675c0,
0x000001f948b67aa0, 0x000001f9487f7f80, 0x000001f948c10890, 0x000001f948c117c0,
0x000001f948c112b0, 0x000001f948c11cd0, 0x000001f948c121e0, 0x000001f948c126f0,
0x000001f948c10da0, 0x000001f948c12c00, 0x000001f9438ae100
}

Java Threads: ( => current thread )
  0x000001f92a2d37b0 JavaThread "Forwarding get on session a3491850878d1b79d2d296894107ee6b to remote" [_thread_blocked, id=12960, stack(0x0000005d98a00000,0x0000005d98b00000)]
  0x000001f94384e640 JavaThread "Reference Handler" daemon [_thread_blocked, id=13840, stack(0x0000005d99100000,0x0000005d99200000)]
  0x000001f94384f000 JavaThread "Finalizer" daemon [_thread_blocked, id=2188, stack(0x0000005d99200000,0x0000005d99300000)]
  0x000001f943851f90 JavaThread "Signal Dispatcher" daemon [_thread_blocked, id=16348, stack(0x0000005d99300000,0x0000005d99400000)]
  0x000001f943852860 JavaThread "Attach Listener" daemon [_thread_blocked, id=4324, stack(0x0000005d99400000,0x0000005d99500000)]
  0x000001f943853220 JavaThread "Service Thread" daemon [_thread_blocked, id=13772, stack(0x0000005d99500000,0x0000005d99600000)]
  0x000001f94389e280 JavaThread "Monitor Deflation Thread" daemon [_thread_blocked, id=3972, stack(0x0000005d99600000,0x0000005d99700000)]
=>0x000001f9438a2130 JavaThread "C2 CompilerThread0" daemon [_thread_in_native, id=16016, stack(0x0000005d99700000,0x0000005d99800000)]
  0x000001f9438afb90 JavaThread "C1 CompilerThread0" daemon [_thread_blocked, id=16208, stack(0x0000005d99800000,0x0000005d99900000)]
  0x000001f9438b5ba0 JavaThread "Sweeper thread" daemon [_thread_blocked, id=12992, stack(0x0000005d99900000,0x0000005d99a00000)]
  0x000001f943a2ea20 JavaThread "Notification Thread" daemon [_thread_blocked, id=12672, stack(0x0000005d99a00000,0x0000005d99b00000)]
  0x000001f943a499f0 JavaThread "Common-Cleaner" daemon [_thread_blocked, id=1128, stack(0x0000005d99c00000,0x0000005d99d00000)]
  0x000001f9486eb480 JavaThread "ForkJoinPool.commonPool-worker-1" daemon [_thread_blocked, id=10160, stack(0x0000005d99d00000,0x0000005d99e00000)]
  0x000001f948b870d0 JavaThread "HttpClient-1-SelectorManager" daemon [_thread_in_native, id=9636, stack(0x0000005d9a200000,0x0000005d9a300000)]
  0x000001f9487f89c0 JavaThread "External Process Output Forwarder - C:\Users\Husenappa.M\.cache\selenium\chromedriver\win64\126.0.6478.126\chromedriver.exe" daemon [_thread_in_native, id=14240, stack(0x0000005d9a300000,0x0000005d9a400000)]
  0x000001f948b675c0 JavaThread "Driver Service Executor" daemon [_thread_blocked, id=1976, stack(0x0000005d9a400000,0x0000005d9a500000)]
  0x000001f948b67aa0 JavaThread "Driver Service Executor" daemon [_thread_in_native, id=10968, stack(0x0000005d9a500000,0x0000005d9a600000)]
  0x000001f9487f7f80 JavaThread "UrlChecker-2" daemon [_thread_blocked, id=14584, stack(0x0000005d9a600000,0x0000005d9a700000)]
  0x000001f948c10890 JavaThread "Keep-Alive-Timer" daemon [_thread_blocked, id=7632, stack(0x0000005d9a800000,0x0000005d9a900000)]
  0x000001f948c117c0 JavaThread "JdkHttpClient-0-0" daemon [_thread_blocked, id=17160, stack(0x0000005d9a900000,0x0000005d9aa00000)]
  0x000001f948c112b0 JavaThread "JdkHttpClient-0-1" daemon [_thread_blocked, id=16408, stack(0x0000005d9aa00000,0x0000005d9ab00000)]
  0x000001f948c11cd0 JavaThread "JdkHttpClient-0-2" daemon [_thread_blocked, id=4552, stack(0x0000005d9ab00000,0x0000005d9ac00000)]
  0x000001f948c121e0 JavaThread "HttpClient-2-SelectorManager" daemon [_thread_in_native, id=1408, stack(0x0000005d9ac00000,0x0000005d9ad00000)]
  0x000001f948c126f0 JavaThread "JdkHttpClient-1-0" daemon [_thread_blocked, id=5720, stack(0x0000005d9ad00000,0x0000005d9ae00000)]
  0x000001f948c10da0 JavaThread "JdkHttpClient-1-1" daemon [_thread_blocked, id=13112, stack(0x0000005d9ae00000,0x0000005d9af00000)]
  0x000001f948c12c00 JavaThread "JdkHttpClient-1-2" daemon [_thread_blocked, id=3836, stack(0x0000005d9af00000,0x0000005d9b000000)]
  0x000001f9438ae100 JavaThread "C2 CompilerThread1" daemon [_thread_blocked, id=11076, stack(0x0000005d9b000000,0x0000005d9b100000)]

Other Threads:
  0x000001f94384ab70 VMThread "VM Thread" [stack: 0x0000005d99000000,0x0000005d99100000] [id=3552]
  0x000001f9439b9830 WatcherThread [stack: 0x0000005d99b00000,0x0000005d99c00000] [id=10504]
  0x000001f92a330930 GCTaskThread "GC Thread#0" [stack: 0x0000005d98b00000,0x0000005d98c00000] [id=4792]
  0x000001f9484d17d0 GCTaskThread "GC Thread#1" [stack: 0x0000005d99e00000,0x0000005d99f00000] [id=10168]
  0x000001f9487861d0 GCTaskThread "GC Thread#2" [stack: 0x0000005d99f00000,0x0000005d9a000000] [id=3620]
  0x000001f948786490 GCTaskThread "GC Thread#3" [stack: 0x0000005d9a000000,0x0000005d9a100000] [id=16732]
  0x000001f92a341080 ConcurrentGCThread "G1 Main Marker" [stack: 0x0000005d98c00000,0x0000005d98d00000] [id=16876]
  0x000001f92a3423a0 ConcurrentGCThread "G1 Conc#0" [stack: 0x0000005d98d00000,0x0000005d98e00000] [id=3032]
  0x000001f9436880e0 ConcurrentGCThread "G1 Refine#0" [stack: 0x0000005d98e00000,0x0000005d98f00000] [id=11040]
  0x000001f9484d1a90 ConcurrentGCThread "G1 Refine#1" [stack: 0x0000005d9a100000,0x0000005d9a200000] [id=16244]
  0x000001f94368a9c0 ConcurrentGCThread "G1 Service" [stack: 0x0000005d98f00000,0x0000005d99000000] [id=15508]

Threads with active compile tasks:
C2 CompilerThread0     4868 1670       4       java.lang.invoke.MethodType::makeImpl (109 bytes)

VM state: not at safepoint (normal execution)

VM Mutex/Monitor currently owned by a thread: None

Heap address: 0x0000000084000000, size: 1984 MB, Compressed Oops mode: 32-bit

CDS archive(s) not mapped
Compressed class space mapped at: 0x0000000100000000-0x0000000140000000, reserved size: 1073741824
Narrow klass base: 0x0000000000000000, Narrow klass shift: 3, Narrow klass range: 0x140000000

GC Precious Log:
 CPUs: 4 total, 4 available
 Memory: 7930M
 Large Page Support: Disabled
 NUMA Support: Disabled
 Compressed Oops: Enabled (32-bit)
 Heap Region Size: 1M
 Heap Min Capacity: 8M
 Heap Initial Capacity: 124M
 Heap Max Capacity: 1984M
 Pre-touch: Disabled
 Parallel Workers: 4
 Concurrent Workers: 1
 Concurrent Refinement Workers: 4
 Periodic GC: Disabled

Heap:
 garbage-first heap   total 126976K, used 17436K [0x0000000084000000, 0x0000000100000000)
  region size 1024K, 14 young (14336K), 2 survivors (2048K)
 Metaspace       used 19881K, committed 20096K, reserved 1114112K
  class space    used 2133K, committed 2240K, reserved 1048576K

Heap Regions: E=young(eden), S=young(survivor), O=old, HS=humongous(starts), HC=humongous(continues), CS=collection set, F=free, OA=open archive, CA=closed archive, TAMS=top-at-mark-start (previous, next)
|   0|0x0000000084000000, 0x0000000084100000, 0x0000000084100000|100%| O|  |TAMS 0x0000000084000000, 0x0000000084000000| Untracked 
|   1|0x0000000084100000, 0x0000000084200000, 0x0000000084200000|100%| O|  |TAMS 0x0000000084100000, 0x0000000084100000| Untracked 
|   2|0x0000000084200000, 0x0000000084300000, 0x0000000084300000|100%| O|  |TAMS 0x0000000084200000, 0x0000000084200000| Untracked 
|   3|0x0000000084300000, 0x0000000084400000, 0x0000000084400000|100%| O|  |TAMS 0x0000000084300000, 0x0000000084300000| Untracked 
|   4|0x0000000084400000, 0x0000000084447200, 0x0000000084500000| 27%| O|  |TAMS 0x0000000084400000, 0x0000000084400000| Untracked 
|   5|0x0000000084500000, 0x0000000084500000, 0x0000000084600000|  0%| F|  |TAMS 0x0000000084500000, 0x0000000084500000| Untracked 
|   6|0x0000000084600000, 0x0000000084600000, 0x0000000084700000|  0%| F|  |TAMS 0x0000000084600000, 0x0000000084600000| Untracked 
|   7|0x0000000084700000, 0x0000000084700000, 0x0000000084800000|  0%| F|  |TAMS 0x0000000084700000, 0x0000000084700000| Untracked 
|   8|0x0000000084800000, 0x0000000084800000, 0x0000000084900000|  0%| F|  |TAMS 0x0000000084800000, 0x0000000084800000| Untracked 
|   9|0x0000000084900000, 0x0000000084900000, 0x0000000084a00000|  0%| F|  |TAMS 0x0000000084900000, 0x0000000084900000| Untracked 
|  10|0x0000000084a00000, 0x0000000084a00000, 0x0000000084b00000|  0%| F|  |TAMS 0x0000000084a00000, 0x0000000084a00000| Untracked 
|  11|0x0000000084b00000, 0x0000000084b00000, 0x0000000084c00000|  0%| F|  |TAMS 0x0000000084b00000, 0x0000000084b00000| Untracked 
|  12|0x0000000084c00000, 0x0000000084c00000, 0x0000000084d00000|  0%| F|  |TAMS 0x0000000084c00000, 0x0000000084c00000| Untracked 
|  13|0x0000000084d00000, 0x0000000084d00000, 0x0000000084e00000|  0%| F|  |TAMS 0x0000000084d00000, 0x0000000084d00000| Untracked 
|  14|0x0000000084e00000, 0x0000000084e00000, 0x0000000084f00000|  0%| F|  |TAMS 0x0000000084e00000, 0x0000000084e00000| Untracked 
|  15|0x0000000084f00000, 0x0000000084f00000, 0x0000000085000000|  0%| F|  |TAMS 0x0000000084f00000, 0x0000000084f00000| Untracked 
|  16|0x0000000085000000, 0x0000000085000000, 0x0000000085100000|  0%| F|  |TAMS 0x0000000085000000, 0x0000000085000000| Untracked 
|  17|0x0000000085100000, 0x0000000085100000, 0x0000000085200000|  0%| F|  |TAMS 0x0000000085100000, 0x0000000085100000| Untracked 
|  18|0x0000000085200000, 0x0000000085200000, 0x0000000085300000|  0%| F|  |TAMS 0x0000000085200000, 0x0000000085200000| Untracked 
|  19|0x0000000085300000, 0x0000000085300000, 0x0000000085400000|  0%| F|  |TAMS 0x0000000085300000, 0x0000000085300000| Untracked 
|  20|0x0000000085400000, 0x0000000085400000, 0x0000000085500000|  0%| F|  |TAMS 0x0000000085400000, 0x0000000085400000| Untracked 
|  21|0x0000000085500000, 0x0000000085500000, 0x0000000085600000|  0%| F|  |TAMS 0x0000000085500000, 0x0000000085500000| Untracked 
|  22|0x0000000085600000, 0x0000000085600000, 0x0000000085700000|  0%| F|  |TAMS 0x0000000085600000, 0x0000000085600000| Untracked 
|  23|0x0000000085700000, 0x0000000085700000, 0x0000000085800000|  0%| F|  |TAMS 0x0000000085700000, 0x0000000085700000| Untracked 
|  24|0x0000000085800000, 0x0000000085800000, 0x0000000085900000|  0%| F|  |TAMS 0x0000000085800000, 0x0000000085800000| Untracked 
|  25|0x0000000085900000, 0x0000000085900000, 0x0000000085a00000|  0%| F|  |TAMS 0x0000000085900000, 0x0000000085900000| Untracked 
|  26|0x0000000085a00000, 0x0000000085a00000, 0x0000000085b00000|  0%| F|  |TAMS 0x0000000085a00000, 0x0000000085a00000| Untracked 
|  27|0x0000000085b00000, 0x0000000085b00000, 0x0000000085c00000|  0%| F|  |TAMS 0x0000000085b00000, 0x0000000085b00000| Untracked 
|  28|0x0000000085c00000, 0x0000000085c00000, 0x0000000085d00000|  0%| F|  |TAMS 0x0000000085c00000, 0x0000000085c00000| Untracked 
|  29|0x0000000085d00000, 0x0000000085d00000, 0x0000000085e00000|  0%| F|  |TAMS 0x0000000085d00000, 0x0000000085d00000| Untracked 
|  30|0x0000000085e00000, 0x0000000085e00000, 0x0000000085f00000|  0%| F|  |TAMS 0x0000000085e00000, 0x0000000085e00000| Untracked 
|  31|0x0000000085f00000, 0x0000000085f00000, 0x0000000086000000|  0%| F|  |TAMS 0x0000000085f00000, 0x0000000085f00000| Untracked 
|  32|0x0000000086000000, 0x0000000086000000, 0x0000000086100000|  0%| F|  |TAMS 0x0000000086000000, 0x0000000086000000| Untracked 
|  33|0x0000000086100000, 0x0000000086100000, 0x0000000086200000|  0%| F|  |TAMS 0x0000000086100000, 0x0000000086100000| Untracked 
|  34|0x0000000086200000, 0x0000000086200000, 0x0000000086300000|  0%| F|  |TAMS 0x0000000086200000, 0x0000000086200000| Untracked 
|  35|0x0000000086300000, 0x0000000086300000, 0x0000000086400000|  0%| F|  |TAMS 0x0000000086300000, 0x0000000086300000| Untracked 
|  36|0x0000000086400000, 0x0000000086400000, 0x0000000086500000|  0%| F|  |TAMS 0x0000000086400000, 0x0000000086400000| Untracked 
|  37|0x0000000086500000, 0x0000000086500000, 0x0000000086600000|  0%| F|  |TAMS 0x0000000086500000, 0x0000000086500000| Untracked 
|  38|0x0000000086600000, 0x0000000086600000, 0x0000000086700000|  0%| F|  |TAMS 0x0000000086600000, 0x0000000086600000| Untracked 
|  39|0x0000000086700000, 0x0000000086700000, 0x0000000086800000|  0%| F|  |TAMS 0x0000000086700000, 0x0000000086700000| Untracked 
|  40|0x0000000086800000, 0x0000000086800000, 0x0000000086900000|  0%| F|  |TAMS 0x0000000086800000, 0x0000000086800000| Untracked 
|  41|0x0000000086900000, 0x0000000086900000, 0x0000000086a00000|  0%| F|  |TAMS 0x0000000086900000, 0x0000000086900000| Untracked 
|  42|0x0000000086a00000, 0x0000000086a00000, 0x0000000086b00000|  0%| F|  |TAMS 0x0000000086a00000, 0x0000000086a00000| Untracked 
|  43|0x0000000086b00000, 0x0000000086b00000, 0x0000000086c00000|  0%| F|  |TAMS 0x0000000086b00000, 0x0000000086b00000| Untracked 
|  44|0x0000000086c00000, 0x0000000086c00000, 0x0000000086d00000|  0%| F|  |TAMS 0x0000000086c00000, 0x0000000086c00000| Untracked 
|  45|0x0000000086d00000, 0x0000000086d00000, 0x0000000086e00000|  0%| F|  |TAMS 0x0000000086d00000, 0x0000000086d00000| Untracked 
|  46|0x0000000086e00000, 0x0000000086e00000, 0x0000000086f00000|  0%| F|  |TAMS 0x0000000086e00000, 0x0000000086e00000| Untracked 
|  47|0x0000000086f00000, 0x0000000086f00000, 0x0000000087000000|  0%| F|  |TAMS 0x0000000086f00000, 0x0000000086f00000| Untracked 
|  48|0x0000000087000000, 0x0000000087000000, 0x0000000087100000|  0%| F|  |TAMS 0x0000000087000000, 0x0000000087000000| Untracked 
|  49|0x0000000087100000, 0x0000000087100000, 0x0000000087200000|  0%| F|  |TAMS 0x0000000087100000, 0x0000000087100000| Untracked 
|  50|0x0000000087200000, 0x0000000087200000, 0x0000000087300000|  0%| F|  |TAMS 0x0000000087200000, 0x0000000087200000| Untracked 
|  51|0x0000000087300000, 0x0000000087300000, 0x0000000087400000|  0%| F|  |TAMS 0x0000000087300000, 0x0000000087300000| Untracked 
|  52|0x0000000087400000, 0x0000000087400000, 0x0000000087500000|  0%| F|  |TAMS 0x0000000087400000, 0x0000000087400000| Untracked 
|  53|0x0000000087500000, 0x0000000087500000, 0x0000000087600000|  0%| F|  |TAMS 0x0000000087500000, 0x0000000087500000| Untracked 
|  54|0x0000000087600000, 0x0000000087600000, 0x0000000087700000|  0%| F|  |TAMS 0x0000000087600000, 0x0000000087600000| Untracked 
|  55|0x0000000087700000, 0x0000000087700000, 0x0000000087800000|  0%| F|  |TAMS 0x0000000087700000, 0x0000000087700000| Untracked 
|  56|0x0000000087800000, 0x0000000087800000, 0x0000000087900000|  0%| F|  |TAMS 0x0000000087800000, 0x0000000087800000| Untracked 
|  57|0x0000000087900000, 0x0000000087900000, 0x0000000087a00000|  0%| F|  |TAMS 0x0000000087900000, 0x0000000087900000| Untracked 
|  58|0x0000000087a00000, 0x0000000087a00000, 0x0000000087b00000|  0%| F|  |TAMS 0x0000000087a00000, 0x0000000087a00000| Untracked 
|  59|0x0000000087b00000, 0x0000000087b00000, 0x0000000087c00000|  0%| F|  |TAMS 0x0000000087b00000, 0x0000000087b00000| Untracked 
|  60|0x0000000087c00000, 0x0000000087c00000, 0x0000000087d00000|  0%| F|  |TAMS 0x0000000087c00000, 0x0000000087c00000| Untracked 
|  61|0x0000000087d00000, 0x0000000087d00000, 0x0000000087e00000|  0%| F|  |TAMS 0x0000000087d00000, 0x0000000087d00000| Untracked 
|  62|0x0000000087e00000, 0x0000000087e00000, 0x0000000087f00000|  0%| F|  |TAMS 0x0000000087e00000, 0x0000000087e00000| Untracked 
|  63|0x0000000087f00000, 0x0000000087f00000, 0x0000000088000000|  0%| F|  |TAMS 0x0000000087f00000, 0x0000000087f00000| Untracked 
|  64|0x0000000088000000, 0x0000000088000000, 0x0000000088100000|  0%| F|  |TAMS 0x0000000088000000, 0x0000000088000000| Untracked 
|  65|0x0000000088100000, 0x0000000088100000, 0x0000000088200000|  0%| F|  |TAMS 0x0000000088100000, 0x0000000088100000| Untracked 
|  66|0x0000000088200000, 0x0000000088200000, 0x0000000088300000|  0%| F|  |TAMS 0x0000000088200000, 0x0000000088200000| Untracked 
|  67|0x0000000088300000, 0x0000000088300000, 0x0000000088400000|  0%| F|  |TAMS 0x0000000088300000, 0x0000000088300000| Untracked 
|  68|0x0000000088400000, 0x0000000088400000, 0x0000000088500000|  0%| F|  |TAMS 0x0000000088400000, 0x0000000088400000| Untracked 
|  69|0x0000000088500000, 0x0000000088500000, 0x0000000088600000|  0%| F|  |TAMS 0x0000000088500000, 0x0000000088500000| Untracked 
|  70|0x0000000088600000, 0x0000000088600000, 0x0000000088700000|  0%| F|  |TAMS 0x0000000088600000, 0x0000000088600000| Untracked 
|  71|0x0000000088700000, 0x0000000088700000, 0x0000000088800000|  0%| F|  |TAMS 0x0000000088700000, 0x0000000088700000| Untracked 
|  72|0x0000000088800000, 0x0000000088800000, 0x0000000088900000|  0%| F|  |TAMS 0x0000000088800000, 0x0000000088800000| Untracked 
|  73|0x0000000088900000, 0x0000000088900000, 0x0000000088a00000|  0%| F|  |TAMS 0x0000000088900000, 0x0000000088900000| Untracked 
|  74|0x0000000088a00000, 0x0000000088a00000, 0x0000000088b00000|  0%| F|  |TAMS 0x0000000088a00000, 0x0000000088a00000| Untracked 
|  75|0x0000000088b00000, 0x0000000088b00000, 0x0000000088c00000|  0%| F|  |TAMS 0x0000000088b00000, 0x0000000088b00000| Untracked 
|  76|0x0000000088c00000, 0x0000000088c00000, 0x0000000088d00000|  0%| F|  |TAMS 0x0000000088c00000, 0x0000000088c00000| Untracked 
|  77|0x0000000088d00000, 0x0000000088d00000, 0x0000000088e00000|  0%| F|  |TAMS 0x0000000088d00000, 0x0000000088d00000| Untracked 
|  78|0x0000000088e00000, 0x0000000088e00000, 0x0000000088f00000|  0%| F|  |TAMS 0x0000000088e00000, 0x0000000088e00000| Untracked 
|  79|0x0000000088f00000, 0x0000000088f00000, 0x0000000089000000|  0%| F|  |TAMS 0x0000000088f00000, 0x0000000088f00000| Untracked 
|  80|0x0000000089000000, 0x0000000089000000, 0x0000000089100000|  0%| F|  |TAMS 0x0000000089000000, 0x0000000089000000| Untracked 
|  81|0x0000000089100000, 0x0000000089100000, 0x0000000089200000|  0%| F|  |TAMS 0x0000000089100000, 0x0000000089100000| Untracked 
|  82|0x0000000089200000, 0x0000000089200000, 0x0000000089300000|  0%| F|  |TAMS 0x0000000089200000, 0x0000000089200000| Untracked 
|  83|0x0000000089300000, 0x0000000089300000, 0x0000000089400000|  0%| F|  |TAMS 0x0000000089300000, 0x0000000089300000| Untracked 
|  84|0x0000000089400000, 0x0000000089400000, 0x0000000089500000|  0%| F|  |TAMS 0x0000000089400000, 0x0000000089400000| Untracked 
|  85|0x0000000089500000, 0x0000000089500000, 0x0000000089600000|  0%| F|  |TAMS 0x0000000089500000, 0x0000000089500000| Untracked 
|  86|0x0000000089600000, 0x0000000089600000, 0x0000000089700000|  0%| F|  |TAMS 0x0000000089600000, 0x0000000089600000| Untracked 
|  87|0x0000000089700000, 0x0000000089700000, 0x0000000089800000|  0%| F|  |TAMS 0x0000000089700000, 0x0000000089700000| Untracked 
|  88|0x0000000089800000, 0x0000000089800000, 0x0000000089900000|  0%| F|  |TAMS 0x0000000089800000, 0x0000000089800000| Untracked 
|  89|0x0000000089900000, 0x0000000089900000, 0x0000000089a00000|  0%| F|  |TAMS 0x0000000089900000, 0x0000000089900000| Untracked 
|  90|0x0000000089a00000, 0x0000000089a00000, 0x0000000089b00000|  0%| F|  |TAMS 0x0000000089a00000, 0x0000000089a00000| Untracked 
|  91|0x0000000089b00000, 0x0000000089b00000, 0x0000000089c00000|  0%| F|  |TAMS 0x0000000089b00000, 0x0000000089b00000| Untracked 
|  92|0x0000000089c00000, 0x0000000089c00000, 0x0000000089d00000|  0%| F|  |TAMS 0x0000000089c00000, 0x0000000089c00000| Untracked 
|  93|0x0000000089d00000, 0x0000000089d00000, 0x0000000089e00000|  0%| F|  |TAMS 0x0000000089d00000, 0x0000000089d00000| Untracked 
|  94|0x0000000089e00000, 0x0000000089e00000, 0x0000000089f00000|  0%| F|  |TAMS 0x0000000089e00000, 0x0000000089e00000| Untracked 
|  95|0x0000000089f00000, 0x0000000089f00000, 0x000000008a000000|  0%| F|  |TAMS 0x0000000089f00000, 0x0000000089f00000| Untracked 
|  96|0x000000008a000000, 0x000000008a000000, 0x000000008a100000|  0%| F|  |TAMS 0x000000008a000000, 0x000000008a000000| Untracked 
|  97|0x000000008a100000, 0x000000008a100000, 0x000000008a200000|  0%| F|  |TAMS 0x000000008a100000, 0x000000008a100000| Untracked 
|  98|0x000000008a200000, 0x000000008a200000, 0x000000008a300000|  0%| F|  |TAMS 0x000000008a200000, 0x000000008a200000| Untracked 
|  99|0x000000008a300000, 0x000000008a300000, 0x000000008a400000|  0%| F|  |TAMS 0x000000008a300000, 0x000000008a300000| Untracked 
| 100|0x000000008a400000, 0x000000008a400000, 0x000000008a500000|  0%| F|  |TAMS 0x000000008a400000, 0x000000008a400000| Untracked 
| 101|0x000000008a500000, 0x000000008a500000, 0x000000008a600000|  0%| F|  |TAMS 0x000000008a500000, 0x000000008a500000| Untracked 
| 102|0x000000008a600000, 0x000000008a600000, 0x000000008a700000|  0%| F|  |TAMS 0x000000008a600000, 0x000000008a600000| Untracked 
| 103|0x000000008a700000, 0x000000008a700000, 0x000000008a800000|  0%| F|  |TAMS 0x000000008a700000, 0x000000008a700000| Untracked 
| 104|0x000000008a800000, 0x000000008a800000, 0x000000008a900000|  0%| F|  |TAMS 0x000000008a800000, 0x000000008a800000| Untracked 
| 105|0x000000008a900000, 0x000000008a900000, 0x000000008aa00000|  0%| F|  |TAMS 0x000000008a900000, 0x000000008a900000| Untracked 
| 106|0x000000008aa00000, 0x000000008aa00000, 0x000000008ab00000|  0%| F|  |TAMS 0x000000008aa00000, 0x000000008aa00000| Untracked 
| 107|0x000000008ab00000, 0x000000008ab00000, 0x000000008ac00000|  0%| F|  |TAMS 0x000000008ab00000, 0x000000008ab00000| Untracked 
| 108|0x000000008ac00000, 0x000000008ac00000, 0x000000008ad00000|  0%| F|  |TAMS 0x000000008ac00000, 0x000000008ac00000| Untracked 
| 109|0x000000008ad00000, 0x000000008ad00000, 0x000000008ae00000|  0%| F|  |TAMS 0x000000008ad00000, 0x000000008ad00000| Untracked 
| 110|0x000000008ae00000, 0x000000008ae7a780, 0x000000008af00000| 47%| E|  |TAMS 0x000000008ae00000, 0x000000008ae00000| Complete 
| 111|0x000000008af00000, 0x000000008afbffa0, 0x000000008b000000| 74%| S|CS|TAMS 0x000000008af00000, 0x000000008af00000| Complete 
| 112|0x000000008b000000, 0x000000008b100000, 0x000000008b100000|100%| S|CS|TAMS 0x000000008b000000, 0x000000008b000000| Complete 
| 113|0x000000008b100000, 0x000000008b200000, 0x000000008b200000|100%| E|CS|TAMS 0x000000008b100000, 0x000000008b100000| Complete 
| 114|0x000000008b200000, 0x000000008b300000, 0x000000008b300000|100%| E|CS|TAMS 0x000000008b200000, 0x000000008b200000| Complete 
| 115|0x000000008b300000, 0x000000008b400000, 0x000000008b400000|100%| E|CS|TAMS 0x000000008b300000, 0x000000008b300000| Complete 
| 116|0x000000008b400000, 0x000000008b500000, 0x000000008b500000|100%| E|CS|TAMS 0x000000008b400000, 0x000000008b400000| Complete 
| 117|0x000000008b500000, 0x000000008b600000, 0x000000008b600000|100%| E|CS|TAMS 0x000000008b500000, 0x000000008b500000| Complete 
| 118|0x000000008b600000, 0x000000008b700000, 0x000000008b700000|100%| E|CS|TAMS 0x000000008b600000, 0x000000008b600000| Complete 
| 119|0x000000008b700000, 0x000000008b800000, 0x000000008b800000|100%| E|CS|TAMS 0x000000008b700000, 0x000000008b700000| Complete 
| 120|0x000000008b800000, 0x000000008b900000, 0x000000008b900000|100%| E|CS|TAMS 0x000000008b800000, 0x000000008b800000| Complete 
| 121|0x000000008b900000, 0x000000008ba00000, 0x000000008ba00000|100%| E|CS|TAMS 0x000000008b900000, 0x000000008b900000| Complete 
| 122|0x000000008ba00000, 0x000000008bb00000, 0x000000008bb00000|100%| E|CS|TAMS 0x000000008ba00000, 0x000000008ba00000| Complete 
| 123|0x000000008bb00000, 0x000000008bc00000, 0x000000008bc00000|100%| E|CS|TAMS 0x000000008bb00000, 0x000000008bb00000| Complete 

Card table byte_map: [0x000001f93cd70000,0x000001f93d150000] _byte_map_base: 0x000001f93c950000

Marking Bits (Prev, Next): (CMBitMap*) 0x000001f92a330f50, (CMBitMap*) 0x000001f92a330f90
 Prev Bits: [0x000001f93d530000, 0x000001f93f430000)
 Next Bits: [0x000001f93f430000, 0x000001f941330000)

Polling page: 0x000001f928220000

Metaspace:

Usage:
  Non-class:     17.33 MB used.
      Class:      2.08 MB used.
       Both:     19.42 MB used.

Virtual space:
  Non-class space:       64.00 MB reserved,      17.44 MB ( 27%) committed,  1 nodes.
      Class space:        1.00 GB reserved,       2.19 MB ( <1%) committed,  1 nodes.
             Both:        1.06 GB reserved,      19.62 MB (  2%) committed. 

Chunk freelists:
   Non-Class:  13.75 MB
       Class:  13.83 MB
        Both:  27.58 MB

MaxMetaspaceSize: unlimited
CompressedClassSpaceSize: 1.00 GB
Initial GC threshold: 21.00 MB
Current GC threshold: 21.00 MB
CDS: off
MetaspaceReclaimPolicy: balanced
 - commit_granule_bytes: 65536.
 - commit_granule_words: 8192.
 - virtual_space_node_default_size: 8388608.
 - enlarge_chunks_in_place: 1.
 - new_chunks_are_fully_committed: 0.
 - uncommit_free_chunks: 1.
 - use_allocation_guard: 0.
 - handle_deallocations: 1.


Internal statistics:

num_allocs_failed_limit: 0.
num_arena_births: 222.
num_arena_deaths: 0.
num_vsnodes_births: 2.
num_vsnodes_deaths: 0.
num_space_committed: 314.
num_space_uncommitted: 0.
num_chunks_returned_to_freelist: 0.
num_chunks_taken_from_freelist: 496.
num_chunk_merges: 0.
num_chunk_splits: 279.
num_chunks_enlarged: 178.
num_inconsistent_stats: 0.

CodeHeap 'non-profiled nmethods': size=120000Kb used=525Kb max_used=525Kb free=119475Kb
 bounds [0x000001f935460000, 0x000001f9356d0000, 0x000001f93c990000]
CodeHeap 'profiled nmethods': size=120000Kb used=3156Kb max_used=3156Kb free=116843Kb
 bounds [0x000001f92d990000, 0x000001f92dcb0000, 0x000001f934ec0000]
CodeHeap 'non-nmethods': size=5760Kb used=1217Kb max_used=1232Kb free=4542Kb
 bounds [0x000001f934ec0000, 0x000001f935130000, 0x000001f935460000]
 total_blobs=2226 nmethods=1723 adapters=415
 compilation: enabled
              stopped_count=0, restarted_count=0
 full_count=0

Compilation events (20 events):
Event: 2.717 Thread 0x000001f9438ae100 1707       4       java.lang.StringLatin1::inflate (34 bytes)
Event: 2.718 Thread 0x000001f9438afb90 1716       3       java.util.Collections$UnmodifiableMap::get (11 bytes)
Event: 2.718 Thread 0x000001f9438afb90 nmethod 1716 0x000001f92dca3290 code [0x000001f92dca3440, 0x000001f92dca3608]
Event: 2.720 Thread 0x000001f9438afb90 1717       1       java.util.TreeMap::size (5 bytes)
Event: 2.720 Thread 0x000001f9438afb90 nmethod 1717 0x000001f9354e1d90 code [0x000001f9354e1f20, 0x000001f9354e1ff8]
Event: 2.720 Thread 0x000001f9438afb90 1718       3       java.util.TreeMap::successor (66 bytes)
Event: 2.720 Thread 0x000001f9438afb90 nmethod 1718 0x000001f92dca3710 code [0x000001f92dca38e0, 0x000001f92dca3c58]
Event: 2.720 Thread 0x000001f9438afb90 1719       3       org.openqa.selenium.SharedCapabilitiesMethods$$Lambda$446/0x0000000100228c58::compare (12 bytes)
Event: 2.720 Thread 0x000001f9438afb90 nmethod 1719 0x000001f92dca3d90 code [0x000001f92dca3f40, 0x000001f92dca4248]
Event: 2.721 Thread 0x000001f9438afb90 1720       3       java.util.Collection::stream (11 bytes)
Event: 2.722 Thread 0x000001f9438afb90 nmethod 1720 0x000001f92dca4390 code [0x000001f92dca4540, 0x000001f92dca4738]
Event: 2.722 Thread 0x000001f9438ae100 nmethod 1707 0x000001f9354e2090 code [0x000001f9354e2200, 0x000001f9354e2518]
Event: 2.722 Thread 0x000001f9438ae100 1711       4       java.lang.System::getSecurityManager (12 bytes)
Event: 2.722 Thread 0x000001f9438ae100 nmethod 1711 0x000001f9354e2610 code [0x000001f9354e2780, 0x000001f9354e27f8]
Event: 2.722 Thread 0x000001f9438ae100 1702       4       java.lang.String::checkBoundsBeginEnd (63 bytes)
Event: 2.722 Thread 0x000001f9438ae100 nmethod 1702 0x000001f9354e2910 code [0x000001f9354e2a80, 0x000001f9354e2b38]
Event: 2.723 Thread 0x000001f9438afb90 1721       3       jdk.internal.misc.Unsafe::getAndAddLong (27 bytes)
Event: 2.723 Thread 0x000001f9438afb90 nmethod 1721 0x000001f92dca4810 code [0x000001f92dca49c0, 0x000001f92dca4c08]
Event: 2.723 Thread 0x000001f9438afb90 1723       3       java.util.TreeMap$PrivateEntryIterator::hasNext (13 bytes)
Event: 2.723 Thread 0x000001f9438afb90 nmethod 1723 0x000001f92dca4d10 code [0x000001f92dca4ea0, 0x000001f92dca5018]

GC Heap History (4 events):
Event: 0.809 GC heap before
{Heap before GC invocations=0 (full 0):
 garbage-first heap   total 126976K, used 12288K [0x0000000084000000, 0x0000000100000000)
  region size 1024K, 13 young (13312K), 0 survivors (0K)
 Metaspace       used 12894K, committed 13120K, reserved 1114112K
  class space    used 1277K, committed 1408K, reserved 1048576K
}
Event: 0.814 GC heap after
{Heap after GC invocations=1 (full 0):
 garbage-first heap   total 126976K, used 4295K [0x0000000084000000, 0x0000000100000000)
  region size 1024K, 2 young (2048K), 2 survivors (2048K)
 Metaspace       used 12894K, committed 13120K, reserved 1114112K
  class space    used 1277K, committed 1408K, reserved 1048576K
}
Event: 1.145 GC heap before
{Heap before GC invocations=1 (full 0):
 garbage-first heap   total 126976K, used 15559K [0x0000000084000000, 0x0000000100000000)
  region size 1024K, 13 young (13312K), 2 survivors (2048K)
 Metaspace       used 17350K, committed 17600K, reserved 1114112K
  class space    used 1787K, committed 1920K, reserved 1048576K
}
Event: 1.150 GC heap after
{Heap after GC invocations=2 (full 0):
 garbage-first heap   total 126976K, used 6172K [0x0000000084000000, 0x0000000100000000)
  region size 1024K, 2 young (2048K), 2 survivors (2048K)
 Metaspace       used 17350K, committed 17600K, reserved 1114112K
  class space    used 1787K, committed 1920K, reserved 1048576K
}

Dll operation events (6 events):
Event: 0.011 Loaded shared library C:\Users\Husenappa.M\OneDrive\Desktop\java with selenium\eclipse-java-2023-12-R-win32-x86_64\eclipse\plugins\org.eclipse.justj.openjdk.hotspot.jre.full.win32.x86_64_17.0.9.v20231028-0858\jre\bin\java.dll
Event: 0.156 Loaded shared library C:\Users\Husenappa.M\OneDrive\Desktop\java with selenium\eclipse-java-2023-12-R-win32-x86_64\eclipse\plugins\org.eclipse.justj.openjdk.hotspot.jre.full.win32.x86_64_17.0.9.v20231028-0858\jre\bin\net.dll
Event: 0.158 Loaded shared library C:\Users\Husenappa.M\OneDrive\Desktop\java with selenium\eclipse-java-2023-12-R-win32-x86_64\eclipse\plugins\org.eclipse.justj.openjdk.hotspot.jre.full.win32.x86_64_17.0.9.v20231028-0858\jre\bin\nio.dll
Event: 0.163 Loaded shared library C:\Users\Husenappa.M\OneDrive\Desktop\java with selenium\eclipse-java-2023-12-R-win32-x86_64\eclipse\plugins\org.eclipse.justj.openjdk.hotspot.jre.full.win32.x86_64_17.0.9.v20231028-0858\jre\bin\zip.dll
Event: 0.277 Loaded shared library C:\Users\Husenappa.M\OneDrive\Desktop\java with selenium\eclipse-java-2023-12-R-win32-x86_64\eclipse\plugins\org.eclipse.justj.openjdk.hotspot.jre.full.win32.x86_64_17.0.9.v20231028-0858\jre\bin\jimage.dll
Event: 0.972 Loaded shared library C:\Users\Husenappa.M\OneDrive\Desktop\java with selenium\eclipse-java-2023-12-R-win32-x86_64\eclipse\plugins\org.eclipse.justj.openjdk.hotspot.jre.full.win32.x86_64_17.0.9.v20231028-0858\jre\bin\sunmscapi.dll

Deoptimization events (20 events):
Event: 1.237 Thread 0x000001f948b870d0 DEOPT PACKING pc=0x000001f9354c579c sp=0x0000005d9a2ff030
Event: 1.237 Thread 0x000001f948b870d0 DEOPT UNPACKING pc=0x000001f934f1a1a3 sp=0x0000005d9a2fef70 mode 2
Event: 1.242 Thread 0x000001f948c117c0 Uncommon trap: trap_request=0xffffffde fr.pc=0x000001f9354d8e2c relative=0x000000000000010c
Event: 1.242 Thread 0x000001f948c117c0 Uncommon trap: reason=class_check action=maybe_recompile pc=0x000001f9354d8e2c method=jdk.internal.misc.Unsafe.allocateUninitializedArray(Ljava/lang/Class;I)Ljava/lang/Object; @ 51 c2
Event: 1.242 Thread 0x000001f948c117c0 DEOPT PACKING pc=0x000001f9354d8e2c sp=0x0000005d9a9fd950
Event: 1.242 Thread 0x000001f948c117c0 DEOPT UNPACKING pc=0x000001f934f1a1a3 sp=0x0000005d9a9fd8d8 mode 2
Event: 1.242 Thread 0x000001f948c117c0 Uncommon trap: trap_request=0xffffffde fr.pc=0x000001f9354d8e2c relative=0x000000000000010c
Event: 1.242 Thread 0x000001f948c117c0 Uncommon trap: reason=class_check action=maybe_recompile pc=0x000001f9354d8e2c method=jdk.internal.misc.Unsafe.allocateUninitializedArray(Ljava/lang/Class;I)Ljava/lang/Object; @ 51 c2
Event: 1.242 Thread 0x000001f948c117c0 DEOPT PACKING pc=0x000001f9354d8e2c sp=0x0000005d9a9fd910
Event: 1.242 Thread 0x000001f948c117c0 DEOPT UNPACKING pc=0x000001f934f1a1a3 sp=0x0000005d9a9fd898 mode 2
Event: 1.242 Thread 0x000001f948c117c0 Uncommon trap: trap_request=0xffffffde fr.pc=0x000001f9354d8e2c relative=0x000000000000010c
Event: 1.242 Thread 0x000001f948c117c0 Uncommon trap: reason=class_check action=maybe_recompile pc=0x000001f9354d8e2c method=jdk.internal.misc.Unsafe.allocateUninitializedArray(Ljava/lang/Class;I)Ljava/lang/Object; @ 51 c2
Event: 1.242 Thread 0x000001f948c117c0 DEOPT PACKING pc=0x000001f9354d8e2c sp=0x0000005d9a9fd7b0
Event: 1.242 Thread 0x000001f948c117c0 DEOPT UNPACKING pc=0x000001f934f1a1a3 sp=0x0000005d9a9fd738 mode 2
Event: 1.242 Thread 0x000001f948c117c0 Uncommon trap: trap_request=0xffffffde fr.pc=0x000001f9354d8e2c relative=0x000000000000010c
Event: 1.242 Thread 0x000001f948c117c0 Uncommon trap: reason=class_check action=maybe_recompile pc=0x000001f9354d8e2c method=jdk.internal.misc.Unsafe.allocateUninitializedArray(Ljava/lang/Class;I)Ljava/lang/Object; @ 51 c2
Event: 1.242 Thread 0x000001f948c117c0 DEOPT PACKING pc=0x000001f9354d8e2c sp=0x0000005d9a9fd5d0
Event: 1.242 Thread 0x000001f948c117c0 DEOPT UNPACKING pc=0x000001f934f1a1a3 sp=0x0000005d9a9fd558 mode 2
Event: 2.704 Thread 0x000001f92a2d37b0 DEOPT PACKING pc=0x000001f92d9c8abe sp=0x0000005d98af94a0
Event: 2.704 Thread 0x000001f92a2d37b0 DEOPT UNPACKING pc=0x000001f934f1ace3 sp=0x0000005d98af8918 mode 0

Classes unloaded (0 events):
No events

Classes redefined (0 events):
No events

Internal exceptions (20 events):
Event: 0.817 Thread 0x000001f92a2d37b0 Exception <a 'java/lang/IncompatibleClassChangeError'{0x000000008bb0d728}: Found class java.lang.Object, but interface was expected> (0x000000008bb0d728) 
thrown [s\src\hotspot\share\interpreter\linkResolver.cpp, line 826]
Event: 0.922 Thread 0x000001f92a2d37b0 Exception <a 'java/lang/NoSuchMethodError'{0x000000008b531e60}: 'java.lang.Object java.lang.invoke.DirectMethodHandle$Holder.invokeStaticInit(java.lang.Object, int, int, int, int)'> (0x000000008b531e60) 
thrown [s\src\hotspot\share\interpreter\linkResolver.cpp, line 759]
Event: 0.947 Thread 0x000001f92a2d37b0 Exception <a 'java/lang/NoSuchMethodError'{0x000000008b400248}: 'java.lang.Object java.lang.invoke.DirectMethodHandle$Holder.invokeStaticInit(java.lang.Object, java.lang.Object, int, int, int, int)'> (0x000000008b400248) 
thrown [s\src\hotspot\share\interpreter\linkResolver.cpp, line 759]
Event: 1.029 Thread 0x000001f92a2d37b0 Exception <a 'java/lang/NoSuchMethodError'{0x000000008b25c3b8}: 'java.lang.Object java.lang.invoke.DirectMethodHandle$Holder.invokeInterface(java.lang.Object, java.lang.Object, java.lang.Object)'> (0x000000008b25c3b8) 
thrown [s\src\hotspot\share\interpreter\linkResolver.cpp, line 759]
Event: 1.029 Thread 0x000001f92a2d37b0 Exception <a 'java/lang/IncompatibleClassChangeError'{0x000000008b25fa80}: Found class java.lang.Object, but interface was expected> (0x000000008b25fa80) 
thrown [s\src\hotspot\share\interpreter\linkResolver.cpp, line 826]
Event: 1.030 Thread 0x000001f92a2d37b0 Exception <a 'java/lang/NoSuchMethodError'{0x000000008b267d80}: 'int java.lang.invoke.DirectMethodHandle$Holder.invokeSpecialIFC(java.lang.Object, java.lang.Object, java.lang.Object, java.lang.Object)'> (0x000000008b267d80) 
thrown [s\src\hotspot\share\interpreter\linkResolver.cpp, line 759]
Event: 1.032 Thread 0x000001f92a2d37b0 Exception <a 'java/lang/NoSuchMethodError'{0x000000008b28cd68}: 'java.lang.Object java.lang.invoke.DirectMethodHandle$Holder.invokeVirtual(java.lang.Object, java.lang.Object, java.lang.Object, java.lang.Object)'> (0x000000008b28cd68) 
thrown [s\src\hotspot\share\interpreter\linkResolver.cpp, line 759]
Event: 1.054 Thread 0x000001f9487f7f80 Exception <a 'java/net/ConnectException'{0x000000008b107b20}: Connection refused: no further information> (0x000000008b107b20) 
thrown [s\src\hotspot\share\prims\jni.cpp, line 535]
Event: 1.054 Thread 0x000001f9487f7f80 Exception <a 'java/net/SocketException'{0x000000008b107e58}: Socket is not connected: shutdown> (0x000000008b107e58) 
thrown [s\src\hotspot\share\prims\jni.cpp, line 535]
Event: 1.079 Thread 0x000001f9487f7f80 Exception <a 'java/net/ConnectException'{0x000000008b108e50}: Connection refused: no further information> (0x000000008b108e50) 
thrown [s\src\hotspot\share\prims\jni.cpp, line 535]
Event: 1.079 Thread 0x000001f9487f7f80 Exception <a 'java/net/SocketException'{0x000000008b109188}: Socket is not connected: shutdown> (0x000000008b109188) 
thrown [s\src\hotspot\share\prims\jni.cpp, line 535]
Event: 1.144 Thread 0x000001f92a2d37b0 Exception <a 'java/lang/NoSuchMethodError'{0x000000008b1ed418}: 'java.lang.Object java.lang.invoke.DirectMethodHandle$Holder.newInvokeSpecial(java.lang.Object, java.lang.Object, int, int)'> (0x000000008b1ed418) 
thrown [s\src\hotspot\share\interpreter\linkResolver.cpp, line 759]
Event: 1.145 Thread 0x000001f92a2d37b0 Exception <a 'java/lang/NoSuchMethodError'{0x000000008b1f7f00}: 'void java.lang.invoke.DirectMethodHandle$Holder.invokeStatic(java.lang.Object, java.lang.Object, int)'> (0x000000008b1f7f00) 
thrown [s\src\hotspot\share\interpreter\linkResolver.cpp, line 759]
Event: 1.166 Thread 0x000001f92a2d37b0 Exception <a 'java/lang/NoSuchMethodError'{0x000000008bb72cc8}: 'java.lang.Object java.lang.invoke.DirectMethodHandle$Holder.newInvokeSpecial(java.lang.Object, java.lang.Object, java.lang.Object, java.lang.Object, java.lang.Object)'> (0x000000008bb72cc8) 
thrown [s\src\hotspot\share\interpreter\linkResolver.cpp, line 759]
Event: 1.210 Thread 0x000001f948c117c0 Exception <a 'java/lang/NoSuchMethodError'{0x000000008b83ec78}: 'java.lang.Object java.lang.invoke.DirectMethodHandle$Holder.invokeSpecial(java.lang.Object, java.lang.Object, java.lang.Object, java.lang.Object, int)'> (0x000000008b83ec78) 
thrown [s\src\hotspot\share\interpreter\linkResolver.cpp, line 759]
Event: 1.210 Thread 0x000001f948c117c0 Exception <a 'java/lang/NoSuchMethodError'{0x000000008b842840}: 'java.lang.Object java.lang.invoke.Invokers$Holder.linkToTargetMethod(java.lang.Object, java.lang.Object, int, java.lang.Object)'> (0x000000008b842840) 
thrown [s\src\hotspot\share\interpreter\linkResolver.cpp, line 759]
Event: 1.223 Thread 0x000001f948c117c0 Exception <a 'java/lang/NoSuchMethodError'{0x000000008b8e3f48}: 'void java.lang.invoke.DirectMethodHandle$Holder.invokeSpecial(java.lang.Object, java.lang.Object, java.lang.Object)'> (0x000000008b8e3f48) 
thrown [s\src\hotspot\share\interpreter\linkResolver.cpp, line 759]
Event: 1.230 Thread 0x000001f948c117c0 Exception <a 'java/lang/NoSuchMethodError'{0x000000008b790250}: 'void java.lang.invoke.DirectMethodHandle$Holder.invokeSpecial(java.lang.Object, java.lang.Object, java.lang.Object, java.lang.Object, java.lang.Object)'> (0x000000008b790250) 
thrown [s\src\hotspot\share\interpreter\linkResolver.cpp, line 759]
Event: 2.512 Thread 0x000001f948c117c0 Exception <a 'java/lang/NoSuchMethodError'{0x000000008b533cf0}: 'void java.lang.invoke.DirectMethodHandle$Holder.invokeSpecial(java.lang.Object, java.lang.Object, java.lang.Object, java.lang.Object, java.lang.Object, java.lang.Object, java.lang.Object)'> (0x000000008b533cf0) 
thrown [s\src\hotspot\share\interpreter\linkResolver.cpp, line 759]
Event: 2.531 Thread 0x000001f92a2d37b0 Exception <a 'java/lang/NoSuchMethodError'{0x000000008b9441b8}: 'java.lang.Object java.lang.invoke.DirectMethodHandle$Holder.invokeSpecialIFC(java.lang.Object, java.lang.Object, java.lang.Object)'> (0x000000008b9441b8) 
thrown [s\src\hotspot\share\interpreter\linkResolver.cpp, line 759]

VM Operations (20 events):
Event: 0.721 Executing VM operation: HandshakeAllThreads
Event: 0.721 Executing VM operation: HandshakeAllThreads done
Event: 0.761 Executing VM operation: HandshakeAllThreads
Event: 0.761 Executing VM operation: HandshakeAllThreads done
Event: 0.776 Executing VM operation: HandshakeAllThreads
Event: 0.776 Executing VM operation: HandshakeAllThreads done
Event: 0.809 Executing VM operation: G1CollectForAllocation
Event: 0.814 Executing VM operation: G1CollectForAllocation done
Event: 0.954 Executing VM operation: HandshakeAllThreads
Event: 0.954 Executing VM operation: HandshakeAllThreads done
Event: 1.116 Executing VM operation: HandshakeAllThreads
Event: 1.116 Executing VM operation: HandshakeAllThreads done
Event: 1.117 Executing VM operation: HandshakeAllThreads
Event: 1.117 Executing VM operation: HandshakeAllThreads done
Event: 1.145 Executing VM operation: G1CollectForAllocation
Event: 1.150 Executing VM operation: G1CollectForAllocation done
Event: 2.154 Executing VM operation: Cleanup
Event: 2.154 Executing VM operation: Cleanup done
Event: 2.483 Executing VM operation: HandshakeAllThreads
Event: 2.484 Executing VM operation: HandshakeAllThreads done

Events (20 events):
Event: 2.640 Thread 0x000001f948c126f0 Thread added: 0x000001f948c126f0
Event: 2.641 Thread 0x000001f948c10da0 Thread added: 0x000001f948c10da0
Event: 2.641 Thread 0x000001f948c12c00 Thread added: 0x000001f948c12c00
Event: 2.644 loading class java/util/concurrent/locks/ReadWriteLock
Event: 2.644 loading class java/util/concurrent/locks/ReadWriteLock done
Event: 2.646 loading class java/util/concurrent/locks/ReentrantReadWriteLock
Event: 2.646 loading class java/util/concurrent/locks/ReentrantReadWriteLock done
Event: 2.646 loading class java/util/concurrent/locks/ReentrantReadWriteLock$FairSync
Event: 2.646 loading class java/util/concurrent/locks/ReentrantReadWriteLock$Sync
Event: 2.646 loading class java/util/concurrent/locks/ReentrantReadWriteLock$Sync done
Event: 2.646 loading class java/util/concurrent/locks/ReentrantReadWriteLock$FairSync done
Event: 2.646 loading class java/util/concurrent/locks/ReentrantReadWriteLock$Sync$ThreadLocalHoldCounter
Event: 2.646 loading class java/util/concurrent/locks/ReentrantReadWriteLock$Sync$ThreadLocalHoldCounter done
Event: 2.646 loading class java/util/concurrent/locks/ReentrantReadWriteLock$ReadLock
Event: 2.646 loading class java/util/concurrent/locks/ReentrantReadWriteLock$ReadLock done
Event: 2.646 loading class java/util/concurrent/locks/ReentrantReadWriteLock$WriteLock
Event: 2.646 loading class java/util/concurrent/locks/ReentrantReadWriteLock$WriteLock done
Event: 2.659 loading class sun/net/www/HeaderParser
Event: 2.659 loading class sun/net/www/HeaderParser done
Event: 2.713 Thread 0x000001f9438ae100 Thread added: 0x000001f9438ae100


Dynamic libraries:
0x00007ff606880000 - 0x00007ff60688e000 	C:\Users\Husenappa.M\OneDrive\Desktop\java with selenium\eclipse-java-2023-12-R-win32-x86_64\eclipse\plugins\org.eclipse.justj.openjdk.hotspot.jre.full.win32.x86_64_17.0.9.v20231028-0858\jre\bin\javaw.exe
0x00007ffedd560000 - 0x00007ffedd76f000 	C:\WINDOWS\SYSTEM32\ntdll.dll
0x00007ffedbd30000 - 0x00007ffedbded000 	C:\WINDOWS\System32\KERNEL32.DLL
0x00007ffedaba0000 - 0x00007ffedaf34000 	C:\WINDOWS\System32\KERNELBASE.dll
0x00007ffedaa10000 - 0x00007ffedab21000 	C:\WINDOWS\System32\ucrtbase.dll
0x00007ffec6ad0000 - 0x00007ffec6ae7000 	C:\Users\Husenappa.M\OneDrive\Desktop\java with selenium\eclipse-java-2023-12-R-win32-x86_64\eclipse\plugins\org.eclipse.justj.openjdk.hotspot.jre.full.win32.x86_64_17.0.9.v20231028-0858\jre\bin\jli.dll
0x00007ffedb8a0000 - 0x00007ffedba4a000 	C:\WINDOWS\System32\USER32.dll
0x00007ffeda9e0000 - 0x00007ffedaa06000 	C:\WINDOWS\System32\win32u.dll
0x00007ffec6510000 - 0x00007ffec652b000 	C:\Users\Husenappa.M\OneDrive\Desktop\java with selenium\eclipse-java-2023-12-R-win32-x86_64\eclipse\plugins\org.eclipse.justj.openjdk.hotspot.jre.full.win32.x86_64_17.0.9.v20231028-0858\jre\bin\VCRUNTIME140.dll
0x00007ffedc480000 - 0x00007ffedc4a9000 	C:\WINDOWS\System32\GDI32.dll
0x00007ffedafc0000 - 0x00007ffedb0d7000 	C:\WINDOWS\System32\gdi32full.dll
0x00007ffedb1a0000 - 0x00007ffedb23a000 	C:\WINDOWS\System32\msvcp_win.dll
0x00007ffebd010000 - 0x00007ffebd2b1000 	C:\WINDOWS\WinSxS\amd64_microsoft.windows.common-controls_6595b64144ccf1df_6.0.22543.1000_none_25f07d7fa9409c95\COMCTL32.dll
0x00007ffedbdf0000 - 0x00007ffedbe94000 	C:\WINDOWS\System32\msvcrt.dll
0x00007ffedd4e0000 - 0x00007ffedd511000 	C:\WINDOWS\System32\IMM32.DLL
0x00007ffec79c0000 - 0x00007ffec79cc000 	C:\Users\Husenappa.M\OneDrive\Desktop\java with selenium\eclipse-java-2023-12-R-win32-x86_64\eclipse\plugins\org.eclipse.justj.openjdk.hotspot.jre.full.win32.x86_64_17.0.9.v20231028-0858\jre\bin\vcruntime140_1.dll
0x00007ffea69f0000 - 0x00007ffea6a7d000 	C:\Users\Husenappa.M\OneDrive\Desktop\java with selenium\eclipse-java-2023-12-R-win32-x86_64\eclipse\plugins\org.eclipse.justj.openjdk.hotspot.jre.full.win32.x86_64_17.0.9.v20231028-0858\jre\bin\msvcp140.dll
0x00007ffe49600000 - 0x00007ffe4a261000 	C:\Users\Husenappa.M\OneDrive\Desktop\java with selenium\eclipse-java-2023-12-R-win32-x86_64\eclipse\plugins\org.eclipse.justj.openjdk.hotspot.jre.full.win32.x86_64_17.0.9.v20231028-0858\jre\bin\server\jvm.dll
0x00007ffedce50000 - 0x00007ffedcefe000 	C:\WINDOWS\System32\ADVAPI32.dll
0x00007ffedcc70000 - 0x00007ffedcd15000 	C:\WINDOWS\System32\sechost.dll
0x00007ffedc120000 - 0x00007ffedc23f000 	C:\WINDOWS\System32\RPCRT4.dll
0x00007ffeda2a0000 - 0x00007ffeda2ed000 	C:\WINDOWS\SYSTEM32\POWRPROF.dll
0x00007ffea3b70000 - 0x00007ffea3b79000 	C:\WINDOWS\SYSTEM32\WSOCK32.dll
0x00007ffecfbe0000 - 0x00007ffecfc14000 	C:\WINDOWS\SYSTEM32\WINMM.dll
0x00007ffedbae0000 - 0x00007ffedbb51000 	C:\WINDOWS\System32\WS2_32.dll
0x00007ffecdfd0000 - 0x00007ffecdfda000 	C:\WINDOWS\SYSTEM32\VERSION.dll
0x00007ffeda280000 - 0x00007ffeda293000 	C:\WINDOWS\SYSTEM32\UMPDC.dll
0x00007ffed9a50000 - 0x00007ffed9a67000 	C:\WINDOWS\SYSTEM32\kernel.appcore.dll
0x00007ffea3b60000 - 0x00007ffea3b6a000 	C:\Users\Husenappa.M\OneDrive\Desktop\java with selenium\eclipse-java-2023-12-R-win32-x86_64\eclipse\plugins\org.eclipse.justj.openjdk.hotspot.jre.full.win32.x86_64_17.0.9.v20231028-0858\jre\bin\jimage.dll
0x00007ffed8460000 - 0x00007ffed8684000 	C:\WINDOWS\SYSTEM32\DBGHELP.DLL
0x00007ffedcf00000 - 0x00007ffedd271000 	C:\WINDOWS\System32\combase.dll
0x00007ffedbea0000 - 0x00007ffedbf77000 	C:\WINDOWS\System32\OLEAUT32.dll
0x00007ffec3f90000 - 0x00007ffec3fc1000 	C:\WINDOWS\SYSTEM32\dbgcore.DLL
0x00007ffedaf40000 - 0x00007ffedafbb000 	C:\WINDOWS\System32\bcryptPrimitives.dll
0x00007ffea3b30000 - 0x00007ffea3b55000 	C:\Users\Husenappa.M\OneDrive\Desktop\java with selenium\eclipse-java-2023-12-R-win32-x86_64\eclipse\plugins\org.eclipse.justj.openjdk.hotspot.jre.full.win32.x86_64_17.0.9.v20231028-0858\jre\bin\java.dll
0x00007ffea3b10000 - 0x00007ffea3b28000 	C:\Users\Husenappa.M\OneDrive\Desktop\java with selenium\eclipse-java-2023-12-R-win32-x86_64\eclipse\plugins\org.eclipse.justj.openjdk.hotspot.jre.full.win32.x86_64_17.0.9.v20231028-0858\jre\bin\zip.dll
0x00007ffedc4b0000 - 0x00007ffedcc6d000 	C:\WINDOWS\System32\SHELL32.dll
0x00007ffed89f0000 - 0x00007ffed9249000 	C:\WINDOWS\SYSTEM32\windows.storage.dll
0x00007ffed8830000 - 0x00007ffed896c000 	C:\WINDOWS\SYSTEM32\wintypes.dll
0x00007ffedc360000 - 0x00007ffedc451000 	C:\WINDOWS\System32\SHCORE.dll
0x00007ffedd420000 - 0x00007ffedd47b000 	C:\WINDOWS\System32\shlwapi.dll
0x00007ffeda910000 - 0x00007ffeda931000 	C:\WINDOWS\SYSTEM32\profapi.dll
0x00007ffea3af0000 - 0x00007ffea3b09000 	C:\Users\Husenappa.M\OneDrive\Desktop\java with selenium\eclipse-java-2023-12-R-win32-x86_64\eclipse\plugins\org.eclipse.justj.openjdk.hotspot.jre.full.win32.x86_64_17.0.9.v20231028-0858\jre\bin\net.dll
0x00007ffed0ea0000 - 0x00007ffed0fb1000 	C:\WINDOWS\SYSTEM32\WINHTTP.dll
0x00007ffed9ee0000 - 0x00007ffed9f49000 	C:\WINDOWS\system32\mswsock.dll
0x00007ffea3ad0000 - 0x00007ffea3ae6000 	C:\Users\Husenappa.M\OneDrive\Desktop\java with selenium\eclipse-java-2023-12-R-win32-x86_64\eclipse\plugins\org.eclipse.justj.openjdk.hotspot.jre.full.win32.x86_64_17.0.9.v20231028-0858\jre\bin\nio.dll
0x00007ffed9550000 - 0x00007ffed9646000 	C:\WINDOWS\SYSTEM32\DNSAPI.dll
0x00007ffed9520000 - 0x00007ffed954d000 	C:\WINDOWS\SYSTEM32\IPHLPAPI.DLL
0x00007ffedc470000 - 0x00007ffedc479000 	C:\WINDOWS\System32\NSI.dll
0x00007ffecd7f0000 - 0x00007ffecd7fa000 	C:\Windows\System32\rasadhlp.dll
0x00007ffecf2d0000 - 0x00007ffecf352000 	C:\WINDOWS\System32\fwpuclnt.dll
0x00007ffeda1a0000 - 0x00007ffeda1bc000 	C:\WINDOWS\SYSTEM32\CRYPTSP.dll
0x00007ffed99b0000 - 0x00007ffed99e5000 	C:\WINDOWS\system32\rsaenh.dll
0x00007ffeda050000 - 0x00007ffeda077000 	C:\WINDOWS\SYSTEM32\USERENV.dll
0x00007ffeda3b0000 - 0x00007ffeda3d8000 	C:\WINDOWS\SYSTEM32\bcrypt.dll
0x00007ffeda1c0000 - 0x00007ffeda1cc000 	C:\WINDOWS\SYSTEM32\CRYPTBASE.dll
0x00007ffed0a30000 - 0x00007ffed0a49000 	C:\WINDOWS\SYSTEM32\dhcpcsvc6.DLL
0x00007ffed0a10000 - 0x00007ffed0a2f000 	C:\WINDOWS\SYSTEM32\dhcpcsvc.DLL
0x00007ffeb2050000 - 0x00007ffeb205e000 	C:\Users\Husenappa.M\OneDrive\Desktop\java with selenium\eclipse-java-2023-12-R-win32-x86_64\eclipse\plugins\org.eclipse.justj.openjdk.hotspot.jre.full.win32.x86_64_17.0.9.v20231028-0858\jre\bin\sunmscapi.dll
0x00007ffedb240000 - 0x00007ffedb39c000 	C:\WINDOWS\System32\CRYPT32.dll
0x00007ffeda380000 - 0x00007ffeda3ae000 	C:\WINDOWS\SYSTEM32\ncrypt.dll
0x00007ffeda340000 - 0x00007ffeda377000 	C:\WINDOWS\SYSTEM32\NTASN1.dll
0x00007ffeb15d0000 - 0x00007ffeb15d8000 	C:\WINDOWS\system32\wshunix.dll

dbghelp: loaded successfully - version: 4.0.5 - missing functions: none
symbol engine: initialized successfully - sym options: 0x614 - pdb path: .;C:\Users\Husenappa.M\OneDrive\Desktop\java with selenium\eclipse-java-2023-12-R-win32-x86_64\eclipse\plugins\org.eclipse.justj.openjdk.hotspot.jre.full.win32.x86_64_17.0.9.v20231028-0858\jre\bin;C:\WINDOWS\SYSTEM32;C:\WINDOWS\WinSxS\amd64_microsoft.windows.common-controls_6595b64144ccf1df_6.0.22543.1000_none_25f07d7fa9409c95;C:\Users\Husenappa.M\OneDrive\Desktop\java with selenium\eclipse-java-2023-12-R-win32-x86_64\eclipse\plugins\org.eclipse.justj.openjdk.hotspot.jre.full.win32.x86_64_17.0.9.v20231028-0858\jre\bin\server

VM Arguments:
jvm_args: -Dfile.encoding=UTF-8 -Dstdout.encoding=UTF-8 -Dstderr.encoding=UTF-8 -XX:+ShowCodeDetailsInExceptionMessages 
java_command: Project.flipacart_Task
java_class_path (initial): C:\Users\Husenappa.M\OneDrive\Desktop\appu\Training_Day01\target\classes;C:\Users\Husenappa.M\.m2\repository\io\github\bonigarcia\webdrivermanager\5.9.1\webdrivermanager-5.9.1.jar;C:\Users\Husenappa.M\.m2\repository\org\slf4j\slf4j-api\2.0.13\slf4j-api-2.0.13.jar;C:\Users\Husenappa.M\.m2\repository\com\google\code\gson\gson\2.11.0\gson-2.11.0.jar;C:\Users\Husenappa.M\.m2\repository\com\google\errorprone\error_prone_annotations\2.27.0\error_prone_annotations-2.27.0.jar;C:\Users\Husenappa.M\.m2\repository\com\github\docker-java\docker-java\3.3.6\docker-java-3.3.6.jar;C:\Users\Husenappa.M\.m2\repository\com\github\docker-java\docker-java-core\3.3.6\docker-java-core-3.3.6.jar;C:\Users\Husenappa.M\.m2\repository\com\github\docker-java\docker-java-api\3.3.6\docker-java-api-3.3.6.jar;C:\Users\Husenappa.M\.m2\repository\com\fasterxml\jackson\core\jackson-annotations\2.10.3\jackson-annotations-2.10.3.jar;C:\Users\Husenappa.M\.m2\repository\com\fasterxml\jackson\core\jackson-databind\2.10.3\jackson-databind-2.10.3.jar;C:\Users\Husenappa.M\.m2\repository\com\fasterxml\jackson\core\jackson-core\2.10.3\jackson-core-2.10.3.jar;C:\Users\Husenappa.M\.m2\repository\org\slf4j\jcl-over-slf4j\1.7.30\jcl-over-slf4j-1.7.30.jar;C:\Users\Husenappa.M\.m2\repository\com\github\docker-java\docker-java-transport-httpclient5\3.3.6\docker-java-transport-httpclient5-3.3.6.jar;C:\Users\Husenappa.M\.m2\repository\com\github\docker-java\docker-java-transport\3.3.6\docker-java-transport-3.3.6.jar;C:\Users\Husenappa.M\.m2\repository\net\java\dev\jna\jna\5.13.0\jna-5.13.0.jar;C:\Users\Husenappa.M\.m2\repository\org\brotli\dec\0.1.2\dec-0.1.2.jar;C:\Users\Husenappa.M\.m2\repository\org\apache\commons\commons-lang3\3.14.0\commons-lang3-3.14.0.jar;C:\Users\Husenappa.M\.m2\repository\org\apache\commons\commons-compress\1.26.2\commons-compress-1.26.2.jar;C:\Users\Husenappa.M\.m2\repository\commons-codec\commons-codec\1.17.0\commons-codec-1.17.0.jar;C:\Users\Husenappa.M\.m2\repos
Launcher Type: SUN_STANDARD

[Global flags]
     intx CICompilerCount                          = 3                                         {product} {ergonomic}
     uint ConcGCThreads                            = 1                                         {product} {ergonomic}
     uint G1ConcRefinementThreads                  = 4                                         {product} {ergonomic}
   size_t G1HeapRegionSize                         = 1048576                                   {product} {ergonomic}
    uintx GCDrainStackTargetSize                   = 64                                        {product} {ergonomic}
   size_t InitialHeapSize                          = 130023424                                 {product} {ergonomic}
   size_t MarkStackSize                            = 4194304                                   {product} {ergonomic}
   size_t MaxHeapSize                              = 2080374784                                {product} {ergonomic}
   size_t MaxNewSize                               = 1247805440                                {product} {ergonomic}
   size_t MinHeapDeltaBytes                        = 1048576                                   {product} {ergonomic}
   size_t MinHeapSize                              = 8388608                                   {product} {ergonomic}
    uintx NonNMethodCodeHeapSize                   = 5832780                                {pd product} {ergonomic}
    uintx NonProfiledCodeHeapSize                  = 122912730                              {pd product} {ergonomic}
    uintx ProfiledCodeHeapSize                     = 122912730                              {pd product} {ergonomic}
    uintx ReservedCodeCacheSize                    = 251658240                              {pd product} {ergonomic}
     bool SegmentedCodeCache                       = true                                      {product} {ergonomic}
     bool ShowCodeDetailsInExceptionMessages       = true                                   {manageable} {command line}
   size_t SoftMaxHeapSize                          = 2080374784                             {manageable} {ergonomic}
     bool UseCompressedClassPointers               = true                           {product lp64_product} {ergonomic}
     bool UseCompressedOops                        = true                           {product lp64_product} {ergonomic}
     bool UseG1GC                                  = true                                      {product} {ergonomic}
     bool UseLargePagesIndividualAllocation        = false                                  {pd product} {ergonomic}

Logging:
Log output configuration:
 #0: stdout all=warning uptime,level,tags
 #1: stderr all=off uptime,level,tags

Environment Variables:
JAVA_HOME=C:\Program Files\Java\jdk-19
PATH=C:/Users/Husenappa.M/OneDrive/Desktop/java with selenium/eclipse-java-2023-12-R-win32-x86_64/eclipse//plugins/org.eclipse.justj.openjdk.hotspot.jre.full.win32.x86_64_17.0.9.v20231028-0858/jre/bin/server;C:/Users/Husenappa.M/OneDrive/Desktop/java with selenium/eclipse-java-2023-12-R-win32-x86_64/eclipse//plugins/org.eclipse.justj.openjdk.hotspot.jre.full.win32.x86_64_17.0.9.v20231028-0858/jre/bin;C:\Program Files\Common Files\Oracle\Java\javapath;C:\WINDOWS\system32;C:\WINDOWS;C:\WINDOWS\System32\Wbem;C:\WINDOWS\System32\WindowsPowerShell\v1.0\;C:\WINDOWS\System32\OpenSSH\;C:\Program Files\dotnet\;c:\Program Files (x86)\Microsoft SQL Server\100\Tools\Binn\;c:\Program Files\Microsoft SQL Server\100\Tools\Binn\;c:\Program Files\Microsoft SQL Server\100\DTS\Binn\;C:\Program Files\Java\jdk-19\bin;C:\apache-maven-3.9.6\bin;C:\Users\Husenappa.M\AppData\Local\Microsoft\WindowsApps;;C:\Users\Husenappa.M\OneDrive\Desktop\java with selenium\eclipse-java-2023-12-R-win32-x86_64\eclipse;
USERNAME=Husenappa.M
OS=Windows_NT
PROCESSOR_IDENTIFIER=Intel64 Family 6 Model 140 Stepping 1, GenuineIntel
TMP=C:\Users\Husenappa.M\AppData\Local\Temp
TEMP=C:\Users\Husenappa.M\AppData\Local\Temp



Periodic native trim disabled


---------------  S Y S T E M  ---------------

OS:
 Windows 11 , 64 bit Build 22543 (10.0.22543.1000)
OS uptime: 0 days 9:15 hours

CPU: total 4 (initial active 4) (2 cores per cpu, 2 threads per core) family 6 model 140 stepping 1 microcode 0x9a, cx8, cmov, fxsr, ht, mmx, 3dnowpref, sse, sse2, sse3, ssse3, sse4.1, sse4.2, popcnt, lzcnt, tsc, tscinvbit, avx, avx2, aes, erms, clmul, bmi1, bmi2, adx, avx512f, avx512dq, avx512cd, avx512bw, avx512vl, sha, fma, vzeroupper, avx512_vpopcntdq, avx512_vpclmulqdq, avx512_vaes, avx512_vnni, clflush, clflushopt, clwb, avx512_vbmi2, avx512_vbmi
Processor Information for processor 0
  Max Mhz: 2995, Current Mhz: 1198, Mhz Limit: 2995
Processor Information for processor 1
  Max Mhz: 2995, Current Mhz: 2995, Mhz Limit: 2995
Processor Information for processor 2
  Max Mhz: 2995, Current Mhz: 1198, Mhz Limit: 2995
Processor Information for processor 3
  Max Mhz: 2995, Current Mhz: 2995, Mhz Limit: 2995

Memory: 4k page, system-wide physical 7930M (799M free)
TotalPageFile size 9218M (AvailPageFile size 92M)
current process WorkingSet (physical memory assigned to process): 93M, peak: 93M
current process commit charge ("private bytes"): 225M, peak: 226M

vm_info: OpenJDK 64-Bit Server VM (17.0.9+9) for windows-amd64 JRE (17.0.9+9), built on Oct 26 2023 14:01:42 by "admin" with MS VC++ 16.10 / 16.11 (VS2019)

END.
