#
# There is insufficient memory for the Java Runtime Environment to continue.
# Native memory allocation (malloc) failed to allocate 32744 bytes for ChunkPool::allocate
# Possible reasons:
#   The system is out of physical RAM or swap space
#   The process is running with CompressedOops enabled, and the Java Heap may be blocking the growth of the native heap
# Possible solutions:
#   Reduce memory load on the system
#   Increase physical memory or swap space
#   Check if swap backing store is full
#   Decrease Java heap size (-Xmx/-Xms)
#   Decrease number of Java threads
#   Decrease Java thread stack sizes (-Xss)
#   Set larger code cache with -XX:ReservedCodeCacheSize=
#   JVM is running with Unscaled Compressed Oops mode in which the Java heap is
#     placed in the first 4GB address space. The Java Heap base address is the
#     maximum limit for the native heap growth. Please use -XX:HeapBaseMinAddress
#     to set the Java Heap base and to place the Java Heap above 4GB virtual address.
# This output file may be truncated or incomplete.
#
#  Out of Memory Error (arena.cpp:79), pid=3100, tid=9616
#
# JRE version: OpenJDK Runtime Environment Temurin-17.0.9+9 (17.0.9+9) (build 17.0.9+9)
# Java VM: OpenJDK 64-Bit Server VM Temurin-17.0.9+9 (17.0.9+9, mixed mode, tiered, compressed oops, compressed class ptrs, g1 gc, windows-amd64)
# No core dump will be written. Minidumps are not enabled by default on client versions of Windows
#

---------------  S U M M A R Y ------------

Command Line: -Dfile.encoding=UTF-8 -Dstdout.encoding=UTF-8 -Dstderr.encoding=UTF-8 -XX:+ShowCodeDetailsInExceptionMessages My_Project.Alert_Box

Host: 11th Gen Intel(R) Core(TM) i3-1115G4 @ 3.00GHz, 4 cores, 7G,  Windows 11 , 64 bit Build 22543 (10.0.22543.1000)
Time: Fri Jul 12 17:12:51 2024 India Standard Time elapsed time: 5.645819 seconds (0d 0h 0m 5s)

---------------  T H R E A D  ---------------

Current thread (0x000001e4ba0c5130):  JavaThread "C1 CompilerThread0" daemon [_thread_in_native, id=9616, stack(0x000000d63d900000,0x000000d63da00000)]


Current CompileTask:
C1:   5645 1533       3       java.lang.invoke.InvokerBytecodeGenerator::isStaticallyInvocable (165 bytes)

Stack: [0x000000d63d900000,0x000000d63da00000]
Native frames: (J=compiled Java code, j=interpreted, Vv=VM code, C=native code)
V  [jvm.dll+0x67cf49]
V  [jvm.dll+0x83478a]
V  [jvm.dll+0x83624e]
V  [jvm.dll+0x8368b3]
V  [jvm.dll+0x247f1f]
V  [jvm.dll+0xac65c]
V  [jvm.dll+0xaca8c]
V  [jvm.dll+0x10e32f]
V  [jvm.dll+0x15f5ca]
V  [jvm.dll+0x14d7b0]
V  [jvm.dll+0x136287]
V  [jvm.dll+0x135c1f]
V  [jvm.dll+0x135e56]
V  [jvm.dll+0x1352ea]
V  [jvm.dll+0x136fa1]
V  [jvm.dll+0x2297ae]
V  [jvm.dll+0x22797c]
V  [jvm.dll+0x7e9877]
V  [jvm.dll+0x7e3c3a]
V  [jvm.dll+0x67be35]
C  [ucrtbase.dll+0x293cc]
C  [KERNEL32.DLL+0x11350]
C  [ntdll.dll+0x51dc8]


---------------  P R O C E S S  ---------------

Threads class SMR info:
_java_thread_list=0x000001e4bad85d60, length=25, elements={
0x000001e49eb96d90, 0x000001e4ba094270, 0x000001e4ba0953d0, 0x000001e4ba07b0a0,
0x000001e4ba07ba60, 0x000001e4ba07cbc0, 0x000001e4ba07d580, 0x000001e4ba0b3010,
0x000001e4ba0c5130, 0x000001e4ba0cfdf0, 0x000001e4ba2246e0, 0x000001e4ba23d740,
0x000001e4baccc3d0, 0x000001e4bf36f520, 0x000001e4bf4a78c0, 0x000001e4bf45c780,
0x000001e4bf45cc60, 0x000001e4bf45d140, 0x000001e4bad2a8c0, 0x000001e4bad29ea0,
0x000001e4bad28f70, 0x000001e4bad29480, 0x000001e4ba9f6ad0, 0x000001e4ba9f1ee0,
0x000001e4ba9f60b0
}

Java Threads: ( => current thread )
  0x000001e49eb96d90 JavaThread "Forwarding get on session a5ebddbcb8c43b73cd860a15842eadcd to remote" [_thread_blocked, id=14684, stack(0x000000d63cb00000,0x000000d63cc00000)]
  0x000001e4ba094270 JavaThread "Reference Handler" daemon [_thread_blocked, id=3776, stack(0x000000d63d200000,0x000000d63d300000)]
  0x000001e4ba0953d0 JavaThread "Finalizer" daemon [_thread_blocked, id=16772, stack(0x000000d63d300000,0x000000d63d400000)]
  0x000001e4ba07b0a0 JavaThread "Signal Dispatcher" daemon [_thread_blocked, id=8496, stack(0x000000d63d400000,0x000000d63d500000)]
  0x000001e4ba07ba60 JavaThread "Attach Listener" daemon [_thread_blocked, id=2100, stack(0x000000d63d500000,0x000000d63d600000)]
  0x000001e4ba07cbc0 JavaThread "Service Thread" daemon [_thread_blocked, id=13324, stack(0x000000d63d600000,0x000000d63d700000)]
  0x000001e4ba07d580 JavaThread "Monitor Deflation Thread" daemon [_thread_blocked, id=14644, stack(0x000000d63d700000,0x000000d63d800000)]
  0x000001e4ba0b3010 JavaThread "C2 CompilerThread0" daemon [_thread_blocked, id=16628, stack(0x000000d63d800000,0x000000d63d900000)]
=>0x000001e4ba0c5130 JavaThread "C1 CompilerThread0" daemon [_thread_in_native, id=9616, stack(0x000000d63d900000,0x000000d63da00000)]
  0x000001e4ba0cfdf0 JavaThread "Sweeper thread" daemon [_thread_blocked, id=14108, stack(0x000000d63da00000,0x000000d63db00000)]
  0x000001e4ba2246e0 JavaThread "Notification Thread" daemon [_thread_blocked, id=18836, stack(0x000000d63db00000,0x000000d63dc00000)]
  0x000001e4ba23d740 JavaThread "Common-Cleaner" daemon [_thread_blocked, id=13744, stack(0x000000d63dd00000,0x000000d63de00000)]
  0x000001e4baccc3d0 JavaThread "ForkJoinPool.commonPool-worker-1" daemon [_thread_blocked, id=19696, stack(0x000000d63df00000,0x000000d63e000000)]
  0x000001e4bf36f520 JavaThread "HttpClient-1-SelectorManager" daemon [_thread_in_native, id=9980, stack(0x000000d63e400000,0x000000d63e500000)]
  0x000001e4bf4a78c0 JavaThread "External Process Output Forwarder - C:\Users\Husenappa.M\.cache\selenium\chromedriver\win64\126.0.6478.126\chromedriver.exe" daemon [_thread_in_native, id=18512, stack(0x000000d63e500000,0x000000d63e600000)]
  0x000001e4bf45c780 JavaThread "Driver Service Executor" daemon [_thread_blocked, id=18748, stack(0x000000d63e600000,0x000000d63e700000)]
  0x000001e4bf45cc60 JavaThread "Driver Service Executor" daemon [_thread_in_native, id=9120, stack(0x000000d63e700000,0x000000d63e800000)]
  0x000001e4bf45d140 JavaThread "UrlChecker-2" daemon [_thread_blocked, id=18268, stack(0x000000d63e800000,0x000000d63e900000)]
  0x000001e4bad2a8c0 JavaThread "JdkHttpClient-0-0" daemon [_thread_blocked, id=17992, stack(0x000000d63eb00000,0x000000d63ec00000)]
  0x000001e4bad29ea0 JavaThread "JdkHttpClient-0-1" daemon [_thread_blocked, id=19212, stack(0x000000d63ec00000,0x000000d63ed00000)]
  0x000001e4bad28f70 JavaThread "JdkHttpClient-0-2" daemon [_thread_blocked, id=8760, stack(0x000000d63ed00000,0x000000d63ee00000)]
  0x000001e4bad29480 JavaThread "HttpClient-2-SelectorManager" daemon [_thread_in_native, id=9976, stack(0x000000d63e300000,0x000000d63e400000)]
  0x000001e4ba9f6ad0 JavaThread "JdkHttpClient-1-0" daemon [_thread_blocked, id=9956, stack(0x000000d63ee00000,0x000000d63ef00000)]
  0x000001e4ba9f1ee0 JavaThread "JdkHttpClient-1-1" daemon [_thread_blocked, id=19352, stack(0x000000d63ef00000,0x000000d63f000000)]
  0x000001e4ba9f60b0 JavaThread "JdkHttpClient-1-2" daemon [_thread_blocked, id=10052, stack(0x000000d63f000000,0x000000d63f100000)]

Other Threads:
  0x000001e4ba066040 VMThread "VM Thread" [stack: 0x000000d63d100000,0x000000d63d200000] [id=16508]
  0x000001e4ba228ff0 WatcherThread [stack: 0x000000d63dc00000,0x000000d63dd00000] [id=9460]
  0x000001e49ebeeee0 GCTaskThread "GC Thread#0" [stack: 0x000000d63cc00000,0x000000d63cd00000] [id=556]
  0x000001e4bacd7840 GCTaskThread "GC Thread#1" [stack: 0x000000d63e000000,0x000000d63e100000] [id=18068]
  0x000001e4bad1b550 GCTaskThread "GC Thread#2" [stack: 0x000000d63e100000,0x000000d63e200000] [id=8420]
  0x000001e4bad1b810 GCTaskThread "GC Thread#3" [stack: 0x000000d63e200000,0x000000d63e300000] [id=10636]
  0x000001e49ebff630 ConcurrentGCThread "G1 Main Marker" [stack: 0x000000d63cd00000,0x000000d63ce00000] [id=7520]
  0x000001e49ec01060 ConcurrentGCThread "G1 Conc#0" [stack: 0x000000d63ce00000,0x000000d63cf00000] [id=9116]
  0x000001e49ec3df10 ConcurrentGCThread "G1 Refine#0" [stack: 0x000000d63cf00000,0x000000d63d000000] [id=16040]
  0x000001e49ec3e940 ConcurrentGCThread "G1 Service" [stack: 0x000000d63d000000,0x000000d63d100000] [id=1676]

Threads with active compile tasks:
C1 CompilerThread0     7542 1533       3       java.lang.invoke.InvokerBytecodeGenerator::isStaticallyInvocable (165 bytes)

VM state: not at safepoint (normal execution)

VM Mutex/Monitor currently owned by a thread: None

Heap address: 0x0000000084000000, size: 1984 MB, Compressed Oops mode: 32-bit

CDS archive(s) not mapped
Compressed class space mapped at: 0x0000000100000000-0x0000000140000000, reserved size: 1073741824
Narrow klass base: 0x0000000000000000, Narrow klass shift: 3, Narrow klass range: 0x140000000

GC Precious Log:
 CPUs: 4 total, 4 available
 Memory: 7930M
 Large Page Support: Disabled
 NUMA Support: Disabled
 Compressed Oops: Enabled (32-bit)
 Heap Region Size: 1M
 Heap Min Capacity: 8M
 Heap Initial Capacity: 124M
 Heap Max Capacity: 1984M
 Pre-touch: Disabled
 Parallel Workers: 4
 Concurrent Workers: 1
 Concurrent Refinement Workers: 4
 Periodic GC: Disabled

Heap:
 garbage-first heap   total 126976K, used 18700K [0x0000000084000000, 0x0000000100000000)
  region size 1024K, 14 young (14336K), 2 survivors (2048K)
 Metaspace       used 19759K, committed 19968K, reserved 1114112K
  class space    used 2134K, committed 2240K, reserved 1048576K

Heap Regions: E=young(eden), S=young(survivor), O=old, HS=humongous(starts), HC=humongous(continues), CS=collection set, F=free, OA=open archive, CA=closed archive, TAMS=top-at-mark-start (previous, next)
|   0|0x0000000084000000, 0x0000000084100000, 0x0000000084100000|100%| O|  |TAMS 0x0000000084000000, 0x0000000084000000| Untracked 
|   1|0x0000000084100000, 0x0000000084200000, 0x0000000084200000|100%| O|  |TAMS 0x0000000084100000, 0x0000000084100000| Untracked 
|   2|0x0000000084200000, 0x0000000084300000, 0x0000000084300000|100%| O|  |TAMS 0x0000000084200000, 0x0000000084200000| Untracked 
|   3|0x0000000084300000, 0x0000000084400000, 0x0000000084400000|100%| O|  |TAMS 0x0000000084300000, 0x0000000084300000| Untracked 
|   4|0x0000000084400000, 0x0000000084500000, 0x0000000084500000|100%| O|  |TAMS 0x0000000084400000, 0x0000000084400000| Untracked 
|   5|0x0000000084500000, 0x0000000084543200, 0x0000000084600000| 26%| O|  |TAMS 0x0000000084500000, 0x0000000084500000| Untracked 
|   6|0x0000000084600000, 0x0000000084600000, 0x0000000084700000|  0%| F|  |TAMS 0x0000000084600000, 0x0000000084600000| Untracked 
|   7|0x0000000084700000, 0x0000000084700000, 0x0000000084800000|  0%| F|  |TAMS 0x0000000084700000, 0x0000000084700000| Untracked 
|   8|0x0000000084800000, 0x0000000084800000, 0x0000000084900000|  0%| F|  |TAMS 0x0000000084800000, 0x0000000084800000| Untracked 
|   9|0x0000000084900000, 0x0000000084900000, 0x0000000084a00000|  0%| F|  |TAMS 0x0000000084900000, 0x0000000084900000| Untracked 
|  10|0x0000000084a00000, 0x0000000084a00000, 0x0000000084b00000|  0%| F|  |TAMS 0x0000000084a00000, 0x0000000084a00000| Untracked 
|  11|0x0000000084b00000, 0x0000000084b00000, 0x0000000084c00000|  0%| F|  |TAMS 0x0000000084b00000, 0x0000000084b00000| Untracked 
|  12|0x0000000084c00000, 0x0000000084c00000, 0x0000000084d00000|  0%| F|  |TAMS 0x0000000084c00000, 0x0000000084c00000| Untracked 
|  13|0x0000000084d00000, 0x0000000084d00000, 0x0000000084e00000|  0%| F|  |TAMS 0x0000000084d00000, 0x0000000084d00000| Untracked 
|  14|0x0000000084e00000, 0x0000000084e00000, 0x0000000084f00000|  0%| F|  |TAMS 0x0000000084e00000, 0x0000000084e00000| Untracked 
|  15|0x0000000084f00000, 0x0000000084f00000, 0x0000000085000000|  0%| F|  |TAMS 0x0000000084f00000, 0x0000000084f00000| Untracked 
|  16|0x0000000085000000, 0x0000000085000000, 0x0000000085100000|  0%| F|  |TAMS 0x0000000085000000, 0x0000000085000000| Untracked 
|  17|0x0000000085100000, 0x0000000085100000, 0x0000000085200000|  0%| F|  |TAMS 0x0000000085100000, 0x0000000085100000| Untracked 
|  18|0x0000000085200000, 0x0000000085200000, 0x0000000085300000|  0%| F|  |TAMS 0x0000000085200000, 0x0000000085200000| Untracked 
|  19|0x0000000085300000, 0x0000000085300000, 0x0000000085400000|  0%| F|  |TAMS 0x0000000085300000, 0x0000000085300000| Untracked 
|  20|0x0000000085400000, 0x0000000085400000, 0x0000000085500000|  0%| F|  |TAMS 0x0000000085400000, 0x0000000085400000| Untracked 
|  21|0x0000000085500000, 0x0000000085500000, 0x0000000085600000|  0%| F|  |TAMS 0x0000000085500000, 0x0000000085500000| Untracked 
|  22|0x0000000085600000, 0x0000000085600000, 0x0000000085700000|  0%| F|  |TAMS 0x0000000085600000, 0x0000000085600000| Untracked 
|  23|0x0000000085700000, 0x0000000085700000, 0x0000000085800000|  0%| F|  |TAMS 0x0000000085700000, 0x0000000085700000| Untracked 
|  24|0x0000000085800000, 0x0000000085800000, 0x0000000085900000|  0%| F|  |TAMS 0x0000000085800000, 0x0000000085800000| Untracked 
|  25|0x0000000085900000, 0x0000000085900000, 0x0000000085a00000|  0%| F|  |TAMS 0x0000000085900000, 0x0000000085900000| Untracked 
|  26|0x0000000085a00000, 0x0000000085a00000, 0x0000000085b00000|  0%| F|  |TAMS 0x0000000085a00000, 0x0000000085a00000| Untracked 
|  27|0x0000000085b00000, 0x0000000085b00000, 0x0000000085c00000|  0%| F|  |TAMS 0x0000000085b00000, 0x0000000085b00000| Untracked 
|  28|0x0000000085c00000, 0x0000000085c00000, 0x0000000085d00000|  0%| F|  |TAMS 0x0000000085c00000, 0x0000000085c00000| Untracked 
|  29|0x0000000085d00000, 0x0000000085d00000, 0x0000000085e00000|  0%| F|  |TAMS 0x0000000085d00000, 0x0000000085d00000| Untracked 
|  30|0x0000000085e00000, 0x0000000085e00000, 0x0000000085f00000|  0%| F|  |TAMS 0x0000000085e00000, 0x0000000085e00000| Untracked 
|  31|0x0000000085f00000, 0x0000000085f00000, 0x0000000086000000|  0%| F|  |TAMS 0x0000000085f00000, 0x0000000085f00000| Untracked 
|  32|0x0000000086000000, 0x0000000086000000, 0x0000000086100000|  0%| F|  |TAMS 0x0000000086000000, 0x0000000086000000| Untracked 
|  33|0x0000000086100000, 0x0000000086100000, 0x0000000086200000|  0%| F|  |TAMS 0x0000000086100000, 0x0000000086100000| Untracked 
|  34|0x0000000086200000, 0x0000000086200000, 0x0000000086300000|  0%| F|  |TAMS 0x0000000086200000, 0x0000000086200000| Untracked 
|  35|0x0000000086300000, 0x0000000086300000, 0x0000000086400000|  0%| F|  |TAMS 0x0000000086300000, 0x0000000086300000| Untracked 
|  36|0x0000000086400000, 0x0000000086400000, 0x0000000086500000|  0%| F|  |TAMS 0x0000000086400000, 0x0000000086400000| Untracked 
|  37|0x0000000086500000, 0x0000000086500000, 0x0000000086600000|  0%| F|  |TAMS 0x0000000086500000, 0x0000000086500000| Untracked 
|  38|0x0000000086600000, 0x0000000086600000, 0x0000000086700000|  0%| F|  |TAMS 0x0000000086600000, 0x0000000086600000| Untracked 
|  39|0x0000000086700000, 0x0000000086700000, 0x0000000086800000|  0%| F|  |TAMS 0x0000000086700000, 0x0000000086700000| Untracked 
|  40|0x0000000086800000, 0x0000000086800000, 0x0000000086900000|  0%| F|  |TAMS 0x0000000086800000, 0x0000000086800000| Untracked 
|  41|0x0000000086900000, 0x0000000086900000, 0x0000000086a00000|  0%| F|  |TAMS 0x0000000086900000, 0x0000000086900000| Untracked 
|  42|0x0000000086a00000, 0x0000000086a00000, 0x0000000086b00000|  0%| F|  |TAMS 0x0000000086a00000, 0x0000000086a00000| Untracked 
|  43|0x0000000086b00000, 0x0000000086b00000, 0x0000000086c00000|  0%| F|  |TAMS 0x0000000086b00000, 0x0000000086b00000| Untracked 
|  44|0x0000000086c00000, 0x0000000086c00000, 0x0000000086d00000|  0%| F|  |TAMS 0x0000000086c00000, 0x0000000086c00000| Untracked 
|  45|0x0000000086d00000, 0x0000000086d00000, 0x0000000086e00000|  0%| F|  |TAMS 0x0000000086d00000, 0x0000000086d00000| Untracked 
|  46|0x0000000086e00000, 0x0000000086e00000, 0x0000000086f00000|  0%| F|  |TAMS 0x0000000086e00000, 0x0000000086e00000| Untracked 
|  47|0x0000000086f00000, 0x0000000086f00000, 0x0000000087000000|  0%| F|  |TAMS 0x0000000086f00000, 0x0000000086f00000| Untracked 
|  48|0x0000000087000000, 0x0000000087000000, 0x0000000087100000|  0%| F|  |TAMS 0x0000000087000000, 0x0000000087000000| Untracked 
|  49|0x0000000087100000, 0x0000000087100000, 0x0000000087200000|  0%| F|  |TAMS 0x0000000087100000, 0x0000000087100000| Untracked 
|  50|0x0000000087200000, 0x0000000087200000, 0x0000000087300000|  0%| F|  |TAMS 0x0000000087200000, 0x0000000087200000| Untracked 
|  51|0x0000000087300000, 0x0000000087300000, 0x0000000087400000|  0%| F|  |TAMS 0x0000000087300000, 0x0000000087300000| Untracked 
|  52|0x0000000087400000, 0x0000000087400000, 0x0000000087500000|  0%| F|  |TAMS 0x0000000087400000, 0x0000000087400000| Untracked 
|  53|0x0000000087500000, 0x0000000087500000, 0x0000000087600000|  0%| F|  |TAMS 0x0000000087500000, 0x0000000087500000| Untracked 
|  54|0x0000000087600000, 0x0000000087600000, 0x0000000087700000|  0%| F|  |TAMS 0x0000000087600000, 0x0000000087600000| Untracked 
|  55|0x0000000087700000, 0x0000000087700000, 0x0000000087800000|  0%| F|  |TAMS 0x0000000087700000, 0x0000000087700000| Untracked 
|  56|0x0000000087800000, 0x0000000087800000, 0x0000000087900000|  0%| F|  |TAMS 0x0000000087800000, 0x0000000087800000| Untracked 
|  57|0x0000000087900000, 0x0000000087900000, 0x0000000087a00000|  0%| F|  |TAMS 0x0000000087900000, 0x0000000087900000| Untracked 
|  58|0x0000000087a00000, 0x0000000087a00000, 0x0000000087b00000|  0%| F|  |TAMS 0x0000000087a00000, 0x0000000087a00000| Untracked 
|  59|0x0000000087b00000, 0x0000000087b00000, 0x0000000087c00000|  0%| F|  |TAMS 0x0000000087b00000, 0x0000000087b00000| Untracked 
|  60|0x0000000087c00000, 0x0000000087c00000, 0x0000000087d00000|  0%| F|  |TAMS 0x0000000087c00000, 0x0000000087c00000| Untracked 
|  61|0x0000000087d00000, 0x0000000087d00000, 0x0000000087e00000|  0%| F|  |TAMS 0x0000000087d00000, 0x0000000087d00000| Untracked 
|  62|0x0000000087e00000, 0x0000000087e00000, 0x0000000087f00000|  0%| F|  |TAMS 0x0000000087e00000, 0x0000000087e00000| Untracked 
|  63|0x0000000087f00000, 0x0000000087f00000, 0x0000000088000000|  0%| F|  |TAMS 0x0000000087f00000, 0x0000000087f00000| Untracked 
|  64|0x0000000088000000, 0x0000000088000000, 0x0000000088100000|  0%| F|  |TAMS 0x0000000088000000, 0x0000000088000000| Untracked 
|  65|0x0000000088100000, 0x0000000088100000, 0x0000000088200000|  0%| F|  |TAMS 0x0000000088100000, 0x0000000088100000| Untracked 
|  66|0x0000000088200000, 0x0000000088200000, 0x0000000088300000|  0%| F|  |TAMS 0x0000000088200000, 0x0000000088200000| Untracked 
|  67|0x0000000088300000, 0x0000000088300000, 0x0000000088400000|  0%| F|  |TAMS 0x0000000088300000, 0x0000000088300000| Untracked 
|  68|0x0000000088400000, 0x0000000088400000, 0x0000000088500000|  0%| F|  |TAMS 0x0000000088400000, 0x0000000088400000| Untracked 
|  69|0x0000000088500000, 0x0000000088500000, 0x0000000088600000|  0%| F|  |TAMS 0x0000000088500000, 0x0000000088500000| Untracked 
|  70|0x0000000088600000, 0x0000000088600000, 0x0000000088700000|  0%| F|  |TAMS 0x0000000088600000, 0x0000000088600000| Untracked 
|  71|0x0000000088700000, 0x0000000088700000, 0x0000000088800000|  0%| F|  |TAMS 0x0000000088700000, 0x0000000088700000| Untracked 
|  72|0x0000000088800000, 0x0000000088800000, 0x0000000088900000|  0%| F|  |TAMS 0x0000000088800000, 0x0000000088800000| Untracked 
|  73|0x0000000088900000, 0x0000000088900000, 0x0000000088a00000|  0%| F|  |TAMS 0x0000000088900000, 0x0000000088900000| Untracked 
|  74|0x0000000088a00000, 0x0000000088a00000, 0x0000000088b00000|  0%| F|  |TAMS 0x0000000088a00000, 0x0000000088a00000| Untracked 
|  75|0x0000000088b00000, 0x0000000088b00000, 0x0000000088c00000|  0%| F|  |TAMS 0x0000000088b00000, 0x0000000088b00000| Untracked 
|  76|0x0000000088c00000, 0x0000000088c00000, 0x0000000088d00000|  0%| F|  |TAMS 0x0000000088c00000, 0x0000000088c00000| Untracked 
|  77|0x0000000088d00000, 0x0000000088d00000, 0x0000000088e00000|  0%| F|  |TAMS 0x0000000088d00000, 0x0000000088d00000| Untracked 
|  78|0x0000000088e00000, 0x0000000088e00000, 0x0000000088f00000|  0%| F|  |TAMS 0x0000000088e00000, 0x0000000088e00000| Untracked 
|  79|0x0000000088f00000, 0x0000000088f00000, 0x0000000089000000|  0%| F|  |TAMS 0x0000000088f00000, 0x0000000088f00000| Untracked 
|  80|0x0000000089000000, 0x0000000089000000, 0x0000000089100000|  0%| F|  |TAMS 0x0000000089000000, 0x0000000089000000| Untracked 
|  81|0x0000000089100000, 0x0000000089100000, 0x0000000089200000|  0%| F|  |TAMS 0x0000000089100000, 0x0000000089100000| Untracked 
|  82|0x0000000089200000, 0x0000000089200000, 0x0000000089300000|  0%| F|  |TAMS 0x0000000089200000, 0x0000000089200000| Untracked 
|  83|0x0000000089300000, 0x0000000089300000, 0x0000000089400000|  0%| F|  |TAMS 0x0000000089300000, 0x0000000089300000| Untracked 
|  84|0x0000000089400000, 0x0000000089400000, 0x0000000089500000|  0%| F|  |TAMS 0x0000000089400000, 0x0000000089400000| Untracked 
|  85|0x0000000089500000, 0x0000000089500000, 0x0000000089600000|  0%| F|  |TAMS 0x0000000089500000, 0x0000000089500000| Untracked 
|  86|0x0000000089600000, 0x0000000089600000, 0x0000000089700000|  0%| F|  |TAMS 0x0000000089600000, 0x0000000089600000| Untracked 
|  87|0x0000000089700000, 0x0000000089700000, 0x0000000089800000|  0%| F|  |TAMS 0x0000000089700000, 0x0000000089700000| Untracked 
|  88|0x0000000089800000, 0x0000000089800000, 0x0000000089900000|  0%| F|  |TAMS 0x0000000089800000, 0x0000000089800000| Untracked 
|  89|0x0000000089900000, 0x0000000089900000, 0x0000000089a00000|  0%| F|  |TAMS 0x0000000089900000, 0x0000000089900000| Untracked 
|  90|0x0000000089a00000, 0x0000000089a00000, 0x0000000089b00000|  0%| F|  |TAMS 0x0000000089a00000, 0x0000000089a00000| Untracked 
|  91|0x0000000089b00000, 0x0000000089b00000, 0x0000000089c00000|  0%| F|  |TAMS 0x0000000089b00000, 0x0000000089b00000| Untracked 
|  92|0x0000000089c00000, 0x0000000089c00000, 0x0000000089d00000|  0%| F|  |TAMS 0x0000000089c00000, 0x0000000089c00000| Untracked 
|  93|0x0000000089d00000, 0x0000000089d00000, 0x0000000089e00000|  0%| F|  |TAMS 0x0000000089d00000, 0x0000000089d00000| Untracked 
|  94|0x0000000089e00000, 0x0000000089e00000, 0x0000000089f00000|  0%| F|  |TAMS 0x0000000089e00000, 0x0000000089e00000| Untracked 
|  95|0x0000000089f00000, 0x0000000089f00000, 0x000000008a000000|  0%| F|  |TAMS 0x0000000089f00000, 0x0000000089f00000| Untracked 
|  96|0x000000008a000000, 0x000000008a000000, 0x000000008a100000|  0%| F|  |TAMS 0x000000008a000000, 0x000000008a000000| Untracked 
|  97|0x000000008a100000, 0x000000008a100000, 0x000000008a200000|  0%| F|  |TAMS 0x000000008a100000, 0x000000008a100000| Untracked 
|  98|0x000000008a200000, 0x000000008a200000, 0x000000008a300000|  0%| F|  |TAMS 0x000000008a200000, 0x000000008a200000| Untracked 
|  99|0x000000008a300000, 0x000000008a300000, 0x000000008a400000|  0%| F|  |TAMS 0x000000008a300000, 0x000000008a300000| Untracked 
| 100|0x000000008a400000, 0x000000008a400000, 0x000000008a500000|  0%| F|  |TAMS 0x000000008a400000, 0x000000008a400000| Untracked 
| 101|0x000000008a500000, 0x000000008a500000, 0x000000008a600000|  0%| F|  |TAMS 0x000000008a500000, 0x000000008a500000| Untracked 
| 102|0x000000008a600000, 0x000000008a600000, 0x000000008a700000|  0%| F|  |TAMS 0x000000008a600000, 0x000000008a600000| Untracked 
| 103|0x000000008a700000, 0x000000008a700000, 0x000000008a800000|  0%| F|  |TAMS 0x000000008a700000, 0x000000008a700000| Untracked 
| 104|0x000000008a800000, 0x000000008a800000, 0x000000008a900000|  0%| F|  |TAMS 0x000000008a800000, 0x000000008a800000| Untracked 
| 105|0x000000008a900000, 0x000000008a900000, 0x000000008aa00000|  0%| F|  |TAMS 0x000000008a900000, 0x000000008a900000| Untracked 
| 106|0x000000008aa00000, 0x000000008aa00000, 0x000000008ab00000|  0%| F|  |TAMS 0x000000008aa00000, 0x000000008aa00000| Untracked 
| 107|0x000000008ab00000, 0x000000008ab00000, 0x000000008ac00000|  0%| F|  |TAMS 0x000000008ab00000, 0x000000008ab00000| Untracked 
| 108|0x000000008ac00000, 0x000000008ac00000, 0x000000008ad00000|  0%| F|  |TAMS 0x000000008ac00000, 0x000000008ac00000| Untracked 
| 109|0x000000008ad00000, 0x000000008ad00000, 0x000000008ae00000|  0%| F|  |TAMS 0x000000008ad00000, 0x000000008ad00000| Untracked 
| 110|0x000000008ae00000, 0x000000008ae94e70, 0x000000008af00000| 58%| E|  |TAMS 0x000000008ae00000, 0x000000008ae00000| Complete 
| 111|0x000000008af00000, 0x000000008b000000, 0x000000008b000000|100%| S|CS|TAMS 0x000000008af00000, 0x000000008af00000| Complete 
| 112|0x000000008b000000, 0x000000008b100000, 0x000000008b100000|100%| S|CS|TAMS 0x000000008b000000, 0x000000008b000000| Complete 
| 113|0x000000008b100000, 0x000000008b200000, 0x000000008b200000|100%| E|CS|TAMS 0x000000008b100000, 0x000000008b100000| Complete 
| 114|0x000000008b200000, 0x000000008b300000, 0x000000008b300000|100%| E|CS|TAMS 0x000000008b200000, 0x000000008b200000| Complete 
| 115|0x000000008b300000, 0x000000008b400000, 0x000000008b400000|100%| E|CS|TAMS 0x000000008b300000, 0x000000008b300000| Complete 
| 116|0x000000008b400000, 0x000000008b500000, 0x000000008b500000|100%| E|CS|TAMS 0x000000008b400000, 0x000000008b400000| Complete 
| 117|0x000000008b500000, 0x000000008b600000, 0x000000008b600000|100%| E|CS|TAMS 0x000000008b500000, 0x000000008b500000| Complete 
| 118|0x000000008b600000, 0x000000008b700000, 0x000000008b700000|100%| E|CS|TAMS 0x000000008b600000, 0x000000008b600000| Complete 
| 119|0x000000008b700000, 0x000000008b800000, 0x000000008b800000|100%| E|CS|TAMS 0x000000008b700000, 0x000000008b700000| Complete 
| 120|0x000000008b800000, 0x000000008b900000, 0x000000008b900000|100%| E|CS|TAMS 0x000000008b800000, 0x000000008b800000| Complete 
| 121|0x000000008b900000, 0x000000008ba00000, 0x000000008ba00000|100%| E|CS|TAMS 0x000000008b900000, 0x000000008b900000| Complete 
| 122|0x000000008ba00000, 0x000000008bb00000, 0x000000008bb00000|100%| E|CS|TAMS 0x000000008ba00000, 0x000000008ba00000| Complete 
| 123|0x000000008bb00000, 0x000000008bc00000, 0x000000008bc00000|100%| E|CS|TAMS 0x000000008bb00000, 0x000000008bb00000| Complete 

Card table byte_map: [0x000001e4b3430000,0x000001e4b3810000] _byte_map_base: 0x000001e4b3010000

Marking Bits (Prev, Next): (CMBitMap*) 0x000001e49ebef500, (CMBitMap*) 0x000001e49ebef540
 Prev Bits: [0x000001e4b3bf0000, 0x000001e4b5af0000)
 Next Bits: [0x000001e4b5af0000, 0x000001e4b79f0000)

Polling page: 0x000001e49ec40000

Metaspace:

Usage:
  Non-class:     17.21 MB used.
      Class:      2.08 MB used.
       Both:     19.30 MB used.

Virtual space:
  Non-class space:       64.00 MB reserved,      17.31 MB ( 27%) committed,  1 nodes.
      Class space:        1.00 GB reserved,       2.19 MB ( <1%) committed,  1 nodes.
             Both:        1.06 GB reserved,      19.50 MB (  2%) committed. 

Chunk freelists:
   Non-Class:  13.77 MB
       Class:  13.83 MB
        Both:  27.59 MB

MaxMetaspaceSize: unlimited
CompressedClassSpaceSize: 1.00 GB
Initial GC threshold: 21.00 MB
Current GC threshold: 21.00 MB
CDS: off
MetaspaceReclaimPolicy: balanced
 - commit_granule_bytes: 65536.
 - commit_granule_words: 8192.
 - virtual_space_node_default_size: 8388608.
 - enlarge_chunks_in_place: 1.
 - new_chunks_are_fully_committed: 0.
 - uncommit_free_chunks: 1.
 - use_allocation_guard: 0.
 - handle_deallocations: 1.


Internal statistics:

num_allocs_failed_limit: 0.
num_arena_births: 222.
num_arena_deaths: 0.
num_vsnodes_births: 2.
num_vsnodes_deaths: 0.
num_space_committed: 312.
num_space_uncommitted: 0.
num_chunks_returned_to_freelist: 0.
num_chunks_taken_from_freelist: 493.
num_chunk_merges: 0.
num_chunk_splits: 277.
num_chunks_enlarged: 178.
num_inconsistent_stats: 0.

CodeHeap 'non-profiled nmethods': size=120000Kb used=556Kb max_used=556Kb free=119443Kb
 bounds [0x000001e4ab4f0000, 0x000001e4ab760000, 0x000001e4b2a20000]
CodeHeap 'profiled nmethods': size=120000Kb used=2717Kb max_used=2717Kb free=117282Kb
 bounds [0x000001e4a3a20000, 0x000001e4a3cd0000, 0x000001e4aaf50000]
CodeHeap 'non-nmethods': size=5760Kb used=1210Kb max_used=1252Kb free=4549Kb
 bounds [0x000001e4aaf50000, 0x000001e4ab1c0000, 0x000001e4ab4f0000]
 total_blobs=2051 nmethods=1549 adapters=415
 compilation: enabled
              stopped_count=0, restarted_count=0
 full_count=0

Compilation events (20 events):
Event: 5.462 Thread 0x000001e4ba0b3010 nmethod 1549 0x000001e4ab56d910 code [0x000001e4ab56daa0, 0x000001e4ab56dc48]
Event: 5.467 Thread 0x000001e4ba0b3010 1550       4       java.lang.String::toString (2 bytes)
Event: 5.467 Thread 0x000001e4ba0b3010 nmethod 1550 0x000001e4ab56dd90 code [0x000001e4ab56df00, 0x000001e4ab56df78]
Event: 5.468 Thread 0x000001e4ba0b3010 1551       4       jdk.internal.ref.CleanerFactory::cleaner (4 bytes)
Event: 5.468 Thread 0x000001e4ba0b3010 nmethod 1551 0x000001e4ab56e090 code [0x000001e4ab56e200, 0x000001e4ab56e258]
Event: 5.470 Thread 0x000001e4ba0b3010 1552       4       java.lang.StringLatin1::inflate (34 bytes)
Event: 5.474 Thread 0x000001e4ba0b3010 nmethod 1552 0x000001e4ab56e390 code [0x000001e4ab56e500, 0x000001e4ab56e818]
Event: 5.474 Thread 0x000001e4ba0b3010 1553       4       java.lang.String::replace (42 bytes)
Event: 5.481 Thread 0x000001e4ba0b3010 nmethod 1553 0x000001e4ab56e910 code [0x000001e4ab56eaa0, 0x000001e4ab56f138]
Event: 5.482 Thread 0x000001e4ba0b3010 1556       4       java.util.Objects::requireNonNull (15 bytes)
Event: 5.482 Thread 0x000001e4ba0b3010 nmethod 1556 0x000001e4ab56f490 code [0x000001e4ab56f600, 0x000001e4ab56f678]
Event: 5.485 Thread 0x000001e4ba0b3010 1566       4       java.lang.String::startsWith (138 bytes)
Event: 5.488 Thread 0x000001e4ba0b3010 nmethod 1566 0x000001e4ab56f790 code [0x000001e4ab56f920, 0x000001e4ab56fbd8]
Event: 5.488 Thread 0x000001e4ba0b3010 1567       4       java.util.zip.ZipUtils::CENCOM (9 bytes)
Event: 5.489 Thread 0x000001e4ba0b3010 nmethod 1567 0x000001e4ab56fd90 code [0x000001e4ab56ff00, 0x000001e4ab56ffb8]
Event: 5.489 Thread 0x000001e4ba0b3010 1568       4       java.util.zip.ZipUtils::CENFLG (9 bytes)
Event: 5.489 Thread 0x000001e4ba0b3010 nmethod 1568 0x000001e4ab570090 code [0x000001e4ab570200, 0x000001e4ab5702b8]
Event: 5.503 Thread 0x000001e4ba0b3010 1573       4       jdk.internal.misc.Unsafe::getIntUnaligned (12 bytes)
Event: 5.504 Thread 0x000001e4ba0b3010 nmethod 1573 0x000001e4ab570390 code [0x000001e4ab570500, 0x000001e4ab570598]
Event: 5.504 Thread 0x000001e4ba0b3010 1575       4       java.lang.invoke.MethodType::makeImpl (109 bytes)

GC Heap History (4 events):
Event: 0.773 GC heap before
{Heap before GC invocations=0 (full 0):
 garbage-first heap   total 126976K, used 12288K [0x0000000084000000, 0x0000000100000000)
  region size 1024K, 13 young (13312K), 0 survivors (0K)
 Metaspace       used 11344K, committed 11648K, reserved 1114112K
  class space    used 1131K, committed 1280K, reserved 1048576K
}
Event: 0.778 GC heap after
{Heap after GC invocations=1 (full 0):
 garbage-first heap   total 126976K, used 5487K [0x0000000084000000, 0x0000000100000000)
  region size 1024K, 2 young (2048K), 2 survivors (2048K)
 Metaspace       used 11344K, committed 11648K, reserved 1114112K
  class space    used 1131K, committed 1280K, reserved 1048576K
}
Event: 1.096 GC heap before
{Heap before GC invocations=1 (full 0):
 garbage-first heap   total 126976K, used 15727K [0x0000000084000000, 0x0000000100000000)
  region size 1024K, 13 young (13312K), 2 survivors (2048K)
 Metaspace       used 17149K, committed 17408K, reserved 1114112K
  class space    used 1748K, committed 1856K, reserved 1048576K
}
Event: 1.102 GC heap after
{Heap after GC invocations=2 (full 0):
 garbage-first heap   total 126976K, used 7436K [0x0000000084000000, 0x0000000100000000)
  region size 1024K, 2 young (2048K), 2 survivors (2048K)
 Metaspace       used 17149K, committed 17408K, reserved 1114112K
  class space    used 1748K, committed 1856K, reserved 1048576K
}

Dll operation events (6 events):
Event: 0.008 Loaded shared library C:\Users\Husenappa.M\OneDrive\Desktop\java with selenium\eclipse-java-2023-12-R-win32-x86_64\eclipse\plugins\org.eclipse.justj.openjdk.hotspot.jre.full.win32.x86_64_17.0.9.v20231028-0858\jre\bin\java.dll
Event: 0.126 Loaded shared library C:\Users\Husenappa.M\OneDrive\Desktop\java with selenium\eclipse-java-2023-12-R-win32-x86_64\eclipse\plugins\org.eclipse.justj.openjdk.hotspot.jre.full.win32.x86_64_17.0.9.v20231028-0858\jre\bin\net.dll
Event: 0.127 Loaded shared library C:\Users\Husenappa.M\OneDrive\Desktop\java with selenium\eclipse-java-2023-12-R-win32-x86_64\eclipse\plugins\org.eclipse.justj.openjdk.hotspot.jre.full.win32.x86_64_17.0.9.v20231028-0858\jre\bin\nio.dll
Event: 0.134 Loaded shared library C:\Users\Husenappa.M\OneDrive\Desktop\java with selenium\eclipse-java-2023-12-R-win32-x86_64\eclipse\plugins\org.eclipse.justj.openjdk.hotspot.jre.full.win32.x86_64_17.0.9.v20231028-0858\jre\bin\zip.dll
Event: 0.216 Loaded shared library C:\Users\Husenappa.M\OneDrive\Desktop\java with selenium\eclipse-java-2023-12-R-win32-x86_64\eclipse\plugins\org.eclipse.justj.openjdk.hotspot.jre.full.win32.x86_64_17.0.9.v20231028-0858\jre\bin\jimage.dll
Event: 0.803 Loaded shared library C:\Users\Husenappa.M\OneDrive\Desktop\java with selenium\eclipse-java-2023-12-R-win32-x86_64\eclipse\plugins\org.eclipse.justj.openjdk.hotspot.jre.full.win32.x86_64_17.0.9.v20231028-0858\jre\bin\sunmscapi.dll

Deoptimization events (20 events):
Event: 1.192 Thread 0x000001e4bad2a8c0 DEOPT PACKING pc=0x000001e4ab56b4ac sp=0x000000d63ebfdcc0
Event: 1.192 Thread 0x000001e4bad2a8c0 DEOPT UNPACKING pc=0x000001e4aafaa1a3 sp=0x000000d63ebfdc48 mode 2
Event: 1.192 Thread 0x000001e4bad2a8c0 Uncommon trap: trap_request=0xffffffde fr.pc=0x000001e4ab56b4ac relative=0x000000000000010c
Event: 1.192 Thread 0x000001e4bad2a8c0 Uncommon trap: reason=class_check action=maybe_recompile pc=0x000001e4ab56b4ac method=jdk.internal.misc.Unsafe.allocateUninitializedArray(Ljava/lang/Class;I)Ljava/lang/Object; @ 51 c2
Event: 1.192 Thread 0x000001e4bad2a8c0 DEOPT PACKING pc=0x000001e4ab56b4ac sp=0x000000d63ebfde30
Event: 1.192 Thread 0x000001e4bad2a8c0 DEOPT UNPACKING pc=0x000001e4aafaa1a3 sp=0x000000d63ebfddb8 mode 2
Event: 1.192 Thread 0x000001e4bad2a8c0 Uncommon trap: trap_request=0xffffffde fr.pc=0x000001e4ab56b4ac relative=0x000000000000010c
Event: 1.192 Thread 0x000001e4bad2a8c0 Uncommon trap: reason=class_check action=maybe_recompile pc=0x000001e4ab56b4ac method=jdk.internal.misc.Unsafe.allocateUninitializedArray(Ljava/lang/Class;I)Ljava/lang/Object; @ 51 c2
Event: 1.192 Thread 0x000001e4bad2a8c0 DEOPT PACKING pc=0x000001e4ab56b4ac sp=0x000000d63ebfdda0
Event: 1.192 Thread 0x000001e4bad2a8c0 DEOPT UNPACKING pc=0x000001e4aafaa1a3 sp=0x000000d63ebfdd28 mode 2
Event: 5.470 Thread 0x000001e49eb96d90 Uncommon trap: trap_request=0xffffffde fr.pc=0x000001e4ab547c38 relative=0x0000000000000898
Event: 5.470 Thread 0x000001e49eb96d90 Uncommon trap: reason=class_check action=maybe_recompile pc=0x000001e4ab547c38 method=java.util.HashMap.putVal(ILjava/lang/Object;Ljava/lang/Object;ZZ)Ljava/lang/Object; @ 253 c2
Event: 5.470 Thread 0x000001e49eb96d90 DEOPT PACKING pc=0x000001e4ab547c38 sp=0x000000d63cbfe2e0
Event: 5.470 Thread 0x000001e49eb96d90 DEOPT UNPACKING pc=0x000001e4aafaa1a3 sp=0x000000d63cbfe218 mode 2
Event: 5.470 Thread 0x000001e49eb96d90 DEOPT PACKING pc=0x000001e4a3a4f33e sp=0x000000d63cbfd1a0
Event: 5.470 Thread 0x000001e49eb96d90 DEOPT UNPACKING pc=0x000001e4aafaace3 sp=0x000000d63cbfc618 mode 0
Event: 5.481 Thread 0x000001e49eb96d90 Uncommon trap: trap_request=0xffffff45 fr.pc=0x000001e4ab564168 relative=0x0000000000000e48
Event: 5.481 Thread 0x000001e49eb96d90 Uncommon trap: reason=unstable_if action=reinterpret pc=0x000001e4ab564168 method=java.util.concurrent.ConcurrentHashMap.putVal(Ljava/lang/Object;Ljava/lang/Object;Z)Ljava/lang/Object; @ 231 c2
Event: 5.481 Thread 0x000001e49eb96d90 DEOPT PACKING pc=0x000001e4ab564168 sp=0x000000d63cbfe9f0
Event: 5.481 Thread 0x000001e49eb96d90 DEOPT UNPACKING pc=0x000001e4aafaa1a3 sp=0x000000d63cbfe960 mode 2

Classes unloaded (0 events):
No events

Classes redefined (0 events):
No events

Internal exceptions (20 events):
Event: 0.840 Thread 0x000001e49eb96d90 Exception <a 'sun/nio/fs/WindowsException'{0x000000008bae78e8}> (0x000000008bae78e8) 
thrown [s\src\hotspot\share\prims\jni.cpp, line 516]
Event: 0.848 Thread 0x000001e49eb96d90 Exception <a 'java/lang/NoSuchMethodError'{0x000000008b90bb88}: 'int java.lang.invoke.DirectMethodHandle$Holder.invokeStaticInit(java.lang.Object, java.lang.Object, java.lang.Object, java.lang.Object)'> (0x000000008b90bb88) 
thrown [s\src\hotspot\share\interpreter\linkResolver.cpp, line 759]
Event: 0.849 Thread 0x000001e49eb96d90 Exception <a 'java/lang/IncompatibleClassChangeError'{0x000000008b914d30}: Found class java.lang.Object, but interface was expected> (0x000000008b914d30) 
thrown [s\src\hotspot\share\interpreter\linkResolver.cpp, line 826]
Event: 0.943 Thread 0x000001e49eb96d90 Exception <a 'java/lang/NoSuchMethodError'{0x000000008b317138}: 'java.lang.Object java.lang.invoke.DirectMethodHandle$Holder.invokeStaticInit(java.lang.Object, int, int, int, int)'> (0x000000008b317138) 
thrown [s\src\hotspot\share\interpreter\linkResolver.cpp, line 759]
Event: 0.964 Thread 0x000001e49eb96d90 Exception <a 'java/lang/NoSuchMethodError'{0x000000008b344878}: 'java.lang.Object java.lang.invoke.DirectMethodHandle$Holder.invokeStaticInit(java.lang.Object, java.lang.Object, int, int, int, int)'> (0x000000008b344878) 
thrown [s\src\hotspot\share\interpreter\linkResolver.cpp, line 759]
Event: 1.025 Thread 0x000001e49eb96d90 Exception <a 'java/lang/NoSuchMethodError'{0x000000008b10d260}: 'java.lang.Object java.lang.invoke.DirectMethodHandle$Holder.invokeInterface(java.lang.Object, java.lang.Object, java.lang.Object)'> (0x000000008b10d260) 
thrown [s\src\hotspot\share\interpreter\linkResolver.cpp, line 759]
Event: 1.026 Thread 0x000001e49eb96d90 Exception <a 'java/lang/IncompatibleClassChangeError'{0x000000008b110928}: Found class java.lang.Object, but interface was expected> (0x000000008b110928) 
thrown [s\src\hotspot\share\interpreter\linkResolver.cpp, line 826]
Event: 1.027 Thread 0x000001e49eb96d90 Exception <a 'java/lang/NoSuchMethodError'{0x000000008b118ba8}: 'int java.lang.invoke.DirectMethodHandle$Holder.invokeSpecialIFC(java.lang.Object, java.lang.Object, java.lang.Object, java.lang.Object)'> (0x000000008b118ba8) 
thrown [s\src\hotspot\share\interpreter\linkResolver.cpp, line 759]
Event: 1.030 Thread 0x000001e49eb96d90 Exception <a 'java/lang/NoSuchMethodError'{0x000000008b13dad0}: 'java.lang.Object java.lang.invoke.DirectMethodHandle$Holder.invokeVirtual(java.lang.Object, java.lang.Object, java.lang.Object, java.lang.Object)'> (0x000000008b13dad0) 
thrown [s\src\hotspot\share\interpreter\linkResolver.cpp, line 759]
Event: 1.050 Thread 0x000001e4bf45d140 Exception <a 'java/net/ConnectException'{0x000000008b1a7ed0}: Connection refused: no further information> (0x000000008b1a7ed0) 
thrown [s\src\hotspot\share\prims\jni.cpp, line 535]
Event: 1.050 Thread 0x000001e4bf45d140 Exception <a 'java/net/SocketException'{0x000000008b1a8208}: Socket is not connected: shutdown> (0x000000008b1a8208) 
thrown [s\src\hotspot\share\prims\jni.cpp, line 535]
Event: 1.116 Thread 0x000001e49eb96d90 Exception <a 'java/lang/NoSuchMethodError'{0x000000008bbb5578}: 'java.lang.Object java.lang.invoke.DirectMethodHandle$Holder.newInvokeSpecial(java.lang.Object, java.lang.Object, int, int)'> (0x000000008bbb5578) 
thrown [s\src\hotspot\share\interpreter\linkResolver.cpp, line 759]
Event: 1.116 Thread 0x000001e49eb96d90 Exception <a 'java/lang/NoSuchMethodError'{0x000000008bbc0060}: 'void java.lang.invoke.DirectMethodHandle$Holder.invokeStatic(java.lang.Object, java.lang.Object, int)'> (0x000000008bbc0060) 
thrown [s\src\hotspot\share\interpreter\linkResolver.cpp, line 759]
Event: 1.129 Thread 0x000001e49eb96d90 Exception <a 'java/lang/NoSuchMethodError'{0x000000008ba3dc80}: 'java.lang.Object java.lang.invoke.DirectMethodHandle$Holder.newInvokeSpecial(java.lang.Object, java.lang.Object, java.lang.Object, java.lang.Object, java.lang.Object)'> (0x000000008ba3dc80) 
thrown [s\src\hotspot\share\interpreter\linkResolver.cpp, line 759]
Event: 1.161 Thread 0x000001e4bad2a8c0 Exception <a 'java/lang/NoSuchMethodError'{0x000000008b89af70}: 'java.lang.Object java.lang.invoke.DirectMethodHandle$Holder.invokeSpecial(java.lang.Object, java.lang.Object, java.lang.Object, java.lang.Object, int)'> (0x000000008b89af70) 
thrown [s\src\hotspot\share\interpreter\linkResolver.cpp, line 759]
Event: 1.162 Thread 0x000001e4bad2a8c0 Exception <a 'java/lang/NoSuchMethodError'{0x000000008b89efb8}: 'java.lang.Object java.lang.invoke.Invokers$Holder.linkToTargetMethod(java.lang.Object, java.lang.Object, int, java.lang.Object)'> (0x000000008b89efb8) 
thrown [s\src\hotspot\share\interpreter\linkResolver.cpp, line 759]
Event: 1.170 Thread 0x000001e4bad2a8c0 Exception <a 'java/lang/NoSuchMethodError'{0x000000008b7403b8}: 'void java.lang.invoke.DirectMethodHandle$Holder.invokeSpecial(java.lang.Object, java.lang.Object, java.lang.Object)'> (0x000000008b7403b8) 
thrown [s\src\hotspot\share\interpreter\linkResolver.cpp, line 759]
Event: 1.178 Thread 0x000001e4bad2a8c0 Exception <a 'java/lang/NoSuchMethodError'{0x000000008b7ec820}: 'void java.lang.invoke.DirectMethodHandle$Holder.invokeSpecial(java.lang.Object, java.lang.Object, java.lang.Object, java.lang.Object, java.lang.Object)'> (0x000000008b7ec820) 
thrown [s\src\hotspot\share\interpreter\linkResolver.cpp, line 759]
Event: 5.454 Thread 0x000001e4bad2a8c0 Exception <a 'java/lang/NoSuchMethodError'{0x000000008b598440}: 'void java.lang.invoke.DirectMethodHandle$Holder.invokeSpecial(java.lang.Object, java.lang.Object, java.lang.Object, java.lang.Object, java.lang.Object, java.lang.Object, java.lang.Object)'> (0x000000008b598440) 
thrown [s\src\hotspot\share\interpreter\linkResolver.cpp, line 759]
Event: 5.466 Thread 0x000001e49eb96d90 Exception <a 'java/lang/NoSuchMethodError'{0x000000008b9e1210}: 'java.lang.Object java.lang.invoke.DirectMethodHandle$Holder.invokeSpecialIFC(java.lang.Object, java.lang.Object, java.lang.Object)'> (0x000000008b9e1210) 
thrown [s\src\hotspot\share\interpreter\linkResolver.cpp, line 759]

VM Operations (20 events):
Event: 0.773 Executing VM operation: G1CollectForAllocation
Event: 0.778 Executing VM operation: G1CollectForAllocation done
Event: 0.788 Executing VM operation: HandshakeAllThreads
Event: 0.788 Executing VM operation: HandshakeAllThreads done
Event: 0.813 Executing VM operation: HandshakeAllThreads
Event: 0.813 Executing VM operation: HandshakeAllThreads done
Event: 0.883 Executing VM operation: HandshakeAllThreads
Event: 0.883 Executing VM operation: HandshakeAllThreads done
Event: 0.969 Executing VM operation: HandshakeAllThreads
Event: 0.969 Executing VM operation: HandshakeAllThreads done
Event: 1.087 Executing VM operation: HandshakeAllThreads
Event: 1.087 Executing VM operation: HandshakeAllThreads done
Event: 1.089 Executing VM operation: HandshakeAllThreads
Event: 1.089 Executing VM operation: HandshakeAllThreads done
Event: 1.096 Executing VM operation: G1CollectForAllocation
Event: 1.102 Executing VM operation: G1CollectForAllocation done
Event: 2.105 Executing VM operation: Cleanup
Event: 2.105 Executing VM operation: Cleanup done
Event: 5.436 Executing VM operation: HandshakeAllThreads
Event: 5.436 Executing VM operation: HandshakeAllThreads done

Events (20 events):
Event: 5.489 Thread 0x000001e4bad29480 Thread added: 0x000001e4bad29480
Event: 5.490 Thread 0x000001e4ba9f6ad0 Thread added: 0x000001e4ba9f6ad0
Event: 5.491 Thread 0x000001e4ba9f1ee0 Thread added: 0x000001e4ba9f1ee0
Event: 5.491 Thread 0x000001e4ba9f60b0 Thread added: 0x000001e4ba9f60b0
Event: 5.494 loading class java/util/concurrent/locks/ReadWriteLock
Event: 5.494 loading class java/util/concurrent/locks/ReadWriteLock done
Event: 5.495 loading class java/util/concurrent/locks/ReentrantReadWriteLock
Event: 5.495 loading class java/util/concurrent/locks/ReentrantReadWriteLock done
Event: 5.495 loading class java/util/concurrent/locks/ReentrantReadWriteLock$FairSync
Event: 5.495 loading class java/util/concurrent/locks/ReentrantReadWriteLock$Sync
Event: 5.495 loading class java/util/concurrent/locks/ReentrantReadWriteLock$Sync done
Event: 5.495 loading class java/util/concurrent/locks/ReentrantReadWriteLock$FairSync done
Event: 5.495 loading class java/util/concurrent/locks/ReentrantReadWriteLock$Sync$ThreadLocalHoldCounter
Event: 5.495 loading class java/util/concurrent/locks/ReentrantReadWriteLock$Sync$ThreadLocalHoldCounter done
Event: 5.495 loading class java/util/concurrent/locks/ReentrantReadWriteLock$ReadLock
Event: 5.495 loading class java/util/concurrent/locks/ReentrantReadWriteLock$ReadLock done
Event: 5.495 loading class java/util/concurrent/locks/ReentrantReadWriteLock$WriteLock
Event: 5.495 loading class java/util/concurrent/locks/ReentrantReadWriteLock$WriteLock done
Event: 5.501 loading class sun/net/www/HeaderParser
Event: 5.501 loading class sun/net/www/HeaderParser done


Dynamic libraries:
0x00007ff77ed80000 - 0x00007ff77ed8e000 	C:\Users\Husenappa.M\OneDrive\Desktop\java with selenium\eclipse-java-2023-12-R-win32-x86_64\eclipse\plugins\org.eclipse.justj.openjdk.hotspot.jre.full.win32.x86_64_17.0.9.v20231028-0858\jre\bin\javaw.exe
0x00007ff8f7880000 - 0x00007ff8f7a8f000 	C:\WINDOWS\SYSTEM32\ntdll.dll
0x00007ff8f6bb0000 - 0x00007ff8f6c6d000 	C:\WINDOWS\System32\KERNEL32.DLL
0x00007ff8f50c0000 - 0x00007ff8f5454000 	C:\WINDOWS\System32\KERNELBASE.dll
0x00007ff8f4fa0000 - 0x00007ff8f50b1000 	C:\WINDOWS\System32\ucrtbase.dll
0x00007ff8f1a70000 - 0x00007ff8f1a87000 	C:\Users\Husenappa.M\OneDrive\Desktop\java with selenium\eclipse-java-2023-12-R-win32-x86_64\eclipse\plugins\org.eclipse.justj.openjdk.hotspot.jre.full.win32.x86_64_17.0.9.v20231028-0858\jre\bin\jli.dll
0x00007ff8f68f0000 - 0x00007ff8f6a9a000 	C:\WINDOWS\System32\USER32.dll
0x00007ff8f4f00000 - 0x00007ff8f4f26000 	C:\WINDOWS\System32\win32u.dll
0x00007ff8f7810000 - 0x00007ff8f7839000 	C:\WINDOWS\System32\GDI32.dll
0x00007ff8f5520000 - 0x00007ff8f5637000 	C:\WINDOWS\System32\gdi32full.dll
0x00007ff8f4d00000 - 0x00007ff8f4d9a000 	C:\WINDOWS\System32\msvcp_win.dll
0x00007ff8f1640000 - 0x00007ff8f165b000 	C:\Users\Husenappa.M\OneDrive\Desktop\java with selenium\eclipse-java-2023-12-R-win32-x86_64\eclipse\plugins\org.eclipse.justj.openjdk.hotspot.jre.full.win32.x86_64_17.0.9.v20231028-0858\jre\bin\VCRUNTIME140.dll
0x00007ff8dbb50000 - 0x00007ff8dbdf1000 	C:\WINDOWS\WinSxS\amd64_microsoft.windows.common-controls_6595b64144ccf1df_6.0.22543.1000_none_25f07d7fa9409c95\COMCTL32.dll
0x00007ff8f5df0000 - 0x00007ff8f5e94000 	C:\WINDOWS\System32\msvcrt.dll
0x00007ff8f68b0000 - 0x00007ff8f68e1000 	C:\WINDOWS\System32\IMM32.DLL
0x00007ff8f1a60000 - 0x00007ff8f1a6c000 	C:\Users\Husenappa.M\OneDrive\Desktop\java with selenium\eclipse-java-2023-12-R-win32-x86_64\eclipse\plugins\org.eclipse.justj.openjdk.hotspot.jre.full.win32.x86_64_17.0.9.v20231028-0858\jre\bin\vcruntime140_1.dll
0x00007ff8d7f80000 - 0x00007ff8d800d000 	C:\Users\Husenappa.M\OneDrive\Desktop\java with selenium\eclipse-java-2023-12-R-win32-x86_64\eclipse\plugins\org.eclipse.justj.openjdk.hotspot.jre.full.win32.x86_64_17.0.9.v20231028-0858\jre\bin\msvcp140.dll
0x00007ff8a2c50000 - 0x00007ff8a38b1000 	C:\Users\Husenappa.M\OneDrive\Desktop\java with selenium\eclipse-java-2023-12-R-win32-x86_64\eclipse\plugins\org.eclipse.justj.openjdk.hotspot.jre.full.win32.x86_64_17.0.9.v20231028-0858\jre\bin\server\jvm.dll
0x00007ff8f6800000 - 0x00007ff8f68ae000 	C:\WINDOWS\System32\ADVAPI32.dll
0x00007ff8f5d40000 - 0x00007ff8f5de5000 	C:\WINDOWS\System32\sechost.dll
0x00007ff8f57e0000 - 0x00007ff8f58ff000 	C:\WINDOWS\System32\RPCRT4.dll
0x00007ff8f45c0000 - 0x00007ff8f460d000 	C:\WINDOWS\SYSTEM32\POWRPROF.dll
0x00007ff8e4da0000 - 0x00007ff8e4da9000 	C:\WINDOWS\SYSTEM32\WSOCK32.dll
0x00007ff8f7570000 - 0x00007ff8f75e1000 	C:\WINDOWS\System32\WS2_32.dll
0x00007ff8e8d50000 - 0x00007ff8e8d84000 	C:\WINDOWS\SYSTEM32\WINMM.dll
0x00007ff8e33e0000 - 0x00007ff8e33ea000 	C:\WINDOWS\SYSTEM32\VERSION.dll
0x00007ff8f45a0000 - 0x00007ff8f45b3000 	C:\WINDOWS\SYSTEM32\UMPDC.dll
0x00007ff8f3d70000 - 0x00007ff8f3d87000 	C:\WINDOWS\SYSTEM32\kernel.appcore.dll
0x00007ff8dc8b0000 - 0x00007ff8dc8ba000 	C:\Users\Husenappa.M\OneDrive\Desktop\java with selenium\eclipse-java-2023-12-R-win32-x86_64\eclipse\plugins\org.eclipse.justj.openjdk.hotspot.jre.full.win32.x86_64_17.0.9.v20231028-0858\jre\bin\jimage.dll
0x00007ff8f2340000 - 0x00007ff8f2564000 	C:\WINDOWS\SYSTEM32\DBGHELP.DLL
0x00007ff8f7140000 - 0x00007ff8f74b1000 	C:\WINDOWS\System32\combase.dll
0x00007ff8f5ac0000 - 0x00007ff8f5b97000 	C:\WINDOWS\System32\OLEAUT32.dll
0x00007ff8ddee0000 - 0x00007ff8ddf11000 	C:\WINDOWS\SYSTEM32\dbgcore.DLL
0x00007ff8f5640000 - 0x00007ff8f56bb000 	C:\WINDOWS\System32\bcryptPrimitives.dll
0x00007ff8d7c30000 - 0x00007ff8d7c55000 	C:\Users\Husenappa.M\OneDrive\Desktop\java with selenium\eclipse-java-2023-12-R-win32-x86_64\eclipse\plugins\org.eclipse.justj.openjdk.hotspot.jre.full.win32.x86_64_17.0.9.v20231028-0858\jre\bin\java.dll
0x00007ff8d80c0000 - 0x00007ff8d80d8000 	C:\Users\Husenappa.M\OneDrive\Desktop\java with selenium\eclipse-java-2023-12-R-win32-x86_64\eclipse\plugins\org.eclipse.justj.openjdk.hotspot.jre.full.win32.x86_64_17.0.9.v20231028-0858\jre\bin\zip.dll
0x00007ff8f6040000 - 0x00007ff8f67fd000 	C:\WINDOWS\System32\SHELL32.dll
0x00007ff8f2da0000 - 0x00007ff8f35f9000 	C:\WINDOWS\SYSTEM32\windows.storage.dll
0x00007ff8f2c60000 - 0x00007ff8f2d9c000 	C:\WINDOWS\SYSTEM32\wintypes.dll
0x00007ff8f6aa0000 - 0x00007ff8f6b91000 	C:\WINDOWS\System32\SHCORE.dll
0x00007ff8f5900000 - 0x00007ff8f595b000 	C:\WINDOWS\System32\shlwapi.dll
0x00007ff8f4c30000 - 0x00007ff8f4c51000 	C:\WINDOWS\SYSTEM32\profapi.dll
0x00007ff8d7910000 - 0x00007ff8d7929000 	C:\Users\Husenappa.M\OneDrive\Desktop\java with selenium\eclipse-java-2023-12-R-win32-x86_64\eclipse\plugins\org.eclipse.justj.openjdk.hotspot.jre.full.win32.x86_64_17.0.9.v20231028-0858\jre\bin\net.dll
0x00007ff8e9b00000 - 0x00007ff8e9c11000 	C:\WINDOWS\SYSTEM32\WINHTTP.dll
0x00007ff8f4200000 - 0x00007ff8f4269000 	C:\WINDOWS\system32\mswsock.dll
0x00007ff8d7850000 - 0x00007ff8d7866000 	C:\Users\Husenappa.M\OneDrive\Desktop\java with selenium\eclipse-java-2023-12-R-win32-x86_64\eclipse\plugins\org.eclipse.justj.openjdk.hotspot.jre.full.win32.x86_64_17.0.9.v20231028-0858\jre\bin\nio.dll
0x00007ff8f3870000 - 0x00007ff8f3966000 	C:\WINDOWS\SYSTEM32\DNSAPI.dll
0x00007ff8f3840000 - 0x00007ff8f386d000 	C:\WINDOWS\SYSTEM32\IPHLPAPI.DLL
0x00007ff8f56c0000 - 0x00007ff8f56c9000 	C:\WINDOWS\System32\NSI.dll
0x00007ff8e3310000 - 0x00007ff8e331a000 	C:\Windows\System32\rasadhlp.dll
0x00007ff8e8b30000 - 0x00007ff8e8bb2000 	C:\WINDOWS\System32\fwpuclnt.dll
0x00007ff8e5010000 - 0x00007ff8e501e000 	C:\Users\Husenappa.M\OneDrive\Desktop\java with selenium\eclipse-java-2023-12-R-win32-x86_64\eclipse\plugins\org.eclipse.justj.openjdk.hotspot.jre.full.win32.x86_64_17.0.9.v20231028-0858\jre\bin\sunmscapi.dll
0x00007ff8f4da0000 - 0x00007ff8f4efc000 	C:\WINDOWS\System32\CRYPT32.dll
0x00007ff8f46a0000 - 0x00007ff8f46ce000 	C:\WINDOWS\SYSTEM32\ncrypt.dll
0x00007ff8f4660000 - 0x00007ff8f4697000 	C:\WINDOWS\SYSTEM32\NTASN1.dll
0x00007ff8f44c0000 - 0x00007ff8f44dc000 	C:\WINDOWS\SYSTEM32\CRYPTSP.dll
0x00007ff8f3cd0000 - 0x00007ff8f3d05000 	C:\WINDOWS\system32\rsaenh.dll
0x00007ff8f4370000 - 0x00007ff8f4397000 	C:\WINDOWS\SYSTEM32\USERENV.dll
0x00007ff8f46d0000 - 0x00007ff8f46f8000 	C:\WINDOWS\SYSTEM32\bcrypt.dll
0x00007ff8f44e0000 - 0x00007ff8f44ec000 	C:\WINDOWS\SYSTEM32\CRYPTBASE.dll
0x00007ff8e9aa0000 - 0x00007ff8e9ab9000 	C:\WINDOWS\SYSTEM32\dhcpcsvc6.DLL
0x00007ff8e9a80000 - 0x00007ff8e9a9f000 	C:\WINDOWS\SYSTEM32\dhcpcsvc.DLL
0x00007ff8d0a10000 - 0x00007ff8d0a18000 	C:\WINDOWS\system32\wshunix.dll

dbghelp: loaded successfully - version: 4.0.5 - missing functions: none
symbol engine: initialized successfully - sym options: 0x614 - pdb path: .;C:\Users\Husenappa.M\OneDrive\Desktop\java with selenium\eclipse-java-2023-12-R-win32-x86_64\eclipse\plugins\org.eclipse.justj.openjdk.hotspot.jre.full.win32.x86_64_17.0.9.v20231028-0858\jre\bin;C:\WINDOWS\SYSTEM32;C:\WINDOWS\WinSxS\amd64_microsoft.windows.common-controls_6595b64144ccf1df_6.0.22543.1000_none_25f07d7fa9409c95;C:\Users\Husenappa.M\OneDrive\Desktop\java with selenium\eclipse-java-2023-12-R-win32-x86_64\eclipse\plugins\org.eclipse.justj.openjdk.hotspot.jre.full.win32.x86_64_17.0.9.v20231028-0858\jre\bin\server

VM Arguments:
jvm_args: -Dfile.encoding=UTF-8 -Dstdout.encoding=UTF-8 -Dstderr.encoding=UTF-8 -XX:+ShowCodeDetailsInExceptionMessages 
java_command: My_Project.Alert_Box
java_class_path (initial): C:\Users\Husenappa.M\OneDrive\Desktop\appu\Training_Day01\target\classes;C:\Users\Husenappa.M\.m2\repository\io\github\bonigarcia\webdrivermanager\5.9.1\webdrivermanager-5.9.1.jar;C:\Users\Husenappa.M\.m2\repository\org\slf4j\slf4j-api\2.0.13\slf4j-api-2.0.13.jar;C:\Users\Husenappa.M\.m2\repository\com\google\code\gson\gson\2.11.0\gson-2.11.0.jar;C:\Users\Husenappa.M\.m2\repository\com\google\errorprone\error_prone_annotations\2.27.0\error_prone_annotations-2.27.0.jar;C:\Users\Husenappa.M\.m2\repository\com\github\docker-java\docker-java\3.3.6\docker-java-3.3.6.jar;C:\Users\Husenappa.M\.m2\repository\com\github\docker-java\docker-java-core\3.3.6\docker-java-core-3.3.6.jar;C:\Users\Husenappa.M\.m2\repository\com\github\docker-java\docker-java-api\3.3.6\docker-java-api-3.3.6.jar;C:\Users\Husenappa.M\.m2\repository\com\fasterxml\jackson\core\jackson-annotations\2.10.3\jackson-annotations-2.10.3.jar;C:\Users\Husenappa.M\.m2\repository\com\fasterxml\jackson\core\jackson-databind\2.10.3\jackson-databind-2.10.3.jar;C:\Users\Husenappa.M\.m2\repository\com\fasterxml\jackson\core\jackson-core\2.10.3\jackson-core-2.10.3.jar;C:\Users\Husenappa.M\.m2\repository\org\slf4j\jcl-over-slf4j\1.7.30\jcl-over-slf4j-1.7.30.jar;C:\Users\Husenappa.M\.m2\repository\com\github\docker-java\docker-java-transport-httpclient5\3.3.6\docker-java-transport-httpclient5-3.3.6.jar;C:\Users\Husenappa.M\.m2\repository\com\github\docker-java\docker-java-transport\3.3.6\docker-java-transport-3.3.6.jar;C:\Users\Husenappa.M\.m2\repository\net\java\dev\jna\jna\5.13.0\jna-5.13.0.jar;C:\Users\Husenappa.M\.m2\repository\org\brotli\dec\0.1.2\dec-0.1.2.jar;C:\Users\Husenappa.M\.m2\repository\org\apache\commons\commons-lang3\3.14.0\commons-lang3-3.14.0.jar;C:\Users\Husenappa.M\.m2\repository\org\apache\commons\commons-compress\1.26.2\commons-compress-1.26.2.jar;C:\Users\Husenappa.M\.m2\repository\org\apache\httpcomponents\client5\httpclient5\5.2.1\httpclient5-5.2.1.jar;C:\Users\Husenap
Launcher Type: SUN_STANDARD

[Global flags]
     intx CICompilerCount                          = 3                                         {product} {ergonomic}
     uint ConcGCThreads                            = 1                                         {product} {ergonomic}
     uint G1ConcRefinementThreads                  = 4                                         {product} {ergonomic}
   size_t G1HeapRegionSize                         = 1048576                                   {product} {ergonomic}
    uintx GCDrainStackTargetSize                   = 64                                        {product} {ergonomic}
   size_t InitialHeapSize                          = 130023424                                 {product} {ergonomic}
   size_t MarkStackSize                            = 4194304                                   {product} {ergonomic}
   size_t MaxHeapSize                              = 2080374784                                {product} {ergonomic}
   size_t MaxNewSize                               = 1247805440                                {product} {ergonomic}
   size_t MinHeapDeltaBytes                        = 1048576                                   {product} {ergonomic}
   size_t MinHeapSize                              = 8388608                                   {product} {ergonomic}
    uintx NonNMethodCodeHeapSize                   = 5832780                                {pd product} {ergonomic}
    uintx NonProfiledCodeHeapSize                  = 122912730                              {pd product} {ergonomic}
    uintx ProfiledCodeHeapSize                     = 122912730                              {pd product} {ergonomic}
    uintx ReservedCodeCacheSize                    = 251658240                              {pd product} {ergonomic}
     bool SegmentedCodeCache                       = true                                      {product} {ergonomic}
     bool ShowCodeDetailsInExceptionMessages       = true                                   {manageable} {command line}
   size_t SoftMaxHeapSize                          = 2080374784                             {manageable} {ergonomic}
     bool UseCompressedClassPointers               = true                           {product lp64_product} {ergonomic}
     bool UseCompressedOops                        = true                           {product lp64_product} {ergonomic}
     bool UseG1GC                                  = true                                      {product} {ergonomic}
     bool UseLargePagesIndividualAllocation        = false                                  {pd product} {ergonomic}

Logging:
Log output configuration:
 #0: stdout all=warning uptime,level,tags
 #1: stderr all=off uptime,level,tags

Environment Variables:
JAVA_HOME=C:\Program Files\Java\jdk-19
PATH=C:/Users/Husenappa.M/OneDrive/Desktop/java with selenium/eclipse-java-2023-12-R-win32-x86_64/eclipse//plugins/org.eclipse.justj.openjdk.hotspot.jre.full.win32.x86_64_17.0.9.v20231028-0858/jre/bin/server;C:/Users/Husenappa.M/OneDrive/Desktop/java with selenium/eclipse-java-2023-12-R-win32-x86_64/eclipse//plugins/org.eclipse.justj.openjdk.hotspot.jre.full.win32.x86_64_17.0.9.v20231028-0858/jre/bin;C:\Program Files\Common Files\Oracle\Java\javapath;C:\WINDOWS\system32;C:\WINDOWS;C:\WINDOWS\System32\Wbem;C:\WINDOWS\System32\WindowsPowerShell\v1.0\;C:\WINDOWS\System32\OpenSSH\;C:\Program Files\dotnet\;c:\Program Files (x86)\Microsoft SQL Server\100\Tools\Binn\;c:\Program Files\Microsoft SQL Server\100\Tools\Binn\;c:\Program Files\Microsoft SQL Server\100\DTS\Binn\;C:\Program Files\Java\jdk-19\bin;C:\apache-maven-3.9.6\bin;C:\Users\Husenappa.M\AppData\Local\Microsoft\WindowsApps;;C:\Users\Husenappa.M\OneDrive\Desktop\java with selenium\eclipse-java-2023-12-R-win32-x86_64\eclipse;
USERNAME=Husenappa.M
OS=Windows_NT
PROCESSOR_IDENTIFIER=Intel64 Family 6 Model 140 Stepping 1, GenuineIntel
TMP=C:\Users\Husenappa.M\AppData\Local\Temp
TEMP=C:\Users\Husenappa.M\AppData\Local\Temp



Periodic native trim disabled


---------------  S Y S T E M  ---------------

OS:
 Windows 11 , 64 bit Build 22543 (10.0.22543.1000)
OS uptime: 1 days 5:31 hours

CPU: total 4 (initial active 4) (2 cores per cpu, 2 threads per core) family 6 model 140 stepping 1 microcode 0x9a, cx8, cmov, fxsr, ht, mmx, 3dnowpref, sse, sse2, sse3, ssse3, sse4.1, sse4.2, popcnt, lzcnt, tsc, tscinvbit, avx, avx2, aes, erms, clmul, bmi1, bmi2, adx, avx512f, avx512dq, avx512cd, avx512bw, avx512vl, sha, fma, vzeroupper, avx512_vpopcntdq, avx512_vpclmulqdq, avx512_vaes, avx512_vnni, clflush, clflushopt, clwb, avx512_vbmi2, avx512_vbmi
Processor Information for all 4 processors :
  Max Mhz: 2995, Current Mhz: 2995, Mhz Limit: 2995

Memory: 4k page, system-wide physical 7930M (678M free)
TotalPageFile size 9218M (AvailPageFile size 5M)
current process WorkingSet (physical memory assigned to process): 97M, peak: 103M
current process commit charge ("private bytes"): 229M, peak: 236M

vm_info: OpenJDK 64-Bit Server VM (17.0.9+9) for windows-amd64 JRE (17.0.9+9), built on Oct 26 2023 14:01:42 by "admin" with MS VC++ 16.10 / 16.11 (VS2019)

END.
