#
# There is insufficient memory for the Java Runtime Environment to continue.
# Native memory allocation (malloc) failed to allocate 1850416 bytes for Chunk::new
# Possible reasons:
#   The system is out of physical RAM or swap space
#   The process is running with CompressedOops enabled, and the Java Heap may be blocking the growth of the native heap
# Possible solutions:
#   Reduce memory load on the system
#   Increase physical memory or swap space
#   Check if swap backing store is full
#   Decrease Java heap size (-Xmx/-Xms)
#   Decrease number of Java threads
#   Decrease Java thread stack sizes (-Xss)
#   Set larger code cache with -XX:ReservedCodeCacheSize=
#   JVM is running with Unscaled Compressed Oops mode in which the Java heap is
#     placed in the first 4GB address space. The Java Heap base address is the
#     maximum limit for the native heap growth. Please use -XX:HeapBaseMinAddress
#     to set the Java Heap base and to place the Java Heap above 4GB virtual address.
# This output file may be truncated or incomplete.
#
#  Out of Memory Error (arena.cpp:191), pid=15756, tid=9788
#
# JRE version: OpenJDK Runtime Environment Temurin-17.0.9+9 (17.0.9+9) (build 17.0.9+9)
# Java VM: OpenJDK 64-Bit Server VM Temurin-17.0.9+9 (17.0.9+9, mixed mode, tiered, compressed oops, compressed class ptrs, g1 gc, windows-amd64)
# No core dump will be written. Minidumps are not enabled by default on client versions of Windows
#

---------------  S U M M A R Y ------------

Command Line: -Dfile.encoding=UTF-8 -Dstdout.encoding=UTF-8 -Dstderr.encoding=UTF-8 -XX:+ShowCodeDetailsInExceptionMessages My_Project.iFrames

Host: 11th Gen Intel(R) Core(TM) i3-1115G4 @ 3.00GHz, 4 cores, 7G,  Windows 11 , 64 bit Build 22543 (10.0.22543.1000)
Time: Fri Jul 19 11:51:39 2024 India Standard Time elapsed time: 2.594105 seconds (0d 0h 0m 2s)

---------------  T H R E A D  ---------------

Current thread (0x00000222c3479b90):  JavaThread "C2 CompilerThread0" daemon [_thread_in_native, id=9788, stack(0x000000d601100000,0x000000d601200000)]


Current CompileTask:
C2:   2594 1662       4       java.lang.invoke.MethodType::makeImpl (109 bytes)

Stack: [0x000000d601100000,0x000000d601200000]
Native frames: (J=compiled Java code, j=interpreted, Vv=VM code, C=native code)
V  [jvm.dll+0x67cf49]
V  [jvm.dll+0x83478a]
V  [jvm.dll+0x83624e]
V  [jvm.dll+0x8368b3]
V  [jvm.dll+0x247f1f]
V  [jvm.dll+0xac43c]
V  [jvm.dll+0xaca8c]
V  [jvm.dll+0x367012]
V  [jvm.dll+0x3313ba]
V  [jvm.dll+0x33085a]
V  [jvm.dll+0x21a5b1]
V  [jvm.dll+0x2199d1]
V  [jvm.dll+0x1a57cd]
V  [jvm.dll+0x2297ae]
V  [jvm.dll+0x22797c]
V  [jvm.dll+0x7e9877]
V  [jvm.dll+0x7e3c3a]
V  [jvm.dll+0x67be35]
C  [ucrtbase.dll+0x293cc]
C  [KERNEL32.DLL+0x11350]
C  [ntdll.dll+0x51dc8]


---------------  P R O C E S S  ---------------

Threads class SMR info:
_java_thread_list=0x00000222c8972140, length=26, elements={
0x00000222a7c3e990, 0x00000222c345dcf0, 0x00000222c345e6b0, 0x00000222c3476330,
0x00000222c3476c00, 0x00000222c34775c0, 0x00000222c3477f80, 0x00000222c3479b90,
0x00000222c347d2a0, 0x00000222c34d77d0, 0x00000222c363e190, 0x00000222c3660790,
0x00000222c8433500, 0x00000222c88305b0, 0x00000222c88ae050, 0x00000222c8874030,
0x00000222c8874510, 0x00000222c8824010, 0x00000222c88f3db0, 0x00000222c88f42c0,
0x00000222c88f4ce0, 0x00000222c88f3390, 0x00000222c88f51f0, 0x00000222c88f47d0,
0x00000222c88f5700, 0x00000222c88f5c10
}

Java Threads: ( => current thread )
  0x00000222a7c3e990 JavaThread "main" [_thread_blocked, id=13916, stack(0x000000d600400000,0x000000d600500000)]
  0x00000222c345dcf0 JavaThread "Reference Handler" daemon [_thread_blocked, id=4648, stack(0x000000d600b00000,0x000000d600c00000)]
  0x00000222c345e6b0 JavaThread "Finalizer" daemon [_thread_blocked, id=13792, stack(0x000000d600c00000,0x000000d600d00000)]
  0x00000222c3476330 JavaThread "Signal Dispatcher" daemon [_thread_blocked, id=12628, stack(0x000000d600d00000,0x000000d600e00000)]
  0x00000222c3476c00 JavaThread "Attach Listener" daemon [_thread_blocked, id=6964, stack(0x000000d600e00000,0x000000d600f00000)]
  0x00000222c34775c0 JavaThread "Service Thread" daemon [_thread_blocked, id=10060, stack(0x000000d600f00000,0x000000d601000000)]
  0x00000222c3477f80 JavaThread "Monitor Deflation Thread" daemon [_thread_blocked, id=8076, stack(0x000000d601000000,0x000000d601100000)]
=>0x00000222c3479b90 JavaThread "C2 CompilerThread0" daemon [_thread_in_native, id=9788, stack(0x000000d601100000,0x000000d601200000)]
  0x00000222c347d2a0 JavaThread "C1 CompilerThread0" daemon [_thread_blocked, id=14472, stack(0x000000d601200000,0x000000d601300000)]
  0x00000222c34d77d0 JavaThread "Sweeper thread" daemon [_thread_blocked, id=11536, stack(0x000000d601300000,0x000000d601400000)]
  0x00000222c363e190 JavaThread "Notification Thread" daemon [_thread_blocked, id=9272, stack(0x000000d601400000,0x000000d601500000)]
  0x00000222c3660790 JavaThread "Common-Cleaner" daemon [_thread_blocked, id=13644, stack(0x000000d601600000,0x000000d601700000)]
  0x00000222c8433500 JavaThread "ForkJoinPool.commonPool-worker-1" daemon [_thread_blocked, id=8548, stack(0x000000d601700000,0x000000d601800000)]
  0x00000222c88305b0 JavaThread "HttpClient-1-SelectorManager" daemon [_thread_in_native, id=8112, stack(0x000000d601d00000,0x000000d601e00000)]
  0x00000222c88ae050 JavaThread "External Process Output Forwarder - C:\Users\Husenappa.M\.cache\selenium\chromedriver\win64\126.0.6478.182\chromedriver.exe" daemon [_thread_in_native, id=2400, stack(0x000000d601e00000,0x000000d601f00000)]
  0x00000222c8874030 JavaThread "Driver Service Executor" daemon [_thread_blocked, id=12732, stack(0x000000d601f00000,0x000000d602000000)]
  0x00000222c8874510 JavaThread "Driver Service Executor" daemon [_thread_in_native, id=7044, stack(0x000000d602000000,0x000000d602100000)]
  0x00000222c8824010 JavaThread "UrlChecker-2" daemon [_thread_blocked, id=8924, stack(0x000000d602100000,0x000000d602200000)]
  0x00000222c88f3db0 JavaThread "Keep-Alive-Timer" daemon [_thread_blocked, id=9176, stack(0x000000d602300000,0x000000d602400000)]
  0x00000222c88f42c0 JavaThread "JdkHttpClient-0-0" daemon [_thread_blocked, id=7440, stack(0x000000d602400000,0x000000d602500000)]
  0x00000222c88f4ce0 JavaThread "JdkHttpClient-0-1" daemon [_thread_blocked, id=15052, stack(0x000000d602500000,0x000000d602600000)]
  0x00000222c88f3390 JavaThread "JdkHttpClient-0-2" daemon [_thread_blocked, id=1468, stack(0x000000d602600000,0x000000d602700000)]
  0x00000222c88f51f0 JavaThread "HttpClient-2-SelectorManager" daemon [_thread_in_native, id=11568, stack(0x000000d601c00000,0x000000d601d00000)]
  0x00000222c88f47d0 JavaThread "JdkHttpClient-1-0" daemon [_thread_blocked, id=14856, stack(0x000000d602700000,0x000000d602800000)]
  0x00000222c88f5700 JavaThread "JdkHttpClient-1-1" daemon [_thread_blocked, id=12796, stack(0x000000d602800000,0x000000d602900000)]
  0x00000222c88f5c10 JavaThread "JdkHttpClient-1-2" daemon [_thread_blocked, id=8716, stack(0x000000d602900000,0x000000d602a00000)]

Other Threads:
  0x00000222c33fe9f0 VMThread "VM Thread" [stack: 0x000000d600a00000,0x000000d600b00000] [id=1580]
  0x00000222c3640680 WatcherThread [stack: 0x000000d601500000,0x000000d601600000] [id=9672]
  0x00000222a9f40c20 GCTaskThread "GC Thread#0" [stack: 0x000000d600500000,0x000000d600600000] [id=14440]
  0x00000222c87a3d90 GCTaskThread "GC Thread#1" [stack: 0x000000d601800000,0x000000d601900000] [id=3196]
  0x00000222c87f2c40 GCTaskThread "GC Thread#2" [stack: 0x000000d601900000,0x000000d601a00000] [id=14516]
  0x00000222c880fc00 GCTaskThread "GC Thread#3" [stack: 0x000000d601a00000,0x000000d601b00000] [id=12876]
  0x00000222a9f51370 ConcurrentGCThread "G1 Main Marker" [stack: 0x000000d600600000,0x000000d600700000] [id=12036]
  0x00000222a9f536a0 ConcurrentGCThread "G1 Conc#0" [stack: 0x000000d600700000,0x000000d600800000] [id=16008]
  0x00000222c32a20c0 ConcurrentGCThread "G1 Refine#0" [stack: 0x000000d600800000,0x000000d600900000] [id=2252]
  0x00000222c386b910 ConcurrentGCThread "G1 Refine#1" [stack: 0x000000d601b00000,0x000000d601c00000] [id=16152]
  0x00000222c32a39a0 ConcurrentGCThread "G1 Service" [stack: 0x000000d600900000,0x000000d600a00000] [id=14248]

Threads with active compile tasks:
C2 CompilerThread0     5129 1662       4       java.lang.invoke.MethodType::makeImpl (109 bytes)

VM state: not at safepoint (normal execution)

VM Mutex/Monitor currently owned by a thread: None

Heap address: 0x0000000084000000, size: 1984 MB, Compressed Oops mode: 32-bit

CDS archive(s) not mapped
Compressed class space mapped at: 0x0000000100000000-0x0000000140000000, reserved size: 1073741824
Narrow klass base: 0x0000000000000000, Narrow klass shift: 3, Narrow klass range: 0x140000000

GC Precious Log:
 CPUs: 4 total, 4 available
 Memory: 7930M
 Large Page Support: Disabled
 NUMA Support: Disabled
 Compressed Oops: Enabled (32-bit)
 Heap Region Size: 1M
 Heap Min Capacity: 8M
 Heap Initial Capacity: 124M
 Heap Max Capacity: 1984M
 Pre-touch: Disabled
 Parallel Workers: 4
 Concurrent Workers: 1
 Concurrent Refinement Workers: 4
 Periodic GC: Disabled

Heap:
 garbage-first heap   total 126976K, used 19014K [0x0000000084000000, 0x0000000100000000)
  region size 1024K, 14 young (14336K), 2 survivors (2048K)
 Metaspace       used 19922K, committed 20224K, reserved 1114112K
  class space    used 2136K, committed 2240K, reserved 1048576K

Heap Regions: E=young(eden), S=young(survivor), O=old, HS=humongous(starts), HC=humongous(continues), CS=collection set, F=free, OA=open archive, CA=closed archive, TAMS=top-at-mark-start (previous, next)
|   0|0x0000000084000000, 0x0000000084100000, 0x0000000084100000|100%| O|  |TAMS 0x0000000084000000, 0x0000000084000000| Untracked 
|   1|0x0000000084100000, 0x0000000084200000, 0x0000000084200000|100%| O|  |TAMS 0x0000000084100000, 0x0000000084100000| Untracked 
|   2|0x0000000084200000, 0x0000000084300000, 0x0000000084300000|100%| O|  |TAMS 0x0000000084200000, 0x0000000084200000| Untracked 
|   3|0x0000000084300000, 0x0000000084400000, 0x0000000084400000|100%| O|  |TAMS 0x0000000084300000, 0x0000000084300000| Untracked 
|   4|0x0000000084400000, 0x0000000084500000, 0x0000000084500000|100%| O|  |TAMS 0x0000000084400000, 0x0000000084400000| Untracked 
|   5|0x0000000084500000, 0x0000000084591800, 0x0000000084600000| 56%| O|  |TAMS 0x0000000084500000, 0x0000000084500000| Untracked 
|   6|0x0000000084600000, 0x0000000084600000, 0x0000000084700000|  0%| F|  |TAMS 0x0000000084600000, 0x0000000084600000| Untracked 
|   7|0x0000000084700000, 0x0000000084700000, 0x0000000084800000|  0%| F|  |TAMS 0x0000000084700000, 0x0000000084700000| Untracked 
|   8|0x0000000084800000, 0x0000000084800000, 0x0000000084900000|  0%| F|  |TAMS 0x0000000084800000, 0x0000000084800000| Untracked 
|   9|0x0000000084900000, 0x0000000084900000, 0x0000000084a00000|  0%| F|  |TAMS 0x0000000084900000, 0x0000000084900000| Untracked 
|  10|0x0000000084a00000, 0x0000000084a00000, 0x0000000084b00000|  0%| F|  |TAMS 0x0000000084a00000, 0x0000000084a00000| Untracked 
|  11|0x0000000084b00000, 0x0000000084b00000, 0x0000000084c00000|  0%| F|  |TAMS 0x0000000084b00000, 0x0000000084b00000| Untracked 
|  12|0x0000000084c00000, 0x0000000084c00000, 0x0000000084d00000|  0%| F|  |TAMS 0x0000000084c00000, 0x0000000084c00000| Untracked 
|  13|0x0000000084d00000, 0x0000000084d00000, 0x0000000084e00000|  0%| F|  |TAMS 0x0000000084d00000, 0x0000000084d00000| Untracked 
|  14|0x0000000084e00000, 0x0000000084e00000, 0x0000000084f00000|  0%| F|  |TAMS 0x0000000084e00000, 0x0000000084e00000| Untracked 
|  15|0x0000000084f00000, 0x0000000084f00000, 0x0000000085000000|  0%| F|  |TAMS 0x0000000084f00000, 0x0000000084f00000| Untracked 
|  16|0x0000000085000000, 0x0000000085000000, 0x0000000085100000|  0%| F|  |TAMS 0x0000000085000000, 0x0000000085000000| Untracked 
|  17|0x0000000085100000, 0x0000000085100000, 0x0000000085200000|  0%| F|  |TAMS 0x0000000085100000, 0x0000000085100000| Untracked 
|  18|0x0000000085200000, 0x0000000085200000, 0x0000000085300000|  0%| F|  |TAMS 0x0000000085200000, 0x0000000085200000| Untracked 
|  19|0x0000000085300000, 0x0000000085300000, 0x0000000085400000|  0%| F|  |TAMS 0x0000000085300000, 0x0000000085300000| Untracked 
|  20|0x0000000085400000, 0x0000000085400000, 0x0000000085500000|  0%| F|  |TAMS 0x0000000085400000, 0x0000000085400000| Untracked 
|  21|0x0000000085500000, 0x0000000085500000, 0x0000000085600000|  0%| F|  |TAMS 0x0000000085500000, 0x0000000085500000| Untracked 
|  22|0x0000000085600000, 0x0000000085600000, 0x0000000085700000|  0%| F|  |TAMS 0x0000000085600000, 0x0000000085600000| Untracked 
|  23|0x0000000085700000, 0x0000000085700000, 0x0000000085800000|  0%| F|  |TAMS 0x0000000085700000, 0x0000000085700000| Untracked 
|  24|0x0000000085800000, 0x0000000085800000, 0x0000000085900000|  0%| F|  |TAMS 0x0000000085800000, 0x0000000085800000| Untracked 
|  25|0x0000000085900000, 0x0000000085900000, 0x0000000085a00000|  0%| F|  |TAMS 0x0000000085900000, 0x0000000085900000| Untracked 
|  26|0x0000000085a00000, 0x0000000085a00000, 0x0000000085b00000|  0%| F|  |TAMS 0x0000000085a00000, 0x0000000085a00000| Untracked 
|  27|0x0000000085b00000, 0x0000000085b00000, 0x0000000085c00000|  0%| F|  |TAMS 0x0000000085b00000, 0x0000000085b00000| Untracked 
|  28|0x0000000085c00000, 0x0000000085c00000, 0x0000000085d00000|  0%| F|  |TAMS 0x0000000085c00000, 0x0000000085c00000| Untracked 
|  29|0x0000000085d00000, 0x0000000085d00000, 0x0000000085e00000|  0%| F|  |TAMS 0x0000000085d00000, 0x0000000085d00000| Untracked 
|  30|0x0000000085e00000, 0x0000000085e00000, 0x0000000085f00000|  0%| F|  |TAMS 0x0000000085e00000, 0x0000000085e00000| Untracked 
|  31|0x0000000085f00000, 0x0000000085f00000, 0x0000000086000000|  0%| F|  |TAMS 0x0000000085f00000, 0x0000000085f00000| Untracked 
|  32|0x0000000086000000, 0x0000000086000000, 0x0000000086100000|  0%| F|  |TAMS 0x0000000086000000, 0x0000000086000000| Untracked 
|  33|0x0000000086100000, 0x0000000086100000, 0x0000000086200000|  0%| F|  |TAMS 0x0000000086100000, 0x0000000086100000| Untracked 
|  34|0x0000000086200000, 0x0000000086200000, 0x0000000086300000|  0%| F|  |TAMS 0x0000000086200000, 0x0000000086200000| Untracked 
|  35|0x0000000086300000, 0x0000000086300000, 0x0000000086400000|  0%| F|  |TAMS 0x0000000086300000, 0x0000000086300000| Untracked 
|  36|0x0000000086400000, 0x0000000086400000, 0x0000000086500000|  0%| F|  |TAMS 0x0000000086400000, 0x0000000086400000| Untracked 
|  37|0x0000000086500000, 0x0000000086500000, 0x0000000086600000|  0%| F|  |TAMS 0x0000000086500000, 0x0000000086500000| Untracked 
|  38|0x0000000086600000, 0x0000000086600000, 0x0000000086700000|  0%| F|  |TAMS 0x0000000086600000, 0x0000000086600000| Untracked 
|  39|0x0000000086700000, 0x0000000086700000, 0x0000000086800000|  0%| F|  |TAMS 0x0000000086700000, 0x0000000086700000| Untracked 
|  40|0x0000000086800000, 0x0000000086800000, 0x0000000086900000|  0%| F|  |TAMS 0x0000000086800000, 0x0000000086800000| Untracked 
|  41|0x0000000086900000, 0x0000000086900000, 0x0000000086a00000|  0%| F|  |TAMS 0x0000000086900000, 0x0000000086900000| Untracked 
|  42|0x0000000086a00000, 0x0000000086a00000, 0x0000000086b00000|  0%| F|  |TAMS 0x0000000086a00000, 0x0000000086a00000| Untracked 
|  43|0x0000000086b00000, 0x0000000086b00000, 0x0000000086c00000|  0%| F|  |TAMS 0x0000000086b00000, 0x0000000086b00000| Untracked 
|  44|0x0000000086c00000, 0x0000000086c00000, 0x0000000086d00000|  0%| F|  |TAMS 0x0000000086c00000, 0x0000000086c00000| Untracked 
|  45|0x0000000086d00000, 0x0000000086d00000, 0x0000000086e00000|  0%| F|  |TAMS 0x0000000086d00000, 0x0000000086d00000| Untracked 
|  46|0x0000000086e00000, 0x0000000086e00000, 0x0000000086f00000|  0%| F|  |TAMS 0x0000000086e00000, 0x0000000086e00000| Untracked 
|  47|0x0000000086f00000, 0x0000000086f00000, 0x0000000087000000|  0%| F|  |TAMS 0x0000000086f00000, 0x0000000086f00000| Untracked 
|  48|0x0000000087000000, 0x0000000087000000, 0x0000000087100000|  0%| F|  |TAMS 0x0000000087000000, 0x0000000087000000| Untracked 
|  49|0x0000000087100000, 0x0000000087100000, 0x0000000087200000|  0%| F|  |TAMS 0x0000000087100000, 0x0000000087100000| Untracked 
|  50|0x0000000087200000, 0x0000000087200000, 0x0000000087300000|  0%| F|  |TAMS 0x0000000087200000, 0x0000000087200000| Untracked 
|  51|0x0000000087300000, 0x0000000087300000, 0x0000000087400000|  0%| F|  |TAMS 0x0000000087300000, 0x0000000087300000| Untracked 
|  52|0x0000000087400000, 0x0000000087400000, 0x0000000087500000|  0%| F|  |TAMS 0x0000000087400000, 0x0000000087400000| Untracked 
|  53|0x0000000087500000, 0x0000000087500000, 0x0000000087600000|  0%| F|  |TAMS 0x0000000087500000, 0x0000000087500000| Untracked 
|  54|0x0000000087600000, 0x0000000087600000, 0x0000000087700000|  0%| F|  |TAMS 0x0000000087600000, 0x0000000087600000| Untracked 
|  55|0x0000000087700000, 0x0000000087700000, 0x0000000087800000|  0%| F|  |TAMS 0x0000000087700000, 0x0000000087700000| Untracked 
|  56|0x0000000087800000, 0x0000000087800000, 0x0000000087900000|  0%| F|  |TAMS 0x0000000087800000, 0x0000000087800000| Untracked 
|  57|0x0000000087900000, 0x0000000087900000, 0x0000000087a00000|  0%| F|  |TAMS 0x0000000087900000, 0x0000000087900000| Untracked 
|  58|0x0000000087a00000, 0x0000000087a00000, 0x0000000087b00000|  0%| F|  |TAMS 0x0000000087a00000, 0x0000000087a00000| Untracked 
|  59|0x0000000087b00000, 0x0000000087b00000, 0x0000000087c00000|  0%| F|  |TAMS 0x0000000087b00000, 0x0000000087b00000| Untracked 
|  60|0x0000000087c00000, 0x0000000087c00000, 0x0000000087d00000|  0%| F|  |TAMS 0x0000000087c00000, 0x0000000087c00000| Untracked 
|  61|0x0000000087d00000, 0x0000000087d00000, 0x0000000087e00000|  0%| F|  |TAMS 0x0000000087d00000, 0x0000000087d00000| Untracked 
|  62|0x0000000087e00000, 0x0000000087e00000, 0x0000000087f00000|  0%| F|  |TAMS 0x0000000087e00000, 0x0000000087e00000| Untracked 
|  63|0x0000000087f00000, 0x0000000087f00000, 0x0000000088000000|  0%| F|  |TAMS 0x0000000087f00000, 0x0000000087f00000| Untracked 
|  64|0x0000000088000000, 0x0000000088000000, 0x0000000088100000|  0%| F|  |TAMS 0x0000000088000000, 0x0000000088000000| Untracked 
|  65|0x0000000088100000, 0x0000000088100000, 0x0000000088200000|  0%| F|  |TAMS 0x0000000088100000, 0x0000000088100000| Untracked 
|  66|0x0000000088200000, 0x0000000088200000, 0x0000000088300000|  0%| F|  |TAMS 0x0000000088200000, 0x0000000088200000| Untracked 
|  67|0x0000000088300000, 0x0000000088300000, 0x0000000088400000|  0%| F|  |TAMS 0x0000000088300000, 0x0000000088300000| Untracked 
|  68|0x0000000088400000, 0x0000000088400000, 0x0000000088500000|  0%| F|  |TAMS 0x0000000088400000, 0x0000000088400000| Untracked 
|  69|0x0000000088500000, 0x0000000088500000, 0x0000000088600000|  0%| F|  |TAMS 0x0000000088500000, 0x0000000088500000| Untracked 
|  70|0x0000000088600000, 0x0000000088600000, 0x0000000088700000|  0%| F|  |TAMS 0x0000000088600000, 0x0000000088600000| Untracked 
|  71|0x0000000088700000, 0x0000000088700000, 0x0000000088800000|  0%| F|  |TAMS 0x0000000088700000, 0x0000000088700000| Untracked 
|  72|0x0000000088800000, 0x0000000088800000, 0x0000000088900000|  0%| F|  |TAMS 0x0000000088800000, 0x0000000088800000| Untracked 
|  73|0x0000000088900000, 0x0000000088900000, 0x0000000088a00000|  0%| F|  |TAMS 0x0000000088900000, 0x0000000088900000| Untracked 
|  74|0x0000000088a00000, 0x0000000088a00000, 0x0000000088b00000|  0%| F|  |TAMS 0x0000000088a00000, 0x0000000088a00000| Untracked 
|  75|0x0000000088b00000, 0x0000000088b00000, 0x0000000088c00000|  0%| F|  |TAMS 0x0000000088b00000, 0x0000000088b00000| Untracked 
|  76|0x0000000088c00000, 0x0000000088c00000, 0x0000000088d00000|  0%| F|  |TAMS 0x0000000088c00000, 0x0000000088c00000| Untracked 
|  77|0x0000000088d00000, 0x0000000088d00000, 0x0000000088e00000|  0%| F|  |TAMS 0x0000000088d00000, 0x0000000088d00000| Untracked 
|  78|0x0000000088e00000, 0x0000000088e00000, 0x0000000088f00000|  0%| F|  |TAMS 0x0000000088e00000, 0x0000000088e00000| Untracked 
|  79|0x0000000088f00000, 0x0000000088f00000, 0x0000000089000000|  0%| F|  |TAMS 0x0000000088f00000, 0x0000000088f00000| Untracked 
|  80|0x0000000089000000, 0x0000000089000000, 0x0000000089100000|  0%| F|  |TAMS 0x0000000089000000, 0x0000000089000000| Untracked 
|  81|0x0000000089100000, 0x0000000089100000, 0x0000000089200000|  0%| F|  |TAMS 0x0000000089100000, 0x0000000089100000| Untracked 
|  82|0x0000000089200000, 0x0000000089200000, 0x0000000089300000|  0%| F|  |TAMS 0x0000000089200000, 0x0000000089200000| Untracked 
|  83|0x0000000089300000, 0x0000000089300000, 0x0000000089400000|  0%| F|  |TAMS 0x0000000089300000, 0x0000000089300000| Untracked 
|  84|0x0000000089400000, 0x0000000089400000, 0x0000000089500000|  0%| F|  |TAMS 0x0000000089400000, 0x0000000089400000| Untracked 
|  85|0x0000000089500000, 0x0000000089500000, 0x0000000089600000|  0%| F|  |TAMS 0x0000000089500000, 0x0000000089500000| Untracked 
|  86|0x0000000089600000, 0x0000000089600000, 0x0000000089700000|  0%| F|  |TAMS 0x0000000089600000, 0x0000000089600000| Untracked 
|  87|0x0000000089700000, 0x0000000089700000, 0x0000000089800000|  0%| F|  |TAMS 0x0000000089700000, 0x0000000089700000| Untracked 
|  88|0x0000000089800000, 0x0000000089800000, 0x0000000089900000|  0%| F|  |TAMS 0x0000000089800000, 0x0000000089800000| Untracked 
|  89|0x0000000089900000, 0x0000000089900000, 0x0000000089a00000|  0%| F|  |TAMS 0x0000000089900000, 0x0000000089900000| Untracked 
|  90|0x0000000089a00000, 0x0000000089a00000, 0x0000000089b00000|  0%| F|  |TAMS 0x0000000089a00000, 0x0000000089a00000| Untracked 
|  91|0x0000000089b00000, 0x0000000089b00000, 0x0000000089c00000|  0%| F|  |TAMS 0x0000000089b00000, 0x0000000089b00000| Untracked 
|  92|0x0000000089c00000, 0x0000000089c00000, 0x0000000089d00000|  0%| F|  |TAMS 0x0000000089c00000, 0x0000000089c00000| Untracked 
|  93|0x0000000089d00000, 0x0000000089d00000, 0x0000000089e00000|  0%| F|  |TAMS 0x0000000089d00000, 0x0000000089d00000| Untracked 
|  94|0x0000000089e00000, 0x0000000089e00000, 0x0000000089f00000|  0%| F|  |TAMS 0x0000000089e00000, 0x0000000089e00000| Untracked 
|  95|0x0000000089f00000, 0x0000000089f00000, 0x000000008a000000|  0%| F|  |TAMS 0x0000000089f00000, 0x0000000089f00000| Untracked 
|  96|0x000000008a000000, 0x000000008a000000, 0x000000008a100000|  0%| F|  |TAMS 0x000000008a000000, 0x000000008a000000| Untracked 
|  97|0x000000008a100000, 0x000000008a100000, 0x000000008a200000|  0%| F|  |TAMS 0x000000008a100000, 0x000000008a100000| Untracked 
|  98|0x000000008a200000, 0x000000008a200000, 0x000000008a300000|  0%| F|  |TAMS 0x000000008a200000, 0x000000008a200000| Untracked 
|  99|0x000000008a300000, 0x000000008a300000, 0x000000008a400000|  0%| F|  |TAMS 0x000000008a300000, 0x000000008a300000| Untracked 
| 100|0x000000008a400000, 0x000000008a400000, 0x000000008a500000|  0%| F|  |TAMS 0x000000008a400000, 0x000000008a400000| Untracked 
| 101|0x000000008a500000, 0x000000008a500000, 0x000000008a600000|  0%| F|  |TAMS 0x000000008a500000, 0x000000008a500000| Untracked 
| 102|0x000000008a600000, 0x000000008a600000, 0x000000008a700000|  0%| F|  |TAMS 0x000000008a600000, 0x000000008a600000| Untracked 
| 103|0x000000008a700000, 0x000000008a700000, 0x000000008a800000|  0%| F|  |TAMS 0x000000008a700000, 0x000000008a700000| Untracked 
| 104|0x000000008a800000, 0x000000008a800000, 0x000000008a900000|  0%| F|  |TAMS 0x000000008a800000, 0x000000008a800000| Untracked 
| 105|0x000000008a900000, 0x000000008a900000, 0x000000008aa00000|  0%| F|  |TAMS 0x000000008a900000, 0x000000008a900000| Untracked 
| 106|0x000000008aa00000, 0x000000008aa00000, 0x000000008ab00000|  0%| F|  |TAMS 0x000000008aa00000, 0x000000008aa00000| Untracked 
| 107|0x000000008ab00000, 0x000000008ab00000, 0x000000008ac00000|  0%| F|  |TAMS 0x000000008ab00000, 0x000000008ab00000| Untracked 
| 108|0x000000008ac00000, 0x000000008ac00000, 0x000000008ad00000|  0%| F|  |TAMS 0x000000008ac00000, 0x000000008ac00000| Untracked 
| 109|0x000000008ad00000, 0x000000008ad00000, 0x000000008ae00000|  0%| F|  |TAMS 0x000000008ad00000, 0x000000008ad00000| Untracked 
| 110|0x000000008ae00000, 0x000000008aed98e0, 0x000000008af00000| 84%| E|  |TAMS 0x000000008ae00000, 0x000000008ae00000| Complete 
| 111|0x000000008af00000, 0x000000008b000000, 0x000000008b000000|100%| S|CS|TAMS 0x000000008af00000, 0x000000008af00000| Complete 
| 112|0x000000008b000000, 0x000000008b100000, 0x000000008b100000|100%| S|CS|TAMS 0x000000008b000000, 0x000000008b000000| Complete 
| 113|0x000000008b100000, 0x000000008b200000, 0x000000008b200000|100%| E|CS|TAMS 0x000000008b100000, 0x000000008b100000| Complete 
| 114|0x000000008b200000, 0x000000008b300000, 0x000000008b300000|100%| E|CS|TAMS 0x000000008b200000, 0x000000008b200000| Complete 
| 115|0x000000008b300000, 0x000000008b400000, 0x000000008b400000|100%| E|CS|TAMS 0x000000008b300000, 0x000000008b300000| Complete 
| 116|0x000000008b400000, 0x000000008b500000, 0x000000008b500000|100%| E|CS|TAMS 0x000000008b400000, 0x000000008b400000| Complete 
| 117|0x000000008b500000, 0x000000008b600000, 0x000000008b600000|100%| E|CS|TAMS 0x000000008b500000, 0x000000008b500000| Complete 
| 118|0x000000008b600000, 0x000000008b700000, 0x000000008b700000|100%| E|CS|TAMS 0x000000008b600000, 0x000000008b600000| Complete 
| 119|0x000000008b700000, 0x000000008b800000, 0x000000008b800000|100%| E|CS|TAMS 0x000000008b700000, 0x000000008b700000| Complete 
| 120|0x000000008b800000, 0x000000008b900000, 0x000000008b900000|100%| E|CS|TAMS 0x000000008b800000, 0x000000008b800000| Complete 
| 121|0x000000008b900000, 0x000000008ba00000, 0x000000008ba00000|100%| E|CS|TAMS 0x000000008b900000, 0x000000008b900000| Complete 
| 122|0x000000008ba00000, 0x000000008bb00000, 0x000000008bb00000|100%| E|CS|TAMS 0x000000008ba00000, 0x000000008ba00000| Complete 
| 123|0x000000008bb00000, 0x000000008bc00000, 0x000000008bc00000|100%| E|CS|TAMS 0x000000008bb00000, 0x000000008bb00000| Complete 

Card table byte_map: [0x00000222bc980000,0x00000222bcd60000] _byte_map_base: 0x00000222bc560000

Marking Bits (Prev, Next): (CMBitMap*) 0x00000222a9f41240, (CMBitMap*) 0x00000222a9f41280
 Prev Bits: [0x00000222bd140000, 0x00000222bf040000)
 Next Bits: [0x00000222bf040000, 0x00000222c0f40000)

Polling page: 0x00000222a7df0000

Metaspace:

Usage:
  Non-class:     17.37 MB used.
      Class:      2.09 MB used.
       Both:     19.46 MB used.

Virtual space:
  Non-class space:       64.00 MB reserved,      17.56 MB ( 27%) committed,  1 nodes.
      Class space:        1.00 GB reserved,       2.19 MB ( <1%) committed,  1 nodes.
             Both:        1.06 GB reserved,      19.75 MB (  2%) committed. 

Chunk freelists:
   Non-Class:  13.73 MB
       Class:  13.84 MB
        Both:  27.58 MB

MaxMetaspaceSize: unlimited
CompressedClassSpaceSize: 1.00 GB
Initial GC threshold: 21.00 MB
Current GC threshold: 21.00 MB
CDS: off
MetaspaceReclaimPolicy: balanced
 - commit_granule_bytes: 65536.
 - commit_granule_words: 8192.
 - virtual_space_node_default_size: 8388608.
 - enlarge_chunks_in_place: 1.
 - new_chunks_are_fully_committed: 0.
 - uncommit_free_chunks: 1.
 - use_allocation_guard: 0.
 - handle_deallocations: 1.


Internal statistics:

num_allocs_failed_limit: 0.
num_arena_births: 222.
num_arena_deaths: 0.
num_vsnodes_births: 2.
num_vsnodes_deaths: 0.
num_space_committed: 316.
num_space_uncommitted: 0.
num_chunks_returned_to_freelist: 0.
num_chunks_taken_from_freelist: 492.
num_chunk_merges: 0.
num_chunk_splits: 279.
num_chunks_enlarged: 178.
num_inconsistent_stats: 0.

CodeHeap 'non-profiled nmethods': size=120000Kb used=532Kb max_used=532Kb free=119467Kb
 bounds [0x00000222b5070000, 0x00000222b52e0000, 0x00000222bc5a0000]
CodeHeap 'profiled nmethods': size=120000Kb used=3179Kb max_used=3179Kb free=116820Kb
 bounds [0x00000222ad5a0000, 0x00000222ad8c0000, 0x00000222b4ad0000]
CodeHeap 'non-nmethods': size=5760Kb used=1212Kb max_used=1229Kb free=4547Kb
 bounds [0x00000222b4ad0000, 0x00000222b4d40000, 0x00000222b5070000]
 total_blobs=2220 nmethods=1717 adapters=415
 compilation: enabled
              stopped_count=0, restarted_count=0
 full_count=0

Compilation events (20 events):
Event: 2.208 Thread 0x00000222c347d2a0 1701       3       java.util.TreeMap::successor (66 bytes)
Event: 2.208 Thread 0x00000222c347d2a0 nmethod 1701 0x00000222ad8b1310 code [0x00000222ad8b14e0, 0x00000222ad8b1858]
Event: 2.208 Thread 0x00000222c347d2a0 1702       3       org.openqa.selenium.SharedCapabilitiesMethods$$Lambda$446/0x0000000100224eb8::compare (12 bytes)
Event: 2.208 Thread 0x00000222c347d2a0 nmethod 1702 0x00000222ad8b1990 code [0x00000222ad8b1b40, 0x00000222ad8b1e48]
Event: 2.208 Thread 0x00000222c347d2a0 1703       3       java.util.TreeMap::addEntry (59 bytes)
Event: 2.208 Thread 0x00000222c347d2a0 nmethod 1703 0x00000222ad8b1f90 code [0x00000222ad8b2160, 0x00000222ad8b2628]
Event: 2.208 Thread 0x00000222c347d2a0 1704       3       sun.net.www.protocol.jar.Handler::indexOfBangSlash (52 bytes)
Event: 2.209 Thread 0x00000222c347d2a0 nmethod 1704 0x00000222ad8b2810 code [0x00000222ad8b2a80, 0x00000222ad8b3578]
Event: 2.209 Thread 0x00000222c347d2a0 1705       3       sun.net.www.protocol.jar.Handler::canonicalizeString (72 bytes)
Event: 2.210 Thread 0x00000222c347d2a0 nmethod 1705 0x00000222ad8b3910 code [0x00000222ad8b3c00, 0x00000222ad8b4a88]
Event: 2.210 Thread 0x00000222c347d2a0 1706       3       java.net.URLStreamHandler::setURL (159 bytes)
Event: 2.211 Thread 0x00000222c347d2a0 nmethod 1706 0x00000222ad8b5010 code [0x00000222ad8b53a0, 0x00000222ad8b6908]
Event: 2.211 Thread 0x00000222c347d2a0 1707       3       java.util.Collection::stream (11 bytes)
Event: 2.211 Thread 0x00000222c347d2a0 nmethod 1707 0x00000222ad8b7190 code [0x00000222ad8b7340, 0x00000222ad8b7538]
Event: 2.212 Thread 0x00000222c347d2a0 1708       3       jdk.internal.misc.Unsafe::getAndAddLong (27 bytes)
Event: 2.212 Thread 0x00000222c347d2a0 nmethod 1708 0x00000222ad8b7610 code [0x00000222ad8b77c0, 0x00000222ad8b7a08]
Event: 2.213 Thread 0x00000222c347d2a0 1710       3       java.util.stream.AbstractPipeline::wrapSink (37 bytes)
Event: 2.213 Thread 0x00000222c347d2a0 nmethod 1710 0x00000222ad8b7b10 code [0x00000222ad8b7ce0, 0x00000222ad8b80d8]
Event: 2.213 Thread 0x00000222c347d2a0 1711       3       java.util.stream.AbstractPipeline::copyInto (54 bytes)
Event: 2.213 Thread 0x00000222c347d2a0 nmethod 1711 0x00000222ad8b8290 code [0x00000222ad8b84c0, 0x00000222ad8b8bb8]

GC Heap History (4 events):
Event: 0.804 GC heap before
{Heap before GC invocations=0 (full 0):
 garbage-first heap   total 126976K, used 12288K [0x0000000084000000, 0x0000000100000000)
  region size 1024K, 13 young (13312K), 0 survivors (0K)
 Metaspace       used 11344K, committed 11584K, reserved 1114112K
  class space    used 1131K, committed 1280K, reserved 1048576K
}
Event: 0.810 GC heap after
{Heap after GC invocations=1 (full 0):
 garbage-first heap   total 126976K, used 5472K [0x0000000084000000, 0x0000000100000000)
  region size 1024K, 2 young (2048K), 2 survivors (2048K)
 Metaspace       used 11344K, committed 11584K, reserved 1114112K
  class space    used 1131K, committed 1280K, reserved 1048576K
}
Event: 1.125 GC heap before
{Heap before GC invocations=1 (full 0):
 garbage-first heap   total 126976K, used 15712K [0x0000000084000000, 0x0000000100000000)
  region size 1024K, 13 young (13312K), 2 survivors (2048K)
 Metaspace       used 17148K, committed 17408K, reserved 1114112K
  class space    used 1748K, committed 1856K, reserved 1048576K
}
Event: 1.129 GC heap after
{Heap after GC invocations=2 (full 0):
 garbage-first heap   total 126976K, used 7750K [0x0000000084000000, 0x0000000100000000)
  region size 1024K, 2 young (2048K), 2 survivors (2048K)
 Metaspace       used 17148K, committed 17408K, reserved 1114112K
  class space    used 1748K, committed 1856K, reserved 1048576K
}

Dll operation events (6 events):
Event: 0.011 Loaded shared library C:\Users\Husenappa.M\OneDrive\Desktop\java with selenium\eclipse-java-2023-12-R-win32-x86_64\eclipse\plugins\org.eclipse.justj.openjdk.hotspot.jre.full.win32.x86_64_17.0.9.v20231028-0858\jre\bin\java.dll
Event: 0.117 Loaded shared library C:\Users\Husenappa.M\OneDrive\Desktop\java with selenium\eclipse-java-2023-12-R-win32-x86_64\eclipse\plugins\org.eclipse.justj.openjdk.hotspot.jre.full.win32.x86_64_17.0.9.v20231028-0858\jre\bin\net.dll
Event: 0.118 Loaded shared library C:\Users\Husenappa.M\OneDrive\Desktop\java with selenium\eclipse-java-2023-12-R-win32-x86_64\eclipse\plugins\org.eclipse.justj.openjdk.hotspot.jre.full.win32.x86_64_17.0.9.v20231028-0858\jre\bin\nio.dll
Event: 0.123 Loaded shared library C:\Users\Husenappa.M\OneDrive\Desktop\java with selenium\eclipse-java-2023-12-R-win32-x86_64\eclipse\plugins\org.eclipse.justj.openjdk.hotspot.jre.full.win32.x86_64_17.0.9.v20231028-0858\jre\bin\zip.dll
Event: 0.203 Loaded shared library C:\Users\Husenappa.M\OneDrive\Desktop\java with selenium\eclipse-java-2023-12-R-win32-x86_64\eclipse\plugins\org.eclipse.justj.openjdk.hotspot.jre.full.win32.x86_64_17.0.9.v20231028-0858\jre\bin\jimage.dll
Event: 0.838 Loaded shared library C:\Users\Husenappa.M\OneDrive\Desktop\java with selenium\eclipse-java-2023-12-R-win32-x86_64\eclipse\plugins\org.eclipse.justj.openjdk.hotspot.jre.full.win32.x86_64_17.0.9.v20231028-0858\jre\bin\sunmscapi.dll

Deoptimization events (20 events):
Event: 1.208 Thread 0x00000222c88305b0 Uncommon trap: reason=class_check action=maybe_recompile pc=0x00000222b50e88ac method=jdk.internal.misc.Unsafe.allocateUninitializedArray(Ljava/lang/Class;I)Ljava/lang/Object; @ 51 c2
Event: 1.208 Thread 0x00000222c88f4ce0 Uncommon trap: reason=class_check action=maybe_recompile pc=0x00000222b50e88ac method=jdk.internal.misc.Unsafe.allocateUninitializedArray(Ljava/lang/Class;I)Ljava/lang/Object; @ 51 c2
Event: 1.208 Thread 0x00000222c88f4ce0 DEOPT PACKING pc=0x00000222b50e88ac sp=0x000000d6025fda50
Event: 1.208 Thread 0x00000222c88305b0 DEOPT PACKING pc=0x00000222b50e88ac sp=0x000000d601dfe550
Event: 1.208 Thread 0x00000222c88f4ce0 DEOPT UNPACKING pc=0x00000222b4b2a1a3 sp=0x000000d6025fd9d8 mode 2
Event: 1.208 Thread 0x00000222c88305b0 DEOPT UNPACKING pc=0x00000222b4b2a1a3 sp=0x000000d601dfe4d8 mode 2
Event: 1.208 Thread 0x00000222c88f4ce0 Uncommon trap: trap_request=0xffffffde fr.pc=0x00000222b50e88ac relative=0x000000000000010c
Event: 1.208 Thread 0x00000222c88305b0 Uncommon trap: trap_request=0xffffffde fr.pc=0x00000222b50e88ac relative=0x000000000000010c
Event: 1.208 Thread 0x00000222c88f4ce0 Uncommon trap: reason=class_check action=maybe_recompile pc=0x00000222b50e88ac method=jdk.internal.misc.Unsafe.allocateUninitializedArray(Ljava/lang/Class;I)Ljava/lang/Object; @ 51 c2
Event: 1.208 Thread 0x00000222c88305b0 Uncommon trap: reason=class_check action=maybe_recompile pc=0x00000222b50e88ac method=jdk.internal.misc.Unsafe.allocateUninitializedArray(Ljava/lang/Class;I)Ljava/lang/Object; @ 51 c2
Event: 1.208 Thread 0x00000222c88f4ce0 DEOPT PACKING pc=0x00000222b50e88ac sp=0x000000d6025fd9e0
Event: 1.208 Thread 0x00000222c88305b0 DEOPT PACKING pc=0x00000222b50e88ac sp=0x000000d601dfe4e0
Event: 1.208 Thread 0x00000222c88305b0 DEOPT UNPACKING pc=0x00000222b4b2a1a3 sp=0x000000d601dfe468 mode 2
Event: 1.208 Thread 0x00000222c88f4ce0 DEOPT UNPACKING pc=0x00000222b4b2a1a3 sp=0x000000d6025fd968 mode 2
Event: 1.965 Thread 0x00000222a7c3e990 Uncommon trap: trap_request=0xffffffde fr.pc=0x00000222b50c8f38 relative=0x0000000000000898
Event: 1.965 Thread 0x00000222a7c3e990 Uncommon trap: reason=class_check action=maybe_recompile pc=0x00000222b50c8f38 method=java.util.HashMap.putVal(ILjava/lang/Object;Ljava/lang/Object;ZZ)Ljava/lang/Object; @ 253 c2
Event: 1.965 Thread 0x00000222a7c3e990 DEOPT PACKING pc=0x00000222b50c8f38 sp=0x000000d6004fe910
Event: 1.965 Thread 0x00000222a7c3e990 DEOPT UNPACKING pc=0x00000222b4b2a1a3 sp=0x000000d6004fe848 mode 2
Event: 1.965 Thread 0x00000222a7c3e990 DEOPT PACKING pc=0x00000222ad5cf5be sp=0x000000d6004fd7e0
Event: 1.965 Thread 0x00000222a7c3e990 DEOPT UNPACKING pc=0x00000222b4b2ace3 sp=0x000000d6004fcc58 mode 0

Classes unloaded (0 events):
No events

Classes redefined (0 events):
No events

Internal exceptions (20 events):
Event: 0.879 Thread 0x00000222a7c3e990 Exception <a 'java/lang/IncompatibleClassChangeError'{0x000000008b913c00}: Found class java.lang.Object, but interface was expected> (0x000000008b913c00) 
thrown [s\src\hotspot\share\interpreter\linkResolver.cpp, line 826]
Event: 0.961 Thread 0x00000222a7c3e990 Exception <a 'java/lang/NoSuchMethodError'{0x000000008b315c80}: 'java.lang.Object java.lang.invoke.DirectMethodHandle$Holder.invokeStaticInit(java.lang.Object, int, int, int, int)'> (0x000000008b315c80) 
thrown [s\src\hotspot\share\interpreter\linkResolver.cpp, line 759]
Event: 0.982 Thread 0x00000222a7c3e990 Exception <a 'java/lang/NoSuchMethodError'{0x000000008b346d40}: 'java.lang.Object java.lang.invoke.DirectMethodHandle$Holder.invokeStaticInit(java.lang.Object, java.lang.Object, int, int, int, int)'> (0x000000008b346d40) 
thrown [s\src\hotspot\share\interpreter\linkResolver.cpp, line 759]
Event: 1.046 Thread 0x00000222a7c3e990 Exception <a 'java/lang/NoSuchMethodError'{0x000000008b10ee50}: 'java.lang.Object java.lang.invoke.DirectMethodHandle$Holder.invokeInterface(java.lang.Object, java.lang.Object, java.lang.Object)'> (0x000000008b10ee50) 
thrown [s\src\hotspot\share\interpreter\linkResolver.cpp, line 759]
Event: 1.046 Thread 0x00000222a7c3e990 Exception <a 'java/lang/IncompatibleClassChangeError'{0x000000008b112518}: Found class java.lang.Object, but interface was expected> (0x000000008b112518) 
thrown [s\src\hotspot\share\interpreter\linkResolver.cpp, line 826]
Event: 1.047 Thread 0x00000222a7c3e990 Exception <a 'java/lang/NoSuchMethodError'{0x000000008b11a798}: 'int java.lang.invoke.DirectMethodHandle$Holder.invokeSpecialIFC(java.lang.Object, java.lang.Object, java.lang.Object, java.lang.Object)'> (0x000000008b11a798) 
thrown [s\src\hotspot\share\interpreter\linkResolver.cpp, line 759]
Event: 1.049 Thread 0x00000222a7c3e990 Exception <a 'java/lang/NoSuchMethodError'{0x000000008b13f2e8}: 'java.lang.Object java.lang.invoke.DirectMethodHandle$Holder.invokeVirtual(java.lang.Object, java.lang.Object, java.lang.Object, java.lang.Object)'> (0x000000008b13f2e8) 
thrown [s\src\hotspot\share\interpreter\linkResolver.cpp, line 759]
Event: 1.062 Thread 0x00000222c8824010 Exception <a 'java/net/ConnectException'{0x000000008b1a7980}: Connection refused: no further information> (0x000000008b1a7980) 
thrown [s\src\hotspot\share\prims\jni.cpp, line 535]
Event: 1.062 Thread 0x00000222c8824010 Exception <a 'java/net/SocketException'{0x000000008b1a7cb8}: Socket is not connected: shutdown> (0x000000008b1a7cb8) 
thrown [s\src\hotspot\share\prims\jni.cpp, line 535]
Event: 1.085 Thread 0x00000222c8824010 Exception <a 'java/net/ConnectException'{0x000000008b1a8c30}: Connection refused: no further information> (0x000000008b1a8c30) 
thrown [s\src\hotspot\share\prims\jni.cpp, line 535]
Event: 1.085 Thread 0x00000222c8824010 Exception <a 'java/net/SocketException'{0x000000008b1a8f68}: Socket is not connected: shutdown> (0x000000008b1a8f68) 
thrown [s\src\hotspot\share\prims\jni.cpp, line 535]
Event: 1.140 Thread 0x00000222a7c3e990 Exception <a 'java/lang/NoSuchMethodError'{0x000000008bbb5590}: 'java.lang.Object java.lang.invoke.DirectMethodHandle$Holder.newInvokeSpecial(java.lang.Object, java.lang.Object, int, int)'> (0x000000008bbb5590) 
thrown [s\src\hotspot\share\interpreter\linkResolver.cpp, line 759]
Event: 1.141 Thread 0x00000222a7c3e990 Exception <a 'java/lang/NoSuchMethodError'{0x000000008bbc0078}: 'void java.lang.invoke.DirectMethodHandle$Holder.invokeStatic(java.lang.Object, java.lang.Object, int)'> (0x000000008bbc0078) 
thrown [s\src\hotspot\share\interpreter\linkResolver.cpp, line 759]
Event: 1.151 Thread 0x00000222a7c3e990 Exception <a 'java/lang/NoSuchMethodError'{0x000000008ba3dc00}: 'java.lang.Object java.lang.invoke.DirectMethodHandle$Holder.newInvokeSpecial(java.lang.Object, java.lang.Object, java.lang.Object, java.lang.Object, java.lang.Object)'> (0x000000008ba3dc00) 
thrown [s\src\hotspot\share\interpreter\linkResolver.cpp, line 759]
Event: 1.183 Thread 0x00000222c88f42c0 Exception <a 'java/lang/NoSuchMethodError'{0x000000008b89af00}: 'java.lang.Object java.lang.invoke.DirectMethodHandle$Holder.invokeSpecial(java.lang.Object, java.lang.Object, java.lang.Object, java.lang.Object, int)'> (0x000000008b89af00) 
thrown [s\src\hotspot\share\interpreter\linkResolver.cpp, line 759]
Event: 1.183 Thread 0x00000222c88f42c0 Exception <a 'java/lang/NoSuchMethodError'{0x000000008b89ed18}: 'java.lang.Object java.lang.invoke.Invokers$Holder.linkToTargetMethod(java.lang.Object, java.lang.Object, int, java.lang.Object)'> (0x000000008b89ed18) 
thrown [s\src\hotspot\share\interpreter\linkResolver.cpp, line 759]
Event: 1.191 Thread 0x00000222c88f42c0 Exception <a 'java/lang/NoSuchMethodError'{0x000000008b740228}: 'void java.lang.invoke.DirectMethodHandle$Holder.invokeSpecial(java.lang.Object, java.lang.Object, java.lang.Object)'> (0x000000008b740228) 
thrown [s\src\hotspot\share\interpreter\linkResolver.cpp, line 759]
Event: 1.198 Thread 0x00000222c88f42c0 Exception <a 'java/lang/NoSuchMethodError'{0x000000008b7ebe50}: 'void java.lang.invoke.DirectMethodHandle$Holder.invokeSpecial(java.lang.Object, java.lang.Object, java.lang.Object, java.lang.Object, java.lang.Object)'> (0x000000008b7ebe50) 
thrown [s\src\hotspot\share\interpreter\linkResolver.cpp, line 759]
Event: 1.946 Thread 0x00000222c88f42c0 Exception <a 'java/lang/NoSuchMethodError'{0x000000008b597ec0}: 'void java.lang.invoke.DirectMethodHandle$Holder.invokeSpecial(java.lang.Object, java.lang.Object, java.lang.Object, java.lang.Object, java.lang.Object, java.lang.Object, java.lang.Object)'> (0x000000008b597ec0) 
thrown [s\src\hotspot\share\interpreter\linkResolver.cpp, line 759]
Event: 1.960 Thread 0x00000222a7c3e990 Exception <a 'java/lang/NoSuchMethodError'{0x000000008b9e12e0}: 'java.lang.Object java.lang.invoke.DirectMethodHandle$Holder.invokeSpecialIFC(java.lang.Object, java.lang.Object, java.lang.Object)'> (0x000000008b9e12e0) 
thrown [s\src\hotspot\share\interpreter\linkResolver.cpp, line 759]

VM Operations (20 events):
Event: 0.764 Executing VM operation: HandshakeAllThreads
Event: 0.764 Executing VM operation: HandshakeAllThreads done
Event: 0.803 Executing VM operation: G1CollectForAllocation
Event: 0.810 Executing VM operation: G1CollectForAllocation done
Event: 0.823 Executing VM operation: HandshakeAllThreads
Event: 0.823 Executing VM operation: HandshakeAllThreads done
Event: 0.847 Executing VM operation: HandshakeAllThreads
Event: 0.847 Executing VM operation: HandshakeAllThreads done
Event: 0.916 Executing VM operation: HandshakeAllThreads
Event: 0.916 Executing VM operation: HandshakeAllThreads done
Event: 0.987 Executing VM operation: HandshakeAllThreads
Event: 0.987 Executing VM operation: HandshakeAllThreads done
Event: 1.117 Executing VM operation: HandshakeAllThreads
Event: 1.118 Executing VM operation: HandshakeAllThreads done
Event: 1.119 Executing VM operation: HandshakeAllThreads
Event: 1.120 Executing VM operation: HandshakeAllThreads done
Event: 1.125 Executing VM operation: G1CollectForAllocation
Event: 1.129 Executing VM operation: G1CollectForAllocation done
Event: 1.926 Executing VM operation: HandshakeAllThreads
Event: 1.926 Executing VM operation: HandshakeAllThreads done

Events (20 events):
Event: 2.123 Thread 0x00000222c88f51f0 Thread added: 0x00000222c88f51f0
Event: 2.124 Thread 0x00000222c88f47d0 Thread added: 0x00000222c88f47d0
Event: 2.128 Thread 0x00000222c88f5700 Thread added: 0x00000222c88f5700
Event: 2.129 Thread 0x00000222c88f5c10 Thread added: 0x00000222c88f5c10
Event: 2.133 loading class java/util/concurrent/locks/ReadWriteLock
Event: 2.133 loading class java/util/concurrent/locks/ReadWriteLock done
Event: 2.135 loading class java/util/concurrent/locks/ReentrantReadWriteLock
Event: 2.136 loading class java/util/concurrent/locks/ReentrantReadWriteLock done
Event: 2.136 loading class java/util/concurrent/locks/ReentrantReadWriteLock$FairSync
Event: 2.136 loading class java/util/concurrent/locks/ReentrantReadWriteLock$Sync
Event: 2.137 loading class java/util/concurrent/locks/ReentrantReadWriteLock$Sync done
Event: 2.137 loading class java/util/concurrent/locks/ReentrantReadWriteLock$FairSync done
Event: 2.137 loading class java/util/concurrent/locks/ReentrantReadWriteLock$Sync$ThreadLocalHoldCounter
Event: 2.137 loading class java/util/concurrent/locks/ReentrantReadWriteLock$Sync$ThreadLocalHoldCounter done
Event: 2.137 loading class java/util/concurrent/locks/ReentrantReadWriteLock$ReadLock
Event: 2.137 loading class java/util/concurrent/locks/ReentrantReadWriteLock$ReadLock done
Event: 2.137 loading class java/util/concurrent/locks/ReentrantReadWriteLock$WriteLock
Event: 2.137 loading class java/util/concurrent/locks/ReentrantReadWriteLock$WriteLock done
Event: 2.149 loading class sun/net/www/HeaderParser
Event: 2.149 loading class sun/net/www/HeaderParser done


Dynamic libraries:
0x00007ff7fc250000 - 0x00007ff7fc25e000 	C:\Users\Husenappa.M\OneDrive\Desktop\java with selenium\eclipse-java-2023-12-R-win32-x86_64\eclipse\plugins\org.eclipse.justj.openjdk.hotspot.jre.full.win32.x86_64_17.0.9.v20231028-0858\jre\bin\javaw.exe
0x00007fffc8dc0000 - 0x00007fffc8fcf000 	C:\WINDOWS\SYSTEM32\ntdll.dll
0x00007fffc70c0000 - 0x00007fffc717d000 	C:\WINDOWS\System32\KERNEL32.DLL
0x00007fffc65b0000 - 0x00007fffc6944000 	C:\WINDOWS\System32\KERNELBASE.dll
0x00007fffc6a40000 - 0x00007fffc6b51000 	C:\WINDOWS\System32\ucrtbase.dll
0x00007fffb4960000 - 0x00007fffb4977000 	C:\Users\Husenappa.M\OneDrive\Desktop\java with selenium\eclipse-java-2023-12-R-win32-x86_64\eclipse\plugins\org.eclipse.justj.openjdk.hotspot.jre.full.win32.x86_64_17.0.9.v20231028-0858\jre\bin\jli.dll
0x00007fffb8ab0000 - 0x00007fffb8acb000 	C:\Users\Husenappa.M\OneDrive\Desktop\java with selenium\eclipse-java-2023-12-R-win32-x86_64\eclipse\plugins\org.eclipse.justj.openjdk.hotspot.jre.full.win32.x86_64_17.0.9.v20231028-0858\jre\bin\VCRUNTIME140.dll
0x00007fffc6f10000 - 0x00007fffc70ba000 	C:\WINDOWS\System32\USER32.dll
0x00007fffc6240000 - 0x00007fffc6266000 	C:\WINDOWS\System32\win32u.dll
0x00007fffc6e00000 - 0x00007fffc6e29000 	C:\WINDOWS\System32\GDI32.dll
0x00007fffc6490000 - 0x00007fffc65a7000 	C:\WINDOWS\System32\gdi32full.dll
0x00007fffad570000 - 0x00007fffad811000 	C:\WINDOWS\WinSxS\amd64_microsoft.windows.common-controls_6595b64144ccf1df_6.0.22543.1000_none_25f07d7fa9409c95\COMCTL32.dll
0x00007fffc6b60000 - 0x00007fffc6bfa000 	C:\WINDOWS\System32\msvcp_win.dll
0x00007fffc6c20000 - 0x00007fffc6cc4000 	C:\WINDOWS\System32\msvcrt.dll
0x00007fffc8d40000 - 0x00007fffc8d71000 	C:\WINDOWS\System32\IMM32.DLL
0x00007fffc21e0000 - 0x00007fffc21ec000 	C:\Users\Husenappa.M\OneDrive\Desktop\java with selenium\eclipse-java-2023-12-R-win32-x86_64\eclipse\plugins\org.eclipse.justj.openjdk.hotspot.jre.full.win32.x86_64_17.0.9.v20231028-0858\jre\bin\vcruntime140_1.dll
0x00007fff98240000 - 0x00007fff982cd000 	C:\Users\Husenappa.M\OneDrive\Desktop\java with selenium\eclipse-java-2023-12-R-win32-x86_64\eclipse\plugins\org.eclipse.justj.openjdk.hotspot.jre.full.win32.x86_64_17.0.9.v20231028-0858\jre\bin\msvcp140.dll
0x00007fff78150000 - 0x00007fff78db1000 	C:\Users\Husenappa.M\OneDrive\Desktop\java with selenium\eclipse-java-2023-12-R-win32-x86_64\eclipse\plugins\org.eclipse.justj.openjdk.hotspot.jre.full.win32.x86_64_17.0.9.v20231028-0858\jre\bin\server\jvm.dll
0x00007fffc8770000 - 0x00007fffc881e000 	C:\WINDOWS\System32\ADVAPI32.dll
0x00007fffc6d50000 - 0x00007fffc6df5000 	C:\WINDOWS\System32\sechost.dll
0x00007fffc89f0000 - 0x00007fffc8b0f000 	C:\WINDOWS\System32\RPCRT4.dll
0x00007fffc5f30000 - 0x00007fffc5f7d000 	C:\WINDOWS\SYSTEM32\POWRPROF.dll
0x00007fffb87d0000 - 0x00007fffb87d9000 	C:\WINDOWS\SYSTEM32\WSOCK32.dll
0x00007fffbf4a0000 - 0x00007fffbf4d4000 	C:\WINDOWS\SYSTEM32\WINMM.dll
0x00007fffc6cd0000 - 0x00007fffc6d41000 	C:\WINDOWS\System32\WS2_32.dll
0x00007fffbb030000 - 0x00007fffbb03a000 	C:\WINDOWS\SYSTEM32\VERSION.dll
0x00007fffc5cc0000 - 0x00007fffc5cd3000 	C:\WINDOWS\SYSTEM32\UMPDC.dll
0x00007fffc52b0000 - 0x00007fffc52c7000 	C:\WINDOWS\SYSTEM32\kernel.appcore.dll
0x00007fffb74d0000 - 0x00007fffb74da000 	C:\Users\Husenappa.M\OneDrive\Desktop\java with selenium\eclipse-java-2023-12-R-win32-x86_64\eclipse\plugins\org.eclipse.justj.openjdk.hotspot.jre.full.win32.x86_64_17.0.9.v20231028-0858\jre\bin\jimage.dll
0x00007fffc2940000 - 0x00007fffc2b64000 	C:\WINDOWS\SYSTEM32\DBGHELP.DLL
0x00007fffc8200000 - 0x00007fffc8571000 	C:\WINDOWS\System32\combase.dll
0x00007fffc6e30000 - 0x00007fffc6f07000 	C:\WINDOWS\System32\OLEAUT32.dll
0x00007fffb38a0000 - 0x00007fffb38d1000 	C:\WINDOWS\SYSTEM32\dbgcore.DLL
0x00007fffc6950000 - 0x00007fffc69cb000 	C:\WINDOWS\System32\bcryptPrimitives.dll
0x00007fffb20d0000 - 0x00007fffb20f5000 	C:\Users\Husenappa.M\OneDrive\Desktop\java with selenium\eclipse-java-2023-12-R-win32-x86_64\eclipse\plugins\org.eclipse.justj.openjdk.hotspot.jre.full.win32.x86_64_17.0.9.v20231028-0858\jre\bin\java.dll
0x00007fffb1f70000 - 0x00007fffb1f88000 	C:\Users\Husenappa.M\OneDrive\Desktop\java with selenium\eclipse-java-2023-12-R-win32-x86_64\eclipse\plugins\org.eclipse.justj.openjdk.hotspot.jre.full.win32.x86_64_17.0.9.v20231028-0858\jre\bin\zip.dll
0x00007fffc7950000 - 0x00007fffc810d000 	C:\WINDOWS\System32\SHELL32.dll
0x00007fffc4250000 - 0x00007fffc4aa9000 	C:\WINDOWS\SYSTEM32\windows.storage.dll
0x00007fffc4110000 - 0x00007fffc424c000 	C:\WINDOWS\SYSTEM32\wintypes.dll
0x00007fffc8670000 - 0x00007fffc8761000 	C:\WINDOWS\System32\SHCORE.dll
0x00007fffc8cd0000 - 0x00007fffc8d2b000 	C:\WINDOWS\System32\shlwapi.dll
0x00007fffc6170000 - 0x00007fffc6191000 	C:\WINDOWS\SYSTEM32\profapi.dll
0x00007fffafd00000 - 0x00007fffafd19000 	C:\Users\Husenappa.M\OneDrive\Desktop\java with selenium\eclipse-java-2023-12-R-win32-x86_64\eclipse\plugins\org.eclipse.justj.openjdk.hotspot.jre.full.win32.x86_64_17.0.9.v20231028-0858\jre\bin\net.dll
0x00007fffbf8a0000 - 0x00007fffbf9b1000 	C:\WINDOWS\SYSTEM32\WINHTTP.dll
0x00007fffc5740000 - 0x00007fffc57a9000 	C:\WINDOWS\system32\mswsock.dll
0x00007fffa0ea0000 - 0x00007fffa0eb6000 	C:\Users\Husenappa.M\OneDrive\Desktop\java with selenium\eclipse-java-2023-12-R-win32-x86_64\eclipse\plugins\org.eclipse.justj.openjdk.hotspot.jre.full.win32.x86_64_17.0.9.v20231028-0858\jre\bin\nio.dll
0x00007fffc4db0000 - 0x00007fffc4ea6000 	C:\WINDOWS\SYSTEM32\DNSAPI.dll
0x00007fffc4d80000 - 0x00007fffc4dad000 	C:\WINDOWS\SYSTEM32\IPHLPAPI.DLL
0x00007fffc89e0000 - 0x00007fffc89e9000 	C:\WINDOWS\System32\NSI.dll
0x00007fffbaa60000 - 0x00007fffbaa6a000 	C:\Windows\System32\rasadhlp.dll
0x00007fffba810000 - 0x00007fffba892000 	C:\WINDOWS\System32\fwpuclnt.dll
0x00007fffc1a50000 - 0x00007fffc1a5e000 	C:\Users\Husenappa.M\OneDrive\Desktop\java with selenium\eclipse-java-2023-12-R-win32-x86_64\eclipse\plugins\org.eclipse.justj.openjdk.hotspot.jre.full.win32.x86_64_17.0.9.v20231028-0858\jre\bin\sunmscapi.dll
0x00007fffc6270000 - 0x00007fffc63cc000 	C:\WINDOWS\System32\CRYPT32.dll
0x00007fffc5b60000 - 0x00007fffc5b8e000 	C:\WINDOWS\SYSTEM32\ncrypt.dll
0x00007fffc5b20000 - 0x00007fffc5b57000 	C:\WINDOWS\SYSTEM32\NTASN1.dll
0x00007fffc5990000 - 0x00007fffc59ac000 	C:\WINDOWS\SYSTEM32\CRYPTSP.dll
0x00007fffc5210000 - 0x00007fffc5245000 	C:\WINDOWS\system32\rsaenh.dll
0x00007fffc5840000 - 0x00007fffc5867000 	C:\WINDOWS\SYSTEM32\USERENV.dll
0x00007fffc5ba0000 - 0x00007fffc5bc8000 	C:\WINDOWS\SYSTEM32\bcrypt.dll
0x00007fffc59b0000 - 0x00007fffc59bc000 	C:\WINDOWS\SYSTEM32\CRYPTBASE.dll
0x00007fffbaa90000 - 0x00007fffbaaa9000 	C:\WINDOWS\SYSTEM32\dhcpcsvc6.DLL
0x00007fffbaa70000 - 0x00007fffbaa8f000 	C:\WINDOWS\SYSTEM32\dhcpcsvc.DLL
0x00007fff87ee0000 - 0x00007fff87ee8000 	C:\WINDOWS\system32\wshunix.dll

dbghelp: loaded successfully - version: 4.0.5 - missing functions: none
symbol engine: initialized successfully - sym options: 0x614 - pdb path: .;C:\Users\Husenappa.M\OneDrive\Desktop\java with selenium\eclipse-java-2023-12-R-win32-x86_64\eclipse\plugins\org.eclipse.justj.openjdk.hotspot.jre.full.win32.x86_64_17.0.9.v20231028-0858\jre\bin;C:\WINDOWS\SYSTEM32;C:\WINDOWS\WinSxS\amd64_microsoft.windows.common-controls_6595b64144ccf1df_6.0.22543.1000_none_25f07d7fa9409c95;C:\Users\Husenappa.M\OneDrive\Desktop\java with selenium\eclipse-java-2023-12-R-win32-x86_64\eclipse\plugins\org.eclipse.justj.openjdk.hotspot.jre.full.win32.x86_64_17.0.9.v20231028-0858\jre\bin\server

VM Arguments:
jvm_args: -Dfile.encoding=UTF-8 -Dstdout.encoding=UTF-8 -Dstderr.encoding=UTF-8 -XX:+ShowCodeDetailsInExceptionMessages 
java_command: My_Project.iFrames
java_class_path (initial): C:\Users\Husenappa.M\OneDrive\Desktop\appu\Training_Day01\target\classes;C:\Users\Husenappa.M\.m2\repository\io\github\bonigarcia\webdrivermanager\5.9.1\webdrivermanager-5.9.1.jar;C:\Users\Husenappa.M\.m2\repository\org\slf4j\slf4j-api\2.0.13\slf4j-api-2.0.13.jar;C:\Users\Husenappa.M\.m2\repository\com\google\code\gson\gson\2.11.0\gson-2.11.0.jar;C:\Users\Husenappa.M\.m2\repository\com\google\errorprone\error_prone_annotations\2.27.0\error_prone_annotations-2.27.0.jar;C:\Users\Husenappa.M\.m2\repository\com\github\docker-java\docker-java\3.3.6\docker-java-3.3.6.jar;C:\Users\Husenappa.M\.m2\repository\com\github\docker-java\docker-java-core\3.3.6\docker-java-core-3.3.6.jar;C:\Users\Husenappa.M\.m2\repository\com\github\docker-java\docker-java-api\3.3.6\docker-java-api-3.3.6.jar;C:\Users\Husenappa.M\.m2\repository\com\fasterxml\jackson\core\jackson-annotations\2.10.3\jackson-annotations-2.10.3.jar;C:\Users\Husenappa.M\.m2\repository\com\fasterxml\jackson\core\jackson-databind\2.10.3\jackson-databind-2.10.3.jar;C:\Users\Husenappa.M\.m2\repository\com\fasterxml\jackson\core\jackson-core\2.10.3\jackson-core-2.10.3.jar;C:\Users\Husenappa.M\.m2\repository\org\slf4j\jcl-over-slf4j\1.7.30\jcl-over-slf4j-1.7.30.jar;C:\Users\Husenappa.M\.m2\repository\com\github\docker-java\docker-java-transport-httpclient5\3.3.6\docker-java-transport-httpclient5-3.3.6.jar;C:\Users\Husenappa.M\.m2\repository\com\github\docker-java\docker-java-transport\3.3.6\docker-java-transport-3.3.6.jar;C:\Users\Husenappa.M\.m2\repository\net\java\dev\jna\jna\5.13.0\jna-5.13.0.jar;C:\Users\Husenappa.M\.m2\repository\org\brotli\dec\0.1.2\dec-0.1.2.jar;C:\Users\Husenappa.M\.m2\repository\org\apache\commons\commons-lang3\3.14.0\commons-lang3-3.14.0.jar;C:\Users\Husenappa.M\.m2\repository\org\apache\commons\commons-compress\1.26.2\commons-compress-1.26.2.jar;C:\Users\Husenappa.M\.m2\repository\org\apache\httpcomponents\client5\httpclient5\5.2.1\httpclient5-5.2.1.jar;C:\Users\Husenap
Launcher Type: SUN_STANDARD

[Global flags]
     intx CICompilerCount                          = 3                                         {product} {ergonomic}
     uint ConcGCThreads                            = 1                                         {product} {ergonomic}
     uint G1ConcRefinementThreads                  = 4                                         {product} {ergonomic}
   size_t G1HeapRegionSize                         = 1048576                                   {product} {ergonomic}
    uintx GCDrainStackTargetSize                   = 64                                        {product} {ergonomic}
   size_t InitialHeapSize                          = 130023424                                 {product} {ergonomic}
   size_t MarkStackSize                            = 4194304                                   {product} {ergonomic}
   size_t MaxHeapSize                              = 2080374784                                {product} {ergonomic}
   size_t MaxNewSize                               = 1247805440                                {product} {ergonomic}
   size_t MinHeapDeltaBytes                        = 1048576                                   {product} {ergonomic}
   size_t MinHeapSize                              = 8388608                                   {product} {ergonomic}
    uintx NonNMethodCodeHeapSize                   = 5832780                                {pd product} {ergonomic}
    uintx NonProfiledCodeHeapSize                  = 122912730                              {pd product} {ergonomic}
    uintx ProfiledCodeHeapSize                     = 122912730                              {pd product} {ergonomic}
    uintx ReservedCodeCacheSize                    = 251658240                              {pd product} {ergonomic}
     bool SegmentedCodeCache                       = true                                      {product} {ergonomic}
     bool ShowCodeDetailsInExceptionMessages       = true                                   {manageable} {command line}
   size_t SoftMaxHeapSize                          = 2080374784                             {manageable} {ergonomic}
     bool UseCompressedClassPointers               = true                           {product lp64_product} {ergonomic}
     bool UseCompressedOops                        = true                           {product lp64_product} {ergonomic}
     bool UseG1GC                                  = true                                      {product} {ergonomic}
     bool UseLargePagesIndividualAllocation        = false                                  {pd product} {ergonomic}

Logging:
Log output configuration:
 #0: stdout all=warning uptime,level,tags
 #1: stderr all=off uptime,level,tags

Environment Variables:
JAVA_HOME=C:\Program Files\Java\jdk-19
PATH=C:/Users/Husenappa.M/OneDrive/Desktop/java with selenium/eclipse-java-2023-12-R-win32-x86_64/eclipse//plugins/org.eclipse.justj.openjdk.hotspot.jre.full.win32.x86_64_17.0.9.v20231028-0858/jre/bin/server;C:/Users/Husenappa.M/OneDrive/Desktop/java with selenium/eclipse-java-2023-12-R-win32-x86_64/eclipse//plugins/org.eclipse.justj.openjdk.hotspot.jre.full.win32.x86_64_17.0.9.v20231028-0858/jre/bin;C:\Program Files\Common Files\Oracle\Java\javapath;C:\WINDOWS\system32;C:\WINDOWS;C:\WINDOWS\System32\Wbem;C:\WINDOWS\System32\WindowsPowerShell\v1.0\;C:\WINDOWS\System32\OpenSSH\;C:\Program Files\dotnet\;c:\Program Files (x86)\Microsoft SQL Server\100\Tools\Binn\;c:\Program Files\Microsoft SQL Server\100\Tools\Binn\;c:\Program Files\Microsoft SQL Server\100\DTS\Binn\;C:\Program Files\Java\jdk-19\bin;C:\apache-maven-3.9.6\bin;C:\Users\Husenappa.M\AppData\Local\Microsoft\WindowsApps;;C:\Users\Husenappa.M\OneDrive\Desktop\java with selenium\eclipse-java-2023-12-R-win32-x86_64\eclipse;
USERNAME=Husenappa.M
OS=Windows_NT
PROCESSOR_IDENTIFIER=Intel64 Family 6 Model 140 Stepping 1, GenuineIntel
TMP=C:\Users\Husenappa.M\AppData\Local\Temp
TEMP=C:\Users\Husenappa.M\AppData\Local\Temp



Periodic native trim disabled


---------------  S Y S T E M  ---------------

OS:
 Windows 11 , 64 bit Build 22543 (10.0.22543.1000)
OS uptime: 1 days 0:20 hours

CPU: total 4 (initial active 4) (2 cores per cpu, 2 threads per core) family 6 model 140 stepping 1 microcode 0x9a, cx8, cmov, fxsr, ht, mmx, 3dnowpref, sse, sse2, sse3, ssse3, sse4.1, sse4.2, popcnt, lzcnt, tsc, tscinvbit, avx, avx2, aes, erms, clmul, bmi1, bmi2, adx, avx512f, avx512dq, avx512cd, avx512bw, avx512vl, sha, fma, vzeroupper, avx512_vpopcntdq, avx512_vpclmulqdq, avx512_vaes, avx512_vnni, clflush, clflushopt, clwb, avx512_vbmi2, avx512_vbmi
Processor Information for all 4 processors :
  Max Mhz: 2995, Current Mhz: 2995, Mhz Limit: 2995

Memory: 4k page, system-wide physical 7930M (733M free)
TotalPageFile size 9218M (AvailPageFile size 18M)
current process WorkingSet (physical memory assigned to process): 94M, peak: 95M
current process commit charge ("private bytes"): 227M, peak: 229M

vm_info: OpenJDK 64-Bit Server VM (17.0.9+9) for windows-amd64 JRE (17.0.9+9), built on Oct 26 2023 14:01:42 by "admin" with MS VC++ 16.10 / 16.11 (VS2019)

END.
