#
# There is insufficient memory for the Java Runtime Environment to continue.
# Native memory allocation (malloc) failed to allocate 1007376 bytes for Chunk::new
# Possible reasons:
#   The system is out of physical RAM or swap space
#   The process is running with CompressedOops enabled, and the Java Heap may be blocking the growth of the native heap
# Possible solutions:
#   Reduce memory load on the system
#   Increase physical memory or swap space
#   Check if swap backing store is full
#   Decrease Java heap size (-Xmx/-Xms)
#   Decrease number of Java threads
#   Decrease Java thread stack sizes (-Xss)
#   Set larger code cache with -XX:ReservedCodeCacheSize=
#   JVM is running with Unscaled Compressed Oops mode in which the Java heap is
#     placed in the first 4GB address space. The Java Heap base address is the
#     maximum limit for the native heap growth. Please use -XX:HeapBaseMinAddress
#     to set the Java Heap base and to place the Java Heap above 4GB virtual address.
# This output file may be truncated or incomplete.
#
#  Out of Memory Error (arena.cpp:191), pid=8764, tid=16676
#
# JRE version: OpenJDK Runtime Environment Temurin-17.0.9+9 (17.0.9+9) (build 17.0.9+9)
# Java VM: OpenJDK 64-Bit Server VM Temurin-17.0.9+9 (17.0.9+9, mixed mode, tiered, compressed oops, compressed class ptrs, g1 gc, windows-amd64)
# No core dump will be written. Minidumps are not enabled by default on client versions of Windows
#

---------------  S U M M A R Y ------------

Command Line: -Dfile.encoding=UTF-8 -Dstdout.encoding=UTF-8 -Dstderr.encoding=UTF-8 -XX:+ShowCodeDetailsInExceptionMessages Project.HandleTextBoxes02

Host: 11th Gen Intel(R) Core(TM) i3-1115G4 @ 3.00GHz, 4 cores, 7G,  Windows 11 , 64 bit Build 22543 (10.0.22543.1000)
Time: Tue Jul  9 15:21:02 2024 India Standard Time elapsed time: 7.392091 seconds (0d 0h 0m 7s)

---------------  T H R E A D  ---------------

Current thread (0x00000258f68e4d80):  JavaThread "C2 CompilerThread0" daemon [_thread_in_native, id=16676, stack(0x000000d2e6d00000,0x000000d2e6e00000)]


Current CompileTask:
C2:   7392 1613       4       java.lang.invoke.MethodType::makeImpl (109 bytes)

Stack: [0x000000d2e6d00000,0x000000d2e6e00000]
Native frames: (J=compiled Java code, j=interpreted, Vv=VM code, C=native code)
V  [jvm.dll+0x67cf49]
V  [jvm.dll+0x83478a]
V  [jvm.dll+0x83624e]
V  [jvm.dll+0x8368b3]
V  [jvm.dll+0x247f1f]
V  [jvm.dll+0xac43c]
V  [jvm.dll+0xaca8c]
V  [jvm.dll+0x367012]
V  [jvm.dll+0x1bd536]
V  [jvm.dll+0x21a709]
V  [jvm.dll+0x2199d1]
V  [jvm.dll+0x1a57cd]
V  [jvm.dll+0x2297ae]
V  [jvm.dll+0x22797c]
V  [jvm.dll+0x7e9877]
V  [jvm.dll+0x7e3c3a]
V  [jvm.dll+0x67be35]
C  [ucrtbase.dll+0x293cc]
C  [KERNEL32.DLL+0x11350]
C  [ntdll.dll+0x51dc8]


---------------  P R O C E S S  ---------------

Threads class SMR info:
_java_thread_list=0x00000258fbc1c1b0, length=25, elements={
0x00000258db407ab0, 0x00000258f68c2110, 0x00000258f68dd020, 0x00000258f691bf60,
0x00000258f691c830, 0x00000258f691d100, 0x00000258f691d9d0, 0x00000258f68e4d80,
0x00000258f68e7aa0, 0x00000258f6950010, 0x00000258f6aa70e0, 0x00000258f6ac5a10,
0x00000258fb3d9e10, 0x00000258fbbfae30, 0x00000258fbce79e0, 0x00000258fbccd030,
0x00000258fbc446a0, 0x00000258fbdc7160, 0x00000258fbdd3ec0, 0x00000258fbdd4df0,
0x00000258fbdd48e0, 0x00000258fbdd43d0, 0x00000258fbdd2570, 0x00000258fbdd5d20,
0x00000258fbdd5300
}

Java Threads: ( => current thread )
  0x00000258db407ab0 JavaThread "Forwarding get on session 60cbf14608cb57bc60b8a9b85127fbe0 to remote" [_thread_blocked, id=11348, stack(0x000000d2e6000000,0x000000d2e6100000)]
  0x00000258f68c2110 JavaThread "Reference Handler" daemon [_thread_blocked, id=3024, stack(0x000000d2e6700000,0x000000d2e6800000)]
  0x00000258f68dd020 JavaThread "Finalizer" daemon [_thread_blocked, id=16840, stack(0x000000d2e6800000,0x000000d2e6900000)]
  0x00000258f691bf60 JavaThread "Signal Dispatcher" daemon [_thread_blocked, id=492, stack(0x000000d2e6900000,0x000000d2e6a00000)]
  0x00000258f691c830 JavaThread "Attach Listener" daemon [_thread_blocked, id=13376, stack(0x000000d2e6a00000,0x000000d2e6b00000)]
  0x00000258f691d100 JavaThread "Service Thread" daemon [_thread_blocked, id=5208, stack(0x000000d2e6b00000,0x000000d2e6c00000)]
  0x00000258f691d9d0 JavaThread "Monitor Deflation Thread" daemon [_thread_blocked, id=5480, stack(0x000000d2e6c00000,0x000000d2e6d00000)]
=>0x00000258f68e4d80 JavaThread "C2 CompilerThread0" daemon [_thread_in_native, id=16676, stack(0x000000d2e6d00000,0x000000d2e6e00000)]
  0x00000258f68e7aa0 JavaThread "C1 CompilerThread0" daemon [_thread_blocked, id=6104, stack(0x000000d2e6e00000,0x000000d2e6f00000)]
  0x00000258f6950010 JavaThread "Sweeper thread" daemon [_thread_blocked, id=1052, stack(0x000000d2e6f00000,0x000000d2e7000000)]
  0x00000258f6aa70e0 JavaThread "Notification Thread" daemon [_thread_blocked, id=6620, stack(0x000000d2e7000000,0x000000d2e7100000)]
  0x00000258f6ac5a10 JavaThread "Common-Cleaner" daemon [_thread_blocked, id=11616, stack(0x000000d2e7200000,0x000000d2e7300000)]
  0x00000258fb3d9e10 JavaThread "ForkJoinPool.commonPool-worker-1" daemon [_thread_blocked, id=15416, stack(0x000000d2e7300000,0x000000d2e7400000)]
  0x00000258fbbfae30 JavaThread "HttpClient-1-SelectorManager" daemon [_thread_in_native, id=2124, stack(0x000000d2e7700000,0x000000d2e7800000)]
  0x00000258fbce79e0 JavaThread "External Process Output Forwarder - C:\Users\Husenappa.M\.cache\selenium\chromedriver\win64\126.0.6478.126\chromedriver.exe" daemon [_thread_in_native, id=9432, stack(0x000000d2e7800000,0x000000d2e7900000)]
  0x00000258fbccd030 JavaThread "Driver Service Executor" daemon [_thread_blocked, id=7252, stack(0x000000d2e7900000,0x000000d2e7a00000)]
  0x00000258fbc446a0 JavaThread "Driver Service Executor" daemon [_thread_in_native, id=16456, stack(0x000000d2e7a00000,0x000000d2e7b00000)]
  0x00000258fbdc7160 JavaThread "UrlChecker-2" daemon [_thread_blocked, id=15480, stack(0x000000d2e7b00000,0x000000d2e7c00000)]
  0x00000258fbdd3ec0 JavaThread "JdkHttpClient-0-0" daemon [_thread_blocked, id=12192, stack(0x000000d2e7e00000,0x000000d2e7f00000)]
  0x00000258fbdd4df0 JavaThread "JdkHttpClient-0-1" daemon [_thread_blocked, id=13120, stack(0x000000d2e7f00000,0x000000d2e8000000)]
  0x00000258fbdd48e0 JavaThread "JdkHttpClient-0-2" daemon [_thread_blocked, id=11300, stack(0x000000d2e8000000,0x000000d2e8100000)]
  0x00000258fbdd43d0 JavaThread "HttpClient-2-SelectorManager" daemon [_thread_in_native, id=16388, stack(0x000000d2e7d00000,0x000000d2e7e00000)]
  0x00000258fbdd2570 JavaThread "JdkHttpClient-1-0" daemon [_thread_blocked, id=3332, stack(0x000000d2e8100000,0x000000d2e8200000)]
  0x00000258fbdd5d20 JavaThread "JdkHttpClient-1-1" daemon [_thread_blocked, id=4000, stack(0x000000d2e8200000,0x000000d2e8300000)]
  0x00000258fbdd5300 JavaThread "JdkHttpClient-1-2" daemon [_thread_blocked, id=12572, stack(0x000000d2e8300000,0x000000d2e8400000)]

Other Threads:
  0x00000258f68bf650 VMThread "VM Thread" [stack: 0x000000d2e6600000,0x000000d2e6700000] [id=8668]
  0x00000258f6aa9fe0 WatcherThread [stack: 0x000000d2e7100000,0x000000d2e7200000] [id=14960]
  0x00000258db462220 GCTaskThread "GC Thread#0" [stack: 0x000000d2e6100000,0x000000d2e6200000] [id=9164]
  0x00000258fb7f8510 GCTaskThread "GC Thread#1" [stack: 0x000000d2e7400000,0x000000d2e7500000] [id=4940]
  0x00000258fb7be560 GCTaskThread "GC Thread#2" [stack: 0x000000d2e7500000,0x000000d2e7600000] [id=7264]
  0x00000258fb7be820 GCTaskThread "GC Thread#3" [stack: 0x000000d2e7600000,0x000000d2e7700000] [id=12236]
  0x00000258db473170 ConcurrentGCThread "G1 Main Marker" [stack: 0x000000d2e6200000,0x000000d2e6300000] [id=12544]
  0x00000258db474aa0 ConcurrentGCThread "G1 Conc#0" [stack: 0x000000d2e6300000,0x000000d2e6400000] [id=9240]
  0x00000258f67220c0 ConcurrentGCThread "G1 Refine#0" [stack: 0x000000d2e6400000,0x000000d2e6500000] [id=14156]
  0x00000258f67238a0 ConcurrentGCThread "G1 Service" [stack: 0x000000d2e6500000,0x000000d2e6600000] [id=11608]

Threads with active compile tasks:
C2 CompilerThread0     8117 1613       4       java.lang.invoke.MethodType::makeImpl (109 bytes)

VM state: not at safepoint (normal execution)

VM Mutex/Monitor currently owned by a thread: None

Heap address: 0x0000000084000000, size: 1984 MB, Compressed Oops mode: 32-bit

CDS archive(s) not mapped
Compressed class space mapped at: 0x0000000100000000-0x0000000140000000, reserved size: 1073741824
Narrow klass base: 0x0000000000000000, Narrow klass shift: 3, Narrow klass range: 0x140000000

GC Precious Log:
 CPUs: 4 total, 4 available
 Memory: 7930M
 Large Page Support: Disabled
 NUMA Support: Disabled
 Compressed Oops: Enabled (32-bit)
 Heap Region Size: 1M
 Heap Min Capacity: 8M
 Heap Initial Capacity: 124M
 Heap Max Capacity: 1984M
 Pre-touch: Disabled
 Parallel Workers: 4
 Concurrent Workers: 1
 Concurrent Refinement Workers: 4
 Periodic GC: Disabled

Heap:
 garbage-first heap   total 126976K, used 16823K [0x0000000084000000, 0x0000000100000000)
  region size 1024K, 13 young (13312K), 2 survivors (2048K)
 Metaspace       used 19846K, committed 20096K, reserved 1114112K
  class space    used 2133K, committed 2240K, reserved 1048576K

Heap Regions: E=young(eden), S=young(survivor), O=old, HS=humongous(starts), HC=humongous(continues), CS=collection set, F=free, OA=open archive, CA=closed archive, TAMS=top-at-mark-start (previous, next)
|   0|0x0000000084000000, 0x0000000084100000, 0x0000000084100000|100%| O|  |TAMS 0x0000000084000000, 0x0000000084000000| Untracked 
|   1|0x0000000084100000, 0x0000000084200000, 0x0000000084200000|100%| O|  |TAMS 0x0000000084100000, 0x0000000084100000| Untracked 
|   2|0x0000000084200000, 0x0000000084300000, 0x0000000084300000|100%| O|  |TAMS 0x0000000084200000, 0x0000000084200000| Untracked 
|   3|0x0000000084300000, 0x0000000084400000, 0x0000000084400000|100%| O|  |TAMS 0x0000000084300000, 0x0000000084300000| Untracked 
|   4|0x0000000084400000, 0x0000000084500000, 0x0000000084500000|100%| O|  |TAMS 0x0000000084400000, 0x0000000084400000| Untracked 
|   5|0x0000000084500000, 0x000000008456de00, 0x0000000084600000| 42%| O|  |TAMS 0x0000000084500000, 0x0000000084500000| Untracked 
|   6|0x0000000084600000, 0x0000000084600000, 0x0000000084700000|  0%| F|  |TAMS 0x0000000084600000, 0x0000000084600000| Untracked 
|   7|0x0000000084700000, 0x0000000084700000, 0x0000000084800000|  0%| F|  |TAMS 0x0000000084700000, 0x0000000084700000| Untracked 
|   8|0x0000000084800000, 0x0000000084800000, 0x0000000084900000|  0%| F|  |TAMS 0x0000000084800000, 0x0000000084800000| Untracked 
|   9|0x0000000084900000, 0x0000000084900000, 0x0000000084a00000|  0%| F|  |TAMS 0x0000000084900000, 0x0000000084900000| Untracked 
|  10|0x0000000084a00000, 0x0000000084a00000, 0x0000000084b00000|  0%| F|  |TAMS 0x0000000084a00000, 0x0000000084a00000| Untracked 
|  11|0x0000000084b00000, 0x0000000084b00000, 0x0000000084c00000|  0%| F|  |TAMS 0x0000000084b00000, 0x0000000084b00000| Untracked 
|  12|0x0000000084c00000, 0x0000000084c00000, 0x0000000084d00000|  0%| F|  |TAMS 0x0000000084c00000, 0x0000000084c00000| Untracked 
|  13|0x0000000084d00000, 0x0000000084d00000, 0x0000000084e00000|  0%| F|  |TAMS 0x0000000084d00000, 0x0000000084d00000| Untracked 
|  14|0x0000000084e00000, 0x0000000084e00000, 0x0000000084f00000|  0%| F|  |TAMS 0x0000000084e00000, 0x0000000084e00000| Untracked 
|  15|0x0000000084f00000, 0x0000000084f00000, 0x0000000085000000|  0%| F|  |TAMS 0x0000000084f00000, 0x0000000084f00000| Untracked 
|  16|0x0000000085000000, 0x0000000085000000, 0x0000000085100000|  0%| F|  |TAMS 0x0000000085000000, 0x0000000085000000| Untracked 
|  17|0x0000000085100000, 0x0000000085100000, 0x0000000085200000|  0%| F|  |TAMS 0x0000000085100000, 0x0000000085100000| Untracked 
|  18|0x0000000085200000, 0x0000000085200000, 0x0000000085300000|  0%| F|  |TAMS 0x0000000085200000, 0x0000000085200000| Untracked 
|  19|0x0000000085300000, 0x0000000085300000, 0x0000000085400000|  0%| F|  |TAMS 0x0000000085300000, 0x0000000085300000| Untracked 
|  20|0x0000000085400000, 0x0000000085400000, 0x0000000085500000|  0%| F|  |TAMS 0x0000000085400000, 0x0000000085400000| Untracked 
|  21|0x0000000085500000, 0x0000000085500000, 0x0000000085600000|  0%| F|  |TAMS 0x0000000085500000, 0x0000000085500000| Untracked 
|  22|0x0000000085600000, 0x0000000085600000, 0x0000000085700000|  0%| F|  |TAMS 0x0000000085600000, 0x0000000085600000| Untracked 
|  23|0x0000000085700000, 0x0000000085700000, 0x0000000085800000|  0%| F|  |TAMS 0x0000000085700000, 0x0000000085700000| Untracked 
|  24|0x0000000085800000, 0x0000000085800000, 0x0000000085900000|  0%| F|  |TAMS 0x0000000085800000, 0x0000000085800000| Untracked 
|  25|0x0000000085900000, 0x0000000085900000, 0x0000000085a00000|  0%| F|  |TAMS 0x0000000085900000, 0x0000000085900000| Untracked 
|  26|0x0000000085a00000, 0x0000000085a00000, 0x0000000085b00000|  0%| F|  |TAMS 0x0000000085a00000, 0x0000000085a00000| Untracked 
|  27|0x0000000085b00000, 0x0000000085b00000, 0x0000000085c00000|  0%| F|  |TAMS 0x0000000085b00000, 0x0000000085b00000| Untracked 
|  28|0x0000000085c00000, 0x0000000085c00000, 0x0000000085d00000|  0%| F|  |TAMS 0x0000000085c00000, 0x0000000085c00000| Untracked 
|  29|0x0000000085d00000, 0x0000000085d00000, 0x0000000085e00000|  0%| F|  |TAMS 0x0000000085d00000, 0x0000000085d00000| Untracked 
|  30|0x0000000085e00000, 0x0000000085e00000, 0x0000000085f00000|  0%| F|  |TAMS 0x0000000085e00000, 0x0000000085e00000| Untracked 
|  31|0x0000000085f00000, 0x0000000085f00000, 0x0000000086000000|  0%| F|  |TAMS 0x0000000085f00000, 0x0000000085f00000| Untracked 
|  32|0x0000000086000000, 0x0000000086000000, 0x0000000086100000|  0%| F|  |TAMS 0x0000000086000000, 0x0000000086000000| Untracked 
|  33|0x0000000086100000, 0x0000000086100000, 0x0000000086200000|  0%| F|  |TAMS 0x0000000086100000, 0x0000000086100000| Untracked 
|  34|0x0000000086200000, 0x0000000086200000, 0x0000000086300000|  0%| F|  |TAMS 0x0000000086200000, 0x0000000086200000| Untracked 
|  35|0x0000000086300000, 0x0000000086300000, 0x0000000086400000|  0%| F|  |TAMS 0x0000000086300000, 0x0000000086300000| Untracked 
|  36|0x0000000086400000, 0x0000000086400000, 0x0000000086500000|  0%| F|  |TAMS 0x0000000086400000, 0x0000000086400000| Untracked 
|  37|0x0000000086500000, 0x0000000086500000, 0x0000000086600000|  0%| F|  |TAMS 0x0000000086500000, 0x0000000086500000| Untracked 
|  38|0x0000000086600000, 0x0000000086600000, 0x0000000086700000|  0%| F|  |TAMS 0x0000000086600000, 0x0000000086600000| Untracked 
|  39|0x0000000086700000, 0x0000000086700000, 0x0000000086800000|  0%| F|  |TAMS 0x0000000086700000, 0x0000000086700000| Untracked 
|  40|0x0000000086800000, 0x0000000086800000, 0x0000000086900000|  0%| F|  |TAMS 0x0000000086800000, 0x0000000086800000| Untracked 
|  41|0x0000000086900000, 0x0000000086900000, 0x0000000086a00000|  0%| F|  |TAMS 0x0000000086900000, 0x0000000086900000| Untracked 
|  42|0x0000000086a00000, 0x0000000086a00000, 0x0000000086b00000|  0%| F|  |TAMS 0x0000000086a00000, 0x0000000086a00000| Untracked 
|  43|0x0000000086b00000, 0x0000000086b00000, 0x0000000086c00000|  0%| F|  |TAMS 0x0000000086b00000, 0x0000000086b00000| Untracked 
|  44|0x0000000086c00000, 0x0000000086c00000, 0x0000000086d00000|  0%| F|  |TAMS 0x0000000086c00000, 0x0000000086c00000| Untracked 
|  45|0x0000000086d00000, 0x0000000086d00000, 0x0000000086e00000|  0%| F|  |TAMS 0x0000000086d00000, 0x0000000086d00000| Untracked 
|  46|0x0000000086e00000, 0x0000000086e00000, 0x0000000086f00000|  0%| F|  |TAMS 0x0000000086e00000, 0x0000000086e00000| Untracked 
|  47|0x0000000086f00000, 0x0000000086f00000, 0x0000000087000000|  0%| F|  |TAMS 0x0000000086f00000, 0x0000000086f00000| Untracked 
|  48|0x0000000087000000, 0x0000000087000000, 0x0000000087100000|  0%| F|  |TAMS 0x0000000087000000, 0x0000000087000000| Untracked 
|  49|0x0000000087100000, 0x0000000087100000, 0x0000000087200000|  0%| F|  |TAMS 0x0000000087100000, 0x0000000087100000| Untracked 
|  50|0x0000000087200000, 0x0000000087200000, 0x0000000087300000|  0%| F|  |TAMS 0x0000000087200000, 0x0000000087200000| Untracked 
|  51|0x0000000087300000, 0x0000000087300000, 0x0000000087400000|  0%| F|  |TAMS 0x0000000087300000, 0x0000000087300000| Untracked 
|  52|0x0000000087400000, 0x0000000087400000, 0x0000000087500000|  0%| F|  |TAMS 0x0000000087400000, 0x0000000087400000| Untracked 
|  53|0x0000000087500000, 0x0000000087500000, 0x0000000087600000|  0%| F|  |TAMS 0x0000000087500000, 0x0000000087500000| Untracked 
|  54|0x0000000087600000, 0x0000000087600000, 0x0000000087700000|  0%| F|  |TAMS 0x0000000087600000, 0x0000000087600000| Untracked 
|  55|0x0000000087700000, 0x0000000087700000, 0x0000000087800000|  0%| F|  |TAMS 0x0000000087700000, 0x0000000087700000| Untracked 
|  56|0x0000000087800000, 0x0000000087800000, 0x0000000087900000|  0%| F|  |TAMS 0x0000000087800000, 0x0000000087800000| Untracked 
|  57|0x0000000087900000, 0x0000000087900000, 0x0000000087a00000|  0%| F|  |TAMS 0x0000000087900000, 0x0000000087900000| Untracked 
|  58|0x0000000087a00000, 0x0000000087a00000, 0x0000000087b00000|  0%| F|  |TAMS 0x0000000087a00000, 0x0000000087a00000| Untracked 
|  59|0x0000000087b00000, 0x0000000087b00000, 0x0000000087c00000|  0%| F|  |TAMS 0x0000000087b00000, 0x0000000087b00000| Untracked 
|  60|0x0000000087c00000, 0x0000000087c00000, 0x0000000087d00000|  0%| F|  |TAMS 0x0000000087c00000, 0x0000000087c00000| Untracked 
|  61|0x0000000087d00000, 0x0000000087d00000, 0x0000000087e00000|  0%| F|  |TAMS 0x0000000087d00000, 0x0000000087d00000| Untracked 
|  62|0x0000000087e00000, 0x0000000087e00000, 0x0000000087f00000|  0%| F|  |TAMS 0x0000000087e00000, 0x0000000087e00000| Untracked 
|  63|0x0000000087f00000, 0x0000000087f00000, 0x0000000088000000|  0%| F|  |TAMS 0x0000000087f00000, 0x0000000087f00000| Untracked 
|  64|0x0000000088000000, 0x0000000088000000, 0x0000000088100000|  0%| F|  |TAMS 0x0000000088000000, 0x0000000088000000| Untracked 
|  65|0x0000000088100000, 0x0000000088100000, 0x0000000088200000|  0%| F|  |TAMS 0x0000000088100000, 0x0000000088100000| Untracked 
|  66|0x0000000088200000, 0x0000000088200000, 0x0000000088300000|  0%| F|  |TAMS 0x0000000088200000, 0x0000000088200000| Untracked 
|  67|0x0000000088300000, 0x0000000088300000, 0x0000000088400000|  0%| F|  |TAMS 0x0000000088300000, 0x0000000088300000| Untracked 
|  68|0x0000000088400000, 0x0000000088400000, 0x0000000088500000|  0%| F|  |TAMS 0x0000000088400000, 0x0000000088400000| Untracked 
|  69|0x0000000088500000, 0x0000000088500000, 0x0000000088600000|  0%| F|  |TAMS 0x0000000088500000, 0x0000000088500000| Untracked 
|  70|0x0000000088600000, 0x0000000088600000, 0x0000000088700000|  0%| F|  |TAMS 0x0000000088600000, 0x0000000088600000| Untracked 
|  71|0x0000000088700000, 0x0000000088700000, 0x0000000088800000|  0%| F|  |TAMS 0x0000000088700000, 0x0000000088700000| Untracked 
|  72|0x0000000088800000, 0x0000000088800000, 0x0000000088900000|  0%| F|  |TAMS 0x0000000088800000, 0x0000000088800000| Untracked 
|  73|0x0000000088900000, 0x0000000088900000, 0x0000000088a00000|  0%| F|  |TAMS 0x0000000088900000, 0x0000000088900000| Untracked 
|  74|0x0000000088a00000, 0x0000000088a00000, 0x0000000088b00000|  0%| F|  |TAMS 0x0000000088a00000, 0x0000000088a00000| Untracked 
|  75|0x0000000088b00000, 0x0000000088b00000, 0x0000000088c00000|  0%| F|  |TAMS 0x0000000088b00000, 0x0000000088b00000| Untracked 
|  76|0x0000000088c00000, 0x0000000088c00000, 0x0000000088d00000|  0%| F|  |TAMS 0x0000000088c00000, 0x0000000088c00000| Untracked 
|  77|0x0000000088d00000, 0x0000000088d00000, 0x0000000088e00000|  0%| F|  |TAMS 0x0000000088d00000, 0x0000000088d00000| Untracked 
|  78|0x0000000088e00000, 0x0000000088e00000, 0x0000000088f00000|  0%| F|  |TAMS 0x0000000088e00000, 0x0000000088e00000| Untracked 
|  79|0x0000000088f00000, 0x0000000088f00000, 0x0000000089000000|  0%| F|  |TAMS 0x0000000088f00000, 0x0000000088f00000| Untracked 
|  80|0x0000000089000000, 0x0000000089000000, 0x0000000089100000|  0%| F|  |TAMS 0x0000000089000000, 0x0000000089000000| Untracked 
|  81|0x0000000089100000, 0x0000000089100000, 0x0000000089200000|  0%| F|  |TAMS 0x0000000089100000, 0x0000000089100000| Untracked 
|  82|0x0000000089200000, 0x0000000089200000, 0x0000000089300000|  0%| F|  |TAMS 0x0000000089200000, 0x0000000089200000| Untracked 
|  83|0x0000000089300000, 0x0000000089300000, 0x0000000089400000|  0%| F|  |TAMS 0x0000000089300000, 0x0000000089300000| Untracked 
|  84|0x0000000089400000, 0x0000000089400000, 0x0000000089500000|  0%| F|  |TAMS 0x0000000089400000, 0x0000000089400000| Untracked 
|  85|0x0000000089500000, 0x0000000089500000, 0x0000000089600000|  0%| F|  |TAMS 0x0000000089500000, 0x0000000089500000| Untracked 
|  86|0x0000000089600000, 0x0000000089600000, 0x0000000089700000|  0%| F|  |TAMS 0x0000000089600000, 0x0000000089600000| Untracked 
|  87|0x0000000089700000, 0x0000000089700000, 0x0000000089800000|  0%| F|  |TAMS 0x0000000089700000, 0x0000000089700000| Untracked 
|  88|0x0000000089800000, 0x0000000089800000, 0x0000000089900000|  0%| F|  |TAMS 0x0000000089800000, 0x0000000089800000| Untracked 
|  89|0x0000000089900000, 0x0000000089900000, 0x0000000089a00000|  0%| F|  |TAMS 0x0000000089900000, 0x0000000089900000| Untracked 
|  90|0x0000000089a00000, 0x0000000089a00000, 0x0000000089b00000|  0%| F|  |TAMS 0x0000000089a00000, 0x0000000089a00000| Untracked 
|  91|0x0000000089b00000, 0x0000000089b00000, 0x0000000089c00000|  0%| F|  |TAMS 0x0000000089b00000, 0x0000000089b00000| Untracked 
|  92|0x0000000089c00000, 0x0000000089c00000, 0x0000000089d00000|  0%| F|  |TAMS 0x0000000089c00000, 0x0000000089c00000| Untracked 
|  93|0x0000000089d00000, 0x0000000089d00000, 0x0000000089e00000|  0%| F|  |TAMS 0x0000000089d00000, 0x0000000089d00000| Untracked 
|  94|0x0000000089e00000, 0x0000000089e00000, 0x0000000089f00000|  0%| F|  |TAMS 0x0000000089e00000, 0x0000000089e00000| Untracked 
|  95|0x0000000089f00000, 0x0000000089f00000, 0x000000008a000000|  0%| F|  |TAMS 0x0000000089f00000, 0x0000000089f00000| Untracked 
|  96|0x000000008a000000, 0x000000008a000000, 0x000000008a100000|  0%| F|  |TAMS 0x000000008a000000, 0x000000008a000000| Untracked 
|  97|0x000000008a100000, 0x000000008a100000, 0x000000008a200000|  0%| F|  |TAMS 0x000000008a100000, 0x000000008a100000| Untracked 
|  98|0x000000008a200000, 0x000000008a200000, 0x000000008a300000|  0%| F|  |TAMS 0x000000008a200000, 0x000000008a200000| Untracked 
|  99|0x000000008a300000, 0x000000008a300000, 0x000000008a400000|  0%| F|  |TAMS 0x000000008a300000, 0x000000008a300000| Untracked 
| 100|0x000000008a400000, 0x000000008a400000, 0x000000008a500000|  0%| F|  |TAMS 0x000000008a400000, 0x000000008a400000| Untracked 
| 101|0x000000008a500000, 0x000000008a500000, 0x000000008a600000|  0%| F|  |TAMS 0x000000008a500000, 0x000000008a500000| Untracked 
| 102|0x000000008a600000, 0x000000008a600000, 0x000000008a700000|  0%| F|  |TAMS 0x000000008a600000, 0x000000008a600000| Untracked 
| 103|0x000000008a700000, 0x000000008a700000, 0x000000008a800000|  0%| F|  |TAMS 0x000000008a700000, 0x000000008a700000| Untracked 
| 104|0x000000008a800000, 0x000000008a800000, 0x000000008a900000|  0%| F|  |TAMS 0x000000008a800000, 0x000000008a800000| Untracked 
| 105|0x000000008a900000, 0x000000008a900000, 0x000000008aa00000|  0%| F|  |TAMS 0x000000008a900000, 0x000000008a900000| Untracked 
| 106|0x000000008aa00000, 0x000000008aa00000, 0x000000008ab00000|  0%| F|  |TAMS 0x000000008aa00000, 0x000000008aa00000| Untracked 
| 107|0x000000008ab00000, 0x000000008ab00000, 0x000000008ac00000|  0%| F|  |TAMS 0x000000008ab00000, 0x000000008ab00000| Untracked 
| 108|0x000000008ac00000, 0x000000008ad00000, 0x000000008ad00000|100%| S|CS|TAMS 0x000000008ac00000, 0x000000008ac00000| Complete 
| 109|0x000000008ad00000, 0x000000008ad00000, 0x000000008ae00000|  0%| F|  |TAMS 0x000000008ad00000, 0x000000008ad00000| Untracked 
| 110|0x000000008ae00000, 0x000000008ae00000, 0x000000008af00000|  0%| F|  |TAMS 0x000000008ae00000, 0x000000008ae00000| Untracked 
| 111|0x000000008af00000, 0x000000008b000000, 0x000000008b000000|100%| S|CS|TAMS 0x000000008af00000, 0x000000008af00000| Complete 
| 112|0x000000008b000000, 0x000000008b000000, 0x000000008b100000|  0%| F|  |TAMS 0x000000008b000000, 0x000000008b000000| Untracked 
| 113|0x000000008b100000, 0x000000008b200000, 0x000000008b200000|100%| E|  |TAMS 0x000000008b100000, 0x000000008b100000| Complete 
| 114|0x000000008b200000, 0x000000008b300000, 0x000000008b300000|100%| E|CS|TAMS 0x000000008b200000, 0x000000008b200000| Complete 
| 115|0x000000008b300000, 0x000000008b400000, 0x000000008b400000|100%| E|CS|TAMS 0x000000008b300000, 0x000000008b300000| Complete 
| 116|0x000000008b400000, 0x000000008b500000, 0x000000008b500000|100%| E|CS|TAMS 0x000000008b400000, 0x000000008b400000| Complete 
| 117|0x000000008b500000, 0x000000008b600000, 0x000000008b600000|100%| E|CS|TAMS 0x000000008b500000, 0x000000008b500000| Complete 
| 118|0x000000008b600000, 0x000000008b700000, 0x000000008b700000|100%| E|CS|TAMS 0x000000008b600000, 0x000000008b600000| Complete 
| 119|0x000000008b700000, 0x000000008b800000, 0x000000008b800000|100%| E|CS|TAMS 0x000000008b700000, 0x000000008b700000| Complete 
| 120|0x000000008b800000, 0x000000008b900000, 0x000000008b900000|100%| E|CS|TAMS 0x000000008b800000, 0x000000008b800000| Complete 
| 121|0x000000008b900000, 0x000000008ba00000, 0x000000008ba00000|100%| E|CS|TAMS 0x000000008b900000, 0x000000008b900000| Complete 
| 122|0x000000008ba00000, 0x000000008bb00000, 0x000000008bb00000|100%| E|CS|TAMS 0x000000008ba00000, 0x000000008ba00000| Complete 
| 123|0x000000008bb00000, 0x000000008bc00000, 0x000000008bc00000|100%| E|  |TAMS 0x000000008bb00000, 0x000000008bb00000| Complete 

Card table byte_map: [0x00000258efca0000,0x00000258f0080000] _byte_map_base: 0x00000258ef880000

Marking Bits (Prev, Next): (CMBitMap*) 0x00000258db462740, (CMBitMap*) 0x00000258db462780
 Prev Bits: [0x00000258f0460000, 0x00000258f2360000)
 Next Bits: [0x00000258f2360000, 0x00000258f4260000)

Polling page: 0x00000258db4b0000

Metaspace:

Usage:
  Non-class:     17.30 MB used.
      Class:      2.08 MB used.
       Both:     19.38 MB used.

Virtual space:
  Non-class space:       64.00 MB reserved,      17.44 MB ( 27%) committed,  1 nodes.
      Class space:        1.00 GB reserved,       2.19 MB ( <1%) committed,  1 nodes.
             Both:        1.06 GB reserved,      19.62 MB (  2%) committed. 

Chunk freelists:
   Non-Class:  13.88 MB
       Class:  13.83 MB
        Both:  27.70 MB

MaxMetaspaceSize: unlimited
CompressedClassSpaceSize: 1.00 GB
Initial GC threshold: 21.00 MB
Current GC threshold: 21.00 MB
CDS: off
MetaspaceReclaimPolicy: balanced
 - commit_granule_bytes: 65536.
 - commit_granule_words: 8192.
 - virtual_space_node_default_size: 8388608.
 - enlarge_chunks_in_place: 1.
 - new_chunks_are_fully_committed: 0.
 - uncommit_free_chunks: 1.
 - use_allocation_guard: 0.
 - handle_deallocations: 1.


Internal statistics:

num_allocs_failed_limit: 0.
num_arena_births: 222.
num_arena_deaths: 0.
num_vsnodes_births: 2.
num_vsnodes_deaths: 0.
num_space_committed: 314.
num_space_uncommitted: 0.
num_chunks_returned_to_freelist: 0.
num_chunks_taken_from_freelist: 491.
num_chunk_merges: 0.
num_chunk_splits: 281.
num_chunks_enlarged: 176.
num_inconsistent_stats: 0.

CodeHeap 'non-profiled nmethods': size=120000Kb used=519Kb max_used=519Kb free=119480Kb
 bounds [0x00000258e7d70000, 0x00000258e7fe0000, 0x00000258ef2a0000]
CodeHeap 'profiled nmethods': size=120000Kb used=3090Kb max_used=3090Kb free=116909Kb
 bounds [0x00000258e02a0000, 0x00000258e05b0000, 0x00000258e77d0000]
CodeHeap 'non-nmethods': size=5760Kb used=1219Kb max_used=1234Kb free=4540Kb
 bounds [0x00000258e77d0000, 0x00000258e7a40000, 0x00000258e7d70000]
 total_blobs=2163 nmethods=1660 adapters=415
 compilation: enabled
              stopped_count=0, restarted_count=0
 full_count=0

Compilation events (20 events):
Event: 7.090 Thread 0x00000258f68e7aa0 1653       3       java.lang.invoke.MemberName$Factory::resolveOrNull (54 bytes)
Event: 7.091 Thread 0x00000258f68e7aa0 nmethod 1653 0x00000258e05a0b10 code [0x00000258e05a0cc0, 0x00000258e05a0f88]
Event: 7.092 Thread 0x00000258f68e7aa0 1654       3       java.nio.CharBuffer::arrayOffset (35 bytes)
Event: 7.092 Thread 0x00000258f68e7aa0 nmethod 1654 0x00000258e05a1090 code [0x00000258e05a1260, 0x00000258e05a1538]
Event: 7.104 Thread 0x00000258f68e7aa0 1655  s    3       java.util.jar.JarFile::getInputStream (72 bytes)
Event: 7.104 Thread 0x00000258f68e7aa0 nmethod 1655 0x00000258e05a1690 code [0x00000258e05a18c0, 0x00000258e05a1e18]
Event: 7.107 Thread 0x00000258f68e7aa0 1656       3       java.util.Collections$UnmodifiableMap::get (11 bytes)
Event: 7.107 Thread 0x00000258f68e7aa0 nmethod 1656 0x00000258e05a2010 code [0x00000258e05a21c0, 0x00000258e05a2388]
Event: 7.108 Thread 0x00000258f68e7aa0 1657       3       java.lang.reflect.Constructor::acquireConstructorAccessor (44 bytes)
Event: 7.109 Thread 0x00000258f68e7aa0 nmethod 1657 0x00000258e05a2490 code [0x00000258e05a2680, 0x00000258e05a2b78]
Event: 7.109 Thread 0x00000258f68e7aa0 1658       3       java.util.TreeMap::successor (66 bytes)
Event: 7.109 Thread 0x00000258f68e7aa0 nmethod 1658 0x00000258e05a2d10 code [0x00000258e05a2ee0, 0x00000258e05a3258]
Event: 7.109 Thread 0x00000258f68e7aa0 1659       3       java.util.Spliterator::getExactSizeIfKnown (25 bytes)
Event: 7.109 Thread 0x00000258f68e7aa0 nmethod 1659 0x00000258e05a3390 code [0x00000258e05a3540, 0x00000258e05a3818]
Event: 7.109 Thread 0x00000258f68e7aa0 1660       3       org.openqa.selenium.SharedCapabilitiesMethods$$Lambda$446/0x0000000100228ee0::compare (12 bytes)
Event: 7.109 Thread 0x00000258f68e7aa0 nmethod 1660 0x00000258e05a3910 code [0x00000258e05a3ac0, 0x00000258e05a3dc8]
Event: 7.111 Thread 0x00000258f68e7aa0 1661       3       java.util.Collection::stream (11 bytes)
Event: 7.111 Thread 0x00000258f68e7aa0 nmethod 1661 0x00000258e05a3f10 code [0x00000258e05a40c0, 0x00000258e05a42b8]
Event: 7.112 Thread 0x00000258f68e7aa0 1662       3       jdk.internal.misc.Unsafe::getAndAddLong (27 bytes)
Event: 7.112 Thread 0x00000258f68e7aa0 nmethod 1662 0x00000258e05a4390 code [0x00000258e05a4540, 0x00000258e05a4788]

GC Heap History (4 events):
Event: 0.565 GC heap before
{Heap before GC invocations=0 (full 0):
 garbage-first heap   total 126976K, used 12288K [0x0000000084000000, 0x0000000100000000)
  region size 1024K, 13 young (13312K), 0 survivors (0K)
 Metaspace       used 11346K, committed 11584K, reserved 1114112K
  class space    used 1132K, committed 1280K, reserved 1048576K
}
Event: 0.569 GC heap after
{Heap after GC invocations=1 (full 0):
 garbage-first heap   total 126976K, used 5372K [0x0000000084000000, 0x0000000100000000)
  region size 1024K, 2 young (2048K), 2 survivors (2048K)
 Metaspace       used 11346K, committed 11584K, reserved 1114112K
  class space    used 1132K, committed 1280K, reserved 1048576K
}
Event: 0.892 GC heap before
{Heap before GC invocations=1 (full 0):
 garbage-first heap   total 126976K, used 16636K [0x0000000084000000, 0x0000000100000000)
  region size 1024K, 14 young (14336K), 2 survivors (2048K)
 Metaspace       used 17409K, committed 17536K, reserved 1114112K
  class space    used 1801K, committed 1856K, reserved 1048576K
}
Event: 0.897 GC heap after
{Heap after GC invocations=2 (full 0):
 garbage-first heap   total 126976K, used 7607K [0x0000000084000000, 0x0000000100000000)
  region size 1024K, 2 young (2048K), 2 survivors (2048K)
 Metaspace       used 17409K, committed 17536K, reserved 1114112K
  class space    used 1801K, committed 1856K, reserved 1048576K
}

Dll operation events (6 events):
Event: 0.005 Loaded shared library C:\Users\Husenappa.M\OneDrive\Desktop\java with selenium\eclipse-java-2023-12-R-win32-x86_64\eclipse\plugins\org.eclipse.justj.openjdk.hotspot.jre.full.win32.x86_64_17.0.9.v20231028-0858\jre\bin\java.dll
Event: 0.102 Loaded shared library C:\Users\Husenappa.M\OneDrive\Desktop\java with selenium\eclipse-java-2023-12-R-win32-x86_64\eclipse\plugins\org.eclipse.justj.openjdk.hotspot.jre.full.win32.x86_64_17.0.9.v20231028-0858\jre\bin\net.dll
Event: 0.104 Loaded shared library C:\Users\Husenappa.M\OneDrive\Desktop\java with selenium\eclipse-java-2023-12-R-win32-x86_64\eclipse\plugins\org.eclipse.justj.openjdk.hotspot.jre.full.win32.x86_64_17.0.9.v20231028-0858\jre\bin\nio.dll
Event: 0.108 Loaded shared library C:\Users\Husenappa.M\OneDrive\Desktop\java with selenium\eclipse-java-2023-12-R-win32-x86_64\eclipse\plugins\org.eclipse.justj.openjdk.hotspot.jre.full.win32.x86_64_17.0.9.v20231028-0858\jre\bin\zip.dll
Event: 0.186 Loaded shared library C:\Users\Husenappa.M\OneDrive\Desktop\java with selenium\eclipse-java-2023-12-R-win32-x86_64\eclipse\plugins\org.eclipse.justj.openjdk.hotspot.jre.full.win32.x86_64_17.0.9.v20231028-0858\jre\bin\jimage.dll
Event: 0.591 Loaded shared library C:\Users\Husenappa.M\OneDrive\Desktop\java with selenium\eclipse-java-2023-12-R-win32-x86_64\eclipse\plugins\org.eclipse.justj.openjdk.hotspot.jre.full.win32.x86_64_17.0.9.v20231028-0858\jre\bin\sunmscapi.dll

Deoptimization events (20 events):
Event: 0.955 Thread 0x00000258fbdd3ec0 DEOPT PACKING pc=0x00000258e7de862c sp=0x000000d2e7efd740
Event: 0.955 Thread 0x00000258fbdd3ec0 DEOPT UNPACKING pc=0x00000258e782a1a3 sp=0x000000d2e7efd6c8 mode 2
Event: 0.955 Thread 0x00000258fbdd3ec0 Uncommon trap: trap_request=0xffffffde fr.pc=0x00000258e7de862c relative=0x000000000000010c
Event: 0.955 Thread 0x00000258fbdd3ec0 Uncommon trap: reason=class_check action=maybe_recompile pc=0x00000258e7de862c method=jdk.internal.misc.Unsafe.allocateUninitializedArray(Ljava/lang/Class;I)Ljava/lang/Object; @ 51 c2
Event: 0.955 Thread 0x00000258fbdd3ec0 DEOPT PACKING pc=0x00000258e7de862c sp=0x000000d2e7efa570
Event: 0.955 Thread 0x00000258fbdd3ec0 DEOPT UNPACKING pc=0x00000258e782a1a3 sp=0x000000d2e7efa4f8 mode 2
Event: 0.955 Thread 0x00000258fbdd3ec0 Uncommon trap: trap_request=0xffffffde fr.pc=0x00000258e7de862c relative=0x000000000000010c
Event: 0.955 Thread 0x00000258fbdd3ec0 Uncommon trap: reason=class_check action=maybe_recompile pc=0x00000258e7de862c method=jdk.internal.misc.Unsafe.allocateUninitializedArray(Ljava/lang/Class;I)Ljava/lang/Object; @ 51 c2
Event: 0.955 Thread 0x00000258fbdd3ec0 DEOPT PACKING pc=0x00000258e7de862c sp=0x000000d2e7efa530
Event: 0.955 Thread 0x00000258fbdd3ec0 DEOPT UNPACKING pc=0x00000258e782a1a3 sp=0x000000d2e7efa4b8 mode 2
Event: 0.957 Thread 0x00000258fbdd3ec0 Uncommon trap: trap_request=0xffffffde fr.pc=0x00000258e7de862c relative=0x000000000000010c
Event: 0.957 Thread 0x00000258fbdd3ec0 Uncommon trap: reason=class_check action=maybe_recompile pc=0x00000258e7de862c method=jdk.internal.misc.Unsafe.allocateUninitializedArray(Ljava/lang/Class;I)Ljava/lang/Object; @ 51 c2
Event: 0.957 Thread 0x00000258fbdd3ec0 DEOPT PACKING pc=0x00000258e7de862c sp=0x000000d2e7efd850
Event: 0.957 Thread 0x00000258fbdd3ec0 DEOPT UNPACKING pc=0x00000258e782a1a3 sp=0x000000d2e7efd7d8 mode 2
Event: 7.000 Thread 0x00000258db407ab0 Uncommon trap: trap_request=0xffffffde fr.pc=0x00000258e7dc0d38 relative=0x0000000000000898
Event: 7.000 Thread 0x00000258db407ab0 Uncommon trap: reason=class_check action=maybe_recompile pc=0x00000258e7dc0d38 method=java.util.HashMap.putVal(ILjava/lang/Object;Ljava/lang/Object;ZZ)Ljava/lang/Object; @ 253 c2
Event: 7.000 Thread 0x00000258db407ab0 DEOPT PACKING pc=0x00000258e7dc0d38 sp=0x000000d2e60fe5e0
Event: 7.000 Thread 0x00000258db407ab0 DEOPT UNPACKING pc=0x00000258e782a1a3 sp=0x000000d2e60fe518 mode 2
Event: 7.072 Thread 0x00000258db407ab0 DEOPT PACKING pc=0x00000258e02ce43e sp=0x000000d2e60f94a0
Event: 7.072 Thread 0x00000258db407ab0 DEOPT UNPACKING pc=0x00000258e782ace3 sp=0x000000d2e60f8918 mode 0

Classes unloaded (0 events):
No events

Classes redefined (0 events):
No events

Internal exceptions (20 events):
Event: 0.626 Thread 0x00000258db407ab0 Exception <a 'java/lang/IncompatibleClassChangeError'{0x000000008baf3af0}: Found class java.lang.Object, but interface was expected> (0x000000008baf3af0) 
thrown [s\src\hotspot\share\interpreter\linkResolver.cpp, line 826]
Event: 0.705 Thread 0x00000258db407ab0 Exception <a 'java/lang/NoSuchMethodError'{0x000000008b4f60b8}: 'java.lang.Object java.lang.invoke.DirectMethodHandle$Holder.invokeStaticInit(java.lang.Object, int, int, int, int)'> (0x000000008b4f60b8) 
thrown [s\src\hotspot\share\interpreter\linkResolver.cpp, line 759]
Event: 0.724 Thread 0x00000258db407ab0 Exception <a 'java/lang/NoSuchMethodError'{0x000000008b3198b8}: 'java.lang.Object java.lang.invoke.DirectMethodHandle$Holder.invokeStaticInit(java.lang.Object, java.lang.Object, int, int, int, int)'> (0x000000008b3198b8) 
thrown [s\src\hotspot\share\interpreter\linkResolver.cpp, line 759]
Event: 0.784 Thread 0x00000258db407ab0 Exception <a 'java/lang/NoSuchMethodError'{0x000000008b10e2c8}: 'java.lang.Object java.lang.invoke.DirectMethodHandle$Holder.invokeInterface(java.lang.Object, java.lang.Object, java.lang.Object)'> (0x000000008b10e2c8) 
thrown [s\src\hotspot\share\interpreter\linkResolver.cpp, line 759]
Event: 0.784 Thread 0x00000258db407ab0 Exception <a 'java/lang/IncompatibleClassChangeError'{0x000000008b111990}: Found class java.lang.Object, but interface was expected> (0x000000008b111990) 
thrown [s\src\hotspot\share\interpreter\linkResolver.cpp, line 826]
Event: 0.786 Thread 0x00000258db407ab0 Exception <a 'java/lang/NoSuchMethodError'{0x000000008b119c10}: 'int java.lang.invoke.DirectMethodHandle$Holder.invokeSpecialIFC(java.lang.Object, java.lang.Object, java.lang.Object, java.lang.Object)'> (0x000000008b119c10) 
thrown [s\src\hotspot\share\interpreter\linkResolver.cpp, line 759]
Event: 0.789 Thread 0x00000258db407ab0 Exception <a 'java/lang/NoSuchMethodError'{0x000000008b13fa40}: 'java.lang.Object java.lang.invoke.DirectMethodHandle$Holder.invokeVirtual(java.lang.Object, java.lang.Object, java.lang.Object, java.lang.Object)'> (0x000000008b13fa40) 
thrown [s\src\hotspot\share\interpreter\linkResolver.cpp, line 759]
Event: 0.807 Thread 0x00000258fbdc7160 Exception <a 'java/net/ConnectException'{0x000000008b1a7da8}: Connection refused: no further information> (0x000000008b1a7da8) 
thrown [s\src\hotspot\share\prims\jni.cpp, line 535]
Event: 0.807 Thread 0x00000258fbdc7160 Exception <a 'java/net/SocketException'{0x000000008b1a80e0}: Socket is not connected: shutdown> (0x000000008b1a80e0) 
thrown [s\src\hotspot\share\prims\jni.cpp, line 535]
Event: 0.838 Thread 0x00000258fbdc7160 Exception <a 'java/net/ConnectException'{0x000000008b1a90d8}: Connection refused: no further information> (0x000000008b1a90d8) 
thrown [s\src\hotspot\share\prims\jni.cpp, line 535]
Event: 0.839 Thread 0x00000258fbdc7160 Exception <a 'java/net/SocketException'{0x000000008b1a9410}: Socket is not connected: shutdown> (0x000000008b1a9410) 
thrown [s\src\hotspot\share\prims\jni.cpp, line 535]
Event: 0.885 Thread 0x00000258db407ab0 Exception <a 'java/lang/NoSuchMethodError'{0x000000008b090b80}: 'java.lang.Object java.lang.invoke.DirectMethodHandle$Holder.newInvokeSpecial(java.lang.Object, java.lang.Object, int, int)'> (0x000000008b090b80) 
thrown [s\src\hotspot\share\interpreter\linkResolver.cpp, line 759]
Event: 0.886 Thread 0x00000258db407ab0 Exception <a 'java/lang/NoSuchMethodError'{0x000000008b09e658}: 'void java.lang.invoke.DirectMethodHandle$Holder.invokeStatic(java.lang.Object, java.lang.Object, int)'> (0x000000008b09e658) 
thrown [s\src\hotspot\share\interpreter\linkResolver.cpp, line 759]
Event: 0.900 Thread 0x00000258db407ab0 Exception <a 'java/lang/NoSuchMethodError'{0x000000008bb1a500}: 'java.lang.Object java.lang.invoke.DirectMethodHandle$Holder.newInvokeSpecial(java.lang.Object, java.lang.Object, java.lang.Object, java.lang.Object, java.lang.Object)'> (0x000000008bb1a500) 
thrown [s\src\hotspot\share\interpreter\linkResolver.cpp, line 759]
Event: 0.928 Thread 0x00000258fbdd3ec0 Exception <a 'java/lang/NoSuchMethodError'{0x000000008b99c9d8}: 'java.lang.Object java.lang.invoke.DirectMethodHandle$Holder.invokeSpecial(java.lang.Object, java.lang.Object, java.lang.Object, java.lang.Object, int)'> (0x000000008b99c9d8) 
thrown [s\src\hotspot\share\interpreter\linkResolver.cpp, line 759]
Event: 0.928 Thread 0x00000258fbdd3ec0 Exception <a 'java/lang/NoSuchMethodError'{0x000000008b9a05a0}: 'java.lang.Object java.lang.invoke.Invokers$Holder.linkToTargetMethod(java.lang.Object, java.lang.Object, int, java.lang.Object)'> (0x000000008b9a05a0) 
thrown [s\src\hotspot\share\interpreter\linkResolver.cpp, line 759]
Event: 0.937 Thread 0x00000258fbdd3ec0 Exception <a 'java/lang/NoSuchMethodError'{0x000000008b842190}: 'void java.lang.invoke.DirectMethodHandle$Holder.invokeSpecial(java.lang.Object, java.lang.Object, java.lang.Object)'> (0x000000008b842190) 
thrown [s\src\hotspot\share\interpreter\linkResolver.cpp, line 759]
Event: 0.944 Thread 0x00000258fbdd3ec0 Exception <a 'java/lang/NoSuchMethodError'{0x000000008b8edd10}: 'void java.lang.invoke.DirectMethodHandle$Holder.invokeSpecial(java.lang.Object, java.lang.Object, java.lang.Object, java.lang.Object, java.lang.Object)'> (0x000000008b8edd10) 
thrown [s\src\hotspot\share\interpreter\linkResolver.cpp, line 759]
Event: 6.978 Thread 0x00000258fbdd3ec0 Exception <a 'java/lang/NoSuchMethodError'{0x000000008b6cf6f8}: 'void java.lang.invoke.DirectMethodHandle$Holder.invokeSpecial(java.lang.Object, java.lang.Object, java.lang.Object, java.lang.Object, java.lang.Object, java.lang.Object, java.lang.Object)'> (0x000000008b6cf6f8) 
thrown [s\src\hotspot\share\interpreter\linkResolver.cpp, line 759]
Event: 6.993 Thread 0x00000258db407ab0 Exception <a 'java/lang/NoSuchMethodError'{0x000000008bae3750}: 'java.lang.Object java.lang.invoke.DirectMethodHandle$Holder.invokeSpecialIFC(java.lang.Object, java.lang.Object, java.lang.Object)'> (0x000000008bae3750) 
thrown [s\src\hotspot\share\interpreter\linkResolver.cpp, line 759]

VM Operations (20 events):
Event: 0.525 Executing VM operation: HandshakeAllThreads
Event: 0.525 Executing VM operation: HandshakeAllThreads done
Event: 0.565 Executing VM operation: G1CollectForAllocation
Event: 0.569 Executing VM operation: G1CollectForAllocation done
Event: 0.578 Executing VM operation: HandshakeAllThreads
Event: 0.578 Executing VM operation: HandshakeAllThreads done
Event: 0.596 Executing VM operation: HandshakeAllThreads
Event: 0.596 Executing VM operation: HandshakeAllThreads done
Event: 0.730 Executing VM operation: HandshakeAllThreads
Event: 0.730 Executing VM operation: HandshakeAllThreads done
Event: 0.867 Executing VM operation: HandshakeAllThreads
Event: 0.867 Executing VM operation: HandshakeAllThreads done
Event: 0.868 Executing VM operation: HandshakeAllThreads
Event: 0.868 Executing VM operation: HandshakeAllThreads done
Event: 0.892 Executing VM operation: G1CollectForAllocation
Event: 0.897 Executing VM operation: G1CollectForAllocation done
Event: 1.900 Executing VM operation: Cleanup
Event: 1.900 Executing VM operation: Cleanup done
Event: 6.965 Executing VM operation: HandshakeAllThreads
Event: 6.965 Executing VM operation: HandshakeAllThreads done

Events (20 events):
Event: 7.030 Thread 0x00000258fbdd43d0 Thread added: 0x00000258fbdd43d0
Event: 7.031 Thread 0x00000258fbdd2570 Thread added: 0x00000258fbdd2570
Event: 7.032 Thread 0x00000258fbdd5d20 Thread added: 0x00000258fbdd5d20
Event: 7.032 Thread 0x00000258fbdd5300 Thread added: 0x00000258fbdd5300
Event: 7.037 loading class java/util/concurrent/locks/ReadWriteLock
Event: 7.037 loading class java/util/concurrent/locks/ReadWriteLock done
Event: 7.039 loading class java/util/concurrent/locks/ReentrantReadWriteLock
Event: 7.039 loading class java/util/concurrent/locks/ReentrantReadWriteLock done
Event: 7.039 loading class java/util/concurrent/locks/ReentrantReadWriteLock$FairSync
Event: 7.039 loading class java/util/concurrent/locks/ReentrantReadWriteLock$Sync
Event: 7.039 loading class java/util/concurrent/locks/ReentrantReadWriteLock$Sync done
Event: 7.039 loading class java/util/concurrent/locks/ReentrantReadWriteLock$FairSync done
Event: 7.039 loading class java/util/concurrent/locks/ReentrantReadWriteLock$Sync$ThreadLocalHoldCounter
Event: 7.039 loading class java/util/concurrent/locks/ReentrantReadWriteLock$Sync$ThreadLocalHoldCounter done
Event: 7.039 loading class java/util/concurrent/locks/ReentrantReadWriteLock$ReadLock
Event: 7.039 loading class java/util/concurrent/locks/ReentrantReadWriteLock$ReadLock done
Event: 7.039 loading class java/util/concurrent/locks/ReentrantReadWriteLock$WriteLock
Event: 7.039 loading class java/util/concurrent/locks/ReentrantReadWriteLock$WriteLock done
Event: 7.047 loading class sun/net/www/HeaderParser
Event: 7.047 loading class sun/net/www/HeaderParser done


Dynamic libraries:
0x00007ff646890000 - 0x00007ff64689e000 	C:\Users\Husenappa.M\OneDrive\Desktop\java with selenium\eclipse-java-2023-12-R-win32-x86_64\eclipse\plugins\org.eclipse.justj.openjdk.hotspot.jre.full.win32.x86_64_17.0.9.v20231028-0858\jre\bin\javaw.exe
0x00007fffd76c0000 - 0x00007fffd78cf000 	C:\WINDOWS\SYSTEM32\ntdll.dll
0x00007fffd56d0000 - 0x00007fffd578d000 	C:\WINDOWS\System32\KERNEL32.DLL
0x00007fffd4ed0000 - 0x00007fffd5264000 	C:\WINDOWS\System32\KERNELBASE.dll
0x00007fffd4b40000 - 0x00007fffd4c51000 	C:\WINDOWS\System32\ucrtbase.dll
0x00007fffc86d0000 - 0x00007fffc86eb000 	C:\Users\Husenappa.M\OneDrive\Desktop\java with selenium\eclipse-java-2023-12-R-win32-x86_64\eclipse\plugins\org.eclipse.justj.openjdk.hotspot.jre.full.win32.x86_64_17.0.9.v20231028-0858\jre\bin\VCRUNTIME140.dll
0x00007fffc86f0000 - 0x00007fffc8707000 	C:\Users\Husenappa.M\OneDrive\Desktop\java with selenium\eclipse-java-2023-12-R-win32-x86_64\eclipse\plugins\org.eclipse.justj.openjdk.hotspot.jre.full.win32.x86_64_17.0.9.v20231028-0858\jre\bin\jli.dll
0x00007fffd6a40000 - 0x00007fffd6bea000 	C:\WINDOWS\System32\USER32.dll
0x00007fffd4d80000 - 0x00007fffd4da6000 	C:\WINDOWS\System32\win32u.dll
0x00007fffd7650000 - 0x00007fffd7679000 	C:\WINDOWS\System32\GDI32.dll
0x00007fffd4c60000 - 0x00007fffd4d77000 	C:\WINDOWS\System32\gdi32full.dll
0x00007fffd4db0000 - 0x00007fffd4e4a000 	C:\WINDOWS\System32\msvcp_win.dll
0x00007fffb52b0000 - 0x00007fffb5551000 	C:\WINDOWS\WinSxS\amd64_microsoft.windows.common-controls_6595b64144ccf1df_6.0.22543.1000_none_25f07d7fa9409c95\COMCTL32.dll
0x00007fffd6320000 - 0x00007fffd63c4000 	C:\WINDOWS\System32\msvcrt.dll
0x00007fffd6590000 - 0x00007fffd65c1000 	C:\WINDOWS\System32\IMM32.DLL
0x00007fffccea0000 - 0x00007fffcceac000 	C:\Users\Husenappa.M\OneDrive\Desktop\java with selenium\eclipse-java-2023-12-R-win32-x86_64\eclipse\plugins\org.eclipse.justj.openjdk.hotspot.jre.full.win32.x86_64_17.0.9.v20231028-0858\jre\bin\vcruntime140_1.dll
0x00007fffb4520000 - 0x00007fffb45ad000 	C:\Users\Husenappa.M\OneDrive\Desktop\java with selenium\eclipse-java-2023-12-R-win32-x86_64\eclipse\plugins\org.eclipse.justj.openjdk.hotspot.jre.full.win32.x86_64_17.0.9.v20231028-0858\jre\bin\msvcp140.dll
0x00007fff7ecb0000 - 0x00007fff7f911000 	C:\Users\Husenappa.M\OneDrive\Desktop\java with selenium\eclipse-java-2023-12-R-win32-x86_64\eclipse\plugins\org.eclipse.justj.openjdk.hotspot.jre.full.win32.x86_64_17.0.9.v20231028-0858\jre\bin\server\jvm.dll
0x00007fffd6c80000 - 0x00007fffd6d2e000 	C:\WINDOWS\System32\ADVAPI32.dll
0x00007fffd68a0000 - 0x00007fffd6945000 	C:\WINDOWS\System32\sechost.dll
0x00007fffd5500000 - 0x00007fffd561f000 	C:\WINDOWS\System32\RPCRT4.dll
0x00007fffd44f0000 - 0x00007fffd453d000 	C:\WINDOWS\SYSTEM32\POWRPROF.dll
0x00007fffc57a0000 - 0x00007fffc57a9000 	C:\WINDOWS\SYSTEM32\WSOCK32.dll
0x00007fffd6d30000 - 0x00007fffd6da1000 	C:\WINDOWS\System32\WS2_32.dll
0x00007fffcb010000 - 0x00007fffcb01a000 	C:\WINDOWS\SYSTEM32\VERSION.dll
0x00007fffc5250000 - 0x00007fffc5284000 	C:\WINDOWS\SYSTEM32\WINMM.dll
0x00007fffd4370000 - 0x00007fffd4383000 	C:\WINDOWS\SYSTEM32\UMPDC.dll
0x00007fffd3bb0000 - 0x00007fffd3bc7000 	C:\WINDOWS\SYSTEM32\kernel.appcore.dll
0x00007fffc5010000 - 0x00007fffc501a000 	C:\Users\Husenappa.M\OneDrive\Desktop\java with selenium\eclipse-java-2023-12-R-win32-x86_64\eclipse\plugins\org.eclipse.justj.openjdk.hotspot.jre.full.win32.x86_64_17.0.9.v20231028-0858\jre\bin\jimage.dll
0x00007fffd2440000 - 0x00007fffd2664000 	C:\WINDOWS\SYSTEM32\DBGHELP.DLL
0x00007fffd5e50000 - 0x00007fffd61c1000 	C:\WINDOWS\System32\combase.dll
0x00007fffd5d70000 - 0x00007fffd5e47000 	C:\WINDOWS\System32\OLEAUT32.dll
0x00007fffbb620000 - 0x00007fffbb651000 	C:\WINDOWS\SYSTEM32\dbgcore.DLL
0x00007fffd4e50000 - 0x00007fffd4ecb000 	C:\WINDOWS\System32\bcryptPrimitives.dll
0x00007fffaeb00000 - 0x00007fffaeb25000 	C:\Users\Husenappa.M\OneDrive\Desktop\java with selenium\eclipse-java-2023-12-R-win32-x86_64\eclipse\plugins\org.eclipse.justj.openjdk.hotspot.jre.full.win32.x86_64_17.0.9.v20231028-0858\jre\bin\java.dll
0x00007fffbf850000 - 0x00007fffbf868000 	C:\Users\Husenappa.M\OneDrive\Desktop\java with selenium\eclipse-java-2023-12-R-win32-x86_64\eclipse\plugins\org.eclipse.justj.openjdk.hotspot.jre.full.win32.x86_64_17.0.9.v20231028-0858\jre\bin\zip.dll
0x00007fffd6e90000 - 0x00007fffd764d000 	C:\WINDOWS\System32\SHELL32.dll
0x00007fffd2be0000 - 0x00007fffd3439000 	C:\WINDOWS\SYSTEM32\windows.storage.dll
0x00007fffd2aa0000 - 0x00007fffd2bdc000 	C:\WINDOWS\SYSTEM32\wintypes.dll
0x00007fffd6200000 - 0x00007fffd62f1000 	C:\WINDOWS\System32\SHCORE.dll
0x00007fffd5790000 - 0x00007fffd57eb000 	C:\WINDOWS\System32\shlwapi.dll
0x00007fffd4a70000 - 0x00007fffd4a91000 	C:\WINDOWS\SYSTEM32\profapi.dll
0x00007fffbee20000 - 0x00007fffbee39000 	C:\Users\Husenappa.M\OneDrive\Desktop\java with selenium\eclipse-java-2023-12-R-win32-x86_64\eclipse\plugins\org.eclipse.justj.openjdk.hotspot.jre.full.win32.x86_64_17.0.9.v20231028-0858\jre\bin\net.dll
0x00007fffca640000 - 0x00007fffca751000 	C:\WINDOWS\SYSTEM32\WINHTTP.dll
0x00007fffd4040000 - 0x00007fffd40a9000 	C:\WINDOWS\system32\mswsock.dll
0x00007fffac9c0000 - 0x00007fffac9d6000 	C:\Users\Husenappa.M\OneDrive\Desktop\java with selenium\eclipse-java-2023-12-R-win32-x86_64\eclipse\plugins\org.eclipse.justj.openjdk.hotspot.jre.full.win32.x86_64_17.0.9.v20231028-0858\jre\bin\nio.dll
0x00007fffd3700000 - 0x00007fffd37f6000 	C:\WINDOWS\SYSTEM32\DNSAPI.dll
0x00007fffd36d0000 - 0x00007fffd36fd000 	C:\WINDOWS\SYSTEM32\IPHLPAPI.DLL
0x00007fffd61e0000 - 0x00007fffd61e9000 	C:\WINDOWS\System32\NSI.dll
0x00007fffca020000 - 0x00007fffca02a000 	C:\Windows\System32\rasadhlp.dll
0x00007fffc8590000 - 0x00007fffc8612000 	C:\WINDOWS\System32\fwpuclnt.dll
0x00007fffc3510000 - 0x00007fffc351e000 	C:\Users\Husenappa.M\OneDrive\Desktop\java with selenium\eclipse-java-2023-12-R-win32-x86_64\eclipse\plugins\org.eclipse.justj.openjdk.hotspot.jre.full.win32.x86_64_17.0.9.v20231028-0858\jre\bin\sunmscapi.dll
0x00007fffd5270000 - 0x00007fffd53cc000 	C:\WINDOWS\System32\CRYPT32.dll
0x00007fffd4490000 - 0x00007fffd44be000 	C:\WINDOWS\SYSTEM32\ncrypt.dll
0x00007fffd4450000 - 0x00007fffd4487000 	C:\WINDOWS\SYSTEM32\NTASN1.dll
0x00007fffd4290000 - 0x00007fffd42ac000 	C:\WINDOWS\SYSTEM32\CRYPTSP.dll
0x00007fffd3b10000 - 0x00007fffd3b45000 	C:\WINDOWS\system32\rsaenh.dll
0x00007fffd4140000 - 0x00007fffd4167000 	C:\WINDOWS\SYSTEM32\USERENV.dll
0x00007fffd44c0000 - 0x00007fffd44e8000 	C:\WINDOWS\SYSTEM32\bcrypt.dll
0x00007fffd4320000 - 0x00007fffd432c000 	C:\WINDOWS\SYSTEM32\CRYPTBASE.dll
0x00007fffca560000 - 0x00007fffca579000 	C:\WINDOWS\SYSTEM32\dhcpcsvc6.DLL
0x00007fffca540000 - 0x00007fffca55f000 	C:\WINDOWS\SYSTEM32\dhcpcsvc.DLL
0x00007fffa3570000 - 0x00007fffa3578000 	C:\WINDOWS\system32\wshunix.dll

dbghelp: loaded successfully - version: 4.0.5 - missing functions: none
symbol engine: initialized successfully - sym options: 0x614 - pdb path: .;C:\Users\Husenappa.M\OneDrive\Desktop\java with selenium\eclipse-java-2023-12-R-win32-x86_64\eclipse\plugins\org.eclipse.justj.openjdk.hotspot.jre.full.win32.x86_64_17.0.9.v20231028-0858\jre\bin;C:\WINDOWS\SYSTEM32;C:\WINDOWS\WinSxS\amd64_microsoft.windows.common-controls_6595b64144ccf1df_6.0.22543.1000_none_25f07d7fa9409c95;C:\Users\Husenappa.M\OneDrive\Desktop\java with selenium\eclipse-java-2023-12-R-win32-x86_64\eclipse\plugins\org.eclipse.justj.openjdk.hotspot.jre.full.win32.x86_64_17.0.9.v20231028-0858\jre\bin\server

VM Arguments:
jvm_args: -Dfile.encoding=UTF-8 -Dstdout.encoding=UTF-8 -Dstderr.encoding=UTF-8 -XX:+ShowCodeDetailsInExceptionMessages 
java_command: Project.HandleTextBoxes02
java_class_path (initial): C:\Users\Husenappa.M\OneDrive\Desktop\appu\Training_Day01\target\classes;C:\Users\Husenappa.M\.m2\repository\io\github\bonigarcia\webdrivermanager\5.9.1\webdrivermanager-5.9.1.jar;C:\Users\Husenappa.M\.m2\repository\org\slf4j\slf4j-api\2.0.13\slf4j-api-2.0.13.jar;C:\Users\Husenappa.M\.m2\repository\com\google\code\gson\gson\2.11.0\gson-2.11.0.jar;C:\Users\Husenappa.M\.m2\repository\com\google\errorprone\error_prone_annotations\2.27.0\error_prone_annotations-2.27.0.jar;C:\Users\Husenappa.M\.m2\repository\com\github\docker-java\docker-java\3.3.6\docker-java-3.3.6.jar;C:\Users\Husenappa.M\.m2\repository\com\github\docker-java\docker-java-core\3.3.6\docker-java-core-3.3.6.jar;C:\Users\Husenappa.M\.m2\repository\com\github\docker-java\docker-java-api\3.3.6\docker-java-api-3.3.6.jar;C:\Users\Husenappa.M\.m2\repository\com\fasterxml\jackson\core\jackson-annotations\2.10.3\jackson-annotations-2.10.3.jar;C:\Users\Husenappa.M\.m2\repository\com\fasterxml\jackson\core\jackson-databind\2.10.3\jackson-databind-2.10.3.jar;C:\Users\Husenappa.M\.m2\repository\com\fasterxml\jackson\core\jackson-core\2.10.3\jackson-core-2.10.3.jar;C:\Users\Husenappa.M\.m2\repository\org\slf4j\jcl-over-slf4j\1.7.30\jcl-over-slf4j-1.7.30.jar;C:\Users\Husenappa.M\.m2\repository\com\github\docker-java\docker-java-transport-httpclient5\3.3.6\docker-java-transport-httpclient5-3.3.6.jar;C:\Users\Husenappa.M\.m2\repository\com\github\docker-java\docker-java-transport\3.3.6\docker-java-transport-3.3.6.jar;C:\Users\Husenappa.M\.m2\repository\net\java\dev\jna\jna\5.13.0\jna-5.13.0.jar;C:\Users\Husenappa.M\.m2\repository\org\brotli\dec\0.1.2\dec-0.1.2.jar;C:\Users\Husenappa.M\.m2\repository\org\apache\commons\commons-lang3\3.14.0\commons-lang3-3.14.0.jar;C:\Users\Husenappa.M\.m2\repository\org\apache\commons\commons-compress\1.26.2\commons-compress-1.26.2.jar;C:\Users\Husenappa.M\.m2\repository\org\apache\httpcomponents\client5\httpclient5\5.2.1\httpclient5-5.2.1.jar;C:\Users\Husenap
Launcher Type: SUN_STANDARD

[Global flags]
     intx CICompilerCount                          = 3                                         {product} {ergonomic}
     uint ConcGCThreads                            = 1                                         {product} {ergonomic}
     uint G1ConcRefinementThreads                  = 4                                         {product} {ergonomic}
   size_t G1HeapRegionSize                         = 1048576                                   {product} {ergonomic}
    uintx GCDrainStackTargetSize                   = 64                                        {product} {ergonomic}
   size_t InitialHeapSize                          = 130023424                                 {product} {ergonomic}
   size_t MarkStackSize                            = 4194304                                   {product} {ergonomic}
   size_t MaxHeapSize                              = 2080374784                                {product} {ergonomic}
   size_t MaxNewSize                               = 1247805440                                {product} {ergonomic}
   size_t MinHeapDeltaBytes                        = 1048576                                   {product} {ergonomic}
   size_t MinHeapSize                              = 8388608                                   {product} {ergonomic}
    uintx NonNMethodCodeHeapSize                   = 5832780                                {pd product} {ergonomic}
    uintx NonProfiledCodeHeapSize                  = 122912730                              {pd product} {ergonomic}
    uintx ProfiledCodeHeapSize                     = 122912730                              {pd product} {ergonomic}
    uintx ReservedCodeCacheSize                    = 251658240                              {pd product} {ergonomic}
     bool SegmentedCodeCache                       = true                                      {product} {ergonomic}
     bool ShowCodeDetailsInExceptionMessages       = true                                   {manageable} {command line}
   size_t SoftMaxHeapSize                          = 2080374784                             {manageable} {ergonomic}
     bool UseCompressedClassPointers               = true                           {product lp64_product} {ergonomic}
     bool UseCompressedOops                        = true                           {product lp64_product} {ergonomic}
     bool UseG1GC                                  = true                                      {product} {ergonomic}
     bool UseLargePagesIndividualAllocation        = false                                  {pd product} {ergonomic}

Logging:
Log output configuration:
 #0: stdout all=warning uptime,level,tags
 #1: stderr all=off uptime,level,tags

Environment Variables:
JAVA_HOME=C:\Program Files\Java\jdk-19
PATH=C:/Users/Husenappa.M/OneDrive/Desktop/java with selenium/eclipse-java-2023-12-R-win32-x86_64/eclipse//plugins/org.eclipse.justj.openjdk.hotspot.jre.full.win32.x86_64_17.0.9.v20231028-0858/jre/bin/server;C:/Users/Husenappa.M/OneDrive/Desktop/java with selenium/eclipse-java-2023-12-R-win32-x86_64/eclipse//plugins/org.eclipse.justj.openjdk.hotspot.jre.full.win32.x86_64_17.0.9.v20231028-0858/jre/bin;C:\Program Files\Common Files\Oracle\Java\javapath;C:\WINDOWS\system32;C:\WINDOWS;C:\WINDOWS\System32\Wbem;C:\WINDOWS\System32\WindowsPowerShell\v1.0\;C:\WINDOWS\System32\OpenSSH\;C:\Program Files\dotnet\;c:\Program Files (x86)\Microsoft SQL Server\100\Tools\Binn\;c:\Program Files\Microsoft SQL Server\100\Tools\Binn\;c:\Program Files\Microsoft SQL Server\100\DTS\Binn\;C:\Program Files\Java\jdk-19\bin;C:\apache-maven-3.9.6\bin;C:\Users\Husenappa.M\AppData\Local\Microsoft\WindowsApps;;C:\Users\Husenappa.M\OneDrive\Desktop\java with selenium\eclipse-java-2023-12-R-win32-x86_64\eclipse;
USERNAME=Husenappa.M
OS=Windows_NT
PROCESSOR_IDENTIFIER=Intel64 Family 6 Model 140 Stepping 1, GenuineIntel
TMP=C:\Users\Husenappa.M\AppData\Local\Temp
TEMP=C:\Users\Husenappa.M\AppData\Local\Temp



Periodic native trim disabled


---------------  S Y S T E M  ---------------

OS:
 Windows 11 , 64 bit Build 22543 (10.0.22543.1000)
OS uptime: 0 days 20:33 hours

CPU: total 4 (initial active 4) (2 cores per cpu, 2 threads per core) family 6 model 140 stepping 1 microcode 0x9a, cx8, cmov, fxsr, ht, mmx, 3dnowpref, sse, sse2, sse3, ssse3, sse4.1, sse4.2, popcnt, lzcnt, tsc, tscinvbit, avx, avx2, aes, erms, clmul, bmi1, bmi2, adx, avx512f, avx512dq, avx512cd, avx512bw, avx512vl, sha, fma, vzeroupper, avx512_vpopcntdq, avx512_vpclmulqdq, avx512_vaes, avx512_vnni, clflush, clflushopt, clwb, avx512_vbmi2, avx512_vbmi
Processor Information for all 4 processors :
  Max Mhz: 2995, Current Mhz: 2995, Mhz Limit: 2995

Memory: 4k page, system-wide physical 7930M (963M free)
TotalPageFile size 9218M (AvailPageFile size 92M)
current process WorkingSet (physical memory assigned to process): 102M, peak: 104M
current process commit charge ("private bytes"): 233M, peak: 236M

vm_info: OpenJDK 64-Bit Server VM (17.0.9+9) for windows-amd64 JRE (17.0.9+9), built on Oct 26 2023 14:01:42 by "admin" with MS VC++ 16.10 / 16.11 (VS2019)

END.
