#
# There is insufficient memory for the Java Runtime Environment to continue.
# Native memory allocation (malloc) failed to allocate 862016 bytes for Chunk::new
# Possible reasons:
#   The system is out of physical RAM or swap space
#   The process is running with CompressedOops enabled, and the Java Heap may be blocking the growth of the native heap
# Possible solutions:
#   Reduce memory load on the system
#   Increase physical memory or swap space
#   Check if swap backing store is full
#   Decrease Java heap size (-Xmx/-Xms)
#   Decrease number of Java threads
#   Decrease Java thread stack sizes (-Xss)
#   Set larger code cache with -XX:ReservedCodeCacheSize=
#   JVM is running with Unscaled Compressed Oops mode in which the Java heap is
#     placed in the first 4GB address space. The Java Heap base address is the
#     maximum limit for the native heap growth. Please use -XX:HeapBaseMinAddress
#     to set the Java Heap base and to place the Java Heap above 4GB virtual address.
# This output file may be truncated or incomplete.
#
#  Out of Memory Error (arena.cpp:191), pid=3368, tid=19972
#
# JRE version: OpenJDK Runtime Environment Temurin-17.0.9+9 (17.0.9+9) (build 17.0.9+9)
# Java VM: OpenJDK 64-Bit Server VM Temurin-17.0.9+9 (17.0.9+9, mixed mode, tiered, compressed oops, compressed class ptrs, g1 gc, windows-amd64)
# No core dump will be written. Minidumps are not enabled by default on client versions of Windows
#

---------------  S U M M A R Y ------------

Command Line: -Dfile.encoding=UTF-8 -Dstdout.encoding=UTF-8 -Dstderr.encoding=UTF-8 -XX:+ShowCodeDetailsInExceptionMessages My_Project.Alert_Box

Host: 11th Gen Intel(R) Core(TM) i3-1115G4 @ 3.00GHz, 4 cores, 7G,  Windows 11 , 64 bit Build 22543 (10.0.22543.1000)
Time: Fri Jul 12 17:14:23 2024 India Standard Time elapsed time: 2.913307 seconds (0d 0h 0m 2s)

---------------  T H R E A D  ---------------

Current thread (0x000002655f10dca0):  JavaThread "C2 CompilerThread0" daemon [_thread_in_native, id=19972, stack(0x000000d586e00000,0x000000d586f00000)]


Current CompileTask:
C2:   2913 1677       4       java.lang.invoke.MethodType::makeImpl (109 bytes)

Stack: [0x000000d586e00000,0x000000d586f00000]
Native frames: (J=compiled Java code, j=interpreted, Vv=VM code, C=native code)
V  [jvm.dll+0x67cf49]
V  [jvm.dll+0x83478a]
V  [jvm.dll+0x83624e]
V  [jvm.dll+0x8368b3]
V  [jvm.dll+0x247f1f]
V  [jvm.dll+0xac43c]
V  [jvm.dll+0xaca8c]
V  [jvm.dll+0x2af45f]
V  [jvm.dll+0x5853f7]
V  [jvm.dll+0x222f62]
V  [jvm.dll+0x21c202]
V  [jvm.dll+0x2198c1]
V  [jvm.dll+0x1a57cd]
V  [jvm.dll+0x2297ae]
V  [jvm.dll+0x22797c]
V  [jvm.dll+0x7e9877]
V  [jvm.dll+0x7e3c3a]
V  [jvm.dll+0x67be35]
C  [ucrtbase.dll+0x293cc]
C  [KERNEL32.DLL+0x11350]
C  [ntdll.dll+0x51dc8]


---------------  P R O C E S S  ---------------

Threads class SMR info:
_java_thread_list=0x00000265644bcac0, length=26, elements={
0x0000026545b34db0, 0x000002655f094870, 0x000002655f0958e0, 0x000002655f0f3010,
0x000002655f0f39d0, 0x000002655f0f4b30, 0x000002655f0f5c90, 0x000002655f10dca0,
0x000002655f1115d0, 0x000002655f1162b0, 0x000002655f284810, 0x000002655f2af010,
0x000002655fd2dae0, 0x00000265643cbde0, 0x00000265643d8840, 0x0000026564505b70,
0x0000026564506050, 0x0000026564506530, 0x00000265643dc520, 0x00000265643db0e0,
0x00000265643db5f0, 0x00000265643dbb00, 0x00000265643d9790, 0x00000265643dc010,
0x00000265643d8d70, 0x00000265643d9ca0
}

Java Threads: ( => current thread )
  0x0000026545b34db0 JavaThread "Forwarding maximizeCurrentWindow on session 8a076198a542791ab1aed79b4d4845c5 to remote" [_thread_blocked, id=5728, stack(0x000000d586100000,0x000000d586200000)]
  0x000002655f094870 JavaThread "Reference Handler" daemon [_thread_blocked, id=2348, stack(0x000000d586800000,0x000000d586900000)]
  0x000002655f0958e0 JavaThread "Finalizer" daemon [_thread_blocked, id=15872, stack(0x000000d586900000,0x000000d586a00000)]
  0x000002655f0f3010 JavaThread "Signal Dispatcher" daemon [_thread_blocked, id=6216, stack(0x000000d586a00000,0x000000d586b00000)]
  0x000002655f0f39d0 JavaThread "Attach Listener" daemon [_thread_blocked, id=8928, stack(0x000000d586b00000,0x000000d586c00000)]
  0x000002655f0f4b30 JavaThread "Service Thread" daemon [_thread_blocked, id=1940, stack(0x000000d586c00000,0x000000d586d00000)]
  0x000002655f0f5c90 JavaThread "Monitor Deflation Thread" daemon [_thread_blocked, id=14532, stack(0x000000d586d00000,0x000000d586e00000)]
=>0x000002655f10dca0 JavaThread "C2 CompilerThread0" daemon [_thread_in_native, id=19972, stack(0x000000d586e00000,0x000000d586f00000)]
  0x000002655f1115d0 JavaThread "C1 CompilerThread0" daemon [_thread_blocked, id=1948, stack(0x000000d586f00000,0x000000d587000000)]
  0x000002655f1162b0 JavaThread "Sweeper thread" daemon [_thread_blocked, id=18592, stack(0x000000d587000000,0x000000d587100000)]
  0x000002655f284810 JavaThread "Notification Thread" daemon [_thread_blocked, id=3392, stack(0x000000d587100000,0x000000d587200000)]
  0x000002655f2af010 JavaThread "Common-Cleaner" daemon [_thread_blocked, id=684, stack(0x000000d587300000,0x000000d587400000)]
  0x000002655fd2dae0 JavaThread "ForkJoinPool.commonPool-worker-1" daemon [_thread_blocked, id=2560, stack(0x000000d587400000,0x000000d587500000)]
  0x00000265643cbde0 JavaThread "HttpClient-1-SelectorManager" daemon [_thread_in_native, id=11072, stack(0x000000d587900000,0x000000d587a00000)]
  0x00000265643d8840 JavaThread "External Process Output Forwarder - C:\Users\Husenappa.M\.cache\selenium\chromedriver\win64\126.0.6478.126\chromedriver.exe" daemon [_thread_in_native, id=19692, stack(0x000000d587a00000,0x000000d587b00000)]
  0x0000026564505b70 JavaThread "Driver Service Executor" daemon [_thread_blocked, id=16888, stack(0x000000d587b00000,0x000000d587c00000)]
  0x0000026564506050 JavaThread "Driver Service Executor" daemon [_thread_in_native, id=10708, stack(0x000000d587c00000,0x000000d587d00000)]
  0x0000026564506530 JavaThread "UrlChecker-2" daemon [_thread_blocked, id=19300, stack(0x000000d587d00000,0x000000d587e00000)]
  0x00000265643dc520 JavaThread "Keep-Alive-Timer" daemon [_thread_blocked, id=8396, stack(0x000000d587f00000,0x000000d588000000)]
  0x00000265643db0e0 JavaThread "JdkHttpClient-0-0" daemon [_thread_blocked, id=3560, stack(0x000000d588000000,0x000000d588100000)]
  0x00000265643db5f0 JavaThread "JdkHttpClient-0-1" daemon [_thread_blocked, id=13420, stack(0x000000d588100000,0x000000d588200000)]
  0x00000265643dbb00 JavaThread "JdkHttpClient-0-2" daemon [_thread_blocked, id=3364, stack(0x000000d588200000,0x000000d588300000)]
  0x00000265643d9790 JavaThread "HttpClient-2-SelectorManager" daemon [_thread_in_native, id=3556, stack(0x000000d587800000,0x000000d587900000)]
  0x00000265643dc010 JavaThread "JdkHttpClient-1-0" daemon [_thread_blocked, id=19912, stack(0x000000d588300000,0x000000d588400000)]
  0x00000265643d8d70 JavaThread "JdkHttpClient-1-1" daemon [_thread_blocked, id=4908, stack(0x000000d588400000,0x000000d588500000)]
  0x00000265643d9ca0 JavaThread "JdkHttpClient-1-2" daemon [_thread_blocked, id=14200, stack(0x000000d588500000,0x000000d588600000)]

Other Threads:
  0x000002655f0864f0 VMThread "VM Thread" [stack: 0x000000d586700000,0x000000d586800000] [id=15396]
  0x000002655f284cf0 WatcherThread [stack: 0x000000d587200000,0x000000d587300000] [id=13252]
  0x0000026545b90060 GCTaskThread "GC Thread#0" [stack: 0x000000d586200000,0x000000d586300000] [id=18248]
  0x000002655fd9e630 GCTaskThread "GC Thread#1" [stack: 0x000000d587500000,0x000000d587600000] [id=16120]
  0x000002655fd9ebf0 GCTaskThread "GC Thread#2" [stack: 0x000000d587600000,0x000000d587700000] [id=16776]
  0x000002655fd62670 GCTaskThread "GC Thread#3" [stack: 0x000000d587700000,0x000000d587800000] [id=19356]
  0x0000026545ba10b0 ConcurrentGCThread "G1 Main Marker" [stack: 0x000000d586300000,0x000000d586400000] [id=18136]
  0x0000026545ba2ae0 ConcurrentGCThread "G1 Conc#0" [stack: 0x000000d586400000,0x000000d586500000] [id=8976]
  0x000002655eeea0f0 ConcurrentGCThread "G1 Refine#0" [stack: 0x000000d586500000,0x000000d586600000] [id=17452]
  0x000002655eeeab20 ConcurrentGCThread "G1 Service" [stack: 0x000000d586600000,0x000000d586700000] [id=9096]

Threads with active compile tasks:
C2 CompilerThread0     3252 1677       4       java.lang.invoke.MethodType::makeImpl (109 bytes)

VM state: not at safepoint (normal execution)

VM Mutex/Monitor currently owned by a thread: None

Heap address: 0x0000000084000000, size: 1984 MB, Compressed Oops mode: 32-bit

CDS archive(s) not mapped
Compressed class space mapped at: 0x0000000100000000-0x0000000140000000, reserved size: 1073741824
Narrow klass base: 0x0000000000000000, Narrow klass shift: 3, Narrow klass range: 0x140000000

GC Precious Log:
 CPUs: 4 total, 4 available
 Memory: 7930M
 Large Page Support: Disabled
 NUMA Support: Disabled
 Compressed Oops: Enabled (32-bit)
 Heap Region Size: 1M
 Heap Min Capacity: 8M
 Heap Initial Capacity: 124M
 Heap Max Capacity: 1984M
 Pre-touch: Disabled
 Parallel Workers: 4
 Concurrent Workers: 1
 Concurrent Refinement Workers: 4
 Periodic GC: Disabled

Heap:
 garbage-first heap   total 126976K, used 18207K [0x0000000084000000, 0x0000000100000000)
  region size 1024K, 13 young (13312K), 2 survivors (2048K)
 Metaspace       used 19877K, committed 20160K, reserved 1114112K
  class space    used 2137K, committed 2240K, reserved 1048576K

Heap Regions: E=young(eden), S=young(survivor), O=old, HS=humongous(starts), HC=humongous(continues), CS=collection set, F=free, OA=open archive, CA=closed archive, TAMS=top-at-mark-start (previous, next)
|   0|0x0000000084000000, 0x0000000084100000, 0x0000000084100000|100%| O|  |TAMS 0x0000000084000000, 0x0000000084000000| Untracked 
|   1|0x0000000084100000, 0x0000000084200000, 0x0000000084200000|100%| O|  |TAMS 0x0000000084100000, 0x0000000084100000| Untracked 
|   2|0x0000000084200000, 0x0000000084300000, 0x0000000084300000|100%| O|  |TAMS 0x0000000084200000, 0x0000000084200000| Untracked 
|   3|0x0000000084300000, 0x0000000084400000, 0x0000000084400000|100%| O|  |TAMS 0x0000000084300000, 0x0000000084300000| Untracked 
|   4|0x0000000084400000, 0x0000000084500000, 0x0000000084500000|100%| O|  |TAMS 0x0000000084400000, 0x0000000084400000| Untracked 
|   5|0x0000000084500000, 0x00000000845c7e00, 0x0000000084600000| 78%| O|  |TAMS 0x0000000084500000, 0x0000000084500000| Untracked 
|   6|0x0000000084600000, 0x0000000084600000, 0x0000000084700000|  0%| F|  |TAMS 0x0000000084600000, 0x0000000084600000| Untracked 
|   7|0x0000000084700000, 0x0000000084700000, 0x0000000084800000|  0%| F|  |TAMS 0x0000000084700000, 0x0000000084700000| Untracked 
|   8|0x0000000084800000, 0x0000000084800000, 0x0000000084900000|  0%| F|  |TAMS 0x0000000084800000, 0x0000000084800000| Untracked 
|   9|0x0000000084900000, 0x0000000084900000, 0x0000000084a00000|  0%| F|  |TAMS 0x0000000084900000, 0x0000000084900000| Untracked 
|  10|0x0000000084a00000, 0x0000000084a00000, 0x0000000084b00000|  0%| F|  |TAMS 0x0000000084a00000, 0x0000000084a00000| Untracked 
|  11|0x0000000084b00000, 0x0000000084b00000, 0x0000000084c00000|  0%| F|  |TAMS 0x0000000084b00000, 0x0000000084b00000| Untracked 
|  12|0x0000000084c00000, 0x0000000084c00000, 0x0000000084d00000|  0%| F|  |TAMS 0x0000000084c00000, 0x0000000084c00000| Untracked 
|  13|0x0000000084d00000, 0x0000000084d00000, 0x0000000084e00000|  0%| F|  |TAMS 0x0000000084d00000, 0x0000000084d00000| Untracked 
|  14|0x0000000084e00000, 0x0000000084e00000, 0x0000000084f00000|  0%| F|  |TAMS 0x0000000084e00000, 0x0000000084e00000| Untracked 
|  15|0x0000000084f00000, 0x0000000084f00000, 0x0000000085000000|  0%| F|  |TAMS 0x0000000084f00000, 0x0000000084f00000| Untracked 
|  16|0x0000000085000000, 0x0000000085000000, 0x0000000085100000|  0%| F|  |TAMS 0x0000000085000000, 0x0000000085000000| Untracked 
|  17|0x0000000085100000, 0x0000000085100000, 0x0000000085200000|  0%| F|  |TAMS 0x0000000085100000, 0x0000000085100000| Untracked 
|  18|0x0000000085200000, 0x0000000085200000, 0x0000000085300000|  0%| F|  |TAMS 0x0000000085200000, 0x0000000085200000| Untracked 
|  19|0x0000000085300000, 0x0000000085300000, 0x0000000085400000|  0%| F|  |TAMS 0x0000000085300000, 0x0000000085300000| Untracked 
|  20|0x0000000085400000, 0x0000000085400000, 0x0000000085500000|  0%| F|  |TAMS 0x0000000085400000, 0x0000000085400000| Untracked 
|  21|0x0000000085500000, 0x0000000085500000, 0x0000000085600000|  0%| F|  |TAMS 0x0000000085500000, 0x0000000085500000| Untracked 
|  22|0x0000000085600000, 0x0000000085600000, 0x0000000085700000|  0%| F|  |TAMS 0x0000000085600000, 0x0000000085600000| Untracked 
|  23|0x0000000085700000, 0x0000000085700000, 0x0000000085800000|  0%| F|  |TAMS 0x0000000085700000, 0x0000000085700000| Untracked 
|  24|0x0000000085800000, 0x0000000085800000, 0x0000000085900000|  0%| F|  |TAMS 0x0000000085800000, 0x0000000085800000| Untracked 
|  25|0x0000000085900000, 0x0000000085900000, 0x0000000085a00000|  0%| F|  |TAMS 0x0000000085900000, 0x0000000085900000| Untracked 
|  26|0x0000000085a00000, 0x0000000085a00000, 0x0000000085b00000|  0%| F|  |TAMS 0x0000000085a00000, 0x0000000085a00000| Untracked 
|  27|0x0000000085b00000, 0x0000000085b00000, 0x0000000085c00000|  0%| F|  |TAMS 0x0000000085b00000, 0x0000000085b00000| Untracked 
|  28|0x0000000085c00000, 0x0000000085c00000, 0x0000000085d00000|  0%| F|  |TAMS 0x0000000085c00000, 0x0000000085c00000| Untracked 
|  29|0x0000000085d00000, 0x0000000085d00000, 0x0000000085e00000|  0%| F|  |TAMS 0x0000000085d00000, 0x0000000085d00000| Untracked 
|  30|0x0000000085e00000, 0x0000000085e00000, 0x0000000085f00000|  0%| F|  |TAMS 0x0000000085e00000, 0x0000000085e00000| Untracked 
|  31|0x0000000085f00000, 0x0000000085f00000, 0x0000000086000000|  0%| F|  |TAMS 0x0000000085f00000, 0x0000000085f00000| Untracked 
|  32|0x0000000086000000, 0x0000000086000000, 0x0000000086100000|  0%| F|  |TAMS 0x0000000086000000, 0x0000000086000000| Untracked 
|  33|0x0000000086100000, 0x0000000086100000, 0x0000000086200000|  0%| F|  |TAMS 0x0000000086100000, 0x0000000086100000| Untracked 
|  34|0x0000000086200000, 0x0000000086200000, 0x0000000086300000|  0%| F|  |TAMS 0x0000000086200000, 0x0000000086200000| Untracked 
|  35|0x0000000086300000, 0x0000000086300000, 0x0000000086400000|  0%| F|  |TAMS 0x0000000086300000, 0x0000000086300000| Untracked 
|  36|0x0000000086400000, 0x0000000086400000, 0x0000000086500000|  0%| F|  |TAMS 0x0000000086400000, 0x0000000086400000| Untracked 
|  37|0x0000000086500000, 0x0000000086500000, 0x0000000086600000|  0%| F|  |TAMS 0x0000000086500000, 0x0000000086500000| Untracked 
|  38|0x0000000086600000, 0x0000000086600000, 0x0000000086700000|  0%| F|  |TAMS 0x0000000086600000, 0x0000000086600000| Untracked 
|  39|0x0000000086700000, 0x0000000086700000, 0x0000000086800000|  0%| F|  |TAMS 0x0000000086700000, 0x0000000086700000| Untracked 
|  40|0x0000000086800000, 0x0000000086800000, 0x0000000086900000|  0%| F|  |TAMS 0x0000000086800000, 0x0000000086800000| Untracked 
|  41|0x0000000086900000, 0x0000000086900000, 0x0000000086a00000|  0%| F|  |TAMS 0x0000000086900000, 0x0000000086900000| Untracked 
|  42|0x0000000086a00000, 0x0000000086a00000, 0x0000000086b00000|  0%| F|  |TAMS 0x0000000086a00000, 0x0000000086a00000| Untracked 
|  43|0x0000000086b00000, 0x0000000086b00000, 0x0000000086c00000|  0%| F|  |TAMS 0x0000000086b00000, 0x0000000086b00000| Untracked 
|  44|0x0000000086c00000, 0x0000000086c00000, 0x0000000086d00000|  0%| F|  |TAMS 0x0000000086c00000, 0x0000000086c00000| Untracked 
|  45|0x0000000086d00000, 0x0000000086d00000, 0x0000000086e00000|  0%| F|  |TAMS 0x0000000086d00000, 0x0000000086d00000| Untracked 
|  46|0x0000000086e00000, 0x0000000086e00000, 0x0000000086f00000|  0%| F|  |TAMS 0x0000000086e00000, 0x0000000086e00000| Untracked 
|  47|0x0000000086f00000, 0x0000000086f00000, 0x0000000087000000|  0%| F|  |TAMS 0x0000000086f00000, 0x0000000086f00000| Untracked 
|  48|0x0000000087000000, 0x0000000087000000, 0x0000000087100000|  0%| F|  |TAMS 0x0000000087000000, 0x0000000087000000| Untracked 
|  49|0x0000000087100000, 0x0000000087100000, 0x0000000087200000|  0%| F|  |TAMS 0x0000000087100000, 0x0000000087100000| Untracked 
|  50|0x0000000087200000, 0x0000000087200000, 0x0000000087300000|  0%| F|  |TAMS 0x0000000087200000, 0x0000000087200000| Untracked 
|  51|0x0000000087300000, 0x0000000087300000, 0x0000000087400000|  0%| F|  |TAMS 0x0000000087300000, 0x0000000087300000| Untracked 
|  52|0x0000000087400000, 0x0000000087400000, 0x0000000087500000|  0%| F|  |TAMS 0x0000000087400000, 0x0000000087400000| Untracked 
|  53|0x0000000087500000, 0x0000000087500000, 0x0000000087600000|  0%| F|  |TAMS 0x0000000087500000, 0x0000000087500000| Untracked 
|  54|0x0000000087600000, 0x0000000087600000, 0x0000000087700000|  0%| F|  |TAMS 0x0000000087600000, 0x0000000087600000| Untracked 
|  55|0x0000000087700000, 0x0000000087700000, 0x0000000087800000|  0%| F|  |TAMS 0x0000000087700000, 0x0000000087700000| Untracked 
|  56|0x0000000087800000, 0x0000000087800000, 0x0000000087900000|  0%| F|  |TAMS 0x0000000087800000, 0x0000000087800000| Untracked 
|  57|0x0000000087900000, 0x0000000087900000, 0x0000000087a00000|  0%| F|  |TAMS 0x0000000087900000, 0x0000000087900000| Untracked 
|  58|0x0000000087a00000, 0x0000000087a00000, 0x0000000087b00000|  0%| F|  |TAMS 0x0000000087a00000, 0x0000000087a00000| Untracked 
|  59|0x0000000087b00000, 0x0000000087b00000, 0x0000000087c00000|  0%| F|  |TAMS 0x0000000087b00000, 0x0000000087b00000| Untracked 
|  60|0x0000000087c00000, 0x0000000087c00000, 0x0000000087d00000|  0%| F|  |TAMS 0x0000000087c00000, 0x0000000087c00000| Untracked 
|  61|0x0000000087d00000, 0x0000000087d00000, 0x0000000087e00000|  0%| F|  |TAMS 0x0000000087d00000, 0x0000000087d00000| Untracked 
|  62|0x0000000087e00000, 0x0000000087e00000, 0x0000000087f00000|  0%| F|  |TAMS 0x0000000087e00000, 0x0000000087e00000| Untracked 
|  63|0x0000000087f00000, 0x0000000087f00000, 0x0000000088000000|  0%| F|  |TAMS 0x0000000087f00000, 0x0000000087f00000| Untracked 
|  64|0x0000000088000000, 0x0000000088000000, 0x0000000088100000|  0%| F|  |TAMS 0x0000000088000000, 0x0000000088000000| Untracked 
|  65|0x0000000088100000, 0x0000000088100000, 0x0000000088200000|  0%| F|  |TAMS 0x0000000088100000, 0x0000000088100000| Untracked 
|  66|0x0000000088200000, 0x0000000088200000, 0x0000000088300000|  0%| F|  |TAMS 0x0000000088200000, 0x0000000088200000| Untracked 
|  67|0x0000000088300000, 0x0000000088300000, 0x0000000088400000|  0%| F|  |TAMS 0x0000000088300000, 0x0000000088300000| Untracked 
|  68|0x0000000088400000, 0x0000000088400000, 0x0000000088500000|  0%| F|  |TAMS 0x0000000088400000, 0x0000000088400000| Untracked 
|  69|0x0000000088500000, 0x0000000088500000, 0x0000000088600000|  0%| F|  |TAMS 0x0000000088500000, 0x0000000088500000| Untracked 
|  70|0x0000000088600000, 0x0000000088600000, 0x0000000088700000|  0%| F|  |TAMS 0x0000000088600000, 0x0000000088600000| Untracked 
|  71|0x0000000088700000, 0x0000000088700000, 0x0000000088800000|  0%| F|  |TAMS 0x0000000088700000, 0x0000000088700000| Untracked 
|  72|0x0000000088800000, 0x0000000088800000, 0x0000000088900000|  0%| F|  |TAMS 0x0000000088800000, 0x0000000088800000| Untracked 
|  73|0x0000000088900000, 0x0000000088900000, 0x0000000088a00000|  0%| F|  |TAMS 0x0000000088900000, 0x0000000088900000| Untracked 
|  74|0x0000000088a00000, 0x0000000088a00000, 0x0000000088b00000|  0%| F|  |TAMS 0x0000000088a00000, 0x0000000088a00000| Untracked 
|  75|0x0000000088b00000, 0x0000000088b00000, 0x0000000088c00000|  0%| F|  |TAMS 0x0000000088b00000, 0x0000000088b00000| Untracked 
|  76|0x0000000088c00000, 0x0000000088c00000, 0x0000000088d00000|  0%| F|  |TAMS 0x0000000088c00000, 0x0000000088c00000| Untracked 
|  77|0x0000000088d00000, 0x0000000088d00000, 0x0000000088e00000|  0%| F|  |TAMS 0x0000000088d00000, 0x0000000088d00000| Untracked 
|  78|0x0000000088e00000, 0x0000000088e00000, 0x0000000088f00000|  0%| F|  |TAMS 0x0000000088e00000, 0x0000000088e00000| Untracked 
|  79|0x0000000088f00000, 0x0000000088f00000, 0x0000000089000000|  0%| F|  |TAMS 0x0000000088f00000, 0x0000000088f00000| Untracked 
|  80|0x0000000089000000, 0x0000000089000000, 0x0000000089100000|  0%| F|  |TAMS 0x0000000089000000, 0x0000000089000000| Untracked 
|  81|0x0000000089100000, 0x0000000089100000, 0x0000000089200000|  0%| F|  |TAMS 0x0000000089100000, 0x0000000089100000| Untracked 
|  82|0x0000000089200000, 0x0000000089200000, 0x0000000089300000|  0%| F|  |TAMS 0x0000000089200000, 0x0000000089200000| Untracked 
|  83|0x0000000089300000, 0x0000000089300000, 0x0000000089400000|  0%| F|  |TAMS 0x0000000089300000, 0x0000000089300000| Untracked 
|  84|0x0000000089400000, 0x0000000089400000, 0x0000000089500000|  0%| F|  |TAMS 0x0000000089400000, 0x0000000089400000| Untracked 
|  85|0x0000000089500000, 0x0000000089500000, 0x0000000089600000|  0%| F|  |TAMS 0x0000000089500000, 0x0000000089500000| Untracked 
|  86|0x0000000089600000, 0x0000000089600000, 0x0000000089700000|  0%| F|  |TAMS 0x0000000089600000, 0x0000000089600000| Untracked 
|  87|0x0000000089700000, 0x0000000089700000, 0x0000000089800000|  0%| F|  |TAMS 0x0000000089700000, 0x0000000089700000| Untracked 
|  88|0x0000000089800000, 0x0000000089800000, 0x0000000089900000|  0%| F|  |TAMS 0x0000000089800000, 0x0000000089800000| Untracked 
|  89|0x0000000089900000, 0x0000000089900000, 0x0000000089a00000|  0%| F|  |TAMS 0x0000000089900000, 0x0000000089900000| Untracked 
|  90|0x0000000089a00000, 0x0000000089a00000, 0x0000000089b00000|  0%| F|  |TAMS 0x0000000089a00000, 0x0000000089a00000| Untracked 
|  91|0x0000000089b00000, 0x0000000089b00000, 0x0000000089c00000|  0%| F|  |TAMS 0x0000000089b00000, 0x0000000089b00000| Untracked 
|  92|0x0000000089c00000, 0x0000000089c00000, 0x0000000089d00000|  0%| F|  |TAMS 0x0000000089c00000, 0x0000000089c00000| Untracked 
|  93|0x0000000089d00000, 0x0000000089d00000, 0x0000000089e00000|  0%| F|  |TAMS 0x0000000089d00000, 0x0000000089d00000| Untracked 
|  94|0x0000000089e00000, 0x0000000089e00000, 0x0000000089f00000|  0%| F|  |TAMS 0x0000000089e00000, 0x0000000089e00000| Untracked 
|  95|0x0000000089f00000, 0x0000000089f00000, 0x000000008a000000|  0%| F|  |TAMS 0x0000000089f00000, 0x0000000089f00000| Untracked 
|  96|0x000000008a000000, 0x000000008a000000, 0x000000008a100000|  0%| F|  |TAMS 0x000000008a000000, 0x000000008a000000| Untracked 
|  97|0x000000008a100000, 0x000000008a100000, 0x000000008a200000|  0%| F|  |TAMS 0x000000008a100000, 0x000000008a100000| Untracked 
|  98|0x000000008a200000, 0x000000008a200000, 0x000000008a300000|  0%| F|  |TAMS 0x000000008a200000, 0x000000008a200000| Untracked 
|  99|0x000000008a300000, 0x000000008a300000, 0x000000008a400000|  0%| F|  |TAMS 0x000000008a300000, 0x000000008a300000| Untracked 
| 100|0x000000008a400000, 0x000000008a400000, 0x000000008a500000|  0%| F|  |TAMS 0x000000008a400000, 0x000000008a400000| Untracked 
| 101|0x000000008a500000, 0x000000008a500000, 0x000000008a600000|  0%| F|  |TAMS 0x000000008a500000, 0x000000008a500000| Untracked 
| 102|0x000000008a600000, 0x000000008a600000, 0x000000008a700000|  0%| F|  |TAMS 0x000000008a600000, 0x000000008a600000| Untracked 
| 103|0x000000008a700000, 0x000000008a700000, 0x000000008a800000|  0%| F|  |TAMS 0x000000008a700000, 0x000000008a700000| Untracked 
| 104|0x000000008a800000, 0x000000008a800000, 0x000000008a900000|  0%| F|  |TAMS 0x000000008a800000, 0x000000008a800000| Untracked 
| 105|0x000000008a900000, 0x000000008a900000, 0x000000008aa00000|  0%| F|  |TAMS 0x000000008a900000, 0x000000008a900000| Untracked 
| 106|0x000000008aa00000, 0x000000008aa00000, 0x000000008ab00000|  0%| F|  |TAMS 0x000000008aa00000, 0x000000008aa00000| Untracked 
| 107|0x000000008ab00000, 0x000000008ab00000, 0x000000008ac00000|  0%| F|  |TAMS 0x000000008ab00000, 0x000000008ab00000| Untracked 
| 108|0x000000008ac00000, 0x000000008ad00000, 0x000000008ad00000|100%| S|CS|TAMS 0x000000008ac00000, 0x000000008ac00000| Complete 
| 109|0x000000008ad00000, 0x000000008ad00000, 0x000000008ae00000|  0%| F|  |TAMS 0x000000008ad00000, 0x000000008ad00000| Untracked 
| 110|0x000000008ae00000, 0x000000008ae00000, 0x000000008af00000|  0%| F|  |TAMS 0x000000008ae00000, 0x000000008ae00000| Untracked 
| 111|0x000000008af00000, 0x000000008b000000, 0x000000008b000000|100%| S|CS|TAMS 0x000000008af00000, 0x000000008af00000| Complete 
| 112|0x000000008b000000, 0x000000008b000000, 0x000000008b100000|  0%| F|  |TAMS 0x000000008b000000, 0x000000008b000000| Untracked 
| 113|0x000000008b100000, 0x000000008b200000, 0x000000008b200000|100%| E|  |TAMS 0x000000008b100000, 0x000000008b100000| Complete 
| 114|0x000000008b200000, 0x000000008b300000, 0x000000008b300000|100%| E|CS|TAMS 0x000000008b200000, 0x000000008b200000| Complete 
| 115|0x000000008b300000, 0x000000008b400000, 0x000000008b400000|100%| E|CS|TAMS 0x000000008b300000, 0x000000008b300000| Complete 
| 116|0x000000008b400000, 0x000000008b500000, 0x000000008b500000|100%| E|CS|TAMS 0x000000008b400000, 0x000000008b400000| Complete 
| 117|0x000000008b500000, 0x000000008b600000, 0x000000008b600000|100%| E|CS|TAMS 0x000000008b500000, 0x000000008b500000| Complete 
| 118|0x000000008b600000, 0x000000008b700000, 0x000000008b700000|100%| E|CS|TAMS 0x000000008b600000, 0x000000008b600000| Complete 
| 119|0x000000008b700000, 0x000000008b800000, 0x000000008b800000|100%| E|CS|TAMS 0x000000008b700000, 0x000000008b700000| Complete 
| 120|0x000000008b800000, 0x000000008b900000, 0x000000008b900000|100%| E|CS|TAMS 0x000000008b800000, 0x000000008b800000| Complete 
| 121|0x000000008b900000, 0x000000008ba00000, 0x000000008ba00000|100%| E|CS|TAMS 0x000000008b900000, 0x000000008b900000| Complete 
| 122|0x000000008ba00000, 0x000000008bb00000, 0x000000008bb00000|100%| E|CS|TAMS 0x000000008ba00000, 0x000000008ba00000| Complete 
| 123|0x000000008bb00000, 0x000000008bc00000, 0x000000008bc00000|100%| E|CS|TAMS 0x000000008bb00000, 0x000000008bb00000| Complete 

Card table byte_map: [0x00000265585d0000,0x00000265589b0000] _byte_map_base: 0x00000265581b0000

Marking Bits (Prev, Next): (CMBitMap*) 0x0000026545b90680, (CMBitMap*) 0x0000026545b906c0
 Prev Bits: [0x0000026558d90000, 0x000002655ac90000)
 Next Bits: [0x000002655ac90000, 0x000002655cb90000)

Polling page: 0x00000265452e0000

Metaspace:

Usage:
  Non-class:     17.32 MB used.
      Class:      2.09 MB used.
       Both:     19.41 MB used.

Virtual space:
  Non-class space:       64.00 MB reserved,      17.50 MB ( 27%) committed,  1 nodes.
      Class space:        1.00 GB reserved,       2.19 MB ( <1%) committed,  1 nodes.
             Both:        1.06 GB reserved,      19.69 MB (  2%) committed. 

Chunk freelists:
   Non-Class:  13.73 MB
       Class:  13.83 MB
        Both:  27.56 MB

MaxMetaspaceSize: unlimited
CompressedClassSpaceSize: 1.00 GB
Initial GC threshold: 21.00 MB
Current GC threshold: 21.00 MB
CDS: off
MetaspaceReclaimPolicy: balanced
 - commit_granule_bytes: 65536.
 - commit_granule_words: 8192.
 - virtual_space_node_default_size: 8388608.
 - enlarge_chunks_in_place: 1.
 - new_chunks_are_fully_committed: 0.
 - uncommit_free_chunks: 1.
 - use_allocation_guard: 0.
 - handle_deallocations: 1.


Internal statistics:

num_allocs_failed_limit: 0.
num_arena_births: 222.
num_arena_deaths: 0.
num_vsnodes_births: 2.
num_vsnodes_deaths: 0.
num_space_committed: 315.
num_space_uncommitted: 0.
num_chunks_returned_to_freelist: 0.
num_chunks_taken_from_freelist: 508.
num_chunk_merges: 0.
num_chunk_splits: 279.
num_chunks_enlarged: 173.
num_inconsistent_stats: 0.

CodeHeap 'non-profiled nmethods': size=120000Kb used=519Kb max_used=519Kb free=119480Kb
 bounds [0x0000026550cc0000, 0x0000026550f30000, 0x00000265581f0000]
CodeHeap 'profiled nmethods': size=120000Kb used=3114Kb max_used=3114Kb free=116885Kb
 bounds [0x00000265491f0000, 0x0000026549500000, 0x0000026550720000]
CodeHeap 'non-nmethods': size=5760Kb used=1214Kb max_used=1227Kb free=4545Kb
 bounds [0x0000026550720000, 0x0000026550990000, 0x0000026550cc0000]
 total_blobs=2201 nmethods=1698 adapters=415
 compilation: enabled
              stopped_count=0, restarted_count=0
 full_count=0

Compilation events (20 events):
Event: 2.763 Thread 0x000002655f1115d0 nmethod 1676 0x00000265494e9690 code [0x00000265494e9860, 0x00000265494e9b38]
Event: 2.764 Thread 0x000002655f10dca0 1677       4       java.lang.invoke.MethodType::makeImpl (109 bytes)
Event: 2.767 Thread 0x000002655f1115d0 1678       3       sun.net.www.protocol.jar.Handler::parseContextSpec (150 bytes)
Event: 2.769 Thread 0x000002655f1115d0 nmethod 1678 0x00000265494e9c90 code [0x00000265494ea120, 0x00000265494ebdb8]
Event: 2.769 Thread 0x000002655f1115d0 1679       3       sun.net.www.protocol.jar.Handler::indexOfBangSlash (52 bytes)
Event: 2.769 Thread 0x000002655f1115d0 nmethod 1679 0x00000265494ec810 code [0x00000265494eca80, 0x00000265494ed578]
Event: 2.769 Thread 0x000002655f1115d0 1683       3       java.util.TreeMap::fixAfterInsertion (267 bytes)
Event: 2.771 Thread 0x000002655f1115d0 nmethod 1683 0x00000265494ed910 code [0x00000265494eddc0, 0x00000265494f0498]
Event: 2.771 Thread 0x000002655f1115d0 1686       3       java.util.Collections$UnmodifiableMap::get (11 bytes)
Event: 2.771 Thread 0x000002655f1115d0 nmethod 1686 0x00000265494f1110 code [0x00000265494f12c0, 0x00000265494f1488]
Event: 2.771 Thread 0x000002655f1115d0 1685       3       java.util.Spliterator::getExactSizeIfKnown (25 bytes)
Event: 2.772 Thread 0x000002655f1115d0 nmethod 1685 0x00000265494f1590 code [0x00000265494f1740, 0x00000265494f1a18]
Event: 2.772 Thread 0x000002655f1115d0 1680       3       sun.net.www.protocol.jar.Handler::canonicalizeString (72 bytes)
Event: 2.772 Thread 0x000002655f1115d0 nmethod 1680 0x00000265494f1b10 code [0x00000265494f1e00, 0x00000265494f2c88]
Event: 2.772 Thread 0x000002655f1115d0 1681       3       java.net.URLStreamHandler::setURL (159 bytes)
Event: 2.774 Thread 0x000002655f1115d0 nmethod 1681 0x00000265494f3210 code [0x00000265494f35a0, 0x00000265494f4b08]
Event: 2.774 Thread 0x000002655f1115d0 1687       1       java.util.TreeMap::size (5 bytes)
Event: 2.774 Thread 0x000002655f1115d0 nmethod 1687 0x0000026550d41210 code [0x0000026550d413a0, 0x0000026550d41478]
Event: 2.774 Thread 0x000002655f1115d0 1682       3       java.lang.reflect.Constructor::acquireConstructorAccessor (44 bytes)
Event: 2.774 Thread 0x000002655f1115d0 nmethod 1682 0x00000265494f5390 code [0x00000265494f5580, 0x00000265494f5a78]

GC Heap History (4 events):
Event: 0.549 GC heap before
{Heap before GC invocations=0 (full 0):
 garbage-first heap   total 126976K, used 12288K [0x0000000084000000, 0x0000000100000000)
  region size 1024K, 13 young (13312K), 0 survivors (0K)
 Metaspace       used 11441K, committed 11712K, reserved 1114112K
  class space    used 1138K, committed 1280K, reserved 1048576K
}
Event: 0.553 GC heap after
{Heap after GC invocations=1 (full 0):
 garbage-first heap   total 126976K, used 5280K [0x0000000084000000, 0x0000000100000000)
  region size 1024K, 2 young (2048K), 2 survivors (2048K)
 Metaspace       used 11441K, committed 11712K, reserved 1114112K
  class space    used 1138K, committed 1280K, reserved 1048576K
}
Event: 0.887 GC heap before
{Heap before GC invocations=1 (full 0):
 garbage-first heap   total 126976K, used 16544K [0x0000000084000000, 0x0000000100000000)
  region size 1024K, 14 young (14336K), 2 survivors (2048K)
 Metaspace       used 17429K, committed 17600K, reserved 1114112K
  class space    used 1801K, committed 1856K, reserved 1048576K
}
Event: 0.895 GC heap after
{Heap after GC invocations=2 (full 0):
 garbage-first heap   total 126976K, used 7967K [0x0000000084000000, 0x0000000100000000)
  region size 1024K, 2 young (2048K), 2 survivors (2048K)
 Metaspace       used 17429K, committed 17600K, reserved 1114112K
  class space    used 1801K, committed 1856K, reserved 1048576K
}

Dll operation events (6 events):
Event: 0.005 Loaded shared library C:\Users\Husenappa.M\OneDrive\Desktop\java with selenium\eclipse-java-2023-12-R-win32-x86_64\eclipse\plugins\org.eclipse.justj.openjdk.hotspot.jre.full.win32.x86_64_17.0.9.v20231028-0858\jre\bin\java.dll
Event: 0.100 Loaded shared library C:\Users\Husenappa.M\OneDrive\Desktop\java with selenium\eclipse-java-2023-12-R-win32-x86_64\eclipse\plugins\org.eclipse.justj.openjdk.hotspot.jre.full.win32.x86_64_17.0.9.v20231028-0858\jre\bin\net.dll
Event: 0.101 Loaded shared library C:\Users\Husenappa.M\OneDrive\Desktop\java with selenium\eclipse-java-2023-12-R-win32-x86_64\eclipse\plugins\org.eclipse.justj.openjdk.hotspot.jre.full.win32.x86_64_17.0.9.v20231028-0858\jre\bin\nio.dll
Event: 0.106 Loaded shared library C:\Users\Husenappa.M\OneDrive\Desktop\java with selenium\eclipse-java-2023-12-R-win32-x86_64\eclipse\plugins\org.eclipse.justj.openjdk.hotspot.jre.full.win32.x86_64_17.0.9.v20231028-0858\jre\bin\zip.dll
Event: 0.182 Loaded shared library C:\Users\Husenappa.M\OneDrive\Desktop\java with selenium\eclipse-java-2023-12-R-win32-x86_64\eclipse\plugins\org.eclipse.justj.openjdk.hotspot.jre.full.win32.x86_64_17.0.9.v20231028-0858\jre\bin\jimage.dll
Event: 0.574 Loaded shared library C:\Users\Husenappa.M\OneDrive\Desktop\java with selenium\eclipse-java-2023-12-R-win32-x86_64\eclipse\plugins\org.eclipse.justj.openjdk.hotspot.jre.full.win32.x86_64_17.0.9.v20231028-0858\jre\bin\sunmscapi.dll

Deoptimization events (20 events):
Event: 0.976 Thread 0x00000265643db0e0 DEOPT PACKING pc=0x0000026550d3732c sp=0x000000d5880fdb90
Event: 0.976 Thread 0x00000265643db0e0 DEOPT UNPACKING pc=0x000002655077a1a3 sp=0x000000d5880fdb18 mode 2
Event: 0.976 Thread 0x00000265643db0e0 Uncommon trap: trap_request=0xffffffde fr.pc=0x0000026550d3732c relative=0x000000000000010c
Event: 0.976 Thread 0x00000265643db0e0 Uncommon trap: reason=class_check action=maybe_recompile pc=0x0000026550d3732c method=jdk.internal.misc.Unsafe.allocateUninitializedArray(Ljava/lang/Class;I)Ljava/lang/Object; @ 51 c2
Event: 0.976 Thread 0x00000265643db0e0 DEOPT PACKING pc=0x0000026550d3732c sp=0x000000d5880fa9c0
Event: 0.976 Thread 0x00000265643db0e0 DEOPT UNPACKING pc=0x000002655077a1a3 sp=0x000000d5880fa948 mode 2
Event: 0.976 Thread 0x00000265643db0e0 Uncommon trap: trap_request=0xffffffde fr.pc=0x0000026550d3732c relative=0x000000000000010c
Event: 0.976 Thread 0x00000265643db0e0 Uncommon trap: reason=class_check action=maybe_recompile pc=0x0000026550d3732c method=jdk.internal.misc.Unsafe.allocateUninitializedArray(Ljava/lang/Class;I)Ljava/lang/Object; @ 51 c2
Event: 0.976 Thread 0x00000265643db0e0 DEOPT PACKING pc=0x0000026550d3732c sp=0x000000d5880fa980
Event: 0.976 Thread 0x00000265643db0e0 DEOPT UNPACKING pc=0x000002655077a1a3 sp=0x000000d5880fa908 mode 2
Event: 0.977 Thread 0x00000265643db0e0 Uncommon trap: trap_request=0xffffffde fr.pc=0x0000026550d3732c relative=0x000000000000010c
Event: 0.977 Thread 0x00000265643db0e0 Uncommon trap: reason=class_check action=maybe_recompile pc=0x0000026550d3732c method=jdk.internal.misc.Unsafe.allocateUninitializedArray(Ljava/lang/Class;I)Ljava/lang/Object; @ 51 c2
Event: 0.977 Thread 0x00000265643db0e0 DEOPT PACKING pc=0x0000026550d3732c sp=0x000000d5880fdd40
Event: 0.977 Thread 0x00000265643db0e0 DEOPT UNPACKING pc=0x000002655077a1a3 sp=0x000000d5880fdcc8 mode 2
Event: 2.695 Thread 0x0000026545b34db0 Uncommon trap: trap_request=0xffffffde fr.pc=0x0000026550d15f38 relative=0x0000000000000898
Event: 2.695 Thread 0x0000026545b34db0 Uncommon trap: reason=class_check action=maybe_recompile pc=0x0000026550d15f38 method=java.util.HashMap.putVal(ILjava/lang/Object;Ljava/lang/Object;ZZ)Ljava/lang/Object; @ 253 c2
Event: 2.695 Thread 0x0000026545b34db0 DEOPT PACKING pc=0x0000026550d15f38 sp=0x000000d5861fe400
Event: 2.695 Thread 0x0000026545b34db0 DEOPT UNPACKING pc=0x000002655077a1a3 sp=0x000000d5861fe338 mode 2
Event: 2.756 Thread 0x0000026545b34db0 DEOPT PACKING pc=0x000002654921f0be sp=0x000000d5861f9280
Event: 2.756 Thread 0x0000026545b34db0 DEOPT UNPACKING pc=0x000002655077ace3 sp=0x000000d5861f86f8 mode 0

Classes unloaded (0 events):
No events

Classes redefined (0 events):
No events

Internal exceptions (20 events):
Event: 0.611 Thread 0x0000026545b34db0 Exception <a 'java/lang/IncompatibleClassChangeError'{0x000000008baf1a20}: Found class java.lang.Object, but interface was expected> (0x000000008baf1a20) 
thrown [s\src\hotspot\share\interpreter\linkResolver.cpp, line 826]
Event: 0.693 Thread 0x0000026545b34db0 Exception <a 'java/lang/NoSuchMethodError'{0x000000008b4f4f40}: 'java.lang.Object java.lang.invoke.DirectMethodHandle$Holder.invokeStaticInit(java.lang.Object, int, int, int, int)'> (0x000000008b4f4f40) 
thrown [s\src\hotspot\share\interpreter\linkResolver.cpp, line 759]
Event: 0.712 Thread 0x0000026545b34db0 Exception <a 'java/lang/NoSuchMethodError'{0x000000008b3225c8}: 'java.lang.Object java.lang.invoke.DirectMethodHandle$Holder.invokeStaticInit(java.lang.Object, java.lang.Object, int, int, int, int)'> (0x000000008b3225c8) 
thrown [s\src\hotspot\share\interpreter\linkResolver.cpp, line 759]
Event: 0.777 Thread 0x0000026545b34db0 Exception <a 'java/lang/NoSuchMethodError'{0x000000008b1151e8}: 'java.lang.Object java.lang.invoke.DirectMethodHandle$Holder.invokeInterface(java.lang.Object, java.lang.Object, java.lang.Object)'> (0x000000008b1151e8) 
thrown [s\src\hotspot\share\interpreter\linkResolver.cpp, line 759]
Event: 0.777 Thread 0x0000026545b34db0 Exception <a 'java/lang/IncompatibleClassChangeError'{0x000000008b1188b0}: Found class java.lang.Object, but interface was expected> (0x000000008b1188b0) 
thrown [s\src\hotspot\share\interpreter\linkResolver.cpp, line 826]
Event: 0.778 Thread 0x0000026545b34db0 Exception <a 'java/lang/NoSuchMethodError'{0x000000008b120b30}: 'int java.lang.invoke.DirectMethodHandle$Holder.invokeSpecialIFC(java.lang.Object, java.lang.Object, java.lang.Object, java.lang.Object)'> (0x000000008b120b30) 
thrown [s\src\hotspot\share\interpreter\linkResolver.cpp, line 759]
Event: 0.781 Thread 0x0000026545b34db0 Exception <a 'java/lang/NoSuchMethodError'{0x000000008b1456c0}: 'java.lang.Object java.lang.invoke.DirectMethodHandle$Holder.invokeVirtual(java.lang.Object, java.lang.Object, java.lang.Object, java.lang.Object)'> (0x000000008b1456c0) 
thrown [s\src\hotspot\share\interpreter\linkResolver.cpp, line 759]
Event: 0.801 Thread 0x0000026564506530 Exception <a 'java/net/ConnectException'{0x000000008b1a7bc0}: Connection refused: no further information> (0x000000008b1a7bc0) 
thrown [s\src\hotspot\share\prims\jni.cpp, line 535]
Event: 0.801 Thread 0x0000026564506530 Exception <a 'java/net/SocketException'{0x000000008b1a7ef8}: Socket is not connected: shutdown> (0x000000008b1a7ef8) 
thrown [s\src\hotspot\share\prims\jni.cpp, line 535]
Event: 0.815 Thread 0x0000026564506530 Exception <a 'java/net/ConnectException'{0x000000008b1a8ef0}: Connection refused: no further information> (0x000000008b1a8ef0) 
thrown [s\src\hotspot\share\prims\jni.cpp, line 535]
Event: 0.815 Thread 0x0000026564506530 Exception <a 'java/net/SocketException'{0x000000008b1a9228}: Socket is not connected: shutdown> (0x000000008b1a9228) 
thrown [s\src\hotspot\share\prims\jni.cpp, line 535]
Event: 0.876 Thread 0x0000026545b34db0 Exception <a 'java/lang/NoSuchMethodError'{0x000000008b0968e0}: 'java.lang.Object java.lang.invoke.DirectMethodHandle$Holder.newInvokeSpecial(java.lang.Object, java.lang.Object, int, int)'> (0x000000008b0968e0) 
thrown [s\src\hotspot\share\interpreter\linkResolver.cpp, line 759]
Event: 0.877 Thread 0x0000026545b34db0 Exception <a 'java/lang/NoSuchMethodError'{0x000000008b0a43b8}: 'void java.lang.invoke.DirectMethodHandle$Holder.invokeStatic(java.lang.Object, java.lang.Object, int)'> (0x000000008b0a43b8) 
thrown [s\src\hotspot\share\interpreter\linkResolver.cpp, line 759]
Event: 0.898 Thread 0x0000026545b34db0 Exception <a 'java/lang/NoSuchMethodError'{0x000000008bb1f048}: 'java.lang.Object java.lang.invoke.DirectMethodHandle$Holder.newInvokeSpecial(java.lang.Object, java.lang.Object, java.lang.Object, java.lang.Object, java.lang.Object)'> (0x000000008bb1f048) 
thrown [s\src\hotspot\share\interpreter\linkResolver.cpp, line 759]
Event: 0.938 Thread 0x00000265643db0e0 Exception <a 'java/lang/NoSuchMethodError'{0x000000008b996398}: 'java.lang.Object java.lang.invoke.DirectMethodHandle$Holder.invokeSpecial(java.lang.Object, java.lang.Object, java.lang.Object, java.lang.Object, int)'> (0x000000008b996398) 
thrown [s\src\hotspot\share\interpreter\linkResolver.cpp, line 759]
Event: 0.938 Thread 0x00000265643db0e0 Exception <a 'java/lang/NoSuchMethodError'{0x000000008b999f60}: 'java.lang.Object java.lang.invoke.Invokers$Holder.linkToTargetMethod(java.lang.Object, java.lang.Object, int, java.lang.Object)'> (0x000000008b999f60) 
thrown [s\src\hotspot\share\interpreter\linkResolver.cpp, line 759]
Event: 0.949 Thread 0x00000265643db0e0 Exception <a 'java/lang/NoSuchMethodError'{0x000000008b83ba30}: 'void java.lang.invoke.DirectMethodHandle$Holder.invokeSpecial(java.lang.Object, java.lang.Object, java.lang.Object)'> (0x000000008b83ba30) 
thrown [s\src\hotspot\share\interpreter\linkResolver.cpp, line 759]
Event: 0.960 Thread 0x00000265643db0e0 Exception <a 'java/lang/NoSuchMethodError'{0x000000008b8e8020}: 'void java.lang.invoke.DirectMethodHandle$Holder.invokeSpecial(java.lang.Object, java.lang.Object, java.lang.Object, java.lang.Object, java.lang.Object)'> (0x000000008b8e8020) 
thrown [s\src\hotspot\share\interpreter\linkResolver.cpp, line 759]
Event: 2.680 Thread 0x00000265643db0e0 Exception <a 'java/lang/NoSuchMethodError'{0x000000008b69da60}: 'void java.lang.invoke.DirectMethodHandle$Holder.invokeSpecial(java.lang.Object, java.lang.Object, java.lang.Object, java.lang.Object, java.lang.Object, java.lang.Object, java.lang.Object)'> (0x000000008b69da60) 
thrown [s\src\hotspot\share\interpreter\linkResolver.cpp, line 759]
Event: 2.690 Thread 0x0000026545b34db0 Exception <a 'java/lang/NoSuchMethodError'{0x000000008bae5e80}: 'java.lang.Object java.lang.invoke.DirectMethodHandle$Holder.invokeSpecialIFC(java.lang.Object, java.lang.Object, java.lang.Object)'> (0x000000008bae5e80) 
thrown [s\src\hotspot\share\interpreter\linkResolver.cpp, line 759]

VM Operations (20 events):
Event: 0.513 Executing VM operation: HandshakeAllThreads
Event: 0.513 Executing VM operation: HandshakeAllThreads done
Event: 0.549 Executing VM operation: G1CollectForAllocation
Event: 0.553 Executing VM operation: G1CollectForAllocation done
Event: 0.561 Executing VM operation: HandshakeAllThreads
Event: 0.561 Executing VM operation: HandshakeAllThreads done
Event: 0.579 Executing VM operation: HandshakeAllThreads
Event: 0.579 Executing VM operation: HandshakeAllThreads done
Event: 0.718 Executing VM operation: HandshakeAllThreads
Event: 0.718 Executing VM operation: HandshakeAllThreads done
Event: 0.849 Executing VM operation: HandshakeAllThreads
Event: 0.849 Executing VM operation: HandshakeAllThreads done
Event: 0.850 Executing VM operation: HandshakeAllThreads
Event: 0.850 Executing VM operation: HandshakeAllThreads done
Event: 0.887 Executing VM operation: G1CollectForAllocation
Event: 0.896 Executing VM operation: G1CollectForAllocation done
Event: 1.896 Executing VM operation: Cleanup
Event: 1.897 Executing VM operation: Cleanup done
Event: 2.667 Executing VM operation: HandshakeAllThreads
Event: 2.667 Executing VM operation: HandshakeAllThreads done

Events (20 events):
Event: 2.728 Thread 0x00000265643d9790 Thread added: 0x00000265643d9790
Event: 2.729 Thread 0x00000265643dc010 Thread added: 0x00000265643dc010
Event: 2.731 Thread 0x00000265643d8d70 Thread added: 0x00000265643d8d70
Event: 2.731 Thread 0x00000265643d9ca0 Thread added: 0x00000265643d9ca0
Event: 2.734 loading class java/util/concurrent/locks/ReadWriteLock
Event: 2.734 loading class java/util/concurrent/locks/ReadWriteLock done
Event: 2.735 loading class java/util/concurrent/locks/ReentrantReadWriteLock
Event: 2.735 loading class java/util/concurrent/locks/ReentrantReadWriteLock done
Event: 2.736 loading class java/util/concurrent/locks/ReentrantReadWriteLock$FairSync
Event: 2.736 loading class java/util/concurrent/locks/ReentrantReadWriteLock$Sync
Event: 2.736 loading class java/util/concurrent/locks/ReentrantReadWriteLock$Sync done
Event: 2.736 loading class java/util/concurrent/locks/ReentrantReadWriteLock$FairSync done
Event: 2.736 loading class java/util/concurrent/locks/ReentrantReadWriteLock$Sync$ThreadLocalHoldCounter
Event: 2.736 loading class java/util/concurrent/locks/ReentrantReadWriteLock$Sync$ThreadLocalHoldCounter done
Event: 2.736 loading class java/util/concurrent/locks/ReentrantReadWriteLock$ReadLock
Event: 2.736 loading class java/util/concurrent/locks/ReentrantReadWriteLock$ReadLock done
Event: 2.736 loading class java/util/concurrent/locks/ReentrantReadWriteLock$WriteLock
Event: 2.736 loading class java/util/concurrent/locks/ReentrantReadWriteLock$WriteLock done
Event: 2.742 loading class sun/net/www/HeaderParser
Event: 2.742 loading class sun/net/www/HeaderParser done


Dynamic libraries:
0x00007ff77ed80000 - 0x00007ff77ed8e000 	C:\Users\Husenappa.M\OneDrive\Desktop\java with selenium\eclipse-java-2023-12-R-win32-x86_64\eclipse\plugins\org.eclipse.justj.openjdk.hotspot.jre.full.win32.x86_64_17.0.9.v20231028-0858\jre\bin\javaw.exe
0x00007ff8f7880000 - 0x00007ff8f7a8f000 	C:\WINDOWS\SYSTEM32\ntdll.dll
0x00007ff8f6bb0000 - 0x00007ff8f6c6d000 	C:\WINDOWS\System32\KERNEL32.DLL
0x00007ff8f50c0000 - 0x00007ff8f5454000 	C:\WINDOWS\System32\KERNELBASE.dll
0x00007ff8f4fa0000 - 0x00007ff8f50b1000 	C:\WINDOWS\System32\ucrtbase.dll
0x00007ff8ec540000 - 0x00007ff8ec557000 	C:\Users\Husenappa.M\OneDrive\Desktop\java with selenium\eclipse-java-2023-12-R-win32-x86_64\eclipse\plugins\org.eclipse.justj.openjdk.hotspot.jre.full.win32.x86_64_17.0.9.v20231028-0858\jre\bin\jli.dll
0x00007ff8f68f0000 - 0x00007ff8f6a9a000 	C:\WINDOWS\System32\USER32.dll
0x00007ff8f4f00000 - 0x00007ff8f4f26000 	C:\WINDOWS\System32\win32u.dll
0x00007ff8f7810000 - 0x00007ff8f7839000 	C:\WINDOWS\System32\GDI32.dll
0x00007ff8f5520000 - 0x00007ff8f5637000 	C:\WINDOWS\System32\gdi32full.dll
0x00007ff8f4d00000 - 0x00007ff8f4d9a000 	C:\WINDOWS\System32\msvcp_win.dll
0x00007ff8ec4d0000 - 0x00007ff8ec4eb000 	C:\Users\Husenappa.M\OneDrive\Desktop\java with selenium\eclipse-java-2023-12-R-win32-x86_64\eclipse\plugins\org.eclipse.justj.openjdk.hotspot.jre.full.win32.x86_64_17.0.9.v20231028-0858\jre\bin\VCRUNTIME140.dll
0x00007ff8dbb50000 - 0x00007ff8dbdf1000 	C:\WINDOWS\WinSxS\amd64_microsoft.windows.common-controls_6595b64144ccf1df_6.0.22543.1000_none_25f07d7fa9409c95\COMCTL32.dll
0x00007ff8f5df0000 - 0x00007ff8f5e94000 	C:\WINDOWS\System32\msvcrt.dll
0x00007ff8f68b0000 - 0x00007ff8f68e1000 	C:\WINDOWS\System32\IMM32.DLL
0x00007ff8f1a60000 - 0x00007ff8f1a6c000 	C:\Users\Husenappa.M\OneDrive\Desktop\java with selenium\eclipse-java-2023-12-R-win32-x86_64\eclipse\plugins\org.eclipse.justj.openjdk.hotspot.jre.full.win32.x86_64_17.0.9.v20231028-0858\jre\bin\vcruntime140_1.dll
0x00007ff8cdc70000 - 0x00007ff8cdcfd000 	C:\Users\Husenappa.M\OneDrive\Desktop\java with selenium\eclipse-java-2023-12-R-win32-x86_64\eclipse\plugins\org.eclipse.justj.openjdk.hotspot.jre.full.win32.x86_64_17.0.9.v20231028-0858\jre\bin\msvcp140.dll
0x00007ff8a2c50000 - 0x00007ff8a38b1000 	C:\Users\Husenappa.M\OneDrive\Desktop\java with selenium\eclipse-java-2023-12-R-win32-x86_64\eclipse\plugins\org.eclipse.justj.openjdk.hotspot.jre.full.win32.x86_64_17.0.9.v20231028-0858\jre\bin\server\jvm.dll
0x00007ff8f6800000 - 0x00007ff8f68ae000 	C:\WINDOWS\System32\ADVAPI32.dll
0x00007ff8f5d40000 - 0x00007ff8f5de5000 	C:\WINDOWS\System32\sechost.dll
0x00007ff8f57e0000 - 0x00007ff8f58ff000 	C:\WINDOWS\System32\RPCRT4.dll
0x00007ff8f45c0000 - 0x00007ff8f460d000 	C:\WINDOWS\SYSTEM32\POWRPROF.dll
0x00007ff8e4da0000 - 0x00007ff8e4da9000 	C:\WINDOWS\SYSTEM32\WSOCK32.dll
0x00007ff8f7570000 - 0x00007ff8f75e1000 	C:\WINDOWS\System32\WS2_32.dll
0x00007ff8e8d50000 - 0x00007ff8e8d84000 	C:\WINDOWS\SYSTEM32\WINMM.dll
0x00007ff8e33e0000 - 0x00007ff8e33ea000 	C:\WINDOWS\SYSTEM32\VERSION.dll
0x00007ff8f45a0000 - 0x00007ff8f45b3000 	C:\WINDOWS\SYSTEM32\UMPDC.dll
0x00007ff8f3d70000 - 0x00007ff8f3d87000 	C:\WINDOWS\SYSTEM32\kernel.appcore.dll
0x00007ff8dc8b0000 - 0x00007ff8dc8ba000 	C:\Users\Husenappa.M\OneDrive\Desktop\java with selenium\eclipse-java-2023-12-R-win32-x86_64\eclipse\plugins\org.eclipse.justj.openjdk.hotspot.jre.full.win32.x86_64_17.0.9.v20231028-0858\jre\bin\jimage.dll
0x00007ff8f2340000 - 0x00007ff8f2564000 	C:\WINDOWS\SYSTEM32\DBGHELP.DLL
0x00007ff8f7140000 - 0x00007ff8f74b1000 	C:\WINDOWS\System32\combase.dll
0x00007ff8f5ac0000 - 0x00007ff8f5b97000 	C:\WINDOWS\System32\OLEAUT32.dll
0x00007ff8ddee0000 - 0x00007ff8ddf11000 	C:\WINDOWS\SYSTEM32\dbgcore.DLL
0x00007ff8f5640000 - 0x00007ff8f56bb000 	C:\WINDOWS\System32\bcryptPrimitives.dll
0x00007ff8d7c30000 - 0x00007ff8d7c55000 	C:\Users\Husenappa.M\OneDrive\Desktop\java with selenium\eclipse-java-2023-12-R-win32-x86_64\eclipse\plugins\org.eclipse.justj.openjdk.hotspot.jre.full.win32.x86_64_17.0.9.v20231028-0858\jre\bin\java.dll
0x00007ff8d80c0000 - 0x00007ff8d80d8000 	C:\Users\Husenappa.M\OneDrive\Desktop\java with selenium\eclipse-java-2023-12-R-win32-x86_64\eclipse\plugins\org.eclipse.justj.openjdk.hotspot.jre.full.win32.x86_64_17.0.9.v20231028-0858\jre\bin\zip.dll
0x00007ff8f6040000 - 0x00007ff8f67fd000 	C:\WINDOWS\System32\SHELL32.dll
0x00007ff8f2da0000 - 0x00007ff8f35f9000 	C:\WINDOWS\SYSTEM32\windows.storage.dll
0x00007ff8f2c60000 - 0x00007ff8f2d9c000 	C:\WINDOWS\SYSTEM32\wintypes.dll
0x00007ff8f6aa0000 - 0x00007ff8f6b91000 	C:\WINDOWS\System32\SHCORE.dll
0x00007ff8f5900000 - 0x00007ff8f595b000 	C:\WINDOWS\System32\shlwapi.dll
0x00007ff8f4c30000 - 0x00007ff8f4c51000 	C:\WINDOWS\SYSTEM32\profapi.dll
0x00007ff8d7910000 - 0x00007ff8d7929000 	C:\Users\Husenappa.M\OneDrive\Desktop\java with selenium\eclipse-java-2023-12-R-win32-x86_64\eclipse\plugins\org.eclipse.justj.openjdk.hotspot.jre.full.win32.x86_64_17.0.9.v20231028-0858\jre\bin\net.dll
0x00007ff8e9b00000 - 0x00007ff8e9c11000 	C:\WINDOWS\SYSTEM32\WINHTTP.dll
0x00007ff8f4200000 - 0x00007ff8f4269000 	C:\WINDOWS\system32\mswsock.dll
0x00007ff8d7850000 - 0x00007ff8d7866000 	C:\Users\Husenappa.M\OneDrive\Desktop\java with selenium\eclipse-java-2023-12-R-win32-x86_64\eclipse\plugins\org.eclipse.justj.openjdk.hotspot.jre.full.win32.x86_64_17.0.9.v20231028-0858\jre\bin\nio.dll
0x00007ff8f3870000 - 0x00007ff8f3966000 	C:\WINDOWS\SYSTEM32\DNSAPI.dll
0x00007ff8f3840000 - 0x00007ff8f386d000 	C:\WINDOWS\SYSTEM32\IPHLPAPI.DLL
0x00007ff8f56c0000 - 0x00007ff8f56c9000 	C:\WINDOWS\System32\NSI.dll
0x00007ff8e3310000 - 0x00007ff8e331a000 	C:\Windows\System32\rasadhlp.dll
0x00007ff8e8b30000 - 0x00007ff8e8bb2000 	C:\WINDOWS\System32\fwpuclnt.dll
0x00007ff8e5010000 - 0x00007ff8e501e000 	C:\Users\Husenappa.M\OneDrive\Desktop\java with selenium\eclipse-java-2023-12-R-win32-x86_64\eclipse\plugins\org.eclipse.justj.openjdk.hotspot.jre.full.win32.x86_64_17.0.9.v20231028-0858\jre\bin\sunmscapi.dll
0x00007ff8f4da0000 - 0x00007ff8f4efc000 	C:\WINDOWS\System32\CRYPT32.dll
0x00007ff8f46a0000 - 0x00007ff8f46ce000 	C:\WINDOWS\SYSTEM32\ncrypt.dll
0x00007ff8f4660000 - 0x00007ff8f4697000 	C:\WINDOWS\SYSTEM32\NTASN1.dll
0x00007ff8f44c0000 - 0x00007ff8f44dc000 	C:\WINDOWS\SYSTEM32\CRYPTSP.dll
0x00007ff8f3cd0000 - 0x00007ff8f3d05000 	C:\WINDOWS\system32\rsaenh.dll
0x00007ff8f4370000 - 0x00007ff8f4397000 	C:\WINDOWS\SYSTEM32\USERENV.dll
0x00007ff8f46d0000 - 0x00007ff8f46f8000 	C:\WINDOWS\SYSTEM32\bcrypt.dll
0x00007ff8f44e0000 - 0x00007ff8f44ec000 	C:\WINDOWS\SYSTEM32\CRYPTBASE.dll
0x00007ff8e9aa0000 - 0x00007ff8e9ab9000 	C:\WINDOWS\SYSTEM32\dhcpcsvc6.DLL
0x00007ff8e9a80000 - 0x00007ff8e9a9f000 	C:\WINDOWS\SYSTEM32\dhcpcsvc.DLL
0x00007ff8d0a10000 - 0x00007ff8d0a18000 	C:\WINDOWS\system32\wshunix.dll

dbghelp: loaded successfully - version: 4.0.5 - missing functions: none
symbol engine: initialized successfully - sym options: 0x614 - pdb path: .;C:\Users\Husenappa.M\OneDrive\Desktop\java with selenium\eclipse-java-2023-12-R-win32-x86_64\eclipse\plugins\org.eclipse.justj.openjdk.hotspot.jre.full.win32.x86_64_17.0.9.v20231028-0858\jre\bin;C:\WINDOWS\SYSTEM32;C:\WINDOWS\WinSxS\amd64_microsoft.windows.common-controls_6595b64144ccf1df_6.0.22543.1000_none_25f07d7fa9409c95;C:\Users\Husenappa.M\OneDrive\Desktop\java with selenium\eclipse-java-2023-12-R-win32-x86_64\eclipse\plugins\org.eclipse.justj.openjdk.hotspot.jre.full.win32.x86_64_17.0.9.v20231028-0858\jre\bin\server

VM Arguments:
jvm_args: -Dfile.encoding=UTF-8 -Dstdout.encoding=UTF-8 -Dstderr.encoding=UTF-8 -XX:+ShowCodeDetailsInExceptionMessages 
java_command: My_Project.Alert_Box
java_class_path (initial): C:\Users\Husenappa.M\OneDrive\Desktop\appu\Training_Day01\target\classes;C:\Users\Husenappa.M\.m2\repository\io\github\bonigarcia\webdrivermanager\5.9.1\webdrivermanager-5.9.1.jar;C:\Users\Husenappa.M\.m2\repository\org\slf4j\slf4j-api\2.0.13\slf4j-api-2.0.13.jar;C:\Users\Husenappa.M\.m2\repository\com\google\code\gson\gson\2.11.0\gson-2.11.0.jar;C:\Users\Husenappa.M\.m2\repository\com\google\errorprone\error_prone_annotations\2.27.0\error_prone_annotations-2.27.0.jar;C:\Users\Husenappa.M\.m2\repository\com\github\docker-java\docker-java\3.3.6\docker-java-3.3.6.jar;C:\Users\Husenappa.M\.m2\repository\com\github\docker-java\docker-java-core\3.3.6\docker-java-core-3.3.6.jar;C:\Users\Husenappa.M\.m2\repository\com\github\docker-java\docker-java-api\3.3.6\docker-java-api-3.3.6.jar;C:\Users\Husenappa.M\.m2\repository\com\fasterxml\jackson\core\jackson-annotations\2.10.3\jackson-annotations-2.10.3.jar;C:\Users\Husenappa.M\.m2\repository\com\fasterxml\jackson\core\jackson-databind\2.10.3\jackson-databind-2.10.3.jar;C:\Users\Husenappa.M\.m2\repository\com\fasterxml\jackson\core\jackson-core\2.10.3\jackson-core-2.10.3.jar;C:\Users\Husenappa.M\.m2\repository\org\slf4j\jcl-over-slf4j\1.7.30\jcl-over-slf4j-1.7.30.jar;C:\Users\Husenappa.M\.m2\repository\com\github\docker-java\docker-java-transport-httpclient5\3.3.6\docker-java-transport-httpclient5-3.3.6.jar;C:\Users\Husenappa.M\.m2\repository\com\github\docker-java\docker-java-transport\3.3.6\docker-java-transport-3.3.6.jar;C:\Users\Husenappa.M\.m2\repository\net\java\dev\jna\jna\5.13.0\jna-5.13.0.jar;C:\Users\Husenappa.M\.m2\repository\org\brotli\dec\0.1.2\dec-0.1.2.jar;C:\Users\Husenappa.M\.m2\repository\org\apache\commons\commons-lang3\3.14.0\commons-lang3-3.14.0.jar;C:\Users\Husenappa.M\.m2\repository\org\apache\commons\commons-compress\1.26.2\commons-compress-1.26.2.jar;C:\Users\Husenappa.M\.m2\repository\org\apache\httpcomponents\client5\httpclient5\5.2.1\httpclient5-5.2.1.jar;C:\Users\Husenap
Launcher Type: SUN_STANDARD

[Global flags]
     intx CICompilerCount                          = 3                                         {product} {ergonomic}
     uint ConcGCThreads                            = 1                                         {product} {ergonomic}
     uint G1ConcRefinementThreads                  = 4                                         {product} {ergonomic}
   size_t G1HeapRegionSize                         = 1048576                                   {product} {ergonomic}
    uintx GCDrainStackTargetSize                   = 64                                        {product} {ergonomic}
   size_t InitialHeapSize                          = 130023424                                 {product} {ergonomic}
   size_t MarkStackSize                            = 4194304                                   {product} {ergonomic}
   size_t MaxHeapSize                              = 2080374784                                {product} {ergonomic}
   size_t MaxNewSize                               = 1247805440                                {product} {ergonomic}
   size_t MinHeapDeltaBytes                        = 1048576                                   {product} {ergonomic}
   size_t MinHeapSize                              = 8388608                                   {product} {ergonomic}
    uintx NonNMethodCodeHeapSize                   = 5832780                                {pd product} {ergonomic}
    uintx NonProfiledCodeHeapSize                  = 122912730                              {pd product} {ergonomic}
    uintx ProfiledCodeHeapSize                     = 122912730                              {pd product} {ergonomic}
    uintx ReservedCodeCacheSize                    = 251658240                              {pd product} {ergonomic}
     bool SegmentedCodeCache                       = true                                      {product} {ergonomic}
     bool ShowCodeDetailsInExceptionMessages       = true                                   {manageable} {command line}
   size_t SoftMaxHeapSize                          = 2080374784                             {manageable} {ergonomic}
     bool UseCompressedClassPointers               = true                           {product lp64_product} {ergonomic}
     bool UseCompressedOops                        = true                           {product lp64_product} {ergonomic}
     bool UseG1GC                                  = true                                      {product} {ergonomic}
     bool UseLargePagesIndividualAllocation        = false                                  {pd product} {ergonomic}

Logging:
Log output configuration:
 #0: stdout all=warning uptime,level,tags
 #1: stderr all=off uptime,level,tags

Environment Variables:
JAVA_HOME=C:\Program Files\Java\jdk-19
PATH=C:/Users/Husenappa.M/OneDrive/Desktop/java with selenium/eclipse-java-2023-12-R-win32-x86_64/eclipse//plugins/org.eclipse.justj.openjdk.hotspot.jre.full.win32.x86_64_17.0.9.v20231028-0858/jre/bin/server;C:/Users/Husenappa.M/OneDrive/Desktop/java with selenium/eclipse-java-2023-12-R-win32-x86_64/eclipse//plugins/org.eclipse.justj.openjdk.hotspot.jre.full.win32.x86_64_17.0.9.v20231028-0858/jre/bin;C:\Program Files\Common Files\Oracle\Java\javapath;C:\WINDOWS\system32;C:\WINDOWS;C:\WINDOWS\System32\Wbem;C:\WINDOWS\System32\WindowsPowerShell\v1.0\;C:\WINDOWS\System32\OpenSSH\;C:\Program Files\dotnet\;c:\Program Files (x86)\Microsoft SQL Server\100\Tools\Binn\;c:\Program Files\Microsoft SQL Server\100\Tools\Binn\;c:\Program Files\Microsoft SQL Server\100\DTS\Binn\;C:\Program Files\Java\jdk-19\bin;C:\apache-maven-3.9.6\bin;C:\Users\Husenappa.M\AppData\Local\Microsoft\WindowsApps;;C:\Users\Husenappa.M\OneDrive\Desktop\java with selenium\eclipse-java-2023-12-R-win32-x86_64\eclipse;
USERNAME=Husenappa.M
OS=Windows_NT
PROCESSOR_IDENTIFIER=Intel64 Family 6 Model 140 Stepping 1, GenuineIntel
TMP=C:\Users\Husenappa.M\AppData\Local\Temp
TEMP=C:\Users\Husenappa.M\AppData\Local\Temp



Periodic native trim disabled


---------------  S Y S T E M  ---------------

OS:
 Windows 11 , 64 bit Build 22543 (10.0.22543.1000)
OS uptime: 1 days 5:32 hours

CPU: total 4 (initial active 4) (2 cores per cpu, 2 threads per core) family 6 model 140 stepping 1 microcode 0x9a, cx8, cmov, fxsr, ht, mmx, 3dnowpref, sse, sse2, sse3, ssse3, sse4.1, sse4.2, popcnt, lzcnt, tsc, tscinvbit, avx, avx2, aes, erms, clmul, bmi1, bmi2, adx, avx512f, avx512dq, avx512cd, avx512bw, avx512vl, sha, fma, vzeroupper, avx512_vpopcntdq, avx512_vpclmulqdq, avx512_vaes, avx512_vnni, clflush, clflushopt, clwb, avx512_vbmi2, avx512_vbmi
Processor Information for all 4 processors :
  Max Mhz: 2995, Current Mhz: 2995, Mhz Limit: 2995

Memory: 4k page, system-wide physical 7930M (674M free)
TotalPageFile size 9218M (AvailPageFile size 54M)
current process WorkingSet (physical memory assigned to process): 93M, peak: 94M
current process commit charge ("private bytes"): 224M, peak: 225M

vm_info: OpenJDK 64-Bit Server VM (17.0.9+9) for windows-amd64 JRE (17.0.9+9), built on Oct 26 2023 14:01:42 by "admin" with MS VC++ 16.10 / 16.11 (VS2019)

END.
