#
# There is insufficient memory for the Java Runtime Environment to continue.
# Native memory allocation (malloc) failed to allocate 1179744 bytes for Chunk::new
# Possible reasons:
#   The system is out of physical RAM or swap space
#   The process is running with CompressedOops enabled, and the Java Heap may be blocking the growth of the native heap
# Possible solutions:
#   Reduce memory load on the system
#   Increase physical memory or swap space
#   Check if swap backing store is full
#   Decrease Java heap size (-Xmx/-Xms)
#   Decrease number of Java threads
#   Decrease Java thread stack sizes (-Xss)
#   Set larger code cache with -XX:ReservedCodeCacheSize=
#   JVM is running with Unscaled Compressed Oops mode in which the Java heap is
#     placed in the first 4GB address space. The Java Heap base address is the
#     maximum limit for the native heap growth. Please use -XX:HeapBaseMinAddress
#     to set the Java Heap base and to place the Java Heap above 4GB virtual address.
# This output file may be truncated or incomplete.
#
#  Out of Memory Error (arena.cpp:191), pid=4204, tid=3572
#
# JRE version: OpenJDK Runtime Environment Temurin-17.0.9+9 (17.0.9+9) (build 17.0.9+9)
# Java VM: OpenJDK 64-Bit Server VM Temurin-17.0.9+9 (17.0.9+9, mixed mode, tiered, compressed oops, compressed class ptrs, g1 gc, windows-amd64)
# No core dump will be written. Minidumps are not enabled by default on client versions of Windows
#

---------------  S U M M A R Y ------------

Command Line: -Dfile.encoding=UTF-8 -Dstdout.encoding=UTF-8 -Dstderr.encoding=UTF-8 -XX:+ShowCodeDetailsInExceptionMessages My_Project.PlaceOrder_TakeScreenshotTask

Host: 11th Gen Intel(R) Core(TM) i3-1115G4 @ 3.00GHz, 4 cores, 7G,  Windows 11 , 64 bit Build 22543 (10.0.22543.1000)
Time: Wed Jul 24 12:35:09 2024 India Standard Time elapsed time: 1.030840 seconds (0d 0h 0m 1s)

---------------  T H R E A D  ---------------

Current thread (0x000001fbd1a856c0):  JavaThread "C2 CompilerThread1" daemon [_thread_in_native, id=3572, stack(0x000000f6a5500000,0x000000f6a5600000)]


Current CompileTask:
C2:   1030 1430       4       java.time.zone.Ser::readOffset (34 bytes)

Stack: [0x000000f6a5500000,0x000000f6a5600000]
Native frames: (J=compiled Java code, j=interpreted, Vv=VM code, C=native code)
V  [jvm.dll+0x67cf49]
V  [jvm.dll+0x83478a]
V  [jvm.dll+0x83624e]
V  [jvm.dll+0x8368b3]
V  [jvm.dll+0x247f1f]
V  [jvm.dll+0xac43c]
V  [jvm.dll+0xaca8c]
V  [jvm.dll+0x367067]
V  [jvm.dll+0x1bd3b6]
V  [jvm.dll+0x21a709]
V  [jvm.dll+0x2199d1]
V  [jvm.dll+0x1a57cd]
V  [jvm.dll+0x2297ae]
V  [jvm.dll+0x22797c]
V  [jvm.dll+0x7e9877]
V  [jvm.dll+0x7e3c3a]
V  [jvm.dll+0x67be35]
C  [ucrtbase.dll+0x293cc]
C  [KERNEL32.DLL+0x11350]
C  [ntdll.dll+0x51dc8]


---------------  P R O C E S S  ---------------

Threads class SMR info:
_java_thread_list=0x000001fbd1a85f30, length=13, elements={
0x000001fbb8194c90, 0x000001fbd16f17a0, 0x000001fbd170d020, 0x000001fbd174c010,
0x000001fbd174c9d0, 0x000001fbd174d390, 0x000001fbd175a7e0, 0x000001fbd175b3e0,
0x000001fbd1761240, 0x000001fbd1761970, 0x000001fbd18e3d00, 0x000001fbd18fdfb0,
0x000001fbd1a856c0
}

Java Threads: ( => current thread )
  0x000001fbb8194c90 JavaThread "main" [_thread_in_vm, id=3520, stack(0x000000f6a4200000,0x000000f6a4300000)]
  0x000001fbd16f17a0 JavaThread "Reference Handler" daemon [_thread_blocked, id=12776, stack(0x000000f6a4900000,0x000000f6a4a00000)]
  0x000001fbd170d020 JavaThread "Finalizer" daemon [_thread_blocked, id=14412, stack(0x000000f6a4a00000,0x000000f6a4b00000)]
  0x000001fbd174c010 JavaThread "Signal Dispatcher" daemon [_thread_blocked, id=12040, stack(0x000000f6a4b00000,0x000000f6a4c00000)]
  0x000001fbd174c9d0 JavaThread "Attach Listener" daemon [_thread_blocked, id=11636, stack(0x000000f6a4c00000,0x000000f6a4d00000)]
  0x000001fbd174d390 JavaThread "Service Thread" daemon [_thread_blocked, id=3152, stack(0x000000f6a4d00000,0x000000f6a4e00000)]
  0x000001fbd175a7e0 JavaThread "Monitor Deflation Thread" daemon [_thread_blocked, id=14220, stack(0x000000f6a4e00000,0x000000f6a4f00000)]
  0x000001fbd175b3e0 JavaThread "C2 CompilerThread0" daemon [_thread_in_native, id=1980, stack(0x000000f6a4f00000,0x000000f6a5000000)]
  0x000001fbd1761240 JavaThread "C1 CompilerThread0" daemon [_thread_in_native, id=11568, stack(0x000000f6a5000000,0x000000f6a5100000)]
  0x000001fbd1761970 JavaThread "Sweeper thread" daemon [_thread_blocked, id=12024, stack(0x000000f6a5100000,0x000000f6a5200000)]
  0x000001fbd18e3d00 JavaThread "Notification Thread" daemon [_thread_blocked, id=9840, stack(0x000000f6a5200000,0x000000f6a5300000)]
  0x000001fbd18fdfb0 JavaThread "Common-Cleaner" daemon [_thread_blocked, id=2820, stack(0x000000f6a5400000,0x000000f6a5500000)]
=>0x000001fbd1a856c0 JavaThread "C2 CompilerThread1" daemon [_thread_in_native, id=3572, stack(0x000000f6a5500000,0x000000f6a5600000)]

Other Threads:
  0x000001fbd16eece0 VMThread "VM Thread" [stack: 0x000000f6a4800000,0x000000f6a4900000] [id=14864]
  0x000001fbd18e41e0 WatcherThread [stack: 0x000000f6a5300000,0x000000f6a5400000] [id=13872]
  0x000001fbb81f0090 GCTaskThread "GC Thread#0" [stack: 0x000000f6a4300000,0x000000f6a4400000] [id=12220]
  0x000001fbd6345a00 GCTaskThread "GC Thread#1" [stack: 0x000000f6a5600000,0x000000f6a5700000] [id=13152]
  0x000001fbd63c5d50 GCTaskThread "GC Thread#2" [stack: 0x000000f6a5700000,0x000000f6a5800000] [id=13424]
  0x000001fbd647bc70 GCTaskThread "GC Thread#3" [stack: 0x000000f6a5800000,0x000000f6a5900000] [id=13716]
  0x000001fbb82010e0 ConcurrentGCThread "G1 Main Marker" [stack: 0x000000f6a4400000,0x000000f6a4500000] [id=9344]
  0x000001fbb8201b00 ConcurrentGCThread "G1 Conc#0" [stack: 0x000000f6a4500000,0x000000f6a4600000] [id=1708]
  0x000001fbb823eb30 ConcurrentGCThread "G1 Refine#0" [stack: 0x000000f6a4600000,0x000000f6a4700000] [id=5564]
  0x000001fbd154b5f0 ConcurrentGCThread "G1 Service" [stack: 0x000000f6a4700000,0x000000f6a4800000] [id=4380]

Threads with active compile tasks:
C2 CompilerThread0     1041 1674   !   4       java.util.zip.ZipFile$Source::getEntryPos (173 bytes)
C1 CompilerThread0     1041 1712       3       jdk.internal.loader.BuiltinClassLoader::isSealed (71 bytes)
C2 CompilerThread1     1041 1430       4       java.time.zone.Ser::readOffset (34 bytes)

VM state: not at safepoint (normal execution)

VM Mutex/Monitor currently owned by a thread:  ([mutex/lock_event])
[0x000001fbb8190be0] Compile_lock - owner thread: 0x0000000000000000

Heap address: 0x0000000084000000, size: 1984 MB, Compressed Oops mode: 32-bit

CDS archive(s) not mapped
Compressed class space mapped at: 0x0000000100000000-0x0000000140000000, reserved size: 1073741824
Narrow klass base: 0x0000000000000000, Narrow klass shift: 3, Narrow klass range: 0x140000000

GC Precious Log:
 CPUs: 4 total, 4 available
 Memory: 7930M
 Large Page Support: Disabled
 NUMA Support: Disabled
 Compressed Oops: Enabled (32-bit)
 Heap Region Size: 1M
 Heap Min Capacity: 8M
 Heap Initial Capacity: 124M
 Heap Max Capacity: 1984M
 Pre-touch: Disabled
 Parallel Workers: 4
 Concurrent Workers: 1
 Concurrent Refinement Workers: 4
 Periodic GC: Disabled

Heap:
 garbage-first heap   total 126976K, used 29172K [0x0000000084000000, 0x0000000100000000)
  region size 1024K, 22 young (22528K), 2 survivors (2048K)
 Metaspace       used 16504K, committed 16640K, reserved 1114112K
  class space    used 1548K, committed 1600K, reserved 1048576K

Heap Regions: E=young(eden), S=young(survivor), O=old, HS=humongous(starts), HC=humongous(continues), CS=collection set, F=free, OA=open archive, CA=closed archive, TAMS=top-at-mark-start (previous, next)
|   0|0x0000000084000000, 0x0000000084100000, 0x0000000084100000|100%| O|  |TAMS 0x0000000084000000, 0x0000000084000000| Untracked 
|   1|0x0000000084100000, 0x0000000084200000, 0x0000000084200000|100%| O|  |TAMS 0x0000000084100000, 0x0000000084100000| Untracked 
|   2|0x0000000084200000, 0x0000000084300000, 0x0000000084300000|100%| O|  |TAMS 0x0000000084200000, 0x0000000084200000| Untracked 
|   3|0x0000000084300000, 0x0000000084400000, 0x0000000084400000|100%| O|  |TAMS 0x0000000084300000, 0x0000000084300000| Untracked 
|   4|0x0000000084400000, 0x0000000084500000, 0x0000000084500000|100%| O|  |TAMS 0x0000000084400000, 0x0000000084400000| Untracked 
|   5|0x0000000084500000, 0x0000000084600000, 0x0000000084600000|100%| O|  |TAMS 0x0000000084500000, 0x0000000084500000| Untracked 
|   6|0x0000000084600000, 0x0000000084700000, 0x0000000084700000|100%| O|  |TAMS 0x0000000084600000, 0x0000000084600000| Untracked 
|   7|0x0000000084700000, 0x000000008477d000, 0x0000000084800000| 48%| O|  |TAMS 0x0000000084700000, 0x0000000084700000| Untracked 
|   8|0x0000000084800000, 0x0000000084800000, 0x0000000084900000|  0%| F|  |TAMS 0x0000000084800000, 0x0000000084800000| Untracked 
|   9|0x0000000084900000, 0x0000000084900000, 0x0000000084a00000|  0%| F|  |TAMS 0x0000000084900000, 0x0000000084900000| Untracked 
|  10|0x0000000084a00000, 0x0000000084a00000, 0x0000000084b00000|  0%| F|  |TAMS 0x0000000084a00000, 0x0000000084a00000| Untracked 
|  11|0x0000000084b00000, 0x0000000084b00000, 0x0000000084c00000|  0%| F|  |TAMS 0x0000000084b00000, 0x0000000084b00000| Untracked 
|  12|0x0000000084c00000, 0x0000000084c00000, 0x0000000084d00000|  0%| F|  |TAMS 0x0000000084c00000, 0x0000000084c00000| Untracked 
|  13|0x0000000084d00000, 0x0000000084d00000, 0x0000000084e00000|  0%| F|  |TAMS 0x0000000084d00000, 0x0000000084d00000| Untracked 
|  14|0x0000000084e00000, 0x0000000084e00000, 0x0000000084f00000|  0%| F|  |TAMS 0x0000000084e00000, 0x0000000084e00000| Untracked 
|  15|0x0000000084f00000, 0x0000000084f00000, 0x0000000085000000|  0%| F|  |TAMS 0x0000000084f00000, 0x0000000084f00000| Untracked 
|  16|0x0000000085000000, 0x0000000085000000, 0x0000000085100000|  0%| F|  |TAMS 0x0000000085000000, 0x0000000085000000| Untracked 
|  17|0x0000000085100000, 0x0000000085100000, 0x0000000085200000|  0%| F|  |TAMS 0x0000000085100000, 0x0000000085100000| Untracked 
|  18|0x0000000085200000, 0x0000000085200000, 0x0000000085300000|  0%| F|  |TAMS 0x0000000085200000, 0x0000000085200000| Untracked 
|  19|0x0000000085300000, 0x0000000085300000, 0x0000000085400000|  0%| F|  |TAMS 0x0000000085300000, 0x0000000085300000| Untracked 
|  20|0x0000000085400000, 0x0000000085400000, 0x0000000085500000|  0%| F|  |TAMS 0x0000000085400000, 0x0000000085400000| Untracked 
|  21|0x0000000085500000, 0x0000000085500000, 0x0000000085600000|  0%| F|  |TAMS 0x0000000085500000, 0x0000000085500000| Untracked 
|  22|0x0000000085600000, 0x0000000085600000, 0x0000000085700000|  0%| F|  |TAMS 0x0000000085600000, 0x0000000085600000| Untracked 
|  23|0x0000000085700000, 0x0000000085700000, 0x0000000085800000|  0%| F|  |TAMS 0x0000000085700000, 0x0000000085700000| Untracked 
|  24|0x0000000085800000, 0x0000000085800000, 0x0000000085900000|  0%| F|  |TAMS 0x0000000085800000, 0x0000000085800000| Untracked 
|  25|0x0000000085900000, 0x0000000085900000, 0x0000000085a00000|  0%| F|  |TAMS 0x0000000085900000, 0x0000000085900000| Untracked 
|  26|0x0000000085a00000, 0x0000000085a00000, 0x0000000085b00000|  0%| F|  |TAMS 0x0000000085a00000, 0x0000000085a00000| Untracked 
|  27|0x0000000085b00000, 0x0000000085b00000, 0x0000000085c00000|  0%| F|  |TAMS 0x0000000085b00000, 0x0000000085b00000| Untracked 
|  28|0x0000000085c00000, 0x0000000085c00000, 0x0000000085d00000|  0%| F|  |TAMS 0x0000000085c00000, 0x0000000085c00000| Untracked 
|  29|0x0000000085d00000, 0x0000000085d00000, 0x0000000085e00000|  0%| F|  |TAMS 0x0000000085d00000, 0x0000000085d00000| Untracked 
|  30|0x0000000085e00000, 0x0000000085e00000, 0x0000000085f00000|  0%| F|  |TAMS 0x0000000085e00000, 0x0000000085e00000| Untracked 
|  31|0x0000000085f00000, 0x0000000085f00000, 0x0000000086000000|  0%| F|  |TAMS 0x0000000085f00000, 0x0000000085f00000| Untracked 
|  32|0x0000000086000000, 0x0000000086000000, 0x0000000086100000|  0%| F|  |TAMS 0x0000000086000000, 0x0000000086000000| Untracked 
|  33|0x0000000086100000, 0x0000000086100000, 0x0000000086200000|  0%| F|  |TAMS 0x0000000086100000, 0x0000000086100000| Untracked 
|  34|0x0000000086200000, 0x0000000086200000, 0x0000000086300000|  0%| F|  |TAMS 0x0000000086200000, 0x0000000086200000| Untracked 
|  35|0x0000000086300000, 0x0000000086300000, 0x0000000086400000|  0%| F|  |TAMS 0x0000000086300000, 0x0000000086300000| Untracked 
|  36|0x0000000086400000, 0x0000000086400000, 0x0000000086500000|  0%| F|  |TAMS 0x0000000086400000, 0x0000000086400000| Untracked 
|  37|0x0000000086500000, 0x0000000086500000, 0x0000000086600000|  0%| F|  |TAMS 0x0000000086500000, 0x0000000086500000| Untracked 
|  38|0x0000000086600000, 0x0000000086600000, 0x0000000086700000|  0%| F|  |TAMS 0x0000000086600000, 0x0000000086600000| Untracked 
|  39|0x0000000086700000, 0x0000000086700000, 0x0000000086800000|  0%| F|  |TAMS 0x0000000086700000, 0x0000000086700000| Untracked 
|  40|0x0000000086800000, 0x0000000086800000, 0x0000000086900000|  0%| F|  |TAMS 0x0000000086800000, 0x0000000086800000| Untracked 
|  41|0x0000000086900000, 0x0000000086900000, 0x0000000086a00000|  0%| F|  |TAMS 0x0000000086900000, 0x0000000086900000| Untracked 
|  42|0x0000000086a00000, 0x0000000086a00000, 0x0000000086b00000|  0%| F|  |TAMS 0x0000000086a00000, 0x0000000086a00000| Untracked 
|  43|0x0000000086b00000, 0x0000000086b00000, 0x0000000086c00000|  0%| F|  |TAMS 0x0000000086b00000, 0x0000000086b00000| Untracked 
|  44|0x0000000086c00000, 0x0000000086c00000, 0x0000000086d00000|  0%| F|  |TAMS 0x0000000086c00000, 0x0000000086c00000| Untracked 
|  45|0x0000000086d00000, 0x0000000086d00000, 0x0000000086e00000|  0%| F|  |TAMS 0x0000000086d00000, 0x0000000086d00000| Untracked 
|  46|0x0000000086e00000, 0x0000000086e00000, 0x0000000086f00000|  0%| F|  |TAMS 0x0000000086e00000, 0x0000000086e00000| Untracked 
|  47|0x0000000086f00000, 0x0000000086f00000, 0x0000000087000000|  0%| F|  |TAMS 0x0000000086f00000, 0x0000000086f00000| Untracked 
|  48|0x0000000087000000, 0x0000000087000000, 0x0000000087100000|  0%| F|  |TAMS 0x0000000087000000, 0x0000000087000000| Untracked 
|  49|0x0000000087100000, 0x0000000087100000, 0x0000000087200000|  0%| F|  |TAMS 0x0000000087100000, 0x0000000087100000| Untracked 
|  50|0x0000000087200000, 0x0000000087200000, 0x0000000087300000|  0%| F|  |TAMS 0x0000000087200000, 0x0000000087200000| Untracked 
|  51|0x0000000087300000, 0x0000000087300000, 0x0000000087400000|  0%| F|  |TAMS 0x0000000087300000, 0x0000000087300000| Untracked 
|  52|0x0000000087400000, 0x0000000087400000, 0x0000000087500000|  0%| F|  |TAMS 0x0000000087400000, 0x0000000087400000| Untracked 
|  53|0x0000000087500000, 0x0000000087500000, 0x0000000087600000|  0%| F|  |TAMS 0x0000000087500000, 0x0000000087500000| Untracked 
|  54|0x0000000087600000, 0x0000000087600000, 0x0000000087700000|  0%| F|  |TAMS 0x0000000087600000, 0x0000000087600000| Untracked 
|  55|0x0000000087700000, 0x0000000087700000, 0x0000000087800000|  0%| F|  |TAMS 0x0000000087700000, 0x0000000087700000| Untracked 
|  56|0x0000000087800000, 0x0000000087800000, 0x0000000087900000|  0%| F|  |TAMS 0x0000000087800000, 0x0000000087800000| Untracked 
|  57|0x0000000087900000, 0x0000000087900000, 0x0000000087a00000|  0%| F|  |TAMS 0x0000000087900000, 0x0000000087900000| Untracked 
|  58|0x0000000087a00000, 0x0000000087a00000, 0x0000000087b00000|  0%| F|  |TAMS 0x0000000087a00000, 0x0000000087a00000| Untracked 
|  59|0x0000000087b00000, 0x0000000087b00000, 0x0000000087c00000|  0%| F|  |TAMS 0x0000000087b00000, 0x0000000087b00000| Untracked 
|  60|0x0000000087c00000, 0x0000000087c00000, 0x0000000087d00000|  0%| F|  |TAMS 0x0000000087c00000, 0x0000000087c00000| Untracked 
|  61|0x0000000087d00000, 0x0000000087d00000, 0x0000000087e00000|  0%| F|  |TAMS 0x0000000087d00000, 0x0000000087d00000| Untracked 
|  62|0x0000000087e00000, 0x0000000087e00000, 0x0000000087f00000|  0%| F|  |TAMS 0x0000000087e00000, 0x0000000087e00000| Untracked 
|  63|0x0000000087f00000, 0x0000000087f00000, 0x0000000088000000|  0%| F|  |TAMS 0x0000000087f00000, 0x0000000087f00000| Untracked 
|  64|0x0000000088000000, 0x0000000088000000, 0x0000000088100000|  0%| F|  |TAMS 0x0000000088000000, 0x0000000088000000| Untracked 
|  65|0x0000000088100000, 0x0000000088100000, 0x0000000088200000|  0%| F|  |TAMS 0x0000000088100000, 0x0000000088100000| Untracked 
|  66|0x0000000088200000, 0x0000000088200000, 0x0000000088300000|  0%| F|  |TAMS 0x0000000088200000, 0x0000000088200000| Untracked 
|  67|0x0000000088300000, 0x0000000088300000, 0x0000000088400000|  0%| F|  |TAMS 0x0000000088300000, 0x0000000088300000| Untracked 
|  68|0x0000000088400000, 0x0000000088400000, 0x0000000088500000|  0%| F|  |TAMS 0x0000000088400000, 0x0000000088400000| Untracked 
|  69|0x0000000088500000, 0x0000000088500000, 0x0000000088600000|  0%| F|  |TAMS 0x0000000088500000, 0x0000000088500000| Untracked 
|  70|0x0000000088600000, 0x0000000088600000, 0x0000000088700000|  0%| F|  |TAMS 0x0000000088600000, 0x0000000088600000| Untracked 
|  71|0x0000000088700000, 0x0000000088700000, 0x0000000088800000|  0%| F|  |TAMS 0x0000000088700000, 0x0000000088700000| Untracked 
|  72|0x0000000088800000, 0x0000000088800000, 0x0000000088900000|  0%| F|  |TAMS 0x0000000088800000, 0x0000000088800000| Untracked 
|  73|0x0000000088900000, 0x0000000088900000, 0x0000000088a00000|  0%| F|  |TAMS 0x0000000088900000, 0x0000000088900000| Untracked 
|  74|0x0000000088a00000, 0x0000000088a00000, 0x0000000088b00000|  0%| F|  |TAMS 0x0000000088a00000, 0x0000000088a00000| Untracked 
|  75|0x0000000088b00000, 0x0000000088b00000, 0x0000000088c00000|  0%| F|  |TAMS 0x0000000088b00000, 0x0000000088b00000| Untracked 
|  76|0x0000000088c00000, 0x0000000088c00000, 0x0000000088d00000|  0%| F|  |TAMS 0x0000000088c00000, 0x0000000088c00000| Untracked 
|  77|0x0000000088d00000, 0x0000000088d00000, 0x0000000088e00000|  0%| F|  |TAMS 0x0000000088d00000, 0x0000000088d00000| Untracked 
|  78|0x0000000088e00000, 0x0000000088e00000, 0x0000000088f00000|  0%| F|  |TAMS 0x0000000088e00000, 0x0000000088e00000| Untracked 
|  79|0x0000000088f00000, 0x0000000088f00000, 0x0000000089000000|  0%| F|  |TAMS 0x0000000088f00000, 0x0000000088f00000| Untracked 
|  80|0x0000000089000000, 0x0000000089000000, 0x0000000089100000|  0%| F|  |TAMS 0x0000000089000000, 0x0000000089000000| Untracked 
|  81|0x0000000089100000, 0x0000000089100000, 0x0000000089200000|  0%| F|  |TAMS 0x0000000089100000, 0x0000000089100000| Untracked 
|  82|0x0000000089200000, 0x0000000089200000, 0x0000000089300000|  0%| F|  |TAMS 0x0000000089200000, 0x0000000089200000| Untracked 
|  83|0x0000000089300000, 0x0000000089300000, 0x0000000089400000|  0%| F|  |TAMS 0x0000000089300000, 0x0000000089300000| Untracked 
|  84|0x0000000089400000, 0x0000000089400000, 0x0000000089500000|  0%| F|  |TAMS 0x0000000089400000, 0x0000000089400000| Untracked 
|  85|0x0000000089500000, 0x0000000089500000, 0x0000000089600000|  0%| F|  |TAMS 0x0000000089500000, 0x0000000089500000| Untracked 
|  86|0x0000000089600000, 0x0000000089600000, 0x0000000089700000|  0%| F|  |TAMS 0x0000000089600000, 0x0000000089600000| Untracked 
|  87|0x0000000089700000, 0x0000000089700000, 0x0000000089800000|  0%| F|  |TAMS 0x0000000089700000, 0x0000000089700000| Untracked 
|  88|0x0000000089800000, 0x0000000089800000, 0x0000000089900000|  0%| F|  |TAMS 0x0000000089800000, 0x0000000089800000| Untracked 
|  89|0x0000000089900000, 0x0000000089900000, 0x0000000089a00000|  0%| F|  |TAMS 0x0000000089900000, 0x0000000089900000| Untracked 
|  90|0x0000000089a00000, 0x0000000089a00000, 0x0000000089b00000|  0%| F|  |TAMS 0x0000000089a00000, 0x0000000089a00000| Untracked 
|  91|0x0000000089b00000, 0x0000000089b00000, 0x0000000089c00000|  0%| F|  |TAMS 0x0000000089b00000, 0x0000000089b00000| Untracked 
|  92|0x0000000089c00000, 0x0000000089c00000, 0x0000000089d00000|  0%| F|  |TAMS 0x0000000089c00000, 0x0000000089c00000| Untracked 
|  93|0x0000000089d00000, 0x0000000089d00000, 0x0000000089e00000|  0%| F|  |TAMS 0x0000000089d00000, 0x0000000089d00000| Untracked 
|  94|0x0000000089e00000, 0x0000000089e00000, 0x0000000089f00000|  0%| F|  |TAMS 0x0000000089e00000, 0x0000000089e00000| Untracked 
|  95|0x0000000089f00000, 0x0000000089f00000, 0x000000008a000000|  0%| F|  |TAMS 0x0000000089f00000, 0x0000000089f00000| Untracked 
|  96|0x000000008a000000, 0x000000008a000000, 0x000000008a100000|  0%| F|  |TAMS 0x000000008a000000, 0x000000008a000000| Untracked 
|  97|0x000000008a100000, 0x000000008a100000, 0x000000008a200000|  0%| F|  |TAMS 0x000000008a100000, 0x000000008a100000| Untracked 
|  98|0x000000008a200000, 0x000000008a200000, 0x000000008a300000|  0%| F|  |TAMS 0x000000008a200000, 0x000000008a200000| Untracked 
|  99|0x000000008a300000, 0x000000008a300000, 0x000000008a400000|  0%| F|  |TAMS 0x000000008a300000, 0x000000008a300000| Untracked 
| 100|0x000000008a400000, 0x000000008a400000, 0x000000008a500000|  0%| F|  |TAMS 0x000000008a400000, 0x000000008a400000| Untracked 
| 101|0x000000008a500000, 0x000000008a500000, 0x000000008a600000|  0%| F|  |TAMS 0x000000008a500000, 0x000000008a500000| Untracked 
| 102|0x000000008a600000, 0x000000008a6d3c38, 0x000000008a700000| 82%| E|  |TAMS 0x000000008a600000, 0x000000008a600000| Complete 
| 103|0x000000008a700000, 0x000000008a800000, 0x000000008a800000|100%| E|CS|TAMS 0x000000008a700000, 0x000000008a700000| Complete 
| 104|0x000000008a800000, 0x000000008a900000, 0x000000008a900000|100%| E|CS|TAMS 0x000000008a800000, 0x000000008a800000| Complete 
| 105|0x000000008a900000, 0x000000008aa00000, 0x000000008aa00000|100%| E|CS|TAMS 0x000000008a900000, 0x000000008a900000| Complete 
| 106|0x000000008aa00000, 0x000000008ab00000, 0x000000008ab00000|100%| E|CS|TAMS 0x000000008aa00000, 0x000000008aa00000| Complete 
| 107|0x000000008ab00000, 0x000000008ac00000, 0x000000008ac00000|100%| E|CS|TAMS 0x000000008ab00000, 0x000000008ab00000| Complete 
| 108|0x000000008ac00000, 0x000000008ad00000, 0x000000008ad00000|100%| E|CS|TAMS 0x000000008ac00000, 0x000000008ac00000| Complete 
| 109|0x000000008ad00000, 0x000000008ae00000, 0x000000008ae00000|100%| E|CS|TAMS 0x000000008ad00000, 0x000000008ad00000| Complete 
| 110|0x000000008ae00000, 0x000000008af00000, 0x000000008af00000|100%| E|CS|TAMS 0x000000008ae00000, 0x000000008ae00000| Complete 
| 111|0x000000008af00000, 0x000000008b000000, 0x000000008b000000|100%| S|CS|TAMS 0x000000008af00000, 0x000000008af00000| Complete 
| 112|0x000000008b000000, 0x000000008b100000, 0x000000008b100000|100%| S|CS|TAMS 0x000000008b000000, 0x000000008b000000| Complete 
| 113|0x000000008b100000, 0x000000008b200000, 0x000000008b200000|100%| E|CS|TAMS 0x000000008b100000, 0x000000008b100000| Complete 
| 114|0x000000008b200000, 0x000000008b300000, 0x000000008b300000|100%| E|CS|TAMS 0x000000008b200000, 0x000000008b200000| Complete 
| 115|0x000000008b300000, 0x000000008b400000, 0x000000008b400000|100%| E|CS|TAMS 0x000000008b300000, 0x000000008b300000| Complete 
| 116|0x000000008b400000, 0x000000008b500000, 0x000000008b500000|100%| E|CS|TAMS 0x000000008b400000, 0x000000008b400000| Complete 
| 117|0x000000008b500000, 0x000000008b600000, 0x000000008b600000|100%| E|CS|TAMS 0x000000008b500000, 0x000000008b500000| Complete 
| 118|0x000000008b600000, 0x000000008b700000, 0x000000008b700000|100%| E|CS|TAMS 0x000000008b600000, 0x000000008b600000| Complete 
| 119|0x000000008b700000, 0x000000008b800000, 0x000000008b800000|100%| E|CS|TAMS 0x000000008b700000, 0x000000008b700000| Complete 
| 120|0x000000008b800000, 0x000000008b900000, 0x000000008b900000|100%| E|CS|TAMS 0x000000008b800000, 0x000000008b800000| Complete 
| 121|0x000000008b900000, 0x000000008ba00000, 0x000000008ba00000|100%| E|CS|TAMS 0x000000008b900000, 0x000000008b900000| Complete 
| 122|0x000000008ba00000, 0x000000008bb00000, 0x000000008bb00000|100%| E|CS|TAMS 0x000000008ba00000, 0x000000008ba00000| Complete 
| 123|0x000000008bb00000, 0x000000008bc00000, 0x000000008bc00000|100%| E|CS|TAMS 0x000000008bb00000, 0x000000008bb00000| Complete 

Card table byte_map: [0x000001fbcac30000,0x000001fbcb010000] _byte_map_base: 0x000001fbca810000

Marking Bits (Prev, Next): (CMBitMap*) 0x000001fbb81f06b0, (CMBitMap*) 0x000001fbb81f06f0
 Prev Bits: [0x000001fbcb3f0000, 0x000001fbcd2f0000)
 Next Bits: [0x000001fbcd2f0000, 0x000001fbcf1f0000)

Polling page: 0x000001fbb7940000

Metaspace:

Usage:
  Non-class:     14.64 MB used.
      Class:      1.52 MB used.
       Both:     16.16 MB used.

Virtual space:
  Non-class space:       64.00 MB reserved,      14.75 MB ( 23%) committed,  1 nodes.
      Class space:        1.00 GB reserved,       1.56 MB ( <1%) committed,  1 nodes.
             Both:        1.06 GB reserved,      16.31 MB (  1%) committed. 

Chunk freelists:
   Non-Class:  720.00 KB
       Class:  14.45 MB
        Both:  15.16 MB

MaxMetaspaceSize: unlimited
CompressedClassSpaceSize: 1.00 GB
Initial GC threshold: 21.00 MB
Current GC threshold: 21.00 MB
CDS: off
MetaspaceReclaimPolicy: balanced
 - commit_granule_bytes: 65536.
 - commit_granule_words: 8192.
 - virtual_space_node_default_size: 8388608.
 - enlarge_chunks_in_place: 1.
 - new_chunks_are_fully_committed: 0.
 - uncommit_free_chunks: 1.
 - use_allocation_guard: 0.
 - handle_deallocations: 1.


Internal statistics:

num_allocs_failed_limit: 0.
num_arena_births: 62.
num_arena_deaths: 0.
num_vsnodes_births: 2.
num_vsnodes_deaths: 0.
num_space_committed: 261.
num_space_uncommitted: 0.
num_chunks_returned_to_freelist: 0.
num_chunks_taken_from_freelist: 224.
num_chunk_merges: 0.
num_chunk_splits: 128.
num_chunks_enlarged: 74.
num_inconsistent_stats: 0.

CodeHeap 'non-profiled nmethods': size=120000Kb used=630Kb max_used=630Kb free=119369Kb
 bounds [0x000001fbc3320000, 0x000001fbc3590000, 0x000001fbca850000]
CodeHeap 'profiled nmethods': size=120000Kb used=3424Kb max_used=3424Kb free=116576Kb
 bounds [0x000001fbbb850000, 0x000001fbbbbb0000, 0x000001fbc2d80000]
CodeHeap 'non-nmethods': size=5760Kb used=1183Kb max_used=1215Kb free=4576Kb
 bounds [0x000001fbc2d80000, 0x000001fbc2ff0000, 0x000001fbc3320000]
 total_blobs=2176 nmethods=1709 adapters=380
 compilation: enabled
              stopped_count=0, restarted_count=0
 full_count=0

Compilation events (20 events):
Event: 1.025 Thread 0x000001fbd1761240 nmethod 1692 0x000001fbbbb97210 code [0x000001fbbbb973c0, 0x000001fbbbb975f8]
Event: 1.025 Thread 0x000001fbd1761240 1691       3       jdk.internal.org.objectweb.asm.Label::resolve (219 bytes)
Event: 1.025 Thread 0x000001fbd1761240 nmethod 1691 0x000001fbbbb97710 code [0x000001fbbbb978e0, 0x000001fbbbb97e18]
Event: 1.026 Thread 0x000001fbd1761240 1693   !   3       java.util.jar.JarFile::getManifestFromReference (197 bytes)
Event: 1.027 Thread 0x000001fbd1761240 nmethod 1693 0x000001fbbbb98110 code [0x000001fbbbb984c0, 0x000001fbbbb99eb8]
Event: 1.027 Thread 0x000001fbd1761240 1694       3       java.security.SecureClassLoader$CodeSourceKey::equals (60 bytes)
Event: 1.027 Thread 0x000001fbd1761240 nmethod 1694 0x000001fbbbb9a890 code [0x000001fbbbb9aa80, 0x000001fbbbb9b0d8]
Event: 1.027 Thread 0x000001fbd1761240 1695       3       java.security.CodeSource::matchCerts (254 bytes)
Event: 1.028 Thread 0x000001fbd1761240 nmethod 1695 0x000001fbbbb9b290 code [0x000001fbbbb9b500, 0x000001fbbbb9c078]
Event: 1.028 Thread 0x000001fbd1761240 1702       3       java.io.ByteArrayOutputStream::<init> (7 bytes)
Event: 1.028 Thread 0x000001fbd1761240 nmethod 1702 0x000001fbbbb9c490 code [0x000001fbbbb9c620, 0x000001fbbbb9c768]
Event: 1.028 Thread 0x000001fbd1761240 1698       3       java.util.zip.ZipFile$InflaterCleanupAction::run (12 bytes)
Event: 1.028 Thread 0x000001fbd1761240 nmethod 1698 0x000001fbbbb9c810 code [0x000001fbbbb9c9c0, 0x000001fbbbb9cb08]
Event: 1.028 Thread 0x000001fbd1761240 1699   !   3       java.util.zip.ZipFile$CleanableResource::releaseInflater (53 bytes)
Event: 1.028 Thread 0x000001fbd1761240 nmethod 1699 0x000001fbbbb9cc10 code [0x000001fbbbb9cde0, 0x000001fbbbb9d1e8]
Event: 1.028 Thread 0x000001fbd1761240 1700   !   3       java.util.zip.Inflater::reset (64 bytes)
Event: 1.028 Thread 0x000001fbd1761240 nmethod 1700 0x000001fbbbb9d410 code [0x000001fbbbb9d5e0, 0x000001fbbbb9d938]
Event: 1.028 Thread 0x000001fbd1761240 1703       3       jdk.internal.loader.URLClassPath$JarLoader$2::getBytes (48 bytes)
Event: 1.028 Thread 0x000001fbd1761240 nmethod 1703 0x000001fbbbb9db10 code [0x000001fbbbb9dd00, 0x000001fbbbb9e408]
Event: 1.029 Thread 0x000001fbd1761240 1704   !   3       jdk.internal.loader.Resource::getBytes (244 bytes)

GC Heap History (4 events):
Event: 0.285 GC heap before
{Heap before GC invocations=0 (full 0):
 garbage-first heap   total 126976K, used 13312K [0x0000000084000000, 0x0000000100000000)
  region size 1024K, 13 young (13312K), 0 survivors (0K)
 Metaspace       used 9896K, committed 10048K, reserved 1114112K
  class space    used 865K, committed 960K, reserved 1048576K
}
Event: 0.289 GC heap after
{Heap after GC invocations=1 (full 0):
 garbage-first heap   total 126976K, used 6612K [0x0000000084000000, 0x0000000100000000)
  region size 1024K, 2 young (2048K), 2 survivors (2048K)
 Metaspace       used 9896K, committed 10048K, reserved 1114112K
  class space    used 865K, committed 960K, reserved 1048576K
}
Event: 0.617 GC heap before
{Heap before GC invocations=1 (full 0):
 garbage-first heap   total 126976K, used 17876K [0x0000000084000000, 0x0000000100000000)
  region size 1024K, 13 young (13312K), 2 survivors (2048K)
 Metaspace       used 14672K, committed 14848K, reserved 1114112K
  class space    used 1357K, committed 1472K, reserved 1048576K
}
Event: 0.625 GC heap after
{Heap after GC invocations=2 (full 0):
 garbage-first heap   total 126976K, used 9716K [0x0000000084000000, 0x0000000100000000)
  region size 1024K, 2 young (2048K), 2 survivors (2048K)
 Metaspace       used 14672K, committed 14848K, reserved 1114112K
  class space    used 1357K, committed 1472K, reserved 1048576K
}

Dll operation events (6 events):
Event: 0.004 Loaded shared library C:\Users\Husenappa.M\OneDrive\Desktop\java with selenium\eclipse-java-2023-12-R-win32-x86_64\eclipse\plugins\org.eclipse.justj.openjdk.hotspot.jre.full.win32.x86_64_17.0.9.v20231028-0858\jre\bin\java.dll
Event: 0.087 Loaded shared library C:\Users\Husenappa.M\OneDrive\Desktop\java with selenium\eclipse-java-2023-12-R-win32-x86_64\eclipse\plugins\org.eclipse.justj.openjdk.hotspot.jre.full.win32.x86_64_17.0.9.v20231028-0858\jre\bin\net.dll
Event: 0.089 Loaded shared library C:\Users\Husenappa.M\OneDrive\Desktop\java with selenium\eclipse-java-2023-12-R-win32-x86_64\eclipse\plugins\org.eclipse.justj.openjdk.hotspot.jre.full.win32.x86_64_17.0.9.v20231028-0858\jre\bin\nio.dll
Event: 0.093 Loaded shared library C:\Users\Husenappa.M\OneDrive\Desktop\java with selenium\eclipse-java-2023-12-R-win32-x86_64\eclipse\plugins\org.eclipse.justj.openjdk.hotspot.jre.full.win32.x86_64_17.0.9.v20231028-0858\jre\bin\zip.dll
Event: 0.129 Loaded shared library C:\Users\Husenappa.M\OneDrive\Desktop\java with selenium\eclipse-java-2023-12-R-win32-x86_64\eclipse\plugins\org.eclipse.justj.openjdk.hotspot.jre.full.win32.x86_64_17.0.9.v20231028-0858\jre\bin\jimage.dll
Event: 0.445 Loaded shared library C:\Users\Husenappa.M\OneDrive\Desktop\java with selenium\eclipse-java-2023-12-R-win32-x86_64\eclipse\plugins\org.eclipse.justj.openjdk.hotspot.jre.full.win32.x86_64_17.0.9.v20231028-0858\jre\bin\verify.dll

Deoptimization events (20 events):
Event: 0.769 Thread 0x000001fbb8194c90 Uncommon trap: trap_request=0xffffff45 fr.pc=0x000001fbc339d8dc relative=0x0000000000000a9c
Event: 0.769 Thread 0x000001fbb8194c90 Uncommon trap: reason=unstable_if action=reinterpret pc=0x000001fbc339d8dc method=java.time.LocalDate.ofEpochDay(J)Ljava/time/LocalDate; @ 108 c2
Event: 0.769 Thread 0x000001fbb8194c90 DEOPT PACKING pc=0x000001fbc339d8dc sp=0x000000f6a42fe640
Event: 0.769 Thread 0x000001fbb8194c90 DEOPT UNPACKING pc=0x000001fbc2dda1a3 sp=0x000000f6a42fe490 mode 2
Event: 0.935 Thread 0x000001fbb8194c90 Uncommon trap: trap_request=0xffffff45 fr.pc=0x000001fbc337151c relative=0x000000000000025c
Event: 0.935 Thread 0x000001fbb8194c90 Uncommon trap: reason=unstable_if action=reinterpret pc=0x000001fbc337151c method=java.util.concurrent.ConcurrentHashMap.addCount(JI)V @ 121 c2
Event: 0.935 Thread 0x000001fbb8194c90 DEOPT PACKING pc=0x000001fbc337151c sp=0x000000f6a42fddb0
Event: 0.935 Thread 0x000001fbb8194c90 DEOPT UNPACKING pc=0x000001fbc2dda1a3 sp=0x000000f6a42fdd10 mode 2
Event: 0.992 Thread 0x000001fbb8194c90 Uncommon trap: trap_request=0xffffff45 fr.pc=0x000001fbc336625c relative=0x000000000000047c
Event: 0.992 Thread 0x000001fbb8194c90 Uncommon trap: reason=unstable_if action=reinterpret pc=0x000001fbc336625c method=java.util.Properties$LineReader.readLine()I @ 256 c2
Event: 0.992 Thread 0x000001fbb8194c90 DEOPT PACKING pc=0x000001fbc336625c sp=0x000000f6a42fe690
Event: 0.992 Thread 0x000001fbb8194c90 DEOPT UNPACKING pc=0x000001fbc2dda1a3 sp=0x000000f6a42fe5f8 mode 2
Event: 0.992 Thread 0x000001fbb8194c90 Uncommon trap: trap_request=0xffffff45 fr.pc=0x000001fbc333e4e8 relative=0x0000000000000468
Event: 0.992 Thread 0x000001fbb8194c90 Uncommon trap: reason=unstable_if action=reinterpret pc=0x000001fbc333e4e8 method=java.util.Properties$LineReader.readLine()I @ 249 c2
Event: 0.992 Thread 0x000001fbb8194c90 DEOPT PACKING pc=0x000001fbc333e4e8 sp=0x000000f6a42fe660
Event: 0.992 Thread 0x000001fbb8194c90 DEOPT UNPACKING pc=0x000001fbc2dda1a3 sp=0x000000f6a42fe5f8 mode 2
Event: 0.992 Thread 0x000001fbb8194c90 Uncommon trap: trap_request=0xffffff45 fr.pc=0x000001fbc3364008 relative=0x00000000000007e8
Event: 0.992 Thread 0x000001fbb8194c90 Uncommon trap: reason=unstable_if action=reinterpret pc=0x000001fbc3364008 method=java.util.Properties$LineReader.readLine()I @ 372 c2
Event: 0.992 Thread 0x000001fbb8194c90 DEOPT PACKING pc=0x000001fbc3364008 sp=0x000000f6a42fe670
Event: 0.992 Thread 0x000001fbb8194c90 DEOPT UNPACKING pc=0x000001fbc2dda1a3 sp=0x000000f6a42fe608 mode 2

Classes unloaded (0 events):
No events

Classes redefined (0 events):
No events

Internal exceptions (20 events):
Event: 0.192 Thread 0x000001fbb8194c90 Exception <a 'java/lang/NoSuchMethodError'{0x000000008b4411d0}: 'java.lang.Object java.lang.invoke.DirectMethodHandle$Holder.invokeStaticInit(java.lang.Object)'> (0x000000008b4411d0) 
thrown [s\src\hotspot\share\interpreter\linkResolver.cpp, line 759]
Event: 0.198 Thread 0x000001fbb8194c90 Exception <a 'java/lang/NoSuchMethodError'{0x000000008b48c478}: 'int java.lang.invoke.DirectMethodHandle$Holder.invokeStatic(java.lang.Object, java.lang.Object, int)'> (0x000000008b48c478) 
thrown [s\src\hotspot\share\interpreter\linkResolver.cpp, line 759]
Event: 0.319 Thread 0x000001fbb8194c90 Exception <a 'sun/nio/fs/WindowsException'{0x000000008bac7be0}> (0x000000008bac7be0) 
thrown [s\src\hotspot\share\prims\jni.cpp, line 516]
Event: 0.330 Thread 0x000001fbb8194c90 Exception <a 'java/lang/NoSuchMethodError'{0x000000008baf23d8}: 'int java.lang.invoke.DirectMethodHandle$Holder.invokeStaticInit(java.lang.Object, java.lang.Object, java.lang.Object, java.lang.Object)'> (0x000000008baf23d8) 
thrown [s\src\hotspot\share\interpreter\linkResolver.cpp, line 759]
Event: 0.331 Thread 0x000001fbb8194c90 Exception <a 'java/lang/NoSuchMethodError'{0x000000008bafc0b0}: 'java.lang.Object java.lang.invoke.DirectMethodHandle$Holder.invokeInterface(java.lang.Object, java.lang.Object)'> (0x000000008bafc0b0) 
thrown [s\src\hotspot\share\interpreter\linkResolver.cpp, line 759]
Event: 0.331 Thread 0x000001fbb8194c90 Exception <a 'java/lang/IncompatibleClassChangeError'{0x000000008baff9d0}: Found class java.lang.Object, but interface was expected> (0x000000008baff9d0) 
thrown [s\src\hotspot\share\interpreter\linkResolver.cpp, line 826]
Event: 0.331 Thread 0x000001fbb8194c90 Exception <a 'java/lang/NoSuchMethodError'{0x000000008b9031b8}: 'void java.lang.invoke.DirectMethodHandle$Holder.invokeStatic(java.lang.Object, java.lang.Object)'> (0x000000008b9031b8) 
thrown [s\src\hotspot\share\interpreter\linkResolver.cpp, line 759]
Event: 0.332 Thread 0x000001fbb8194c90 Exception <a 'java/lang/NoSuchMethodError'{0x000000008b906ad0}: 'void java.lang.invoke.DirectMethodHandle$Holder.invokeStaticInit(java.lang.Object, java.lang.Object)'> (0x000000008b906ad0) 
thrown [s\src\hotspot\share\interpreter\linkResolver.cpp, line 759]
Event: 0.332 Thread 0x000001fbb8194c90 Exception <a 'java/lang/NoSuchMethodError'{0x000000008b90d0b0}: 'int java.lang.invoke.DirectMethodHandle$Holder.invokeStaticInit(java.lang.Object, java.lang.Object)'> (0x000000008b90d0b0) 
thrown [s\src\hotspot\share\interpreter\linkResolver.cpp, line 759]
Event: 0.365 Thread 0x000001fbb8194c90 Exception <a 'java/lang/NoSuchMethodError'{0x000000008b9e8f18}: 'java.lang.Object java.lang.invoke.DirectMethodHandle$Holder.invokeStaticInit(java.lang.Object, int, int, int, int)'> (0x000000008b9e8f18) 
thrown [s\src\hotspot\share\interpreter\linkResolver.cpp, line 759]
Event: 0.391 Thread 0x000001fbb8194c90 Exception <a 'java/lang/NoSuchMethodError'{0x000000008b80c2a0}: 'java.lang.Object java.lang.invoke.DirectMethodHandle$Holder.invokeStaticInit(java.lang.Object, java.lang.Object, int, int, int, int)'> (0x000000008b80c2a0) 
thrown [s\src\hotspot\share\interpreter\linkResolver.cpp, line 759]
Event: 0.514 Thread 0x000001fbb8194c90 Exception <a 'java/lang/NoSuchMethodError'{0x000000008b4aeb70}: 'java.lang.Object java.lang.invoke.DirectMethodHandle$Holder.invokeVirtual(java.lang.Object, java.lang.Object, java.lang.Object)'> (0x000000008b4aeb70) 
thrown [s\src\hotspot\share\interpreter\linkResolver.cpp, line 759]
Event: 0.948 Thread 0x000001fbb8194c90 Exception <a 'java/lang/NoSuchMethodError'{0x000000008a9824f0}: 'java.lang.Object java.lang.invoke.DirectMethodHandle$Holder.invokeStatic(java.lang.Object, java.lang.Object, int, java.lang.Object)'> (0x000000008a9824f0) 
thrown [s\src\hotspot\share\interpreter\linkResolver.cpp, line 759]
Event: 0.949 Thread 0x000001fbb8194c90 Exception <a 'java/lang/NoSuchMethodError'{0x000000008a989450}: 'java.lang.Object java.lang.invoke.DirectMethodHandle$Holder.newInvokeSpecial(java.lang.Object, java.lang.Object, int, java.lang.Object)'> (0x000000008a989450) 
thrown [s\src\hotspot\share\interpreter\linkResolver.cpp, line 759]
Event: 0.949 Thread 0x000001fbb8194c90 Exception <a 'java/lang/NoSuchMethodError'{0x000000008a98d3a8}: 'java.lang.Object java.lang.invoke.DirectMethodHandle$Holder.invokeSpecial(java.lang.Object, java.lang.Object, java.lang.Object, int, java.lang.Object)'> (0x000000008a98d3a8) 
thrown [s\src\hotspot\share\interpreter\linkResolver.cpp, line 759]
Event: 0.955 Thread 0x000001fbb8194c90 Exception <a 'java/lang/NoSuchMethodError'{0x000000008a9d2258}: 'void java.lang.invoke.DirectMethodHandle$Holder.invokeVirtual(java.lang.Object, java.lang.Object)'> (0x000000008a9d2258) 
thrown [s\src\hotspot\share\interpreter\linkResolver.cpp, line 759]
Event: 0.956 Thread 0x000001fbb8194c90 Exception <a 'java/lang/NoSuchMethodError'{0x000000008a9e1068}: 'java.lang.Object java.lang.invoke.DirectMethodHandle$Holder.newInvokeSpecial(java.lang.Object, java.lang.Object, int)'> (0x000000008a9e1068) 
thrown [s\src\hotspot\share\interpreter\linkResolver.cpp, line 759]
Event: 0.957 Thread 0x000001fbb8194c90 Exception <a 'java/lang/IncompatibleClassChangeError'{0x000000008a9e5808}: Found class java.lang.Object, but interface was expected> (0x000000008a9e5808) 
thrown [s\src\hotspot\share\interpreter\linkResolver.cpp, line 826]
Event: 1.018 Thread 0x000001fbb8194c90 Exception <a 'java/net/SocketException'{0x000000008a7791c0}: Socket is not connected: shutdown> (0x000000008a7791c0) 
thrown [s\src\hotspot\share\prims\jni.cpp, line 535]
Event: 1.018 Thread 0x000001fbb8194c90 Exception <a 'java/net/SocketException'{0x000000008a779838}: Socket is not connected: shutdown> (0x000000008a779838) 
thrown [s\src\hotspot\share\prims\jni.cpp, line 535]

VM Operations (20 events):
Event: 0.174 Executing VM operation: HandshakeAllThreads
Event: 0.174 Executing VM operation: HandshakeAllThreads done
Event: 0.186 Executing VM operation: HandshakeAllThreads
Event: 0.186 Executing VM operation: HandshakeAllThreads done
Event: 0.210 Executing VM operation: HandshakeAllThreads
Event: 0.210 Executing VM operation: HandshakeAllThreads done
Event: 0.230 Executing VM operation: HandshakeAllThreads
Event: 0.230 Executing VM operation: HandshakeAllThreads done
Event: 0.284 Executing VM operation: G1CollectForAllocation
Event: 0.289 Executing VM operation: G1CollectForAllocation done
Event: 0.377 Executing VM operation: HandshakeAllThreads
Event: 0.377 Executing VM operation: HandshakeAllThreads done
Event: 0.540 Executing VM operation: HandshakeAllThreads
Event: 0.540 Executing VM operation: HandshakeAllThreads done
Event: 0.582 Executing VM operation: HandshakeAllThreads
Event: 0.582 Executing VM operation: HandshakeAllThreads done
Event: 0.617 Executing VM operation: G1CollectForAllocation
Event: 0.625 Executing VM operation: G1CollectForAllocation done
Event: 0.935 Executing VM operation: HandshakeAllThreads
Event: 0.935 Executing VM operation: HandshakeAllThreads done

Events (20 events):
Event: 1.018 loading class sun/nio/ch/SocketOptionRegistry$LazyInitialization
Event: 1.018 loading class sun/nio/ch/SocketOptionRegistry$LazyInitialization done
Event: 1.018 loading class sun/nio/ch/OptionKey
Event: 1.018 loading class sun/nio/ch/OptionKey done
Event: 1.018 loading class sun/nio/ch/ExtendedSocketOption
Event: 1.018 loading class sun/nio/ch/ExtendedSocketOption done
Event: 1.018 loading class sun/nio/ch/ExtendedSocketOption$1
Event: 1.018 loading class sun/nio/ch/ExtendedSocketOption$1 done
Event: 1.018 loading class java/io/OutputStream$1
Event: 1.018 loading class java/io/OutputStream$1 done
Event: 1.019 loading class java/util/concurrent/Executors
Event: 1.019 loading class java/util/concurrent/Executors done
Event: 1.019 loading class java/util/concurrent/ThreadPoolExecutor
Event: 1.020 loading class java/util/concurrent/AbstractExecutorService
Event: 1.020 loading class java/util/concurrent/AbstractExecutorService done
Event: 1.020 loading class java/util/concurrent/ThreadPoolExecutor done
Event: 1.020 loading class java/util/concurrent/ThreadPoolExecutor$AbortPolicy
Event: 1.020 loading class java/util/concurrent/RejectedExecutionHandler
Event: 1.020 loading class java/util/concurrent/RejectedExecutionHandler done
Event: 1.020 loading class java/util/concurrent/ThreadPoolExecutor$AbortPolicy done


Dynamic libraries:
0x00007ff703cd0000 - 0x00007ff703cde000 	C:\Users\Husenappa.M\OneDrive\Desktop\java with selenium\eclipse-java-2023-12-R-win32-x86_64\eclipse\plugins\org.eclipse.justj.openjdk.hotspot.jre.full.win32.x86_64_17.0.9.v20231028-0858\jre\bin\javaw.exe
0x00007ffce26e0000 - 0x00007ffce28ef000 	C:\WINDOWS\SYSTEM32\ntdll.dll
0x00007ffce05d0000 - 0x00007ffce068d000 	C:\WINDOWS\System32\KERNEL32.DLL
0x00007ffcdfeb0000 - 0x00007ffce0244000 	C:\WINDOWS\System32\KERNELBASE.dll
0x00007ffce0380000 - 0x00007ffce0491000 	C:\WINDOWS\System32\ucrtbase.dll
0x00007ffccd640000 - 0x00007ffccd657000 	C:\Users\Husenappa.M\OneDrive\Desktop\java with selenium\eclipse-java-2023-12-R-win32-x86_64\eclipse\plugins\org.eclipse.justj.openjdk.hotspot.jre.full.win32.x86_64_17.0.9.v20231028-0858\jre\bin\jli.dll
0x00007ffce0e00000 - 0x00007ffce0faa000 	C:\WINDOWS\System32\USER32.dll
0x00007ffcdfd20000 - 0x00007ffcdfd46000 	C:\WINDOWS\System32\win32u.dll
0x00007ffce11b0000 - 0x00007ffce11d9000 	C:\WINDOWS\System32\GDI32.dll
0x00007ffcdfc00000 - 0x00007ffcdfd17000 	C:\WINDOWS\System32\gdi32full.dll
0x00007ffcdfb60000 - 0x00007ffcdfbfa000 	C:\WINDOWS\System32\msvcp_win.dll
0x00007ffccc9b0000 - 0x00007ffccc9cb000 	C:\Users\Husenappa.M\OneDrive\Desktop\java with selenium\eclipse-java-2023-12-R-win32-x86_64\eclipse\plugins\org.eclipse.justj.openjdk.hotspot.jre.full.win32.x86_64_17.0.9.v20231028-0858\jre\bin\VCRUNTIME140.dll
0x00007ffcc3ac0000 - 0x00007ffcc3d61000 	C:\WINDOWS\WinSxS\amd64_microsoft.windows.common-controls_6595b64144ccf1df_6.0.22543.1000_none_25f07d7fa9409c95\COMCTL32.dll
0x00007ffce2510000 - 0x00007ffce25b4000 	C:\WINDOWS\System32\msvcrt.dll
0x00007ffce0690000 - 0x00007ffce06c1000 	C:\WINDOWS\System32\IMM32.DLL
0x00007ffcd4d20000 - 0x00007ffcd4d2c000 	C:\Users\Husenappa.M\OneDrive\Desktop\java with selenium\eclipse-java-2023-12-R-win32-x86_64\eclipse\plugins\org.eclipse.justj.openjdk.hotspot.jre.full.win32.x86_64_17.0.9.v20231028-0858\jre\bin\vcruntime140_1.dll
0x00007ffca2930000 - 0x00007ffca29bd000 	C:\Users\Husenappa.M\OneDrive\Desktop\java with selenium\eclipse-java-2023-12-R-win32-x86_64\eclipse\plugins\org.eclipse.justj.openjdk.hotspot.jre.full.win32.x86_64_17.0.9.v20231028-0858\jre\bin\msvcp140.dll
0x00007ffca86e0000 - 0x00007ffca9341000 	C:\Users\Husenappa.M\OneDrive\Desktop\java with selenium\eclipse-java-2023-12-R-win32-x86_64\eclipse\plugins\org.eclipse.justj.openjdk.hotspot.jre.full.win32.x86_64_17.0.9.v20231028-0858\jre\bin\server\jvm.dll
0x00007ffce22a0000 - 0x00007ffce234e000 	C:\WINDOWS\System32\ADVAPI32.dll
0x00007ffce0520000 - 0x00007ffce05c5000 	C:\WINDOWS\System32\sechost.dll
0x00007ffce0fb0000 - 0x00007ffce10cf000 	C:\WINDOWS\System32\RPCRT4.dll
0x00007ffcc8810000 - 0x00007ffcc8819000 	C:\WINDOWS\SYSTEM32\WSOCK32.dll
0x00007ffcdf420000 - 0x00007ffcdf46d000 	C:\WINDOWS\SYSTEM32\POWRPROF.dll
0x00007ffce2220000 - 0x00007ffce2291000 	C:\WINDOWS\System32\WS2_32.dll
0x00007ffccdc30000 - 0x00007ffccdc64000 	C:\WINDOWS\SYSTEM32\WINMM.dll
0x00007ffcd1d40000 - 0x00007ffcd1d4a000 	C:\WINDOWS\SYSTEM32\VERSION.dll
0x00007ffcdf400000 - 0x00007ffcdf413000 	C:\WINDOWS\SYSTEM32\UMPDC.dll
0x00007ffcdebd0000 - 0x00007ffcdebe7000 	C:\WINDOWS\SYSTEM32\kernel.appcore.dll
0x00007ffcc6620000 - 0x00007ffcc662a000 	C:\Users\Husenappa.M\OneDrive\Desktop\java with selenium\eclipse-java-2023-12-R-win32-x86_64\eclipse\plugins\org.eclipse.justj.openjdk.hotspot.jre.full.win32.x86_64_17.0.9.v20231028-0858\jre\bin\jimage.dll
0x00007ffcdd5e0000 - 0x00007ffcdd804000 	C:\WINDOWS\SYSTEM32\DBGHELP.DLL
0x00007ffce08d0000 - 0x00007ffce0c41000 	C:\WINDOWS\System32\combase.dll
0x00007ffce25c0000 - 0x00007ffce2697000 	C:\WINDOWS\System32\OLEAUT32.dll
0x00007ffcc4cd0000 - 0x00007ffcc4d01000 	C:\WINDOWS\SYSTEM32\dbgcore.DLL
0x00007ffce04a0000 - 0x00007ffce051b000 	C:\WINDOWS\System32\bcryptPrimitives.dll
0x00007ffcc5f10000 - 0x00007ffcc5f35000 	C:\Users\Husenappa.M\OneDrive\Desktop\java with selenium\eclipse-java-2023-12-R-win32-x86_64\eclipse\plugins\org.eclipse.justj.openjdk.hotspot.jre.full.win32.x86_64_17.0.9.v20231028-0858\jre\bin\java.dll
0x00007ffcc6600000 - 0x00007ffcc6618000 	C:\Users\Husenappa.M\OneDrive\Desktop\java with selenium\eclipse-java-2023-12-R-win32-x86_64\eclipse\plugins\org.eclipse.justj.openjdk.hotspot.jre.full.win32.x86_64_17.0.9.v20231028-0858\jre\bin\zip.dll
0x00007ffce1680000 - 0x00007ffce1e3d000 	C:\WINDOWS\System32\SHELL32.dll
0x00007ffcddad0000 - 0x00007ffcde329000 	C:\WINDOWS\SYSTEM32\windows.storage.dll
0x00007ffcdd910000 - 0x00007ffcdda4c000 	C:\WINDOWS\SYSTEM32\wintypes.dll
0x00007ffce06d0000 - 0x00007ffce07c1000 	C:\WINDOWS\System32\SHCORE.dll
0x00007ffce1150000 - 0x00007ffce11ab000 	C:\WINDOWS\System32\shlwapi.dll
0x00007ffcdfa90000 - 0x00007ffcdfab1000 	C:\WINDOWS\SYSTEM32\profapi.dll
0x00007ffcc5ef0000 - 0x00007ffcc5f09000 	C:\Users\Husenappa.M\OneDrive\Desktop\java with selenium\eclipse-java-2023-12-R-win32-x86_64\eclipse\plugins\org.eclipse.justj.openjdk.hotspot.jre.full.win32.x86_64_17.0.9.v20231028-0858\jre\bin\net.dll
0x00007ffcd4b20000 - 0x00007ffcd4c31000 	C:\WINDOWS\SYSTEM32\WINHTTP.dll
0x00007ffcdf060000 - 0x00007ffcdf0c9000 	C:\WINDOWS\system32\mswsock.dll
0x00007ffcc5ed0000 - 0x00007ffcc5ee6000 	C:\Users\Husenappa.M\OneDrive\Desktop\java with selenium\eclipse-java-2023-12-R-win32-x86_64\eclipse\plugins\org.eclipse.justj.openjdk.hotspot.jre.full.win32.x86_64_17.0.9.v20231028-0858\jre\bin\nio.dll
0x00007ffcdf2b0000 - 0x00007ffcdf2cc000 	C:\WINDOWS\SYSTEM32\CRYPTSP.dll
0x00007ffcdeb30000 - 0x00007ffcdeb65000 	C:\WINDOWS\system32\rsaenh.dll
0x00007ffcdf160000 - 0x00007ffcdf187000 	C:\WINDOWS\SYSTEM32\USERENV.dll
0x00007ffcdf530000 - 0x00007ffcdf558000 	C:\WINDOWS\SYSTEM32\bcrypt.dll
0x00007ffcdf2d0000 - 0x00007ffcdf2dc000 	C:\WINDOWS\SYSTEM32\CRYPTBASE.dll
0x00007ffcde6a0000 - 0x00007ffcde6cd000 	C:\WINDOWS\SYSTEM32\IPHLPAPI.DLL
0x00007ffce2070000 - 0x00007ffce2079000 	C:\WINDOWS\System32\NSI.dll
0x00007ffcd4770000 - 0x00007ffcd4789000 	C:\WINDOWS\SYSTEM32\dhcpcsvc6.DLL
0x00007ffcd4750000 - 0x00007ffcd476f000 	C:\WINDOWS\SYSTEM32\dhcpcsvc.DLL
0x00007ffcde6d0000 - 0x00007ffcde7c6000 	C:\WINDOWS\SYSTEM32\DNSAPI.dll
0x00007ffccbe00000 - 0x00007ffccbe10000 	C:\Users\Husenappa.M\OneDrive\Desktop\java with selenium\eclipse-java-2023-12-R-win32-x86_64\eclipse\plugins\org.eclipse.justj.openjdk.hotspot.jre.full.win32.x86_64_17.0.9.v20231028-0858\jre\bin\verify.dll
0x00007ffccded0000 - 0x00007ffccdeda000 	C:\Windows\System32\rasadhlp.dll
0x00007ffcd1d50000 - 0x00007ffcd1dd2000 	C:\WINDOWS\System32\fwpuclnt.dll

dbghelp: loaded successfully - version: 4.0.5 - missing functions: none
symbol engine: initialized successfully - sym options: 0x614 - pdb path: .;C:\Users\Husenappa.M\OneDrive\Desktop\java with selenium\eclipse-java-2023-12-R-win32-x86_64\eclipse\plugins\org.eclipse.justj.openjdk.hotspot.jre.full.win32.x86_64_17.0.9.v20231028-0858\jre\bin;C:\WINDOWS\SYSTEM32;C:\WINDOWS\WinSxS\amd64_microsoft.windows.common-controls_6595b64144ccf1df_6.0.22543.1000_none_25f07d7fa9409c95;C:\Users\Husenappa.M\OneDrive\Desktop\java with selenium\eclipse-java-2023-12-R-win32-x86_64\eclipse\plugins\org.eclipse.justj.openjdk.hotspot.jre.full.win32.x86_64_17.0.9.v20231028-0858\jre\bin\server

VM Arguments:
jvm_args: -Dfile.encoding=UTF-8 -Dstdout.encoding=UTF-8 -Dstderr.encoding=UTF-8 -XX:+ShowCodeDetailsInExceptionMessages 
java_command: My_Project.PlaceOrder_TakeScreenshotTask
java_class_path (initial): C:\Users\Husenappa.M\OneDrive\Desktop\appu\Navakarana\target\classes;C:\Users\Husenappa.M\.m2\repository\io\github\bonigarcia\webdrivermanager\5.9.1\webdrivermanager-5.9.1.jar;C:\Users\Husenappa.M\.m2\repository\org\slf4j\slf4j-api\2.0.13\slf4j-api-2.0.13.jar;C:\Users\Husenappa.M\.m2\repository\com\google\code\gson\gson\2.11.0\gson-2.11.0.jar;C:\Users\Husenappa.M\.m2\repository\com\google\errorprone\error_prone_annotations\2.27.0\error_prone_annotations-2.27.0.jar;C:\Users\Husenappa.M\.m2\repository\com\github\docker-java\docker-java\3.3.6\docker-java-3.3.6.jar;C:\Users\Husenappa.M\.m2\repository\com\github\docker-java\docker-java-core\3.3.6\docker-java-core-3.3.6.jar;C:\Users\Husenappa.M\.m2\repository\com\github\docker-java\docker-java-api\3.3.6\docker-java-api-3.3.6.jar;C:\Users\Husenappa.M\.m2\repository\com\fasterxml\jackson\core\jackson-annotations\2.10.3\jackson-annotations-2.10.3.jar;C:\Users\Husenappa.M\.m2\repository\com\fasterxml\jackson\core\jackson-databind\2.10.3\jackson-databind-2.10.3.jar;C:\Users\Husenappa.M\.m2\repository\com\fasterxml\jackson\core\jackson-core\2.10.3\jackson-core-2.10.3.jar;C:\Users\Husenappa.M\.m2\repository\org\slf4j\jcl-over-slf4j\1.7.30\jcl-over-slf4j-1.7.30.jar;C:\Users\Husenappa.M\.m2\repository\com\github\docker-java\docker-java-transport-httpclient5\3.3.6\docker-java-transport-httpclient5-3.3.6.jar;C:\Users\Husenappa.M\.m2\repository\com\github\docker-java\docker-java-transport\3.3.6\docker-java-transport-3.3.6.jar;C:\Users\Husenappa.M\.m2\repository\net\java\dev\jna\jna\5.13.0\jna-5.13.0.jar;C:\Users\Husenappa.M\.m2\repository\org\brotli\dec\0.1.2\dec-0.1.2.jar;C:\Users\Husenappa.M\.m2\repository\org\apache\commons\commons-lang3\3.14.0\commons-lang3-3.14.0.jar;C:\Users\Husenappa.M\.m2\repository\org\apache\commons\commons-compress\1.26.2\commons-compress-1.26.2.jar;C:\Users\Husenappa.M\.m2\repository\org\apache\httpcomponents\client5\httpclient5\5.2.1\httpclient5-5.2.1.jar;C:\Users\Husenappa.M
Launcher Type: SUN_STANDARD

[Global flags]
     intx CICompilerCount                          = 3                                         {product} {ergonomic}
     uint ConcGCThreads                            = 1                                         {product} {ergonomic}
     uint G1ConcRefinementThreads                  = 4                                         {product} {ergonomic}
   size_t G1HeapRegionSize                         = 1048576                                   {product} {ergonomic}
    uintx GCDrainStackTargetSize                   = 64                                        {product} {ergonomic}
   size_t InitialHeapSize                          = 130023424                                 {product} {ergonomic}
   size_t MarkStackSize                            = 4194304                                   {product} {ergonomic}
   size_t MaxHeapSize                              = 2080374784                                {product} {ergonomic}
   size_t MaxNewSize                               = 1247805440                                {product} {ergonomic}
   size_t MinHeapDeltaBytes                        = 1048576                                   {product} {ergonomic}
   size_t MinHeapSize                              = 8388608                                   {product} {ergonomic}
    uintx NonNMethodCodeHeapSize                   = 5832780                                {pd product} {ergonomic}
    uintx NonProfiledCodeHeapSize                  = 122912730                              {pd product} {ergonomic}
    uintx ProfiledCodeHeapSize                     = 122912730                              {pd product} {ergonomic}
    uintx ReservedCodeCacheSize                    = 251658240                              {pd product} {ergonomic}
     bool SegmentedCodeCache                       = true                                      {product} {ergonomic}
     bool ShowCodeDetailsInExceptionMessages       = true                                   {manageable} {command line}
   size_t SoftMaxHeapSize                          = 2080374784                             {manageable} {ergonomic}
     bool UseCompressedClassPointers               = true                           {product lp64_product} {ergonomic}
     bool UseCompressedOops                        = true                           {product lp64_product} {ergonomic}
     bool UseG1GC                                  = true                                      {product} {ergonomic}
     bool UseLargePagesIndividualAllocation        = false                                  {pd product} {ergonomic}

Logging:
Log output configuration:
 #0: stdout all=warning uptime,level,tags
 #1: stderr all=off uptime,level,tags

Environment Variables:
JAVA_HOME=C:\Program Files\Java\jdk-19
PATH=C:/Users/Husenappa.M/OneDrive/Desktop/java with selenium/eclipse-java-2023-12-R-win32-x86_64/eclipse//plugins/org.eclipse.justj.openjdk.hotspot.jre.full.win32.x86_64_17.0.9.v20231028-0858/jre/bin/server;C:/Users/Husenappa.M/OneDrive/Desktop/java with selenium/eclipse-java-2023-12-R-win32-x86_64/eclipse//plugins/org.eclipse.justj.openjdk.hotspot.jre.full.win32.x86_64_17.0.9.v20231028-0858/jre/bin;C:\Program Files\Common Files\Oracle\Java\javapath;C:\WINDOWS\system32;C:\WINDOWS;C:\WINDOWS\System32\Wbem;C:\WINDOWS\System32\WindowsPowerShell\v1.0\;C:\WINDOWS\System32\OpenSSH\;C:\Program Files\dotnet\;c:\Program Files (x86)\Microsoft SQL Server\100\Tools\Binn\;c:\Program Files\Microsoft SQL Server\100\Tools\Binn\;c:\Program Files\Microsoft SQL Server\100\DTS\Binn\;C:\Program Files\Java\jdk-19\bin;C:\apache-maven-3.9.6\bin;C:\Users\Husenappa.M\AppData\Local\Microsoft\WindowsApps;;C:\Users\Husenappa.M\OneDrive\Desktop\java with selenium\eclipse-java-2023-12-R-win32-x86_64\eclipse;
USERNAME=Husenappa.M
OS=Windows_NT
PROCESSOR_IDENTIFIER=Intel64 Family 6 Model 140 Stepping 1, GenuineIntel
TMP=C:\Users\Husenappa.M\AppData\Local\Temp
TEMP=C:\Users\Husenappa.M\AppData\Local\Temp



Periodic native trim disabled


---------------  S Y S T E M  ---------------

OS:
 Windows 11 , 64 bit Build 22543 (10.0.22543.1000)
OS uptime: 0 days 2:03 hours

CPU: total 4 (initial active 4) (2 cores per cpu, 2 threads per core) family 6 model 140 stepping 1 microcode 0x9a, cx8, cmov, fxsr, ht, mmx, 3dnowpref, sse, sse2, sse3, ssse3, sse4.1, sse4.2, popcnt, lzcnt, tsc, tscinvbit, avx, avx2, aes, erms, clmul, bmi1, bmi2, adx, avx512f, avx512dq, avx512cd, avx512bw, avx512vl, sha, fma, vzeroupper, avx512_vpopcntdq, avx512_vpclmulqdq, avx512_vaes, avx512_vnni, clflush, clflushopt, clwb, avx512_vbmi2, avx512_vbmi
Processor Information for all 4 processors :
  Max Mhz: 2995, Current Mhz: 2995, Mhz Limit: 2995

Memory: 4k page, system-wide physical 7930M (920M free)
TotalPageFile size 9218M (AvailPageFile size 7M)
current process WorkingSet (physical memory assigned to process): 110M, peak: 111M
current process commit charge ("private bytes"): 236M, peak: 239M

vm_info: OpenJDK 64-Bit Server VM (17.0.9+9) for windows-amd64 JRE (17.0.9+9), built on Oct 26 2023 14:01:42 by "admin" with MS VC++ 16.10 / 16.11 (VS2019)

END.
